   1              		.cpu cortex-m0
   2              		.fpu softvfp
   3              		.eabi_attribute 20, 1
   4              		.eabi_attribute 21, 1
   5              		.eabi_attribute 23, 3
   6              		.eabi_attribute 24, 1
   7              		.eabi_attribute 25, 1
   8              		.eabi_attribute 26, 1
   9              		.eabi_attribute 30, 6
  10              		.eabi_attribute 34, 0
  11              		.eabi_attribute 18, 4
  12              		.code	16
  13              		.file	"arm_fir_data.c"
  14              		.text
  15              	.Ltext0:
  16              		.cfi_sections	.debug_frame
  17              		.global	testInput_f32_1kHz_15kHz
  18              		.data
  19              		.align	2
  22              	testInput_f32_1kHz_15kHz:
  23 0000 00000000 		.word	0
  24 0004 D9AB173F 		.word	1058515929
  25 0008 1504C2BD 		.word	-1111358443
  26 000c 15EF433E 		.word	1044639509
  27 0010 0000803F 		.word	1065353216
  28 0014 09B8D53E 		.word	1054193673
  29 0018 F304B53E 		.word	1052050675
  30 001c 72ADA03F 		.word	1067494770
  31 0020 D7B35D3F 		.word	1063105495
  32 0024 5E83EC3E 		.word	1055687518
  33 0028 B2E4A83F 		.word	1068033202
  34 002c 8D65973F 		.word	1066886541
  35 0030 0000003F 		.word	1056964608
  36 0034 8D65973F 		.word	1066886541
  37 0038 B2E4A83F 		.word	1068033202
  38 003c 5E83EC3E 		.word	1055687518
  39 0040 D7B35D3F 		.word	1063105495
  40 0044 72ADA03F 		.word	1067494770
  41 0048 F304B53E 		.word	1052050675
  42 004c 09B8D53E 		.word	1054193673
  43 0050 0000803F 		.word	1065353216
  44 0054 15EF433E 		.word	1044639509
  45 0058 1504C2BD 		.word	-1111358443
  46 005c D9AB173F 		.word	1058515929
  47 0060 00000080 		.word	-2147483648
  48 0064 D9AB17BF 		.word	-1088967719
  49 0068 1504C23D 		.word	1036125205
  50 006c 15EF43BE 		.word	-1102844139
  51 0070 000080BF 		.word	-1082130432
  52 0074 09B8D5BE 		.word	-1093289975
  53 0078 F304B5BE 		.word	-1095432973
  54 007c 72ADA0BF 		.word	-1079988878
  55 0080 D7B35DBF 		.word	-1084378153
  56 0084 5E83ECBE 		.word	-1091796130
  57 0088 B2E4A8BF 		.word	-1079450446
  58 008c 8D6597BF 		.word	-1080597107
  59 0090 000000BF 		.word	-1090519040
  60 0094 8D6597BF 		.word	-1080597107
  61 0098 B2E4A8BF 		.word	-1079450446
  62 009c 5E83ECBE 		.word	-1091796130
  63 00a0 D7B35DBF 		.word	-1084378153
  64 00a4 72ADA0BF 		.word	-1079988878
  65 00a8 F304B5BE 		.word	-1095432973
  66 00ac 09B8D5BE 		.word	-1093289975
  67 00b0 000080BF 		.word	-1082130432
  68 00b4 15EF43BE 		.word	-1102844139
  69 00b8 1504C23D 		.word	1036125205
  70 00bc D9AB17BF 		.word	-1088967719
  71 00c0 00000000 		.word	0
  72 00c4 D9AB173F 		.word	1058515929
  73 00c8 1504C2BD 		.word	-1111358443
  74 00cc 15EF433E 		.word	1044639509
  75 00d0 0000803F 		.word	1065353216
  76 00d4 09B8D53E 		.word	1054193673
  77 00d8 F304B53E 		.word	1052050675
  78 00dc 72ADA03F 		.word	1067494770
  79 00e0 D7B35D3F 		.word	1063105495
  80 00e4 5E83EC3E 		.word	1055687518
  81 00e8 B2E4A83F 		.word	1068033202
  82 00ec 8D65973F 		.word	1066886541
  83 00f0 0000003F 		.word	1056964608
  84 00f4 8D65973F 		.word	1066886541
  85 00f8 B2E4A83F 		.word	1068033202
  86 00fc 5E83EC3E 		.word	1055687518
  87 0100 D7B35D3F 		.word	1063105495
  88 0104 72ADA03F 		.word	1067494770
  89 0108 F304B53E 		.word	1052050675
  90 010c 09B8D53E 		.word	1054193673
  91 0110 0000803F 		.word	1065353216
  92 0114 15EF433E 		.word	1044639509
  93 0118 1504C2BD 		.word	-1111358443
  94 011c D9AB173F 		.word	1058515929
  95 0120 00000000 		.word	0
  96 0124 D9AB17BF 		.word	-1088967719
  97 0128 1504C23D 		.word	1036125205
  98 012c 15EF43BE 		.word	-1102844139
  99 0130 000080BF 		.word	-1082130432
 100 0134 09B8D5BE 		.word	-1093289975
 101 0138 F304B5BE 		.word	-1095432973
 102 013c 72ADA0BF 		.word	-1079988878
 103 0140 D7B35DBF 		.word	-1084378153
 104 0144 5E83ECBE 		.word	-1091796130
 105 0148 B2E4A8BF 		.word	-1079450446
 106 014c 8D6597BF 		.word	-1080597107
 107 0150 000000BF 		.word	-1090519040
 108 0154 8D6597BF 		.word	-1080597107
 109 0158 B2E4A8BF 		.word	-1079450446
 110 015c 5E83ECBE 		.word	-1091796130
 111 0160 D7B35DBF 		.word	-1084378153
 112 0164 72ADA0BF 		.word	-1079988878
 113 0168 F304B5BE 		.word	-1095432973
 114 016c 09B8D5BE 		.word	-1093289975
 115 0170 000080BF 		.word	-1082130432
 116 0174 15EF43BE 		.word	-1102844139
 117 0178 1504C23D 		.word	1036125205
 118 017c D9AB17BF 		.word	-1088967719
 119 0180 00000000 		.word	0
 120 0184 D9AB173F 		.word	1058515929
 121 0188 1504C2BD 		.word	-1111358443
 122 018c 15EF433E 		.word	1044639509
 123 0190 0000803F 		.word	1065353216
 124 0194 09B8D53E 		.word	1054193673
 125 0198 F304B53E 		.word	1052050675
 126 019c 72ADA03F 		.word	1067494770
 127 01a0 D7B35D3F 		.word	1063105495
 128 01a4 5E83EC3E 		.word	1055687518
 129 01a8 B2E4A83F 		.word	1068033202
 130 01ac 8D65973F 		.word	1066886541
 131 01b0 0000003F 		.word	1056964608
 132 01b4 8D65973F 		.word	1066886541
 133 01b8 B2E4A83F 		.word	1068033202
 134 01bc 5E83EC3E 		.word	1055687518
 135 01c0 D7B35D3F 		.word	1063105495
 136 01c4 72ADA03F 		.word	1067494770
 137 01c8 F304B53E 		.word	1052050675
 138 01cc 09B8D53E 		.word	1054193673
 139 01d0 0000803F 		.word	1065353216
 140 01d4 15EF433E 		.word	1044639509
 141 01d8 1504C2BD 		.word	-1111358443
 142 01dc D9AB173F 		.word	1058515929
 143 01e0 00000000 		.word	0
 144 01e4 D9AB17BF 		.word	-1088967719
 145 01e8 1504C23D 		.word	1036125205
 146 01ec 15EF43BE 		.word	-1102844139
 147 01f0 000080BF 		.word	-1082130432
 148 01f4 09B8D5BE 		.word	-1093289975
 149 01f8 F304B5BE 		.word	-1095432973
 150 01fc 72ADA0BF 		.word	-1079988878
 151 0200 D7B35DBF 		.word	-1084378153
 152 0204 5E83ECBE 		.word	-1091796130
 153 0208 B2E4A8BF 		.word	-1079450446
 154 020c 8D6597BF 		.word	-1080597107
 155 0210 000000BF 		.word	-1090519040
 156 0214 8D6597BF 		.word	-1080597107
 157 0218 B2E4A8BF 		.word	-1079450446
 158 021c 5E83ECBE 		.word	-1091796130
 159 0220 D7B35DBF 		.word	-1084378153
 160 0224 72ADA0BF 		.word	-1079988878
 161 0228 F304B5BE 		.word	-1095432973
 162 022c 09B8D5BE 		.word	-1093289975
 163 0230 000080BF 		.word	-1082130432
 164 0234 15EF43BE 		.word	-1102844139
 165 0238 1504C23D 		.word	1036125205
 166 023c D9AB17BF 		.word	-1088967719
 167 0240 00000080 		.word	-2147483648
 168 0244 D9AB173F 		.word	1058515929
 169 0248 1504C2BD 		.word	-1111358443
 170 024c 15EF433E 		.word	1044639509
 171 0250 0000803F 		.word	1065353216
 172 0254 09B8D53E 		.word	1054193673
 173 0258 F304B53E 		.word	1052050675
 174 025c 72ADA03F 		.word	1067494770
 175 0260 D7B35D3F 		.word	1063105495
 176 0264 5E83EC3E 		.word	1055687518
 177 0268 B2E4A83F 		.word	1068033202
 178 026c 8D65973F 		.word	1066886541
 179 0270 0000003F 		.word	1056964608
 180 0274 8D65973F 		.word	1066886541
 181 0278 B2E4A83F 		.word	1068033202
 182 027c 5E83EC3E 		.word	1055687518
 183 0280 D7B35D3F 		.word	1063105495
 184 0284 72ADA03F 		.word	1067494770
 185 0288 F304B53E 		.word	1052050675
 186 028c 09B8D53E 		.word	1054193673
 187 0290 0000803F 		.word	1065353216
 188 0294 15EF433E 		.word	1044639509
 189 0298 1504C2BD 		.word	-1111358443
 190 029c D9AB173F 		.word	1058515929
 191 02a0 00000080 		.word	-2147483648
 192 02a4 D9AB17BF 		.word	-1088967719
 193 02a8 1504C23D 		.word	1036125205
 194 02ac 15EF43BE 		.word	-1102844139
 195 02b0 000080BF 		.word	-1082130432
 196 02b4 09B8D5BE 		.word	-1093289975
 197 02b8 F304B5BE 		.word	-1095432973
 198 02bc 72ADA0BF 		.word	-1079988878
 199 02c0 D7B35DBF 		.word	-1084378153
 200 02c4 5E83ECBE 		.word	-1091796130
 201 02c8 B2E4A8BF 		.word	-1079450446
 202 02cc 8D6597BF 		.word	-1080597107
 203 02d0 000000BF 		.word	-1090519040
 204 02d4 8D6597BF 		.word	-1080597107
 205 02d8 B2E4A8BF 		.word	-1079450446
 206 02dc 5E83ECBE 		.word	-1091796130
 207 02e0 D7B35DBF 		.word	-1084378153
 208 02e4 72ADA0BF 		.word	-1079988878
 209 02e8 F304B5BE 		.word	-1095432973
 210 02ec 09B8D5BE 		.word	-1093289975
 211 02f0 000080BF 		.word	-1082130432
 212 02f4 15EF43BE 		.word	-1102844139
 213 02f8 1504C23D 		.word	1036125205
 214 02fc D9AB17BF 		.word	-1088967719
 215 0300 00000000 		.word	0
 216 0304 D9AB173F 		.word	1058515929
 217 0308 1504C2BD 		.word	-1111358443
 218 030c 15EF433E 		.word	1044639509
 219 0310 0000803F 		.word	1065353216
 220 0314 09B8D53E 		.word	1054193673
 221 0318 F304B53E 		.word	1052050675
 222 031c 72ADA03F 		.word	1067494770
 223 0320 D7B35D3F 		.word	1063105495
 224 0324 5E83EC3E 		.word	1055687518
 225 0328 B2E4A83F 		.word	1068033202
 226 032c 8D65973F 		.word	1066886541
 227 0330 0000003F 		.word	1056964608
 228 0334 8D65973F 		.word	1066886541
 229 0338 B2E4A83F 		.word	1068033202
 230 033c 5E83EC3E 		.word	1055687518
 231 0340 D7B35D3F 		.word	1063105495
 232 0344 72ADA03F 		.word	1067494770
 233 0348 F304B53E 		.word	1052050675
 234 034c 09B8D53E 		.word	1054193673
 235 0350 0000803F 		.word	1065353216
 236 0354 15EF433E 		.word	1044639509
 237 0358 1504C2BD 		.word	-1111358443
 238 035c D9AB173F 		.word	1058515929
 239 0360 00000000 		.word	0
 240 0364 D9AB17BF 		.word	-1088967719
 241 0368 1504C23D 		.word	1036125205
 242 036c 15EF43BE 		.word	-1102844139
 243 0370 000080BF 		.word	-1082130432
 244 0374 09B8D5BE 		.word	-1093289975
 245 0378 F304B5BE 		.word	-1095432973
 246 037c 72ADA0BF 		.word	-1079988878
 247 0380 D7B35DBF 		.word	-1084378153
 248 0384 5E83ECBE 		.word	-1091796130
 249 0388 B2E4A8BF 		.word	-1079450446
 250 038c 8D6597BF 		.word	-1080597107
 251 0390 000000BF 		.word	-1090519040
 252 0394 8D6597BF 		.word	-1080597107
 253 0398 B2E4A8BF 		.word	-1079450446
 254 039c 5E83ECBE 		.word	-1091796130
 255 03a0 D7B35DBF 		.word	-1084378153
 256 03a4 72ADA0BF 		.word	-1079988878
 257 03a8 F304B5BE 		.word	-1095432973
 258 03ac 09B8D5BE 		.word	-1093289975
 259 03b0 000080BF 		.word	-1082130432
 260 03b4 15EF43BE 		.word	-1102844139
 261 03b8 1504C23D 		.word	1036125205
 262 03bc D9AB17BF 		.word	-1088967719
 263 03c0 00000080 		.word	-2147483648
 264 03c4 D9AB173F 		.word	1058515929
 265 03c8 1504C2BD 		.word	-1111358443
 266 03cc 15EF433E 		.word	1044639509
 267 03d0 0000803F 		.word	1065353216
 268 03d4 09B8D53E 		.word	1054193673
 269 03d8 F304B53E 		.word	1052050675
 270 03dc 72ADA03F 		.word	1067494770
 271 03e0 D7B35D3F 		.word	1063105495
 272 03e4 5E83EC3E 		.word	1055687518
 273 03e8 B2E4A83F 		.word	1068033202
 274 03ec 8D65973F 		.word	1066886541
 275 03f0 0000003F 		.word	1056964608
 276 03f4 8D65973F 		.word	1066886541
 277 03f8 B2E4A83F 		.word	1068033202
 278 03fc 5E83EC3E 		.word	1055687518
 279 0400 D7B35D3F 		.word	1063105495
 280 0404 72ADA03F 		.word	1067494770
 281 0408 F304B53E 		.word	1052050675
 282 040c 09B8D53E 		.word	1054193673
 283 0410 0000803F 		.word	1065353216
 284 0414 15EF433E 		.word	1044639509
 285 0418 1504C2BD 		.word	-1111358443
 286 041c D9AB173F 		.word	1058515929
 287 0420 00000000 		.word	0
 288 0424 D9AB17BF 		.word	-1088967719
 289 0428 1504C23D 		.word	1036125205
 290 042c 15EF43BE 		.word	-1102844139
 291 0430 000080BF 		.word	-1082130432
 292 0434 09B8D5BE 		.word	-1093289975
 293 0438 F304B5BE 		.word	-1095432973
 294 043c 72ADA0BF 		.word	-1079988878
 295 0440 D7B35DBF 		.word	-1084378153
 296 0444 5E83ECBE 		.word	-1091796130
 297 0448 B2E4A8BF 		.word	-1079450446
 298 044c 8D6597BF 		.word	-1080597107
 299 0450 000000BF 		.word	-1090519040
 300 0454 8D6597BF 		.word	-1080597107
 301 0458 B2E4A8BF 		.word	-1079450446
 302 045c 5E83ECBE 		.word	-1091796130
 303 0460 D7B35DBF 		.word	-1084378153
 304 0464 72ADA0BF 		.word	-1079988878
 305 0468 F304B5BE 		.word	-1095432973
 306 046c 09B8D5BE 		.word	-1093289975
 307 0470 000080BF 		.word	-1082130432
 308 0474 15EF43BE 		.word	-1102844139
 309 0478 1504C23D 		.word	1036125205
 310 047c D9AB17BF 		.word	-1088967719
 311 0480 00000080 		.word	-2147483648
 312 0484 D9AB173F 		.word	1058515929
 313 0488 1504C2BD 		.word	-1111358443
 314 048c 15EF433E 		.word	1044639509
 315 0490 0000803F 		.word	1065353216
 316 0494 09B8D53E 		.word	1054193673
 317 0498 F304B53E 		.word	1052050675
 318 049c 72ADA03F 		.word	1067494770
 319 04a0 D7B35D3F 		.word	1063105495
 320 04a4 5E83EC3E 		.word	1055687518
 321 04a8 B2E4A83F 		.word	1068033202
 322 04ac 8D65973F 		.word	1066886541
 323 04b0 0000003F 		.word	1056964608
 324 04b4 8D65973F 		.word	1066886541
 325 04b8 B2E4A83F 		.word	1068033202
 326 04bc 5E83EC3E 		.word	1055687518
 327 04c0 D7B35D3F 		.word	1063105495
 328 04c4 72ADA03F 		.word	1067494770
 329 04c8 F304B53E 		.word	1052050675
 330 04cc 09B8D53E 		.word	1054193673
 331 04d0 0000803F 		.word	1065353216
 332 04d4 15EF433E 		.word	1044639509
 333 04d8 1504C2BD 		.word	-1111358443
 334 04dc D9AB173F 		.word	1058515929
 335 04e0 00000000 		.word	0
 336 04e4 D9AB17BF 		.word	-1088967719
 337 04e8 1504C23D 		.word	1036125205
 338 04ec 15EF43BE 		.word	-1102844139
 339 04f0 000080BF 		.word	-1082130432
 340 04f4 09B8D5BE 		.word	-1093289975
 341 04f8 F304B5BE 		.word	-1095432973
 342 04fc 72ADA0BF 		.word	-1079988878
 343              		.global	refOutput
 344              		.align	2
 347              	refOutput:
 348 0500 00000000 		.word	0
 349 0504 80878DBA 		.word	-1165129856
 350 0508 E95C49BA 		.word	-1169597207
 351 050c EDEC4FB9 		.word	-1185944339
 352 0510 4A1F8738 		.word	948379466
 353 0514 A9AB083B 		.word	990423977
 354 0518 4AC6713B 		.word	997312074
 355 051c B6D3CF3A 		.word	986698678
 356 0520 E03B2CBB 		.word	-1154728992
 357 0524 F5BBF8BB 		.word	-1141326859
 358 0528 059C43BC 		.word	-1136419835
 359 052c 57FE0DBC 		.word	-1139933609
 360 0530 6CC9113C 		.word	1007798636
 361 0534 5159303D 		.word	1026578769
 362 0538 3A92C73D 		.word	1036489274
 363 053c B037323E 		.word	1043478448
 364 0540 DD49893E 		.word	1049184733
 365 0544 1EE2BF3E 		.word	1052762654
 366 0548 478AFA3E 		.word	1056606791
 367 054c E6371A3F 		.word	1058682854
 368 0550 2AB4343F 		.word	1060418602
 369 0554 5FFD4B3F 		.word	1061944671
 370 0558 89205F3F 		.word	1063198857
 371 055c 86836D3F 		.word	1064141702
 372 0560 27DD773F 		.word	1064820007
 373 0564 E2537E3F 		.word	1065243618
 374 0568 7E27803F 		.word	1065363326
 375 056c 1D1A7E3F 		.word	1065228829
 376 0570 EED8773F 		.word	1064818926
 377 0574 DAFA6C3F 		.word	1064106714
 378 0578 C32E5E3F 		.word	1063136963
 379 057c 75954B3F 		.word	1061918069
 380 0580 6660353F 		.word	1060462694
 381 0584 5E291C3F 		.word	1058810206
 382 0588 9453003F 		.word	1056986004
 383 058c 1152C43E 		.word	1053053457
 384 0590 92BB843E 		.word	1048886162
 385 0594 5C21063E 		.word	1040589148
 386 0598 00000080 		.word	-2147483648
 387 059c 5C2106BE 		.word	-1106894500
 388 05a0 92BB84BE 		.word	-1098597486
 389 05a4 1152C4BE 		.word	-1094430191
 390 05a8 945300BF 		.word	-1090497644
 391 05ac 5E291CBF 		.word	-1088673442
 392 05b0 666035BF 		.word	-1087020954
 393 05b4 75954BBF 		.word	-1085565579
 394 05b8 C32E5EBF 		.word	-1084346685
 395 05bc DAFA6CBF 		.word	-1083376934
 396 05c0 EED877BF 		.word	-1082664722
 397 05c4 E0607EBF 		.word	-1082236704
 398 05c8 AA4080BF 		.word	-1082113878
 399 05cc E0607EBF 		.word	-1082236704
 400 05d0 EED877BF 		.word	-1082664722
 401 05d4 DAFA6CBF 		.word	-1083376934
 402 05d8 C32E5EBF 		.word	-1084346685
 403 05dc 75954BBF 		.word	-1085565579
 404 05e0 666035BF 		.word	-1087020954
 405 05e4 5E291CBF 		.word	-1088673442
 406 05e8 945300BF 		.word	-1090497644
 407 05ec 1152C4BE 		.word	-1094430191
 408 05f0 92BB84BE 		.word	-1098597486
 409 05f4 5C2106BE 		.word	-1106894500
 410 05f8 00000000 		.word	0
 411 05fc 5C21063E 		.word	1040589148
 412 0600 92BB843E 		.word	1048886162
 413 0604 1152C43E 		.word	1053053457
 414 0608 9453003F 		.word	1056986004
 415 060c 5E291C3F 		.word	1058810206
 416 0610 6660353F 		.word	1060462694
 417 0614 75954B3F 		.word	1061918069
 418 0618 C32E5E3F 		.word	1063136963
 419 061c DAFA6C3F 		.word	1064106714
 420 0620 EED8773F 		.word	1064818926
 421 0624 E0607E3F 		.word	1065246944
 422 0628 AA40803F 		.word	1065369770
 423 062c E0607E3F 		.word	1065246944
 424 0630 EED8773F 		.word	1064818926
 425 0634 DAFA6C3F 		.word	1064106714
 426 0638 C32E5E3F 		.word	1063136963
 427 063c 75954B3F 		.word	1061918069
 428 0640 6660353F 		.word	1060462694
 429 0644 5E291C3F 		.word	1058810206
 430 0648 9453003F 		.word	1056986004
 431 064c 1152C43E 		.word	1053053457
 432 0650 92BB843E 		.word	1048886162
 433 0654 5C21063E 		.word	1040589148
 434 0658 00000080 		.word	-2147483648
 435 065c 5C2106BE 		.word	-1106894500
 436 0660 92BB84BE 		.word	-1098597486
 437 0664 1152C4BE 		.word	-1094430191
 438 0668 945300BF 		.word	-1090497644
 439 066c 5E291CBF 		.word	-1088673442
 440 0670 666035BF 		.word	-1087020954
 441 0674 75954BBF 		.word	-1085565579
 442 0678 C32E5EBF 		.word	-1084346685
 443 067c DAFA6CBF 		.word	-1083376934
 444 0680 EED877BF 		.word	-1082664722
 445 0684 E0607EBF 		.word	-1082236704
 446 0688 AA4080BF 		.word	-1082113878
 447 068c E0607EBF 		.word	-1082236704
 448 0690 EED877BF 		.word	-1082664722
 449 0694 DAFA6CBF 		.word	-1083376934
 450 0698 C32E5EBF 		.word	-1084346685
 451 069c 75954BBF 		.word	-1085565579
 452 06a0 666035BF 		.word	-1087020954
 453 06a4 5E291CBF 		.word	-1088673442
 454 06a8 945300BF 		.word	-1090497644
 455 06ac 1152C4BE 		.word	-1094430191
 456 06b0 92BB84BE 		.word	-1098597486
 457 06b4 5C2106BE 		.word	-1106894500
 458 06b8 00000000 		.word	0
 459 06bc 5C21063E 		.word	1040589148
 460 06c0 92BB843E 		.word	1048886162
 461 06c4 1152C43E 		.word	1053053457
 462 06c8 9453003F 		.word	1056986004
 463 06cc 5E291C3F 		.word	1058810206
 464 06d0 6660353F 		.word	1060462694
 465 06d4 75954B3F 		.word	1061918069
 466 06d8 C32E5E3F 		.word	1063136963
 467 06dc DAFA6C3F 		.word	1064106714
 468 06e0 EED8773F 		.word	1064818926
 469 06e4 E0607E3F 		.word	1065246944
 470 06e8 AA40803F 		.word	1065369770
 471 06ec E0607E3F 		.word	1065246944
 472 06f0 EED8773F 		.word	1064818926
 473 06f4 DAFA6C3F 		.word	1064106714
 474 06f8 C32E5E3F 		.word	1063136963
 475 06fc 75954B3F 		.word	1061918069
 476 0700 6660353F 		.word	1060462694
 477 0704 5E291C3F 		.word	1058810206
 478 0708 9453003F 		.word	1056986004
 479 070c 1152C43E 		.word	1053053457
 480 0710 92BB843E 		.word	1048886162
 481 0714 5C21063E 		.word	1040589148
 482 0718 00000080 		.word	-2147483648
 483 071c 5C2106BE 		.word	-1106894500
 484 0720 92BB84BE 		.word	-1098597486
 485 0724 1152C4BE 		.word	-1094430191
 486 0728 945300BF 		.word	-1090497644
 487 072c 5E291CBF 		.word	-1088673442
 488 0730 666035BF 		.word	-1087020954
 489 0734 75954BBF 		.word	-1085565579
 490 0738 C32E5EBF 		.word	-1084346685
 491 073c DAFA6CBF 		.word	-1083376934
 492 0740 EED877BF 		.word	-1082664722
 493 0744 E0607EBF 		.word	-1082236704
 494 0748 AA4080BF 		.word	-1082113878
 495 074c E0607EBF 		.word	-1082236704
 496 0750 EED877BF 		.word	-1082664722
 497 0754 DAFA6CBF 		.word	-1083376934
 498 0758 C32E5EBF 		.word	-1084346685
 499 075c 75954BBF 		.word	-1085565579
 500 0760 666035BF 		.word	-1087020954
 501 0764 5E291CBF 		.word	-1088673442
 502 0768 945300BF 		.word	-1090497644
 503 076c 1152C4BE 		.word	-1094430191
 504 0770 92BB84BE 		.word	-1098597486
 505 0774 5C2106BE 		.word	-1106894500
 506 0778 00000000 		.word	0
 507 077c 5C21063E 		.word	1040589148
 508 0780 92BB843E 		.word	1048886162
 509 0784 1152C43E 		.word	1053053457
 510 0788 9453003F 		.word	1056986004
 511 078c 5E291C3F 		.word	1058810206
 512 0790 6660353F 		.word	1060462694
 513 0794 75954B3F 		.word	1061918069
 514 0798 C32E5E3F 		.word	1063136963
 515 079c DAFA6C3F 		.word	1064106714
 516 07a0 EED8773F 		.word	1064818926
 517 07a4 E0607E3F 		.word	1065246944
 518 07a8 AA40803F 		.word	1065369770
 519 07ac E0607E3F 		.word	1065246944
 520 07b0 EED8773F 		.word	1064818926
 521 07b4 DAFA6C3F 		.word	1064106714
 522 07b8 C32E5E3F 		.word	1063136963
 523 07bc 75954B3F 		.word	1061918069
 524 07c0 6660353F 		.word	1060462694
 525 07c4 5E291C3F 		.word	1058810206
 526 07c8 9453003F 		.word	1056986004
 527 07cc 1152C43E 		.word	1053053457
 528 07d0 92BB843E 		.word	1048886162
 529 07d4 5C21063E 		.word	1040589148
 530 07d8 00000000 		.word	0
 531 07dc 5C2106BE 		.word	-1106894500
 532 07e0 92BB84BE 		.word	-1098597486
 533 07e4 1152C4BE 		.word	-1094430191
 534 07e8 945300BF 		.word	-1090497644
 535 07ec 5E291CBF 		.word	-1088673442
 536 07f0 666035BF 		.word	-1087020954
 537 07f4 75954BBF 		.word	-1085565579
 538 07f8 C32E5EBF 		.word	-1084346685
 539 07fc DAFA6CBF 		.word	-1083376934
 540 0800 EED877BF 		.word	-1082664722
 541 0804 E0607EBF 		.word	-1082236704
 542 0808 AA4080BF 		.word	-1082113878
 543 080c E0607EBF 		.word	-1082236704
 544 0810 EED877BF 		.word	-1082664722
 545 0814 DAFA6CBF 		.word	-1083376934
 546 0818 C32E5EBF 		.word	-1084346685
 547 081c 75954BBF 		.word	-1085565579
 548 0820 666035BF 		.word	-1087020954
 549 0824 5E291CBF 		.word	-1088673442
 550 0828 945300BF 		.word	-1090497644
 551 082c 1152C4BE 		.word	-1094430191
 552 0830 92BB84BE 		.word	-1098597486
 553 0834 5C2106BE 		.word	-1106894500
 554 0838 00000000 		.word	0
 555 083c 5C21063E 		.word	1040589148
 556 0840 92BB843E 		.word	1048886162
 557 0844 1152C43E 		.word	1053053457
 558 0848 9453003F 		.word	1056986004
 559 084c 5E291C3F 		.word	1058810206
 560 0850 6660353F 		.word	1060462694
 561 0854 75954B3F 		.word	1061918069
 562 0858 C32E5E3F 		.word	1063136963
 563 085c DAFA6C3F 		.word	1064106714
 564 0860 EED8773F 		.word	1064818926
 565 0864 E0607E3F 		.word	1065246944
 566 0868 AA40803F 		.word	1065369770
 567 086c E0607E3F 		.word	1065246944
 568 0870 EED8773F 		.word	1064818926
 569 0874 DAFA6C3F 		.word	1064106714
 570 0878 C32E5E3F 		.word	1063136963
 571 087c 75954B3F 		.word	1061918069
 572 0880 6660353F 		.word	1060462694
 573 0884 5E291C3F 		.word	1058810206
 574 0888 9453003F 		.word	1056986004
 575 088c 1152C43E 		.word	1053053457
 576 0890 92BB843E 		.word	1048886162
 577 0894 5C21063E 		.word	1040589148
 578 0898 00000000 		.word	0
 579 089c 5C2106BE 		.word	-1106894500
 580 08a0 92BB84BE 		.word	-1098597486
 581 08a4 1152C4BE 		.word	-1094430191
 582 08a8 945300BF 		.word	-1090497644
 583 08ac 5E291CBF 		.word	-1088673442
 584 08b0 666035BF 		.word	-1087020954
 585 08b4 75954BBF 		.word	-1085565579
 586 08b8 C32E5EBF 		.word	-1084346685
 587 08bc DAFA6CBF 		.word	-1083376934
 588 08c0 EED877BF 		.word	-1082664722
 589 08c4 E0607EBF 		.word	-1082236704
 590 08c8 AA4080BF 		.word	-1082113878
 591 08cc E0607EBF 		.word	-1082236704
 592 08d0 EED877BF 		.word	-1082664722
 593 08d4 DAFA6CBF 		.word	-1083376934
 594 08d8 C32E5EBF 		.word	-1084346685
 595 08dc 75954BBF 		.word	-1085565579
 596 08e0 666035BF 		.word	-1087020954
 597 08e4 5E291CBF 		.word	-1088673442
 598 08e8 945300BF 		.word	-1090497644
 599 08ec 1152C4BE 		.word	-1094430191
 600 08f0 92BB84BE 		.word	-1098597486
 601 08f4 5C2106BE 		.word	-1106894500
 602 08f8 00000080 		.word	-2147483648
 603 08fc 5C21063E 		.word	1040589148
 604 0900 92BB843E 		.word	1048886162
 605 0904 1152C43E 		.word	1053053457
 606 0908 9453003F 		.word	1056986004
 607 090c 5E291C3F 		.word	1058810206
 608 0910 6660353F 		.word	1060462694
 609 0914 75954B3F 		.word	1061918069
 610 0918 C32E5E3F 		.word	1063136963
 611 091c DAFA6C3F 		.word	1064106714
 612 0920 EED8773F 		.word	1064818926
 613 0924 E0607E3F 		.word	1065246944
 614 0928 AA40803F 		.word	1065369770
 615 092c E0607E3F 		.word	1065246944
 616 0930 EED8773F 		.word	1064818926
 617 0934 DAFA6C3F 		.word	1064106714
 618 0938 C32E5E3F 		.word	1063136963
 619 093c 75954B3F 		.word	1061918069
 620 0940 6660353F 		.word	1060462694
 621 0944 5E291C3F 		.word	1058810206
 622 0948 9453003F 		.word	1056986004
 623 094c 1152C43E 		.word	1053053457
 624 0950 92BB843E 		.word	1048886162
 625 0954 5C21063E 		.word	1040589148
 626 0958 00000000 		.word	0
 627 095c 5C2106BE 		.word	-1106894500
 628 0960 92BB84BE 		.word	-1098597486
 629 0964 1152C4BE 		.word	-1094430191
 630 0968 945300BF 		.word	-1090497644
 631 096c 5E291CBF 		.word	-1088673442
 632 0970 666035BF 		.word	-1087020954
 633 0974 75954BBF 		.word	-1085565579
 634 0978 C32E5EBF 		.word	-1084346685
 635 097c DAFA6CBF 		.word	-1083376934
 636 0980 EED877BF 		.word	-1082664722
 637 0984 E0607EBF 		.word	-1082236704
 638 0988 AA4080BF 		.word	-1082113878
 639 098c E0607EBF 		.word	-1082236704
 640 0990 EED877BF 		.word	-1082664722
 641 0994 DAFA6CBF 		.word	-1083376934
 642 0998 C32E5EBF 		.word	-1084346685
 643 099c 75954BBF 		.word	-1085565579
 644 09a0 666035BF 		.word	-1087020954
 645 09a4 5E291CBF 		.word	-1088673442
 646 09a8 945300BF 		.word	-1090497644
 647 09ac 1152C4BE 		.word	-1094430191
 648 09b0 92BB84BE 		.word	-1098597486
 649 09b4 5C2106BE 		.word	-1106894500
 650 09b8 00000000 		.word	0
 651 09bc 5C21063E 		.word	1040589148
 652 09c0 92BB843E 		.word	1048886162
 653 09c4 1152C43E 		.word	1053053457
 654 09c8 9453003F 		.word	1056986004
 655 09cc 5E291C3F 		.word	1058810206
 656 09d0 6660353F 		.word	1060462694
 657 09d4 75954B3F 		.word	1061918069
 658 09d8 C32E5E3F 		.word	1063136963
 659 09dc DAFA6C3F 		.word	1064106714
 660 09e0 EED8773F 		.word	1064818926
 661 09e4 E0607E3F 		.word	1065246944
 662 09e8 AA40803F 		.word	1065369770
 663 09ec E0607E3F 		.word	1065246944
 664 09f0 EED8773F 		.word	1064818926
 665 09f4 DAFA6C3F 		.word	1064106714
 666 09f8 C32E5E3F 		.word	1063136963
 667 09fc 75954B3F 		.word	1061918069
 668              		.text
 669              	.Letext0:
 670              		.file 1 "../arm_fir_data.c"
 671              		.file 2 "C:\\DAVE-3.1\\eclipse\\/../CMSIS/Include/arm_math.h"
DEFINED SYMBOLS
                            *ABS*:00000000 arm_fir_data.c
C:\Users\wangguan\AppData\Local\Temp\cclzcLYZ.s:22     .data:00000000 testInput_f32_1kHz_15kHz
C:\Users\wangguan\AppData\Local\Temp\cclzcLYZ.s:19     .data:00000000 $d
C:\Users\wangguan\AppData\Local\Temp\cclzcLYZ.s:347    .data:00000500 refOutput
                           .group:00000000 wm4.1.e2c96d5a5488b60ca900a5e0ea7772ef
                           .group:00000000 wm4.arm_math.h.265.70d56e5033e2760c278cbebe073db4fc
                           .group:00000000 wm4.core_cm0.h.47.022e66414e77714da7c4b30b3ad99fe8
                           .group:00000000 wm4.newlib.h.8.a9901dc52d1357e3e94003403d43f8b5
                           .group:00000000 wm4.features.h.22.b72b3baab2bb2eab3661375590100b6b
                           .group:00000000 wm4.config.h.193.5fb8ef056cdff92dec3dee9552839d8c
                           .group:00000000 wm4._ansi.h.23.7aefdac4826acebbfc9f3822a0aeb14c
                           .group:00000000 wm4.stdint.h.20.54ad762faa59e3c05491630641c8d8bf
                           .group:00000000 wm4.core_cmInstr.h.39.b7b6650bdd2316848d940915272d75b8
                           .group:00000000 wm4.arm_math.h.275.48de47ab2bd311f0657ea6a8c1abb55a
                           .group:00000000 wm4._default_types.h.6.5e12cd604db8ce00b62bb2f02708eaf3
                           .group:00000000 wm4.lock.h.2.9bc98482741e5e2a9450b12934a684ea
                           .group:00000000 wm4.stddef.h.349.31f4c5baff3fa2689010b32028da9c47
                           .group:00000000 wm4.reent.h.16.9e42f0e588b85e70b2bf6572af57ce64
                           .group:00000000 wm4.stddef.h.187.9e651b6b8b16e149c1353259404973ea
                           .group:00000000 wm4.string.h.17.f8d12df81104836a3f2a5d589ae830d8
                           .group:00000000 wm4.math.h.35.cc9264b0ced3bd063c5784e64e89cf51
                           .group:00000000 wm4.arm_math.h.297.1d5f7b8b87e168258299acd0bbe0005e

NO UNDEFINED SYMBOLS
