   1              		.syntax unified
   2              		.cpu cortex-m4
   3              		.eabi_attribute 27, 3
   4              		.fpu fpv4-sp-d16
   5              		.eabi_attribute 20, 1
   6              		.eabi_attribute 21, 1
   7              		.eabi_attribute 23, 3
   8              		.eabi_attribute 24, 1
   9              		.eabi_attribute 25, 1
  10              		.eabi_attribute 26, 1
  11              		.eabi_attribute 30, 6
  12              		.eabi_attribute 34, 1
  13              		.eabi_attribute 18, 4
  14              		.thumb
  15              		.file	"arm_graphic_equalizer_example_q31.c"
  16              		.text
  17              	.Ltext0:
  18              		.cfi_sections	.debug_frame
  19              		.bss
  20              		.align	2
  21              	testOutput:
  22 0000 00000000 		.space	1280
  22      00000000 
  22      00000000 
  22      00000000 
  22      00000000 
  23              		.align	3
  24              	biquadStateBand1Q31:
  25 0500 00000000 		.space	64
  25      00000000 
  25      00000000 
  25      00000000 
  25      00000000 
  26              		.align	3
  27              	biquadStateBand2Q31:
  28 0540 00000000 		.space	64
  28      00000000 
  28      00000000 
  28      00000000 
  28      00000000 
  29              		.align	2
  30              	biquadStateBand3Q31:
  31 0580 00000000 		.space	32
  31      00000000 
  31      00000000 
  31      00000000 
  31      00000000 
  32              		.align	2
  33              	biquadStateBand4Q31:
  34 05a0 00000000 		.space	32
  34      00000000 
  34      00000000 
  34      00000000 
  34      00000000 
  35              		.align	2
  36              	biquadStateBand5Q31:
  37 05c0 00000000 		.space	32
  37      00000000 
  37      00000000 
  37      00000000 
  37      00000000 
  38              		.comm	inputQ31,128,4
  39              		.comm	outputQ31,128,4
  40              		.global	coeffTable
  41              		.section	.rodata
  42              		.align	2
  45              	coeffTable:
  46 0000 8241EC1F 		.word	535576962
  47 0004 FD7C27C0 		.word	-1071153923
  48 0008 8241EC1F 		.word	535576962
  49 000c 00000040 		.word	1073741824
  50 0010 000000E0 		.word	-536870912
  51 0014 8241EC1F 		.word	535576962
  52 0018 523F9CC0 		.word	-1063501998
  53 001c 3153781F 		.word	527979313
  54 0020 0E853B3F 		.word	1060865294
  55 0024 DB26C2E0 		.word	-524146981
  56 0028 DA7CEE1F 		.word	535723226
  57 002c 4D0623C0 		.word	-1071446451
  58 0030 DA7CEE1F 		.word	535723226
  59 0034 00000040 		.word	1073741824
  60 0038 000000E0 		.word	-536870912
  61 003c DA7CEE1F 		.word	535723226
  62 0040 CD399BC0 		.word	-1063568947
  63 0044 F129771F 		.word	527903217
  64 0048 F217413F 		.word	1061230578
  65 004c 1EB5BCE0 		.word	-524503778
  66 0050 B1B4F01F 		.word	535868593
  67 0054 9E961EC0 		.word	-1071737186
  68 0058 B1B4F01F 		.word	535868593
  69 005c 00000040 		.word	1073741824
  70 0060 000000E0 		.word	-536870912
  71 0064 B1B4F01F 		.word	535868593
  72 0068 35559AC0 		.word	-1063627467
  73 006c 04E4751F 		.word	527819780
  74 0070 5E82463F 		.word	1061585502
  75 0074 026AB7E0 		.word	-524850686
  76 0078 7DE9F21F 		.word	536013181
  77 007c 052D1AC0 		.word	-1072026363
  78 0080 7DE9F21F 		.word	536013181
  79 0084 00000040 		.word	1073741824
  80 0088 000000E0 		.word	-536870912
  81 008c 7DE9F21F 		.word	536013181
  82 0090 629199C0 		.word	-1063677598
  83 0094 2781741F 		.word	527728935
  84 0098 79C54B3F 		.word	1061930361
  85 009c 7C44B2E0 		.word	-525187972
  86 00a0 B51BF51F 		.word	536157109
  87 00a4 97C815C0 		.word	-1072314217
  88 00a8 B51BF51F 		.word	536157109
  89 00ac 00000040 		.word	1073741824
  90 00b0 000000E0 		.word	-536870912
  91 00b4 B51BF51F 		.word	536157109
  92 00b8 34EE98C0 		.word	-1063719372
  93 00bc 0F01731F 		.word	527630607
  94 00c0 5EE2503F 		.word	1062265438
  95 00c4 8743ADE0 		.word	-525515897
  96 00c8 CC4BF71F 		.word	536300492
  97 00cc 696811C0 		.word	-1072600983
  98 00d0 CC4BF71F 		.word	536300492
  99 00d4 00000040 		.word	1073741824
 100 00d8 000000E0 		.word	-536870912
 101 00dc CC4BF71F 		.word	536300492
 102 00e0 916B98C0 		.word	-1063752815
 103 00e4 7063711F 		.word	527524720
 104 00e8 23DA553F 		.word	1062591011
 105 00ec 2466A8E0 		.word	-525834716
 106 00f0 377AF91F 		.word	536443447
 107 00f4 920B0DC0 		.word	-1072886894
 108 00f8 377AF91F 		.word	536443447
 109 00fc 00000040 		.word	1073741824
 110 0100 000000E0 		.word	-536870912
 111 0104 377AF91F 		.word	536443447
 112 0108 670998C0 		.word	-1063777945
 113 010c F2A76F1F 		.word	527411186
 114 0110 D6AD5A3F 		.word	1062907350
 115 0114 5CABA3E0 		.word	-526144676
 116 0118 6BA7FB1F 		.word	536586091
 117 011c 29B108C0 		.word	-1073172183
 118 0120 6BA7FB1F 		.word	536586091
 119 0124 00000040 		.word	1073741824
 120 0128 000000E0 		.word	-536870912
 121 012c 6BA7FB1F 		.word	536586091
 122 0130 A9C797C0 		.word	-1063794775
 123 0134 3DCE6D1F 		.word	527289917
 124 0138 7D5E5F3F 		.word	1063214717
 125 013c 3F129FE0 		.word	-526446017
 126 0140 DDD3FD1F 		.word	536728541
 127 0144 465804C0 		.word	-1073457082
 128 0148 DDD3FD1F 		.word	536728541
 129 014c 00000040 		.word	1073741824
 130 0150 000000E0 		.word	-536870912
 131 0154 DDD3FD1F 		.word	536728541
 132 0158 54A697C0 		.word	-1063803308
 133 015c EFD56B1F 		.word	527160815
 134 0160 16ED633F 		.word	1063513366
 135 0164 E1999AE0 		.word	-526738975
 136 0168 00000020 		.word	536870912
 137 016c 000000C0 		.word	-1073741824
 138 0170 00000020 		.word	536870912
 139 0174 00000040 		.word	1073741824
 140 0178 000000E0 		.word	-536870912
 141 017c 00000020 		.word	536870912
 142 0180 69A597C0 		.word	-1063803543
 143 0184 A1BE691F 		.word	527023777
 144 0188 975A683F 		.word	1063803543
 145 018c 5F4196E0 		.word	-527023777
 146 0190 492C0220 		.word	537013321
 147 0194 6EA7FBBF 		.word	-1074026642
 148 0198 492C0220 		.word	537013321
 149 019c 00000040 		.word	1073741824
 150 01a0 000000E0 		.word	-536870912
 151 01a4 492C0220 		.word	537013321
 152 01a8 F2C497C0 		.word	-1063795470
 153 01ac E887671F 		.word	526878696
 154 01b0 F2A76C3F 		.word	1064085490
 155 01b4 D80792E0 		.word	-527300648
 156 01b8 2C590420 		.word	537155884
 157 01bc A84DF7BF 		.word	-1074311768
 158 01c0 2C590420 		.word	537155884
 159 01c4 00000040 		.word	1073741824
 160 01c8 000000E0 		.word	-536870912
 161 01cc 2C590420 		.word	537155884
 162 01d0 FF0498C0 		.word	-1063779073
 163 01d4 4F31651F 		.word	526725455
 164 01d8 0FD6703F 		.word	1064359439
 165 01dc 75EC8DE0 		.word	-527569803
 166 01e0 1E870620 		.word	537298718
 167 01e4 C5F1F2BF 		.word	-1074597435
 168 01e8 1E870620 		.word	537298718
 169 01ec 00000040 		.word	1073741824
 170 01f0 000000E0 		.word	-536870912
 171 01f4 1E870620 		.word	537298718
 172 01f8 A86598C0 		.word	-1063754328
 173 01fc 5EBA621F 		.word	526563934
 174 0200 D1E5743F 		.word	1064625617
 175 0204 62EE89E0 		.word	-527831454
 176 0208 93B60820 		.word	537441939
 177 020c DA92EEBF 		.word	-1074883878
 178 0210 93B60820 		.word	537441939
 179 0214 00000040 		.word	1073741824
 180 0218 000000E0 		.word	-536870912
 181 021c 93B60820 		.word	537441939
 182 0220 0BE798C0 		.word	-1063721205
 183 0224 9522601F 		.word	526394005
 184 0228 15D8783F 		.word	1064884245
 185 022c D20C86E0 		.word	-528085806
 186 0230 02E80A20 		.word	537585666
 187 0234 FD2FEABF 		.word	-1075171331
 188 0238 02E80A20 		.word	537585666
 189 023c 00000040 		.word	1073741824
 190 0240 000000E0 		.word	-536870912
 191 0244 02E80A20 		.word	537585666
 192 0248 4E8999C0 		.word	-1063679666
 193 024c 6E695D1F 		.word	526215534
 194 0250 B0AD7C3F 		.word	1065135536
 195 0254 FD4682E0 		.word	-528333059
 196 0258 DF1B0D20 		.word	537730015
 197 025c 42C8E5BF 		.word	-1075460030
 198 0260 DF1B0D20 		.word	537730015
 199 0264 00000040 		.word	1073741824
 200 0268 000000E0 		.word	-536870912
 201 026c DF1B0D20 		.word	537730015
 202 0270 9E4C9AC0 		.word	-1063629666
 203 0274 5C8E5A1F 		.word	526028380
 204 0278 7367803F 		.word	1065379699
 205 027c 1F9C7EE0 		.word	-528573409
 206 0280 A2520F20 		.word	537875106
 207 0284 BC5AE1BF 		.word	-1075750212
 208 0288 A2520F20 		.word	537875106
 209 028c 00000040 		.word	1073741824
 210 0290 000000E0 		.word	-536870912
 211 0294 A2520F20 		.word	537875106
 212 0298 30319BC0 		.word	-1063571152
 213 029c CC90571F 		.word	525832396
 214 02a0 2806843F 		.word	1065616936
 215 02a4 7B0B7BE0 		.word	-528807045
 216 02a8 C18C1120 		.word	538021057
 217 02ac 7EE6DCBF 		.word	-1076042114
 218 02b0 C18C1120 		.word	538021057
 219 02b4 00000040 		.word	1073741824
 220 02b8 000000E0 		.word	-536870912
 221 02bc C18C1120 		.word	538021057
 222 02c0 3F379CC0 		.word	-1063504065
 223 02c4 2570541F 		.word	525627429
 224 02c8 948A873F 		.word	1065847444
 225 02cc 599477E0 		.word	-529034151
 226 02d0 B5CA1320 		.word	538167989
 227 02d4 976AD8BF 		.word	-1076335977
 228 02d8 B5CA1320 		.word	538167989
 229 02dc 00000040 		.word	1073741824
 230 02e0 000000E0 		.word	-536870912
 231 02e4 B5CA1320 		.word	538167989
 232 02e8 0E5F9DC0 		.word	-1063428338
 233 02ec C52B511F 		.word	525413317
 234 02f0 74F58A3F 		.word	1066071412
 235 02f4 053674E0 		.word	-529254907
 236 02f8 1065B21F 		.word	531784976
 237 02fc 246216C1 		.word	-1055497692
 238 0300 87AC391F 		.word	523873415
 239 0304 BB1F8D3F 		.word	1066213307
 240 0308 2FB071E0 		.word	-529420241
 241 030c 1065B21F 		.word	531784976
 242 0310 0266FDC1 		.word	-1040357886
 243 0314 AE5B631E 		.word	509828014
 244 0318 DCE4533D 		.word	1028908252
 245 031c D99584E2 		.word	-494627367
 246 0320 0422BB1F 		.word	532357636
 247 0324 828805C1 		.word	-1056601982
 248 0328 D0B5411F 		.word	524400080
 249 032c 04A38B3F 		.word	1066115844
 250 0330 CB1D73E0 		.word	-529326645
 251 0334 0422BB1F 		.word	532357636
 252 0338 D258F9C1 		.word	-1040623406
 253 033c E84E5F1E 		.word	509562600
 254 0340 1D9B6B3D 		.word	1030462237
 255 0344 56B16EE2 		.word	-496062122
 256 0348 A0D3C31F 		.word	532927392
 257 034c 2FA9F4C0 		.word	-1057707729
 258 0350 26D0491F 		.word	524931110
 259 0354 523D8A3F 		.word	1066024274
 260 0358 E27374E0 		.word	-529239070
 261 035c A0D3C31F 		.word	532927392
 262 0360 83EAF5C1 		.word	-1040848253
 263 0364 01B95A1E 		.word	509262081
 264 0368 DE99823D 		.word	1031969246
 265 036c 3E6859E2 		.word	-497457090
 266 0370 967BCC1F 		.word	533494678
 267 0374 A2BFE3C0 		.word	-1058816094
 268 0378 68FE511F 		.word	525467240
 269 037c 67F0883F 		.word	1065939047
 270 0380 B7B075E0 		.word	-529157961
 271 0384 967BCC1F 		.word	533494678
 272 0388 1F1CF3C1 		.word	-1041032161
 273 038c FE97551E 		.word	508925950
 274 0390 D8E3983D 		.word	1033429976
 275 0394 63B944E2 		.word	-498812573
 276 0398 991BD51F 		.word	534059929
 277 039c 74C7D2C0 		.word	-1059928204
 278 03a0 52435A1F 		.word	526009170
 279 03a4 E6BD873F 		.word	1065860582
 280 03a8 AAD276E0 		.word	-529083734
 281 03ac 991BD51F 		.word	534059929
 282 03b0 ACEEF0C1 		.word	-1041174868
 283 03b4 F5E94F1E 		.word	508553717
 284 03b8 C47BAE3D 		.word	1034845124
 285 03bc 89A330E2 		.word	-500128887
 286 03c0 5CB5DD1F 		.word	534623580
 287 03c4 64BCC1C0 		.word	-1061045148
 288 03c8 79A1621F 		.word	526557561
 289 03cc 4CA7863F 		.word	1065789260
 290 03d0 44D877E0 		.word	-529016764
 291 03d4 5CB5DD1F 		.word	534623580
 292 03d8 2263EFC1 		.word	-1041276126
 293 03dc 18AD491E 		.word	508144920
 294 03e0 6164C33D 		.word	1036215393
 295 03e4 5B251DE2 		.word	-501406373
 296 03e8 944AE61F 		.word	535186068
 297 03ec 5F9AB0C0 		.word	-1062167969
 298 03f0 481B6B1F 		.word	527113032
 299 03f4 ECAD853F 		.word	1065725420
 300 03f8 37C078E0 		.word	-528957385
 301 03fc 944AE61F 		.word	535186068
 302 0400 697AEEC1 		.word	-1041335703
 303 0404 B5DF421E 		.word	507699125
 304 0408 7CA0D73D 		.word	1037541500
 305 040c 693D0AE2 		.word	-502645399
 306 0410 F3DCEE1F 		.word	535747827
 307 0414 7E5D9FC0 		.word	-1063297666
 308 0418 F7B2731F 		.word	527676151
 309 041c E7D2843F 		.word	1065669351
 310 0420 698979E0 		.word	-528905879
 311 0424 F3DCEE1F 		.word	535747827
 312 0428 5635EEC1 		.word	-1041353386
 313 042c 3E803B1E 		.word	507215934
 314 0430 F732EB3D 		.word	1038824183
 315 0434 20EAF7E1 		.word	-503846368
 316 0438 2F6EF71F 		.word	536309295
 317 043c 11028EC0 		.word	-1064435183
 318 0440 8C6A7C1F 		.word	528247436
 319 0444 2917843F 		.word	1065621289
 320 0448 F4327AE0 		.word	-528862476
 321 044c 2F6EF71F 		.word	536309295
 322 0450 A294EEC1 		.word	-1041328990
 323 0454 488D331E 		.word	506694984
 324 0458 CB1EFE3D 		.word	1040064203
 325 045c C429E6E1 		.word	-505009724
 326 0460 00000020 		.word	536870912
 327 0464 9B847CC0 		.word	-1065581413
 328 0468 D543851F 		.word	528827349
 329 046c 657B833F 		.word	1065581413
 330 0470 2BBC7AE0 		.word	-528827349
 331 0474 00000020 		.word	536870912
 332 0478 EE98EFC1 		.word	-1041262354
 333 047c 91052B1E 		.word	506135953
 334 0480 1267103E 		.word	1041262354
 335 0484 6FFAD4E1 		.word	-506135953
 336 0488 1D940820 		.word	537433117
 337 048c D6E16AC0 		.word	-1066737194
 338 0490 67408E1F 		.word	529416295
 339 0494 1700833F 		.word	1065549847
 340 0498 9E247BE0 		.word	-528800610
 341 049c 1D940820 		.word	537433117
 342 04a0 BE42F1C1 		.word	-1041153346
 343 04a4 04E8211E 		.word	505538564
 344 04a8 010F223E 		.word	1042419457
 345 04ac 0C5AC4E1 		.word	-507225588
 346 04b0 402C1120 		.word	537996352
 347 04b4 B51659C0 		.word	-1067903307
 348 04b8 9E61971F 		.word	530014622
 349 04bc 7BA5823F 		.word	1065526651
 350 04c0 146C7BE0 		.word	-528782316
 351 04c4 402C1120 		.word	537996352
 352 04c8 7892F3C1 		.word	-1041001864
 353 04cc B233181E 		.word	504902578
 354 04d0 F219333E 		.word	1043536370
 355 04d4 5846B4E1 		.word	-508279208
 356 04d8 25CA1920 		.word	538561061
 357 04dc 602047C0 		.word	-1069080480
 358 04e0 9CA8A01F 		.word	530622620
 359 04e4 966B823F 		.word	1065511830
 360 04e8 92927BE0 		.word	-528772462
 361 04ec 25CA1920 		.word	538561061
 362 04f0 6788F6C1 		.word	-1040807833
 363 04f4 D8E70D1E 		.word	504227800
 364 04f8 5D8B433E 		.word	1044613981
 365 04fc E3BCA4E1 		.word	-509297437
 366 0500 8A6F2220 		.word	539127690
 367 0504 35FC34C0 		.word	-1070269387
 368 0508 4F16AA1F 		.word	531240527
 369 050c 3552823F 		.word	1065505333
 370 0510 55987BE0 		.word	-528770987
 371 0514 8A6F2220 		.word	539127690
 372 0518 BB24FAC1 		.word	-1040571205
 373 051c DA03031E 		.word	503514074
 374 0520 DB66533E 		.word	1045653211
 375 0524 0EBB95E1 		.word	-510280946
 376 0528 321E2B20 		.word	539696690
 377 052c C0A722C0 		.word	-1071470656
 378 0530 6DABB31F 		.word	531868525
 379 0534 EE58823F 		.word	1065507054
 380 0538 CE7D7BE0 		.word	-528777778
 381 053c 321E2B20 		.word	539696690
 382 0540 9167FEC1 		.word	-1040291951
 383 0544 3D87F71D 		.word	502761277
 384 0548 23B0623E 		.word	1046655011
 385 054c 0E3E87E1 		.word	-511230450
 386 0550 E0D73320 		.word	540268512
 387 0554 BD2010C0 		.word	-1072684867
 388 0558 7E68BD1F 		.word	532506750
 389 055c 257F823F 		.word	1065516837
 390 0560 A0437BE0 		.word	-528792672
 391 0564 E0D73320 		.word	540268512
 392 0568 F15003C2 		.word	-1039970063
 393 056c A871EB1D 		.word	501969320
 394 0570 066B713E 		.word	1047620358
 395 0574 F44279E1 		.word	-512146700
 396 0578 5D9E3C20 		.word	540843613
 397 057c 0965FDBF 		.word	-1073912567
 398 0580 E14DC71F 		.word	533155297
 399 0584 13C4823F 		.word	1065534483
 400 0588 9DEA7AE0 		.word	-528815459
 401 058c 5D9E3C20 		.word	540843613
 402 0590 DAE008C2 		.word	-1039605542
 403 0594 DBC2DE1D 		.word	501138139
 404 0598 6B9B7F3E 		.word	1048550251
 405 059c ACC66BE1 		.word	-513030484
 406 05a0 73734520 		.word	541422451
 407 05a4 A472EABF 		.word	-1075154268
 408 05a8 D05BD11F 		.word	533814224
 409 05ac C626833F 		.word	1065559750
 410 05b0 BC737AE0 		.word	-528845892
 411 05b4 73734520 		.word	541422451
 412 05b8 46170FC2 		.word	-1039198394
 413 05bc A77AD11D 		.word	500267687
 414 05c0 4C458D3E 		.word	1049445708
 415 05c4 03C65EE1 		.word	-513882621
 416 05c8 F1584E20 		.word	542005489
 417 05cc A447D7BF 		.word	-1076410460
 418 05d0 6992DB1F 		.word	534483561
 419 05d4 2AA6833F 		.word	1065592362
 420 05d8 1AE079E0 		.word	-528883686
 421 05dc F1584E20 		.word	542005489
 422 05e0 30F415C2 		.word	-1038748624
 423 05e4 EC98C31D 		.word	499357932
 424 05e8 B06C9A3E 		.word	1050307760
 425 05ec AC3D52E1 		.word	-514703956
 426 05f0 35D8ED1E 		.word	518903861
 427 05f4 F2E446C4 		.word	-1001986830
 428 05f8 9DD6021D 		.word	486725277
 429 05fc 59F6D23D 		.word	1037235801
 430 0600 317A0EE2 		.word	-502367695
 431 0604 35D8ED1E 		.word	518903861
 432 0608 4AB69FC7 		.word	-945834422
 433 060c E3149B1A 		.word	446371043
 434 0610 D303C935 		.word	902366163
 435 0614 65CB1DE8 		.word	-400700571
 436 0618 954D0C1F 		.word	520899989
 437 061c 3C4A0FC4 		.word	-1005630916
 438 0620 66B31A1D 		.word	488289126
 439 0624 7E3FCE3D 		.word	1036926846
 440 0628 11D711E2 		.word	-502147311
 441 062c 954D0C1F 		.word	520899989
 442 0630 C9B195C7 		.word	-946490935
 443 0634 160A8F1A 		.word	445581846
 444 0638 19CA1D36 		.word	907921945
 445 063c 222ADDE7 		.word	-404936158
 446 0640 99B72A1F 		.word	522893209
 447 0644 EE74D7C3 		.word	-1009290002
 448 0648 E0D1321D 		.word	489869792
 449 064c F407CA3D 		.word	1036650484
 450 0650 35AD14E2 		.word	-501961419
 451 0654 99B72A1F 		.word	522893209
 452 0658 69D48DC7 		.word	-947006359
 453 065c FE5B811A 		.word	444685310
 454 0660 FAF16F36 		.word	913306106
 455 0664 E7019EE7 		.word	-409075225
 456 0668 1B1B491F 		.word	524884763
 457 066c F9549FC3 		.word	-1012968199
 458 0670 B03D4B1D 		.word	491470256
 459 0674 0F53C63D 		.word	1036407567
 460 0678 CFF916E2 		.word	-501810737
 461 067c 1B1B491F 		.word	524884763
 462 0680 6F2988C7 		.word	-947377809
 463 0684 2D03721A 		.word	443679533
 464 0688 BA84BF36 		.word	918521018
 465 068c C35860E7 		.word	-413116221
 466 0690 067D671F 		.word	526875910
 467 0694 2FDA66C3 		.word	-1016669649
 468 0698 8E02641D 		.word	493093518
 469 069c 3823C33D 		.word	1036198712
 470 06a0 05BB18E2 		.word	-501695739
 471 06a4 067D671F 		.word	526875910
 472 06a8 6CBC84C7 		.word	-947602324
 473 06ac 70F8601A 		.word	442562672
 474 06b0 5F8C0C37 		.word	923569247
 475 06b4 973324E7 		.word	-417057897
 476 06b8 57E2851F 		.word	528867927
 477 06bc 59F42DC3 		.word	-1020398503
 478 06c0 2F2C7D1D 		.word	494742575
 479 06c4 E579C03D 		.word	1036024293
 480 06c8 F5EF19E2 		.word	-501616651
 481 06cc 57E2851F 		.word	528867927
 482 06d0 359983C7 		.word	-947676875
 483 06d4 EA344E1A 		.word	441332970
 484 06d8 B6135737 		.word	928453558
 485 06dc 0996E9E6 		.word	-420899319
 486 06e0 1F50A41F 		.word	530862111
 487 06e4 4793F4C2 		.word	-1024158905
 488 06e8 37C6961D 		.word	496420407
 489 06ec 9F57BE3D 		.word	1035884447
 490 06f0 AF981AE2 		.word	-501573457
 491 06f4 1F50A41F 		.word	530862111
 492 06f8 CFCB84C7 		.word	-947598385
 493 06fc 29B2391A 		.word	439988777
 494 0700 4D269F37 		.word	933176909
 495 0704 8082B0E6 		.word	-424639872
 496 0708 82CBC21F 		.word	532859778
 497 070c E6A6BAC2 		.word	-1027954970
 498 0710 23DCB01D 		.word	498129955
 499 0714 05BCBC3D 		.word	1035779077
 500 0718 2DB61AE2 		.word	-501565907
 501 071c 82CBC21F 		.word	532859778
 502 0720 626088C7 		.word	-947363742
 503 0724 3B6A231A 		.word	438528571
 504 0728 6ED0E437 		.word	937742446
 505 072c 2AFA78E6 		.word	-428279254
 506 0730 B459E11F 		.word	534862260
 507 0734 551F80C2 		.word	-1031790763
 508 0738 3279CB1D 		.word	499874098
 509 073c D7A5BB3D 		.word	1035707863
 510 0740 4B4A1AE2 		.word	-501593525
 511 0744 B459E11F 		.word	534862260
 512 0748 21638EC7 		.word	-946969823
 513 074c CB570B1A 		.word	436950987
 514 0750 0E1F2838 		.word	942153486
 515 0754 FEFC42E6 		.word	-431817474
 516 0758 00000020 		.word	536870912
 517 075c F9EC44C2 		.word	-1035670279
 518 0760 4EA8E61D 		.word	501655630
 519 0764 0713BB3D 		.word	1035670279
 520 0768 B25719E2 		.word	-501655630
 521 076c 00000020 		.word	536870912
 522 0770 3CE096C7 		.word	-946413508
 523 0774 3776F119 		.word	435254839
 524 0778 C41F6938 		.word	946413508
 525 077c C9890EE6 		.word	-435254839
 526 0780 C3C31E20 		.word	538887107
 527 0784 950009C2 		.word	-1039597419
 528 0788 F673021E 		.word	503477238
 529 078c C900BB3D 		.word	1035665609
 530 0790 C6E117E2 		.word	-501751354
 531 0794 C3C31E20 		.word	538887107
 532 0798 C9E3A1C7 		.word	-945691703
 533 079c AAC1D519 		.word	433439146
 534 07a0 AFE0A738 		.word	950526127
 535 07a4 3F9EDBE5 		.word	-438591937
 536 07a8 70AA3D20 		.word	540912240
 537 07ac 614BCCC1 		.word	-1043575967
 538 07b0 23E61E1E 		.word	505341475
 539 07b4 A36BBB3D 		.word	1035692963
 540 07b8 95EC15E2 		.word	-501879659
 541 07bc 70AA3D20 		.word	540912240
 542 07c0 B179AFC7 		.word	-944801359
 543 07c4 3037B819 		.word	431503152
 544 07c8 6870E438 		.word	954495080
 545 07cc 0B37AAE5 		.word	-441829621
 546 07d0 8EB95C20 		.word	542947726
 547 07d4 1FBF8EC1 		.word	-1047609569
 548 07d8 35083C1E 		.word	507250741
 549 07dc 8B4FBC3D 		.word	1035751307
 550 07e0 BC7C13E2 		.word	-502039364
 551 07e4 8EB95C20 		.word	542947726
 552 07e8 9EADBFC7 		.word	-943739490
 553 07ec CDD49819 		.word	429446349
 554 07f0 E9DD1E39 		.word	958324201
 555 07f4 E54F7AE5 		.word	-444968987
 556 07f8 B8F67B20 		.word	544995000
 557 07fc 2B4E50C1 		.word	-1051701717
 558 0800 DDE2591E 		.word	509207261
 559 0804 F1A7BD3D 		.word	1035839473
 560 0808 539710E2 		.word	-502229165
 561 080c B8F67B20 		.word	544995000
 562 0810 EA8AD2C7 		.word	-942503190
 563 0814 8C997719 		.word	427268492
 564 0818 78385739 		.word	962017400
 565 081c A9E34BE5 		.word	-448011351
 566 0820 A3679B20 		.word	547055523
 567 0824 90EB10C1 		.word	-1055855728
 568 0828 097E781E 		.word	511213065
 569 082c E16FBF3D 		.word	1035956193
 570 0830 D7410DE2 		.word	-502447657
 571 0834 A3679B20 		.word	547055523
 572 0838 911CE8C7 		.word	-941089647
 573 083c 91855419 		.word	424969617
 574 0840 908F8D39 		.word	965578640
 575 0844 6EEC1EE5 		.word	-450958226
 576 0848 1612BB20 		.word	549130774
 577 084c 128BD0C0 		.word	-1060074734
 578 0850 D5E0971E 		.word	513269973
 579 0854 0EA2C13D 		.word	1036100110
 580 0858 118209E2 		.word	-502693359
 581 085c 1612BB20 		.word	549130774
 582 0860 256D00C8 		.word	-939496155
 583 0864 219A2F19 		.word	422550049
 584 0868 C9F2C139 		.word	969011913
 585 086c 9E63F3E4 		.word	-453811298
 586 0870 F3FBDA20 		.word	551222259
 587 0874 38218FC0 		.word	-1064361672
 588 0878 8111B81E 		.word	515379585
 589 087c EC38C43D 		.word	1036269804
 590 0880 055E05E2 		.word	-502964731
 591 0884 F3FBDA20 		.word	551222259
 592 0888 C9861BC8 		.word	-937720119
 593 088c A7D90819 		.word	420010407
 594 0890 CC71F439 		.word	972321228
 595 0894 0F42C9E4 		.word	-456572401
 596 0898 332BFB20 		.word	553331507
 597 089c 50A34CC0 		.word	-1068719280
 598 08a0 6915D91E 		.word	517543273
 599 08a4 C22EC73D 		.word	1036463810
 600 08a8 E0DB00E2 		.word	-503260192
 601 08ac 332BFB20 		.word	553331507
 602 08b0 2F7339C8 		.word	-935759057
 603 08b4 B147E018 		.word	417351601
 604 08b8 361C253A 		.word	975510582
 605 08bc 1980A0E4 		.word	-459243495
 606 08c0 E8A51B21 		.word	555460072
 607 08c4 6C0709C0 		.word	-1073150100
 608 08c8 05F1FA1E 		.word	519762181
 609 08cc B97DCA3D 		.word	1036680633
 610 08d0 E001FCE1 		.word	-503578144
 611 08d4 E8A51B21 		.word	555460072
 612 08d8 983B5AC8 		.word	-933610600
 613 08dc F0E8B518 		.word	414574832
 614 08e0 8C01543A 		.word	978583948
 615 08e4 AC1579E4 		.word	-461826644
 616 08e8 B11F731D 		.word	494084017
 617 08ec 745240CD 		.word	-851422604
 618 08f0 D1681518 		.word	404056273
 619 08f4 CFFC7037 		.word	930151631
 620 08f8 E812C0E6 		.word	-423619864
 621 08fc B11F731D 		.word	494084017
 622 0900 44F0D7D7 		.word	-673714108
 623 0904 96653C14 		.word	339502486
 624 0908 3F0B7D21 		.word	561843007
 625 090c EA2F28F0 		.word	-265801750
 626 0910 C6C3B91D 		.word	498713542
 627 0914 4BFFC9CC 		.word	-859177141
 628 0918 C5063C18 		.word	406587077
 629 091c 08A56237 		.word	929211656
 630 0920 5E88BDE6 		.word	-423786402
 631 0924 C6C3B91D 		.word	498713542
 632 0928 E6A3DED7 		.word	-673274906
 633 092c A94B2814 		.word	338185129
 634 0930 58423222 		.word	573719128
 635 0934 2235C6EF 		.word	-272222942
 636 0938 38CD001E 		.word	503369016
 637 093c A27152CC 		.word	-867012190
 638 0940 E01B6318 		.word	409148384
 639 0944 E9B15537 		.word	928362985
 640 0948 0070B9E6 		.word	-424054784
 641 094c 38CD001E 		.word	503369016
 642 0950 BDF5E9D7 		.word	-672533059
 643 0954 E08A1114 		.word	336693984
 644 0958 25D2E222 		.word	585290277
 645 095c 8CEA64EF 		.word	-278599028
 646 0960 3844481E 		.word	508052536
 647 0964 D18AD9CB 		.word	-874935599
 648 0968 86C08A18 		.word	411746438
 649 096c 431E4A37 		.word	927604291
 650 0970 F9D4B3E6 		.word	-424422151
 651 0974 3844481E 		.word	508052536
 652 0978 F60CFAD7 		.word	-671478538
 653 097c D91AF813 		.word	335026905
 654 0980 E8C18E23 		.word	596558312
 655 0984 1F7604EF 		.word	-284920289
 656 0988 4E31901E 		.word	512766286
 657 098c C12A5FCB 		.word	-882955583
 658 0990 720EB318 		.word	414387826
 659 0994 16E33F37 		.word	926933782
 660 0998 20C4ACE6 		.word	-424885216
 661 099c 4E31901E 		.word	512766286
 662 09a0 FA110FD8 		.word	-670100998
 663 09a4 5DF4DB13 		.word	333182045
 664 09a8 A01B3624 		.word	607525792
 665 09ac ADFAA4EE 		.word	-291177811
 666 09b0 569DD81E 		.word	517512534
 667 09b4 F82FE3CA 		.word	-891080712
 668 09b8 B220DC18 		.word	417079474
 669 09bc CEF73637 		.word	926349262
 670 09c0 C24BA4E6 		.word	-425440318
 671 09c4 569DD81E 		.word	517512534
 672 09c8 632E29D8 		.word	-668389789
 673 09cc 8E11BD13 		.word	331157902
 674 09d0 CAEBD824 		.word	618195914
 675 09d4 E39746EE 		.word	-297363485
 676 09d8 8391211F 		.word	522293635
 677 09dc A17765CA 		.word	-899319903
 678 09e0 9B130619 		.word	419828635
 679 09e4 71522F37 		.word	925848177
 680 09e8 5D7B9AE6 		.word	-426083491
 681 09ec 8391211F 		.word	522293635
 682 09f0 F58C48D8 		.word	-666333963
 683 09f4 186E9B13 		.word	328953368
 684 09f8 18417725 		.word	628572440
 685 09fc 446AE9ED 		.word	-303470012
 686 0a00 60176B1F 		.word	527112032
 687 0a04 9BDDE5C9 		.word	-907682405
 688 0a08 C6043119 		.word	422642886
 689 0a0c DFE72837 		.word	925427679
 690 0a10 62638FE6 		.word	-426810526
 691 0a14 60176B1F 		.word	527112032
 692 0a18 92596DD8 		.word	-663922286
 693 0a1c 69077713 		.word	326567785
 694 0a20 2F2C1126 		.word	638659631
 695 0a24 3E8B8DED 		.word	-309490882
 696 0a28 CB38B51F 		.word	531970251
 697 0a2c 8B3C64C9 		.word	-916177781
 698 0a30 F9125D19 		.word	425530105
 699 0a34 03AC2337 		.word	925084675
 700 0a38 011583E6 		.word	-427617023
 701 0a3c CB38B51F 		.word	531970251
 702 0a40 23C197D8 		.word	-661143261
 703 0a44 E6DC4F13 		.word	324000998
 704 0a48 64BFA626 		.word	648462180
 705 0a4c 401133ED 		.word	-315420352
 706 0a50 00000020 		.word	536870912
 707 0a54 F76DE0C8 		.word	-924815881
 708 0a58 165E8A19 		.word	428498454
 709 0a5c 09921F37 		.word	924815881
 710 0a60 EAA175E6 		.word	-428498454
 711 0a64 00000020 		.word	536870912
 712 0a68 85F1C7D8 		.word	-657985147
 713 0a6c 2CF02513 		.word	321253420
 714 0a70 7B0E3827 		.word	657985147
 715 0a74 D40FDAEC 		.word	-321253420
 716 0a78 8F774B20 		.word	541816719
 717 0a7c 5F4A5AC8 		.word	-933606817
 718 0a80 0007B919 		.word	431556352
 719 0a84 8E8C1C37 		.word	924617870
 720 0a88 1F1C67E6 		.word	-429450209
 721 0a8c 8F774B20 		.word	541816719
 722 0a90 6319FED8 		.word	-654435997
 723 0a94 4D45F912 		.word	318326093
 724 0a98 6C2EC527 		.word	667233900
 725 0a9c C69782EC 		.word	-326985786
 726 0aa0 63AA9720 		.word	546810467
 727 0aa4 67A9D1C7 		.word	-942560921
 728 0aa8 762FE919 		.word	434712438
 729 0aac CA8D1A37 		.word	924487114
 730 0ab0 C99557E6 		.word	-430467639
 731 0ab4 63AA9720 		.word	546810467
 732 0ab8 18683AD9 		.word	-650483688
 733 0abc 12E3C912 		.word	315220754
 734 0ac0 25354E28 		.word	676214053
 735 0ac4 48B72CEC 		.word	-332613816
 736 0ac8 C2A3E420 		.word	551855042
 737 0acc FC6146C7 		.word	-951688708
 738 0ad0 ECF91A1A 		.word	437975532
 739 0ad4 BB871937 		.word	924420027
 740 0ad8 0B2147E6 		.word	-431546101
 741 0adc C2A3E420 		.word	551855042
 742 0ae0 7E0D7DD9 		.word	-646115970
 743 0ae4 38D39712 		.word	311939896
 744 0ae8 5E39D328 		.word	684931422
 745 0aec 217AD8EB 		.word	-338134495
 746 0af0 4D6F3221 		.word	556953421
 747 0af4 864AB8C6 		.word	-961000826
 748 0af8 5C894E1A 		.word	441354588
 749 0afc 496C1937 		.word	924413001
 750 0b00 DFCF35E6 		.word	-432680993
 751 0b04 4D6F3221 		.word	556953421
 752 0b08 BF39C6D9 		.word	-641320513
 753 0b0c B7226312 		.word	308486839
 754 0b10 62525429 		.word	693391970
 755 0b14 D3E985EB 		.word	-343545389
 756 0b18 00198121 		.word	562108672
 757 0b1c 1B3927C6 		.word	-970508005
 758 0b20 1201841A 		.word	444858642
 759 0b24 632D1A37 		.word	924462435
 760 0b28 FCB323E6 		.word	-433867780
 761 0b2c 00198121 		.word	562108672
 762 0b30 191D16DA 		.word	-636084967
 763 0b34 FAE12B12 		.word	304865786
 764 0b38 EA97D129 		.word	701601770
 765 0b3c CB0D35EB 		.word	-348844597
 766 0b40 37ADD021 		.word	567323959
 767 0b44 BE0393C5 		.word	-980220994
 768 0b48 6784BB1A 		.word	448496743
 769 0b4c 1CBD1B37 		.word	924564764
 770 0b50 BADE10E6 		.word	-435102022
 771 0b54 37ADD021 		.word	567323959
 772 0b58 A4E76CDA 		.word	-630397020
 773 0b5c 1E25F211 		.word	301081886
 774 0b60 F3214B2A 		.word	709566963
 775 0b64 8AEBE5EA 		.word	-354030710
 776 0b68 AB382122 		.word	572602539
 777 0b6c 9C80FBC4 		.word	-990150500
 778 0b70 8636F51A 		.word	452277894
 779 0b74 C20D1E37 		.word	924716482
 780 0b78 FE60FDE5 		.word	-436379394
 781 0b7c AB382122 		.word	572602539
 782 0b80 09C9CADA 		.word	-624244471
 783 0b84 2104B611 		.word	297141281
 784 0b88 9E08C12A 		.word	717293726
 785 0b8c D18698EA 		.word	-359102767
 786 0b90 73C87222 		.word	577947763
 787 0b94 4B8660C4 		.word	-1000307125
 788 0b98 213A311B 		.word	456210977
 789 0b9c EE112137 		.word	924914158
 790 0ba0 274BE9E5 		.word	-437695705
 791 0ba4 73C87222 		.word	577947763
 792 0ba8 40F02FDB 		.word	-617615296
 793 0bac 139B7711 		.word	293051155
 794 0bb0 1564332B 		.word	724788245
 795 0bb4 CAE14CEA 		.word	-364060214
 796 0bb8 0C6AC522 		.word	583363084
 797 0bbc 14ECC1C3 		.word	-1010701292
 798 0bc0 22B16F1B 		.word	460304674
 799 0bc4 97BC2437 		.word	925154455
 800 0bc8 04ADD4E5 		.word	-439046908
 801 0bcc 0C6AC522 		.word	583363084
 802 0bd0 458B9CDB 		.word	-610497723
 803 0bd4 310A3711 		.word	288819761
 804 0bd8 6D4CA22B 		.word	732056685
 805 0bdc 2FFD02EA 		.word	-368902865
 806 0be0 27F11617 		.word	387379495
 807 0be4 2B21C9E1 		.word	-506912469
 808 0be8 9AF6BC0B 		.word	196933274
 809 0bec 38181332 		.word	840112184
 810 0bf0 B2054EEB 		.word	-347208270
 811 0bf4 27F11617 		.word	387379495
 812 0bf8 D5DE361E 		.word	506912469
 813 0bfc 9AF6BC0B 		.word	196933274
 814 0c00 C8E7ECCD 		.word	-840112184
 815 0c04 B2054EEB 		.word	-347208270
 816 0c08 E2D0F017 		.word	401658082
 817 0c0c 461D46E0 		.word	-532275898
 818 0c10 73D9580C 		.word	207149427
 819 0c14 F33FB231 		.word	833765363
 820 0c18 6C8F8BEB 		.word	-343175316
 821 0c1c E2D0F017 		.word	401658082
 822 0c20 BAE2B91F 		.word	532275898
 823 0c24 73D9580C 		.word	207149427
 824 0c28 0DC04DCE 		.word	-833765363
 825 0c2c 6C8F8BEB 		.word	-343175316
 826 0c30 A3DDD218 		.word	416472483
 827 0c34 7991B2DE 		.word	-558722695
 828 0c38 19EEFC0C 		.word	217902617
 829 0c3c 0A244F31 		.word	827270154
 830 0c40 09A2C9EB 		.word	-339107319
 831 0c44 A3DDD218 		.word	416472483
 832 0c48 876E4D21 		.word	558722695
 833 0c4c 19EEFC0C 		.word	217902617
 834 0c50 F6DBB0CE 		.word	-827270154
 835 0c54 09A2C9EB 		.word	-339107319
 836 0c58 9D62BD19 		.word	431841949
 837 0c5c 53E90DDD 		.word	-586290861
 838 0c60 7E82A90D 		.word	229212798
 839 0c64 5CBEE930 		.word	820624988
 840 0c68 CC3008EC 		.word	-335007540
 841 0c6c 9D62BD19 		.word	431841949
 842 0c70 AD16F222 		.word	586290861
 843 0c74 7E82A90D 		.word	229212798
 844 0c78 A44116CF 		.word	-820624988
 845 0c7c CC3008EC 		.word	-335007540
 846 0c80 5FADB01A 		.word	447786335
 847 0c84 7E8B57DB 		.word	-615019650
 848 0c88 C9E65E0E 		.word	241100489
 849 0c8c 5B098230 		.word	813828443
 850 0c90 D82D47EC 		.word	-330879528
 851 0c94 5FADB01A 		.word	447786335
 852 0c98 8274A824 		.word	615019650
 853 0c9c C9E65E0E 		.word	241100489
 854 0ca0 A5F67DCF 		.word	-813828443
 855 0ca4 D82D47EC 		.word	-330879528
 856 0ca8 DF0DAD1B 		.word	464326111
 857 0cac A3D98ED9 		.word	-644949597
 858 0cb0 756D1D0F 		.word	253586805
 859 0cb4 26001830 		.word	806879270
 860 0cb8 1B8A86EC 		.word	-326727141
 861 0cbc DF0DAD1B 		.word	464326111
 862 0cc0 5D267126 		.word	644949597
 863 0cc4 756D1D0F 		.word	253586805
 864 0cc8 DAFFE7CF 		.word	-806879270
 865 0ccc 1B8A86EC 		.word	-326727141
 866 0cd0 89D6B21C 		.word	481482377
 867 0cd4 4330B3D7 		.word	-676122557
 868 0cd8 636BE50F 		.word	266693475
 869 0cdc 999EAB2F 		.word	799776409
 870 0ce0 4135C6EC 		.word	-322554559
 871 0ce4 89D6B21C 		.word	481482377
 872 0ce8 BDCF4C28 		.word	676122557
 873 0cec 636BE50F 		.word	266693475
 874 0cf0 676154D0 		.word	-799776409
 875 0cf4 4135C6EC 		.word	-322554559
 876 0cf8 525CC21D 		.word	499276882
 877 0cfc A0E6C3D5 		.word	-708581728
 878 0d00 F137B710 		.word	280442865
 879 0d04 65E13C2F 		.word	792519013
 880 0d08 A81D06ED 		.word	-318366296
 881 0d0c 525CC21D 		.word	499276882
 882 0d10 60193C2A 		.word	708581728
 883 0d14 F137B710 		.word	280442865
 884 0d18 9B1EC3D0 		.word	-792519013
 885 0d1c A81D06ED 		.word	-318366296
 886 0d20 C0F6DB1E 		.word	517732032
 887 0d24 9B4EC0D3 		.word	-742371685
 888 0d28 0C2D9311 		.word	294857996
 889 0d2c 21C6CB2E 		.word	785106465
 890 0d30 4B3046ED 		.word	-314167221
 891 0d34 C0F6DB1E 		.word	517732032
 892 0d38 65B13F2C 		.word	742371685
 893 0d3c 0C2D9311 		.word	294857996
 894 0d40 DF3934D1 		.word	-785106465
 895 0d44 4B3046ED 		.word	-314167221
 896 0d48 00000020 		.word	536870912
 897 0d4c 98B4A7D1 		.word	-777538408
 898 0d50 46A77912 		.word	309962566
 899 0d54 684B582E 		.word	777538408
 900 0d58 BA5886ED 		.word	-309962566
 901 0d5c 00000020 		.word	536870912
 902 0d60 684B582E 		.word	777538408
 903 0d64 46A77912 		.word	309962566
 904 0d68 98B4A7D1 		.word	-777538408
 905 0d6c BA5886ED 		.word	-309962566
 906 0d70 EED42E21 		.word	556717294
 907 0d74 5F5F79CF 		.word	-814129313
 908 0d78 E8056B13 		.word	325780968
 909 0d7c EE70E22D 		.word	769814766
 910 0d80 0981C6ED 		.word	-305757943
 911 0d84 EED42E21 		.word	556717294
 912 0d88 A1A08630 		.word	814129313
 913 0d8c E8056B13 		.word	325780968
 914 0d90 128F1DD2 		.word	-769814766
 915 0d94 0981C6ED 		.word	-305757943
 916 0d98 2AD56822 		.word	577295658
 917 0d9c FC8F34CD 		.word	-852193284
 918 0da0 06AB6714 		.word	342338310
 919 0da4 A1376A2D 		.word	761935777
 920 0da8 C09106EE 		.word	-301559360
 921 0dac 2AD56822 		.word	577295658
 922 0db0 0470CB32 		.word	852193284
 923 0db4 06AB6714 		.word	342338310
 924 0db8 5FC895D2 		.word	-761935777
 925 0dbc C09106EE 		.word	-301559360
 926 0dc0 2663AE23 		.word	598631206
 927 0dc4 A681D8CA 		.word	-891780698
 928 0dc8 91FB6F15 		.word	359660433
 929 0dcc BEA1EF2C 		.word	753902014
 930 0dd0 D27146EE 		.word	-297373230
 931 0dd4 2663AE23 		.word	598631206
 932 0dd8 5A7E2735 		.word	891780698
 933 0ddc 91FB6F15 		.word	359660433
 934 0de0 425E10D3 		.word	-753902014
 935 0de4 D27146EE 		.word	-297373230
 936 0de8 35E4FF24 		.word	620749877
 937 0dec 996964C8 		.word	-932943463
 938 0df0 675F8416 		.word	377773927
 939 0df4 F9B2722C 		.word	745714425
 940 0df8 910686EE 		.word	-293206383
 941 0dfc 35E4FF24 		.word	620749877
 942 0e00 67969B37 		.word	932943463
 943 0e04 675F8416 		.word	377773927
 944 0e08 074D8DD3 		.word	-745714425
 945 0e0c 910686EE 		.word	-293206383
 946 0e10 9DC05D26 		.word	643678365
 947 0e14 FF76D7C5 		.word	-975735041
 948 0e18 6741A517 		.word	396706151
 949 0e1c 9370F32B 		.word	737374355
 950 0e20 A333C5EE 		.word	-289066077
 951 0e24 9DC05D26 		.word	643678365
 952 0e28 0189283A 		.word	975735041
 953 0e2c 6741A517 		.word	396706151
 954 0e30 6D8F0CD4 		.word	-737374355
 955 0e34 A333C5EE 		.word	-289066077
 956 0e38 A663C827 		.word	667444134
 957 0e3c C9D230C3 		.word	-1020210487
 958 0e40 840FD318 		.word	416485252
 959 0e44 84E1712B 		.word	728883588
 960 0e48 FCDA03EF 		.word	-284960004
 961 0e4c A663C827 		.word	667444134
 962 0e50 372DCF3C 		.word	1020210487
 963 0e54 840FD318 		.word	416485252
 964 0e58 7C1E8ED4 		.word	-728883588
 965 0e5c FCDA03EF 		.word	-284960004
 966 0e60 AE3B4029 		.word	692075438
 967 0e64 949F6FC0 		.word	-1066426476
 968 0e68 D33A0E1A 		.word	437140179
 969 0e6c 970EEE2A 		.word	720244375
 970 0e70 DADC41EF 		.word	-280896294
 971 0e74 AE3B4029 		.word	692075438
 972 0e78 6C60903F 		.word	1066426476
 973 0e7c D33A0E1A 		.word	437140179
 974 0e80 69F111D5 		.word	-720244375
 975 0e84 DADC41EF 		.word	-280896294
 976 0e88 38BAC52A 		.word	717601336
 977 0e8c 85F992BD 		.word	-1114441339
 978 0e90 A037571B 		.word	458700704
 979 0e94 9002682A 		.word	711459472
 980 0e98 C5177FEF 		.word	-276883515
 981 0e9c 38BAC52A 		.word	717601336
 982 0ea0 7B066D42 		.word	1114441339
 983 0ea4 A037571B 		.word	458700704
 984 0ea8 70FD97D5 		.word	-711459472
 985 0eac C5177FEF 		.word	-276883515
 986 0eb0 FE53592C 		.word	744051710
 987 0eb4 28F699BA 		.word	-1164315096
 988 0eb8 7D7DAE1C 		.word	481197437
 989 0ebc 4ECADF29 		.word	702532174
 990 0ec0 8F68BBEF 		.word	-272930673
 991 0ec4 FE53592C 		.word	744051710
 992 0ec8 D8096645 		.word	1164315096
 993 0ecc 7D7DAE1C 		.word	481197437
 994 0ed0 B23520D6 		.word	-702532174
 995 0ed4 8F68BBEF 		.word	-272930673
 996              		.global	gainDB
 997              		.data
 998              		.align	2
 1001              	gainDB:
 1002 0000 00000000 		.word	0
 1003 0004 FDFFFFFF 		.word	-3
 1004 0008 06000000 		.word	6
 1005 000c 04000000 		.word	4
 1006 0010 FAFFFFFF 		.word	-6
 1007              		.comm	snr,4,4
 1008              		.section	.text.main,"ax",%progbits
 1009              		.align	2
 1010              		.global	main
 1011              		.thumb
 1012              		.thumb_func
 1014              	main:
 1015              	.LFB128:
 1016              		.file 1 "../arm_graphic_equalizer_example_q31.c"
   1:../arm_graphic_equalizer_example_q31.c **** /* ----------------------------------------------------------------------
   2:../arm_graphic_equalizer_example_q31.c **** * Copyright (C) 2010-2012 ARM Limited. All rights reserved.
   3:../arm_graphic_equalizer_example_q31.c **** *
   4:../arm_graphic_equalizer_example_q31.c **** * $Date:         17. January 2013
   5:../arm_graphic_equalizer_example_q31.c **** * $Revision:     V1.4.0
   6:../arm_graphic_equalizer_example_q31.c **** *
   7:../arm_graphic_equalizer_example_q31.c **** * Project:       CMSIS DSP Library
   8:../arm_graphic_equalizer_example_q31.c **** * Title:         arm_graphic_equalizer_example_q31.c
   9:../arm_graphic_equalizer_example_q31.c **** *
  10:../arm_graphic_equalizer_example_q31.c **** * Description:   Example showing an audio graphic equalizer constructed
  11:../arm_graphic_equalizer_example_q31.c **** *                out of Biquad filters.
  12:../arm_graphic_equalizer_example_q31.c **** *
  13:../arm_graphic_equalizer_example_q31.c **** * Target Processor: Cortex-M4/Cortex-M3
  14:../arm_graphic_equalizer_example_q31.c **** *
  15:../arm_graphic_equalizer_example_q31.c **** * Redistribution and use in source and binary forms, with or without
  16:../arm_graphic_equalizer_example_q31.c **** * modification, are permitted provided that the following conditions
  17:../arm_graphic_equalizer_example_q31.c **** * are met:
  18:../arm_graphic_equalizer_example_q31.c **** *   - Redistributions of source code must retain the above copyright
  19:../arm_graphic_equalizer_example_q31.c **** *     notice, this list of conditions and the following disclaimer.
  20:../arm_graphic_equalizer_example_q31.c **** *   - Redistributions in binary form must reproduce the above copyright
  21:../arm_graphic_equalizer_example_q31.c **** *     notice, this list of conditions and the following disclaimer in
  22:../arm_graphic_equalizer_example_q31.c **** *     the documentation and/or other materials provided with the
  23:../arm_graphic_equalizer_example_q31.c **** *     distribution.
  24:../arm_graphic_equalizer_example_q31.c **** *   - Neither the name of ARM LIMITED nor the names of its contributors
  25:../arm_graphic_equalizer_example_q31.c **** *     may be used to endorse or promote products derived from this
  26:../arm_graphic_equalizer_example_q31.c **** *     software without specific prior written permission.
  27:../arm_graphic_equalizer_example_q31.c **** *
  28:../arm_graphic_equalizer_example_q31.c **** * THIS SOFTWARE IS PROVIDED BY THE COPYRIGHT HOLDERS AND CONTRIBUTORS
  29:../arm_graphic_equalizer_example_q31.c **** * "AS IS" AND ANY EXPRESS OR IMPLIED WARRANTIES, INCLUDING, BUT NOT
  30:../arm_graphic_equalizer_example_q31.c **** * LIMITED TO, THE IMPLIED WARRANTIES OF MERCHANTABILITY AND FITNESS
  31:../arm_graphic_equalizer_example_q31.c **** * FOR A PARTICULAR PURPOSE ARE DISCLAIMED. IN NO EVENT SHALL THE
  32:../arm_graphic_equalizer_example_q31.c **** * COPYRIGHT OWNER OR CONTRIBUTORS BE LIABLE FOR ANY DIRECT, INDIRECT,
  33:../arm_graphic_equalizer_example_q31.c **** * INCIDENTAL, SPECIAL, EXEMPLARY, OR CONSEQUENTIAL DAMAGES (INCLUDING,
  34:../arm_graphic_equalizer_example_q31.c **** * BUT NOT LIMITED TO, PROCUREMENT OF SUBSTITUTE GOODS OR SERVICES;
  35:../arm_graphic_equalizer_example_q31.c **** * LOSS OF USE, DATA, OR PROFITS; OR BUSINESS INTERRUPTION) HOWEVER
  36:../arm_graphic_equalizer_example_q31.c **** * CAUSED AND ON ANY THEORY OF LIABILITY, WHETHER IN CONTRACT, STRICT
  37:../arm_graphic_equalizer_example_q31.c **** * LIABILITY, OR TORT (INCLUDING NEGLIGENCE OR OTHERWISE) ARISING IN
  38:../arm_graphic_equalizer_example_q31.c **** * ANY WAY OUT OF THE USE OF THIS SOFTWARE, EVEN IF ADVISED OF THE
  39:../arm_graphic_equalizer_example_q31.c **** * POSSIBILITY OF SUCH DAMAGE.
  40:../arm_graphic_equalizer_example_q31.c ****  * -------------------------------------------------------------------- */
  41:../arm_graphic_equalizer_example_q31.c **** 
  42:../arm_graphic_equalizer_example_q31.c **** /**
  43:../arm_graphic_equalizer_example_q31.c ****  * @ingroup groupExamples
  44:../arm_graphic_equalizer_example_q31.c ****  */
  45:../arm_graphic_equalizer_example_q31.c **** 
  46:../arm_graphic_equalizer_example_q31.c **** /**
  47:../arm_graphic_equalizer_example_q31.c ****  * @defgroup GEQ5Band Graphic Audio Equalizer Example
  48:../arm_graphic_equalizer_example_q31.c ****  *
  49:../arm_graphic_equalizer_example_q31.c ****  * \par Description:
  50:../arm_graphic_equalizer_example_q31.c ****  * \par
  51:../arm_graphic_equalizer_example_q31.c ****  * This example demonstrates how a 5-band graphic equalizer can be constructed
  52:../arm_graphic_equalizer_example_q31.c ****  * using the Biquad cascade functions.
  53:../arm_graphic_equalizer_example_q31.c ****  * A graphic equalizer is used in audio applications to vary the tonal quality
  54:../arm_graphic_equalizer_example_q31.c ****  * of the audio.
  55:../arm_graphic_equalizer_example_q31.c ****  *
  56:../arm_graphic_equalizer_example_q31.c ****  * \par Block Diagram:
  57:../arm_graphic_equalizer_example_q31.c ****  * \par
  58:../arm_graphic_equalizer_example_q31.c ****  * The design is based on a cascade of 5 filter sections.
  59:../arm_graphic_equalizer_example_q31.c ****  * \image html GEQ_signalflow.gif
  60:../arm_graphic_equalizer_example_q31.c ****  * Each filter section is 4th order and consists of a cascade of two Biquads.
  61:../arm_graphic_equalizer_example_q31.c ****  * Each filter has a nominal gain of 0 dB (1.0 in linear units) and
  62:../arm_graphic_equalizer_example_q31.c ****  * boosts or cuts signals within a specific frequency range.
  63:../arm_graphic_equalizer_example_q31.c ****  * The edge frequencies between the 5 bands are 100, 500, 2000, and 6000 Hz.
  64:../arm_graphic_equalizer_example_q31.c ****  * Each band has an adjustable boost or cut in the range of +/- 9 dB.
  65:../arm_graphic_equalizer_example_q31.c ****  * For example, the band that extends from 500 to 2000 Hz has the response shown below:
  66:../arm_graphic_equalizer_example_q31.c ****  * \par
  67:../arm_graphic_equalizer_example_q31.c ****  * \image html GEQ_bandresponse.gif
  68:../arm_graphic_equalizer_example_q31.c ****  * \par
  69:../arm_graphic_equalizer_example_q31.c ****  * With 1 dB steps, each filter has a total of 19 different settings.
  70:../arm_graphic_equalizer_example_q31.c ****  * The filter coefficients for all possible 19 settings were precomputed
  71:../arm_graphic_equalizer_example_q31.c ****  * in MATLAB and stored in a table.  With 5 different tables, there are
  72:../arm_graphic_equalizer_example_q31.c ****  * a total of 5 x 19 = 95 different 4th order filters.
  73:../arm_graphic_equalizer_example_q31.c ****  * All 95 responses are shown below:
  74:../arm_graphic_equalizer_example_q31.c ****  * \par
  75:../arm_graphic_equalizer_example_q31.c ****  * \image html GEQ_allbandresponse.gif
  76:../arm_graphic_equalizer_example_q31.c ****  * \par
  77:../arm_graphic_equalizer_example_q31.c ****  * Each 4th order filter has 10 coefficents for a grand total of 950 different filter
  78:../arm_graphic_equalizer_example_q31.c ****  * coefficients that must be tabulated. The input and output data is in Q31 format.
  79:../arm_graphic_equalizer_example_q31.c ****  * For better noise performance, the two low frequency bands are implemented using the high
  80:../arm_graphic_equalizer_example_q31.c ****  * precision 32x64-bit Biquad filters. The remaining 3 high frequency bands use standard
  81:../arm_graphic_equalizer_example_q31.c ****  * 32x32-bit Biquad filters. The input signal used in the example is a logarithmic chirp.
  82:../arm_graphic_equalizer_example_q31.c ****  * \par
  83:../arm_graphic_equalizer_example_q31.c ****  * \image html GEQ_inputchirp.gif
  84:../arm_graphic_equalizer_example_q31.c ****  * \par
  85:../arm_graphic_equalizer_example_q31.c ****  * The array <code>bandGains</code> specifies the gain in dB to apply in each band.
  86:../arm_graphic_equalizer_example_q31.c ****  * For example, if <code>bandGains={0, -3, 6, 4, -6};</code> then the output signal will be:
  87:../arm_graphic_equalizer_example_q31.c ****  * \par
  88:../arm_graphic_equalizer_example_q31.c ****  * \image html GEQ_outputchirp.gif
  89:../arm_graphic_equalizer_example_q31.c ****  * \par
  90:../arm_graphic_equalizer_example_q31.c ****  * \note The output chirp signal follows the gain or boost of each band.
  91:../arm_graphic_equalizer_example_q31.c ****  * \par
  92:../arm_graphic_equalizer_example_q31.c ****  *
  93:../arm_graphic_equalizer_example_q31.c ****  * \par Variables Description:
  94:../arm_graphic_equalizer_example_q31.c ****  * \par
  95:../arm_graphic_equalizer_example_q31.c ****  * \li \c testInput_f32 points to the input data
  96:../arm_graphic_equalizer_example_q31.c ****  * \li \c testRefOutput_f32 points to the reference output data
  97:../arm_graphic_equalizer_example_q31.c ****  * \li \c testOutput points to the test output data
  98:../arm_graphic_equalizer_example_q31.c ****  * \li \c inputQ31 temporary input buffer
  99:../arm_graphic_equalizer_example_q31.c ****  * \li \c outputQ31 temporary output buffer
 100:../arm_graphic_equalizer_example_q31.c ****  * \li \c biquadStateBand1Q31 points to state buffer for band1
 101:../arm_graphic_equalizer_example_q31.c ****  * \li \c biquadStateBand2Q31 points to state buffer for band2
 102:../arm_graphic_equalizer_example_q31.c ****  * \li \c biquadStateBand3Q31 points to state buffer for band3
 103:../arm_graphic_equalizer_example_q31.c ****  * \li \c biquadStateBand4Q31 points to state buffer for band4
 104:../arm_graphic_equalizer_example_q31.c ****  * \li \c biquadStateBand5Q31 points to state buffer for band5
 105:../arm_graphic_equalizer_example_q31.c ****  * \li \c coeffTable points to coefficient buffer for all bands
 106:../arm_graphic_equalizer_example_q31.c ****  * \li \c gainDB gain buffer which has gains applied for all the bands
 107:../arm_graphic_equalizer_example_q31.c ****  *
 108:../arm_graphic_equalizer_example_q31.c ****  * \par CMSIS DSP Software Library Functions Used:
 109:../arm_graphic_equalizer_example_q31.c ****  * \par
 110:../arm_graphic_equalizer_example_q31.c ****  * - arm_biquad_cas_df1_32x64_init_q31()
 111:../arm_graphic_equalizer_example_q31.c ****  * - arm_biquad_cas_df1_32x64_q31()
 112:../arm_graphic_equalizer_example_q31.c ****  * - arm_biquad_cascade_df1_init_q31()
 113:../arm_graphic_equalizer_example_q31.c ****  * - arm_biquad_cascade_df1_q31()
 114:../arm_graphic_equalizer_example_q31.c ****  * - arm_scale_q31()
 115:../arm_graphic_equalizer_example_q31.c ****  * - arm_scale_f32()
 116:../arm_graphic_equalizer_example_q31.c ****  * - arm_float_to_q31()
 117:../arm_graphic_equalizer_example_q31.c ****  * - arm_q31_to_float()
 118:../arm_graphic_equalizer_example_q31.c ****  *
 119:../arm_graphic_equalizer_example_q31.c ****  * <b> Refer  </b>
 120:../arm_graphic_equalizer_example_q31.c ****  * \link arm_graphic_equalizer_example_q31.c \endlink
 121:../arm_graphic_equalizer_example_q31.c ****  *
 122:../arm_graphic_equalizer_example_q31.c ****  */
 123:../arm_graphic_equalizer_example_q31.c **** 
 124:../arm_graphic_equalizer_example_q31.c **** 
 125:../arm_graphic_equalizer_example_q31.c **** /** \example arm_graphic_equalizer_example_q31.c
 126:../arm_graphic_equalizer_example_q31.c ****  */
 127:../arm_graphic_equalizer_example_q31.c **** 
 128:../arm_graphic_equalizer_example_q31.c **** 
 129:../arm_graphic_equalizer_example_q31.c **** #include "arm_math.h"
 130:../arm_graphic_equalizer_example_q31.c **** #include "math_helper.h"
 131:../arm_graphic_equalizer_example_q31.c **** 
 132:../arm_graphic_equalizer_example_q31.c **** /* Length of the overall data in the test */
 133:../arm_graphic_equalizer_example_q31.c **** #define TESTLENGTH 320
 134:../arm_graphic_equalizer_example_q31.c **** 
 135:../arm_graphic_equalizer_example_q31.c **** /* Block size for the underlying processing */
 136:../arm_graphic_equalizer_example_q31.c **** #define BLOCKSIZE 32
 137:../arm_graphic_equalizer_example_q31.c **** 
 138:../arm_graphic_equalizer_example_q31.c **** /* Total number of blocks to run */
 139:../arm_graphic_equalizer_example_q31.c **** #define NUMBLOCKS (TESTLENGTH/BLOCKSIZE)
 140:../arm_graphic_equalizer_example_q31.c **** 
 141:../arm_graphic_equalizer_example_q31.c **** /* Number of 2nd order Biquad stages per filter */
 142:../arm_graphic_equalizer_example_q31.c **** #define NUMSTAGES 2
 143:../arm_graphic_equalizer_example_q31.c **** 
 144:../arm_graphic_equalizer_example_q31.c **** #define SNR_THRESHOLD_F32  98
 145:../arm_graphic_equalizer_example_q31.c **** 
 146:../arm_graphic_equalizer_example_q31.c **** /* -------------------------------------------------------------------
 147:../arm_graphic_equalizer_example_q31.c ****  * External Declarations for Input and Output buffers
 148:../arm_graphic_equalizer_example_q31.c ****  * ------------------------------------------------------------------- */
 149:../arm_graphic_equalizer_example_q31.c **** 
 150:../arm_graphic_equalizer_example_q31.c **** extern float32_t testInput_f32[TESTLENGTH];
 151:../arm_graphic_equalizer_example_q31.c **** static float32_t testOutput[TESTLENGTH];
 152:../arm_graphic_equalizer_example_q31.c **** 
 153:../arm_graphic_equalizer_example_q31.c **** extern float32_t testRefOutput_f32[TESTLENGTH];
 154:../arm_graphic_equalizer_example_q31.c **** 
 155:../arm_graphic_equalizer_example_q31.c **** /* ----------------------------------------------------------------------
 156:../arm_graphic_equalizer_example_q31.c **** ** Q31 state buffers for Band1, Band2, Band3, Band4, Band5
 157:../arm_graphic_equalizer_example_q31.c **** ** ------------------------------------------------------------------- */
 158:../arm_graphic_equalizer_example_q31.c **** 
 159:../arm_graphic_equalizer_example_q31.c **** static q63_t biquadStateBand1Q31[4 * 2];
 160:../arm_graphic_equalizer_example_q31.c **** static q63_t biquadStateBand2Q31[4 * 2];
 161:../arm_graphic_equalizer_example_q31.c **** static q31_t biquadStateBand3Q31[4 * 2];
 162:../arm_graphic_equalizer_example_q31.c **** static q31_t biquadStateBand4Q31[4 * 2];
 163:../arm_graphic_equalizer_example_q31.c **** static q31_t biquadStateBand5Q31[4 * 2];
 164:../arm_graphic_equalizer_example_q31.c **** 
 165:../arm_graphic_equalizer_example_q31.c **** /* ----------------------------------------------------------------------
 166:../arm_graphic_equalizer_example_q31.c **** ** Q31 input and output buffers
 167:../arm_graphic_equalizer_example_q31.c **** ** ------------------------------------------------------------------- */
 168:../arm_graphic_equalizer_example_q31.c **** 
 169:../arm_graphic_equalizer_example_q31.c **** q31_t inputQ31[BLOCKSIZE];
 170:../arm_graphic_equalizer_example_q31.c **** q31_t outputQ31[BLOCKSIZE];
 171:../arm_graphic_equalizer_example_q31.c **** 
 172:../arm_graphic_equalizer_example_q31.c **** /* ----------------------------------------------------------------------
 173:../arm_graphic_equalizer_example_q31.c **** ** Entire coefficient table.  There are 10 coefficients per 4th order Biquad
 174:../arm_graphic_equalizer_example_q31.c **** ** cascade filter.  The first 10 coefficients correspond to the -9 dB gain
 175:../arm_graphic_equalizer_example_q31.c **** ** setting of band 1; the next 10 coefficient correspond to the -8 dB gain
 176:../arm_graphic_equalizer_example_q31.c **** ** setting of band 1; and so on.  There are 10*19=190 coefficients in total
 177:../arm_graphic_equalizer_example_q31.c **** ** for band 1 (gains = -9, -8, -7, ..., 9).  After this come the 190 coefficients
 178:../arm_graphic_equalizer_example_q31.c **** ** for band 2.
 179:../arm_graphic_equalizer_example_q31.c **** **
 180:../arm_graphic_equalizer_example_q31.c **** ** The coefficients are in Q29 format and require a postShift of 2.
 181:../arm_graphic_equalizer_example_q31.c **** ** ------------------------------------------------------------------- */
 182:../arm_graphic_equalizer_example_q31.c **** 
 183:../arm_graphic_equalizer_example_q31.c **** const q31_t coeffTable[950] = {
 184:../arm_graphic_equalizer_example_q31.c **** 
 185:../arm_graphic_equalizer_example_q31.c ****   /* Band 1, -9 dB gain */
 186:../arm_graphic_equalizer_example_q31.c ****   535576962, -1071153923, 535576962, 1073741824, -536870912, 535576962, -1063501998, 527979313, 106
 187:../arm_graphic_equalizer_example_q31.c ****   /* Band 1, -8 dB gain */
 188:../arm_graphic_equalizer_example_q31.c ****   535723226, -1071446451, 535723226, 1073741824, -536870912, 535723226, -1063568947, 527903217, 106
 189:../arm_graphic_equalizer_example_q31.c ****   535868593, -1071737186, 535868593, 1073741824, -536870912, 535868593, -1063627467, 527819780, 106
 190:../arm_graphic_equalizer_example_q31.c ****   536013181, -1072026363, 536013181, 1073741824, -536870912, 536013181, -1063677598, 527728935, 106
 191:../arm_graphic_equalizer_example_q31.c ****   536157109, -1072314217, 536157109, 1073741824, -536870912, 536157109, -1063719372, 527630607, 106
 192:../arm_graphic_equalizer_example_q31.c ****   536300492, -1072600983, 536300492, 1073741824, -536870912, 536300492, -1063752815, 527524720, 106
 193:../arm_graphic_equalizer_example_q31.c ****   536443447, -1072886894, 536443447, 1073741824, -536870912, 536443447, -1063777945, 527411186, 106
 194:../arm_graphic_equalizer_example_q31.c ****   536586091, -1073172183, 536586091, 1073741824, -536870912, 536586091, -1063794775, 527289917, 106
 195:../arm_graphic_equalizer_example_q31.c ****   536728541, -1073457082, 536728541, 1073741824, -536870912, 536728541, -1063803308, 527160815, 106
 196:../arm_graphic_equalizer_example_q31.c ****   536870912, -1073741824, 536870912, 1073741824, -536870912, 536870912, -1063803543, 527023777, 106
 197:../arm_graphic_equalizer_example_q31.c ****   537013321, -1074026642, 537013321, 1073741824, -536870912, 537013321, -1063795470, 526878696, 106
 198:../arm_graphic_equalizer_example_q31.c ****   537155884, -1074311768, 537155884, 1073741824, -536870912, 537155884, -1063779073, 526725455, 106
 199:../arm_graphic_equalizer_example_q31.c ****   537298718, -1074597435, 537298718, 1073741824, -536870912, 537298718, -1063754328, 526563934, 106
 200:../arm_graphic_equalizer_example_q31.c ****   537441939, -1074883878, 537441939, 1073741824, -536870912, 537441939, -1063721205, 526394005, 106
 201:../arm_graphic_equalizer_example_q31.c ****   537585666, -1075171331, 537585666, 1073741824, -536870912, 537585666, -1063679666, 526215534, 106
 202:../arm_graphic_equalizer_example_q31.c ****   537730015, -1075460030, 537730015, 1073741824, -536870912, 537730015, -1063629666, 526028380, 106
 203:../arm_graphic_equalizer_example_q31.c ****   537875106, -1075750212, 537875106, 1073741824, -536870912, 537875106, -1063571152, 525832396, 106
 204:../arm_graphic_equalizer_example_q31.c ****   538021057, -1076042114, 538021057, 1073741824, -536870912, 538021057, -1063504065, 525627429, 106
 205:../arm_graphic_equalizer_example_q31.c ****   538167989, -1076335977, 538167989, 1073741824, -536870912, 538167989, -1063428338, 525413317, 106
 206:../arm_graphic_equalizer_example_q31.c **** 
 207:../arm_graphic_equalizer_example_q31.c ****   /* Band 2, -9 dB gain */
 208:../arm_graphic_equalizer_example_q31.c ****   531784976, -1055497692, 523873415, 1066213307, -529420241, 531784976, -1040357886, 509828014, 102
 209:../arm_graphic_equalizer_example_q31.c ****   /* Band 2, -8 dB gain */
 210:../arm_graphic_equalizer_example_q31.c ****   532357636, -1056601982, 524400080, 1066115844, -529326645, 532357636, -1040623406, 509562600, 103
 211:../arm_graphic_equalizer_example_q31.c ****   532927392, -1057707729, 524931110, 1066024274, -529239070, 532927392, -1040848253, 509262081, 103
 212:../arm_graphic_equalizer_example_q31.c ****   533494678, -1058816094, 525467240, 1065939047, -529157961, 533494678, -1041032161, 508925950, 103
 213:../arm_graphic_equalizer_example_q31.c ****   534059929, -1059928204, 526009170, 1065860582, -529083734, 534059929, -1041174868, 508553717, 103
 214:../arm_graphic_equalizer_example_q31.c ****   534623580, -1061045148, 526557561, 1065789260, -529016764, 534623580, -1041276126, 508144920, 103
 215:../arm_graphic_equalizer_example_q31.c ****   535186068, -1062167969, 527113032, 1065725420, -528957385, 535186068, -1041335703, 507699125, 103
 216:../arm_graphic_equalizer_example_q31.c ****   535747827, -1063297666, 527676151, 1065669351, -528905879, 535747827, -1041353386, 507215934, 103
 217:../arm_graphic_equalizer_example_q31.c ****   536309295, -1064435183, 528247436, 1065621289, -528862476, 536309295, -1041328990, 506694984, 104
 218:../arm_graphic_equalizer_example_q31.c ****   536870912, -1065581413, 528827349, 1065581413, -528827349, 536870912, -1041262354, 506135953, 104
 219:../arm_graphic_equalizer_example_q31.c ****   537433117, -1066737194, 529416295, 1065549847, -528800610, 537433117, -1041153346, 505538564, 104
 220:../arm_graphic_equalizer_example_q31.c ****   537996352, -1067903307, 530014622, 1065526651, -528782316, 537996352, -1041001864, 504902578, 104
 221:../arm_graphic_equalizer_example_q31.c ****   538561061, -1069080480, 530622620, 1065511830, -528772462, 538561061, -1040807833, 504227800, 104
 222:../arm_graphic_equalizer_example_q31.c ****   539127690, -1070269387, 531240527, 1065505333, -528770987, 539127690, -1040571205, 503514074, 104
 223:../arm_graphic_equalizer_example_q31.c ****   539696690, -1071470656, 531868525, 1065507054, -528777778, 539696690, -1040291951, 502761277, 104
 224:../arm_graphic_equalizer_example_q31.c ****   540268512, -1072684867, 532506750, 1065516837, -528792672, 540268512, -1039970063, 501969320, 104
 225:../arm_graphic_equalizer_example_q31.c ****   540843613, -1073912567, 533155297, 1065534483, -528815459, 540843613, -1039605542, 501138139, 104
 226:../arm_graphic_equalizer_example_q31.c ****   541422451, -1075154268, 533814224, 1065559750, -528845892, 541422451, -1039198394, 500267687, 104
 227:../arm_graphic_equalizer_example_q31.c ****   542005489, -1076410460, 534483561, 1065592362, -528883686, 542005489, -1038748624, 499357932, 105
 228:../arm_graphic_equalizer_example_q31.c ****   518903861, -1001986830, 486725277, 1037235801, -502367695, 518903861, -945834422, 446371043, 9023
 229:../arm_graphic_equalizer_example_q31.c ****   520899989, -1005630916, 488289126, 1036926846, -502147311, 520899989, -946490935, 445581846, 9079
 230:../arm_graphic_equalizer_example_q31.c ****   522893209, -1009290002, 489869792, 1036650484, -501961419, 522893209, -947006359, 444685310, 9133
 231:../arm_graphic_equalizer_example_q31.c ****   524884763, -1012968199, 491470256, 1036407567, -501810737, 524884763, -947377809, 443679533, 9185
 232:../arm_graphic_equalizer_example_q31.c ****   526875910, -1016669649, 493093518, 1036198712, -501695739, 526875910, -947602324, 442562672, 9235
 233:../arm_graphic_equalizer_example_q31.c ****   528867927, -1020398503, 494742575, 1036024293, -501616651, 528867927, -947676875, 441332970, 9284
 234:../arm_graphic_equalizer_example_q31.c ****   530862111, -1024158905, 496420407, 1035884447, -501573457, 530862111, -947598385, 439988777, 9331
 235:../arm_graphic_equalizer_example_q31.c ****   532859778, -1027954970, 498129955, 1035779077, -501565907, 532859778, -947363742, 438528571, 9377
 236:../arm_graphic_equalizer_example_q31.c ****   534862260, -1031790763, 499874098, 1035707863, -501593525, 534862260, -946969823, 436950987, 9421
 237:../arm_graphic_equalizer_example_q31.c ****   536870912, -1035670279, 501655630, 1035670279, -501655630, 536870912, -946413508, 435254839, 9464
 238:../arm_graphic_equalizer_example_q31.c ****   538887107, -1039597419, 503477238, 1035665609, -501751354, 538887107, -945691703, 433439146, 9505
 239:../arm_graphic_equalizer_example_q31.c ****   540912240, -1043575967, 505341475, 1035692963, -501879659, 540912240, -944801359, 431503152, 9544
 240:../arm_graphic_equalizer_example_q31.c ****   542947726, -1047609569, 507250741, 1035751307, -502039364, 542947726, -943739490, 429446349, 9583
 241:../arm_graphic_equalizer_example_q31.c ****   544995000, -1051701717, 509207261, 1035839473, -502229165, 544995000, -942503190, 427268492, 9620
 242:../arm_graphic_equalizer_example_q31.c ****   547055523, -1055855728, 511213065, 1035956193, -502447657, 547055523, -941089647, 424969617, 9655
 243:../arm_graphic_equalizer_example_q31.c ****   549130774, -1060074734, 513269973, 1036100110, -502693359, 549130774, -939496155, 422550049, 9690
 244:../arm_graphic_equalizer_example_q31.c ****   551222259, -1064361672, 515379585, 1036269804, -502964731, 551222259, -937720119, 420010407, 9723
 245:../arm_graphic_equalizer_example_q31.c ****   553331507, -1068719280, 517543273, 1036463810, -503260192, 553331507, -935759057, 417351601, 9755
 246:../arm_graphic_equalizer_example_q31.c ****   555460072, -1073150100, 519762181, 1036680633, -503578144, 555460072, -933610600, 414574832, 9785
 247:../arm_graphic_equalizer_example_q31.c ****   494084017, -851422604, 404056273, 930151631, -423619864, 494084017, -673714108, 339502486, 561843
 248:../arm_graphic_equalizer_example_q31.c ****   498713542, -859177141, 406587077, 929211656, -423786402, 498713542, -673274906, 338185129, 573719
 249:../arm_graphic_equalizer_example_q31.c ****   503369016, -867012190, 409148384, 928362985, -424054784, 503369016, -672533059, 336693984, 585290
 250:../arm_graphic_equalizer_example_q31.c ****   508052536, -874935599, 411746438, 927604291, -424422151, 508052536, -671478538, 335026905, 596558
 251:../arm_graphic_equalizer_example_q31.c ****   512766286, -882955583, 414387826, 926933782, -424885216, 512766286, -670100998, 333182045, 607525
 252:../arm_graphic_equalizer_example_q31.c ****   517512534, -891080712, 417079474, 926349262, -425440318, 517512534, -668389789, 331157902, 618195
 253:../arm_graphic_equalizer_example_q31.c ****   522293635, -899319903, 419828635, 925848177, -426083491, 522293635, -666333963, 328953368, 628572
 254:../arm_graphic_equalizer_example_q31.c ****   527112032, -907682405, 422642886, 925427679, -426810526, 527112032, -663922286, 326567785, 638659
 255:../arm_graphic_equalizer_example_q31.c ****   531970251, -916177781, 425530105, 925084675, -427617023, 531970251, -661143261, 324000998, 648462
 256:../arm_graphic_equalizer_example_q31.c ****   536870912, -924815881, 428498454, 924815881, -428498454, 536870912, -657985147, 321253420, 657985
 257:../arm_graphic_equalizer_example_q31.c ****   541816719, -933606817, 431556352, 924617870, -429450209, 541816719, -654435997, 318326093, 667233
 258:../arm_graphic_equalizer_example_q31.c ****   546810467, -942560921, 434712438, 924487114, -430467639, 546810467, -650483688, 315220754, 676214
 259:../arm_graphic_equalizer_example_q31.c ****   551855042, -951688708, 437975532, 924420027, -431546101, 551855042, -646115970, 311939896, 684931
 260:../arm_graphic_equalizer_example_q31.c ****   556953421, -961000826, 441354588, 924413001, -432680993, 556953421, -641320513, 308486839, 693391
 261:../arm_graphic_equalizer_example_q31.c ****   562108672, -970508005, 444858642, 924462435, -433867780, 562108672, -636084967, 304865786, 701601
 262:../arm_graphic_equalizer_example_q31.c ****   567323959, -980220994, 448496743, 924564764, -435102022, 567323959, -630397020, 301081886, 709566
 263:../arm_graphic_equalizer_example_q31.c ****   572602539, -990150500, 452277894, 924716482, -436379394, 572602539, -624244471, 297141281, 717293
 264:../arm_graphic_equalizer_example_q31.c ****   577947763, -1000307125, 456210977, 924914158, -437695705, 577947763, -617615296, 293051155, 72478
 265:../arm_graphic_equalizer_example_q31.c ****   583363084, -1010701292, 460304674, 925154455, -439046908, 583363084, -610497723, 288819761, 73205
 266:../arm_graphic_equalizer_example_q31.c ****   387379495, -506912469, 196933274, 840112184, -347208270, 387379495, 506912469, 196933274, -840112
 267:../arm_graphic_equalizer_example_q31.c ****   401658082, -532275898, 207149427, 833765363, -343175316, 401658082, 532275898, 207149427, -833765
 268:../arm_graphic_equalizer_example_q31.c ****   416472483, -558722695, 217902617, 827270154, -339107319, 416472483, 558722695, 217902617, -827270
 269:../arm_graphic_equalizer_example_q31.c ****   431841949, -586290861, 229212798, 820624988, -335007540, 431841949, 586290861, 229212798, -820624
 270:../arm_graphic_equalizer_example_q31.c ****   447786335, -615019650, 241100489, 813828443, -330879528, 447786335, 615019650, 241100489, -813828
 271:../arm_graphic_equalizer_example_q31.c ****   464326111, -644949597, 253586805, 806879270, -326727141, 464326111, 644949597, 253586805, -806879
 272:../arm_graphic_equalizer_example_q31.c ****   481482377, -676122557, 266693475, 799776409, -322554559, 481482377, 676122557, 266693475, -799776
 273:../arm_graphic_equalizer_example_q31.c ****   499276882, -708581728, 280442865, 792519013, -318366296, 499276882, 708581728, 280442865, -792519
 274:../arm_graphic_equalizer_example_q31.c ****   517732032, -742371685, 294857996, 785106465, -314167221, 517732032, 742371685, 294857996, -785106
 275:../arm_graphic_equalizer_example_q31.c ****   536870912, -777538408, 309962566, 777538408, -309962566, 536870912, 777538408, 309962566, -777538
 276:../arm_graphic_equalizer_example_q31.c ****   556717294, -814129313, 325780968, 769814766, -305757943, 556717294, 814129313, 325780968, -769814
 277:../arm_graphic_equalizer_example_q31.c ****   577295658, -852193284, 342338310, 761935777, -301559360, 577295658, 852193284, 342338310, -761935
 278:../arm_graphic_equalizer_example_q31.c ****   598631206, -891780698, 359660433, 753902014, -297373230, 598631206, 891780698, 359660433, -753902
 279:../arm_graphic_equalizer_example_q31.c ****   620749877, -932943463, 377773927, 745714425, -293206383, 620749877, 932943463, 377773927, -745714
 280:../arm_graphic_equalizer_example_q31.c ****   643678365, -975735041, 396706151, 737374355, -289066077, 643678365, 975735041, 396706151, -737374
 281:../arm_graphic_equalizer_example_q31.c ****   667444134, -1020210487, 416485252, 728883588, -284960004, 667444134, 1020210487, 416485252, -7288
 282:../arm_graphic_equalizer_example_q31.c ****   692075438, -1066426476, 437140179, 720244375, -280896294, 692075438, 1066426476, 437140179, -7202
 283:../arm_graphic_equalizer_example_q31.c ****   717601336, -1114441339, 458700704, 711459472, -276883515, 717601336, 1114441339, 458700704, -7114
 284:../arm_graphic_equalizer_example_q31.c ****   744051710, -1164315096, 481197437, 702532174, -272930673, 744051710, 1164315096, 481197437, -7025
 285:../arm_graphic_equalizer_example_q31.c **** 
 286:../arm_graphic_equalizer_example_q31.c **** };
 287:../arm_graphic_equalizer_example_q31.c **** 
 288:../arm_graphic_equalizer_example_q31.c **** /* ----------------------------------------------------------------------
 289:../arm_graphic_equalizer_example_q31.c **** ** Desired gains, in dB, per band
 290:../arm_graphic_equalizer_example_q31.c **** ** ------------------------------------------------------------------- */
 291:../arm_graphic_equalizer_example_q31.c **** 
 292:../arm_graphic_equalizer_example_q31.c **** int gainDB[5] = {0, -3, 6, 4, -6};
 293:../arm_graphic_equalizer_example_q31.c **** 
 294:../arm_graphic_equalizer_example_q31.c **** float32_t snr;
 295:../arm_graphic_equalizer_example_q31.c **** 
 296:../arm_graphic_equalizer_example_q31.c **** 
 297:../arm_graphic_equalizer_example_q31.c **** /* ----------------------------------------------------------------------
 298:../arm_graphic_equalizer_example_q31.c ****  * Graphic equalizer Example
 299:../arm_graphic_equalizer_example_q31.c ****  * ------------------------------------------------------------------- */
 300:../arm_graphic_equalizer_example_q31.c **** 
 301:../arm_graphic_equalizer_example_q31.c **** int32_t main(void)
 302:../arm_graphic_equalizer_example_q31.c **** {
 1017              		.loc 1 302 0
 1018              		.cfi_startproc
 1019              		@ args = 0, pretend = 0, frame = 96
 1020              		@ frame_needed = 1, uses_anonymous_args = 0
 1021 0000 80B5     		push	{r7, lr}
 1022              	.LCFI0:
 1023              		.cfi_def_cfa_offset 8
 1024              		.cfi_offset 7, -8
 1025              		.cfi_offset 14, -4
 1026 0002 9AB0     		sub	sp, sp, #104
 1027              	.LCFI1:
 1028              		.cfi_def_cfa_offset 112
 1029 0004 02AF     		add	r7, sp, #8
 1030              	.LCFI2:
 1031              		.cfi_def_cfa 7, 104
 303:../arm_graphic_equalizer_example_q31.c ****   float32_t  *inputF32, *outputF32;
 304:../arm_graphic_equalizer_example_q31.c ****   arm_biquad_cas_df1_32x64_ins_q31 S1;
 305:../arm_graphic_equalizer_example_q31.c ****   arm_biquad_cas_df1_32x64_ins_q31 S2;
 306:../arm_graphic_equalizer_example_q31.c ****   arm_biquad_casd_df1_inst_q31 S3;
 307:../arm_graphic_equalizer_example_q31.c ****   arm_biquad_casd_df1_inst_q31 S4;
 308:../arm_graphic_equalizer_example_q31.c ****   arm_biquad_casd_df1_inst_q31 S5;
 309:../arm_graphic_equalizer_example_q31.c ****   int i;
 310:../arm_graphic_equalizer_example_q31.c ****   int32_t status;
 311:../arm_graphic_equalizer_example_q31.c **** 
 312:../arm_graphic_equalizer_example_q31.c ****   inputF32 = &testInput_f32[0];
 1032              		.loc 1 312 0
 1033 0006 40F20003 		movw	r3, #:lower16:testInput_f32
 1034 000a C0F20003 		movt	r3, #:upper16:testInput_f32
 1035 000e 7B65     		str	r3, [r7, #84]
 313:../arm_graphic_equalizer_example_q31.c ****   outputF32 = &testOutput[0];
 1036              		.loc 1 313 0
 1037 0010 40F20003 		movw	r3, #:lower16:testOutput
 1038 0014 C0F20003 		movt	r3, #:upper16:testOutput
 1039 0018 3B65     		str	r3, [r7, #80]
 314:../arm_graphic_equalizer_example_q31.c **** 
 315:../arm_graphic_equalizer_example_q31.c ****   /* Initialize the state and coefficient buffers for all Biquad sections */
 316:../arm_graphic_equalizer_example_q31.c **** 
 317:../arm_graphic_equalizer_example_q31.c ****   arm_biquad_cas_df1_32x64_init_q31(&S1, NUMSTAGES,
 318:../arm_graphic_equalizer_example_q31.c ****             (q31_t *) &coeffTable[190*0 + 10*(gainDB[0] + 9)],
 1040              		.loc 1 318 0
 1041 001a 40F20003 		movw	r3, #:lower16:gainDB
 1042 001e C0F20003 		movt	r3, #:upper16:gainDB
 1043 0022 1A68     		ldr	r2, [r3, #0]
 1044 0024 1346     		mov	r3, r2
 1045 0026 4FEA8303 		lsl	r3, r3, #2
 1046 002a 9B18     		adds	r3, r3, r2
 1047 002c 4FEA4303 		lsl	r3, r3, #1
 1048 0030 03F15A03 		add	r3, r3, #90
 1049 0034 4FEA8302 		lsl	r2, r3, #2
 1050 0038 40F20003 		movw	r3, #:lower16:coeffTable
 1051 003c C0F20003 		movt	r3, #:upper16:coeffTable
 1052 0040 D318     		adds	r3, r2, r3
 317:../arm_graphic_equalizer_example_q31.c ****   arm_biquad_cas_df1_32x64_init_q31(&S1, NUMSTAGES,
 1053              		.loc 1 317 0
 1054 0042 07F14002 		add	r2, r7, #64
 1055 0046 4FF00201 		mov	r1, #2
 1056 004a 0091     		str	r1, [sp, #0]
 1057 004c 1046     		mov	r0, r2
 1058 004e 4FF00201 		mov	r1, #2
 1059 0052 1A46     		mov	r2, r3
 1060 0054 40F20003 		movw	r3, #:lower16:biquadStateBand1Q31
 1061 0058 C0F20003 		movt	r3, #:upper16:biquadStateBand1Q31
 1062 005c FFF7FEFF 		bl	arm_biquad_cas_df1_32x64_init_q31
 319:../arm_graphic_equalizer_example_q31.c ****             &biquadStateBand1Q31[0], 2);
 320:../arm_graphic_equalizer_example_q31.c **** 
 321:../arm_graphic_equalizer_example_q31.c ****   arm_biquad_cas_df1_32x64_init_q31(&S2, NUMSTAGES,
 322:../arm_graphic_equalizer_example_q31.c ****             (q31_t *) &coeffTable[190*1 + 10*(gainDB[1] + 9)],
 1063              		.loc 1 322 0
 1064 0060 40F20003 		movw	r3, #:lower16:gainDB
 1065 0064 C0F20003 		movt	r3, #:upper16:gainDB
 1066 0068 5A68     		ldr	r2, [r3, #4]
 1067 006a 1346     		mov	r3, r2
 1068 006c 4FEA8303 		lsl	r3, r3, #2
 1069 0070 9B18     		adds	r3, r3, r2
 1070 0072 4FEA4303 		lsl	r3, r3, #1
 1071 0076 03F58C73 		add	r3, r3, #280
 1072 007a 4FEA8302 		lsl	r2, r3, #2
 1073 007e 40F20003 		movw	r3, #:lower16:coeffTable
 1074 0082 C0F20003 		movt	r3, #:upper16:coeffTable
 1075 0086 D318     		adds	r3, r2, r3
 321:../arm_graphic_equalizer_example_q31.c ****   arm_biquad_cas_df1_32x64_init_q31(&S2, NUMSTAGES,
 1076              		.loc 1 321 0
 1077 0088 07F13002 		add	r2, r7, #48
 1078 008c 4FF00201 		mov	r1, #2
 1079 0090 0091     		str	r1, [sp, #0]
 1080 0092 1046     		mov	r0, r2
 1081 0094 4FF00201 		mov	r1, #2
 1082 0098 1A46     		mov	r2, r3
 1083 009a 40F20003 		movw	r3, #:lower16:biquadStateBand2Q31
 1084 009e C0F20003 		movt	r3, #:upper16:biquadStateBand2Q31
 1085 00a2 FFF7FEFF 		bl	arm_biquad_cas_df1_32x64_init_q31
 323:../arm_graphic_equalizer_example_q31.c ****             &biquadStateBand2Q31[0], 2);
 324:../arm_graphic_equalizer_example_q31.c **** 
 325:../arm_graphic_equalizer_example_q31.c ****   arm_biquad_cascade_df1_init_q31(&S3, NUMSTAGES,
 326:../arm_graphic_equalizer_example_q31.c ****           (q31_t *) &coeffTable[190*2 + 10*(gainDB[2] + 9)],
 1086              		.loc 1 326 0
 1087 00a6 40F20003 		movw	r3, #:lower16:gainDB
 1088 00aa C0F20003 		movt	r3, #:upper16:gainDB
 1089 00ae 9A68     		ldr	r2, [r3, #8]
 1090 00b0 1346     		mov	r3, r2
 1091 00b2 4FEA8303 		lsl	r3, r3, #2
 1092 00b6 9B18     		adds	r3, r3, r2
 1093 00b8 4FEA4303 		lsl	r3, r3, #1
 1094 00bc 03F5EB73 		add	r3, r3, #470
 1095 00c0 4FEA8302 		lsl	r2, r3, #2
 1096 00c4 40F20003 		movw	r3, #:lower16:coeffTable
 1097 00c8 C0F20003 		movt	r3, #:upper16:coeffTable
 1098 00cc D318     		adds	r3, r2, r3
 325:../arm_graphic_equalizer_example_q31.c ****   arm_biquad_cascade_df1_init_q31(&S3, NUMSTAGES,
 1099              		.loc 1 325 0
 1100 00ce 07F12002 		add	r2, r7, #32
 1101 00d2 4FF00201 		mov	r1, #2
 1102 00d6 0091     		str	r1, [sp, #0]
 1103 00d8 1046     		mov	r0, r2
 1104 00da 4FF00201 		mov	r1, #2
 1105 00de 1A46     		mov	r2, r3
 1106 00e0 40F20003 		movw	r3, #:lower16:biquadStateBand3Q31
 1107 00e4 C0F20003 		movt	r3, #:upper16:biquadStateBand3Q31
 1108 00e8 FFF7FEFF 		bl	arm_biquad_cascade_df1_init_q31
 327:../arm_graphic_equalizer_example_q31.c ****           &biquadStateBand3Q31[0], 2);
 328:../arm_graphic_equalizer_example_q31.c **** 
 329:../arm_graphic_equalizer_example_q31.c ****   arm_biquad_cascade_df1_init_q31(&S4, NUMSTAGES,
 330:../arm_graphic_equalizer_example_q31.c ****           (q31_t *) &coeffTable[190*3 + 10*(gainDB[3] + 9)],
 1109              		.loc 1 330 0
 1110 00ec 40F20003 		movw	r3, #:lower16:gainDB
 1111 00f0 C0F20003 		movt	r3, #:upper16:gainDB
 1112 00f4 DA68     		ldr	r2, [r3, #12]
 1113 00f6 1346     		mov	r3, r2
 1114 00f8 4FEA8303 		lsl	r3, r3, #2
 1115 00fc 9B18     		adds	r3, r3, r2
 1116 00fe 4FEA4303 		lsl	r3, r3, #1
 1117 0102 03F52573 		add	r3, r3, #660
 1118 0106 4FEA8302 		lsl	r2, r3, #2
 1119 010a 40F20003 		movw	r3, #:lower16:coeffTable
 1120 010e C0F20003 		movt	r3, #:upper16:coeffTable
 1121 0112 D318     		adds	r3, r2, r3
 329:../arm_graphic_equalizer_example_q31.c ****   arm_biquad_cascade_df1_init_q31(&S4, NUMSTAGES,
 1122              		.loc 1 329 0
 1123 0114 07F11002 		add	r2, r7, #16
 1124 0118 4FF00201 		mov	r1, #2
 1125 011c 0091     		str	r1, [sp, #0]
 1126 011e 1046     		mov	r0, r2
 1127 0120 4FF00201 		mov	r1, #2
 1128 0124 1A46     		mov	r2, r3
 1129 0126 40F20003 		movw	r3, #:lower16:biquadStateBand4Q31
 1130 012a C0F20003 		movt	r3, #:upper16:biquadStateBand4Q31
 1131 012e FFF7FEFF 		bl	arm_biquad_cascade_df1_init_q31
 331:../arm_graphic_equalizer_example_q31.c ****           &biquadStateBand4Q31[0], 2);
 332:../arm_graphic_equalizer_example_q31.c **** 
 333:../arm_graphic_equalizer_example_q31.c ****   arm_biquad_cascade_df1_init_q31(&S5, NUMSTAGES,
 334:../arm_graphic_equalizer_example_q31.c ****           (q31_t *) &coeffTable[190*4 + 10*(gainDB[4] + 9)],
 1132              		.loc 1 334 0
 1133 0132 40F20003 		movw	r3, #:lower16:gainDB
 1134 0136 C0F20003 		movt	r3, #:upper16:gainDB
 1135 013a 1A69     		ldr	r2, [r3, #16]
 1136 013c 1346     		mov	r3, r2
 1137 013e 4FEA8303 		lsl	r3, r3, #2
 1138 0142 9B18     		adds	r3, r3, r2
 1139 0144 4FEA4303 		lsl	r3, r3, #1
 1140 0148 03F25233 		addw	r3, r3, #850
 1141 014c 4FEA8302 		lsl	r2, r3, #2
 1142 0150 40F20003 		movw	r3, #:lower16:coeffTable
 1143 0154 C0F20003 		movt	r3, #:upper16:coeffTable
 1144 0158 D318     		adds	r3, r2, r3
 333:../arm_graphic_equalizer_example_q31.c ****   arm_biquad_cascade_df1_init_q31(&S5, NUMSTAGES,
 1145              		.loc 1 333 0
 1146 015a 3A46     		mov	r2, r7
 1147 015c 4FF00201 		mov	r1, #2
 1148 0160 0091     		str	r1, [sp, #0]
 1149 0162 1046     		mov	r0, r2
 1150 0164 4FF00201 		mov	r1, #2
 1151 0168 1A46     		mov	r2, r3
 1152 016a 40F20003 		movw	r3, #:lower16:biquadStateBand5Q31
 1153 016e C0F20003 		movt	r3, #:upper16:biquadStateBand5Q31
 1154 0172 FFF7FEFF 		bl	arm_biquad_cascade_df1_init_q31
 335:../arm_graphic_equalizer_example_q31.c ****           &biquadStateBand5Q31[0], 2);
 336:../arm_graphic_equalizer_example_q31.c **** 
 337:../arm_graphic_equalizer_example_q31.c **** 
 338:../arm_graphic_equalizer_example_q31.c ****   /* Call the process functions and needs to change filter coefficients
 339:../arm_graphic_equalizer_example_q31.c ****      for varying the gain of each band */
 340:../arm_graphic_equalizer_example_q31.c **** 
 341:../arm_graphic_equalizer_example_q31.c ****   for(i=0; i < NUMBLOCKS; i++)
 1155              		.loc 1 341 0
 1156 0176 4FF00003 		mov	r3, #0
 1157 017a FB65     		str	r3, [r7, #92]
 1158 017c 8CE0     		b	.L2
 1159              	.L3:
 342:../arm_graphic_equalizer_example_q31.c ****   {
 343:../arm_graphic_equalizer_example_q31.c **** 
 344:../arm_graphic_equalizer_example_q31.c ****     /* ----------------------------------------------------------------------
 345:../arm_graphic_equalizer_example_q31.c ****     ** Convert block of input data from float to Q31
 346:../arm_graphic_equalizer_example_q31.c ****     ** ------------------------------------------------------------------- */
 347:../arm_graphic_equalizer_example_q31.c **** 
 348:../arm_graphic_equalizer_example_q31.c ****     arm_float_to_q31(inputF32 + (i*BLOCKSIZE), inputQ31, BLOCKSIZE);
 1160              		.loc 1 348 0 discriminator 2
 1161 017e FB6D     		ldr	r3, [r7, #92]
 1162 0180 4FEAC313 		lsl	r3, r3, #7
 1163 0184 7A6D     		ldr	r2, [r7, #84]
 1164 0186 D318     		adds	r3, r2, r3
 1165 0188 1846     		mov	r0, r3
 1166 018a 40F20001 		movw	r1, #:lower16:inputQ31
 1167 018e C0F20001 		movt	r1, #:upper16:inputQ31
 1168 0192 4FF02002 		mov	r2, #32
 1169 0196 FFF7FEFF 		bl	arm_float_to_q31
 349:../arm_graphic_equalizer_example_q31.c **** 
 350:../arm_graphic_equalizer_example_q31.c ****     /* ----------------------------------------------------------------------
 351:../arm_graphic_equalizer_example_q31.c ****     ** Scale down by 1/8.  This provides additional headroom so that the
 352:../arm_graphic_equalizer_example_q31.c ****     ** graphic EQ can apply gain.
 353:../arm_graphic_equalizer_example_q31.c ****     ** ------------------------------------------------------------------- */
 354:../arm_graphic_equalizer_example_q31.c **** 
 355:../arm_graphic_equalizer_example_q31.c ****     arm_scale_q31(inputQ31, 0x7FFFFFFF, -3, inputQ31, BLOCKSIZE);
 1170              		.loc 1 355 0 discriminator 2
 1171 019a 4FF02003 		mov	r3, #32
 1172 019e 0093     		str	r3, [sp, #0]
 1173 01a0 40F20000 		movw	r0, #:lower16:inputQ31
 1174 01a4 C0F20000 		movt	r0, #:upper16:inputQ31
 1175 01a8 6FF00041 		mvn	r1, #-2147483648
 1176 01ac 6FF00202 		mvn	r2, #2
 1177 01b0 40F20003 		movw	r3, #:lower16:inputQ31
 1178 01b4 C0F20003 		movt	r3, #:upper16:inputQ31
 1179 01b8 FFF7FEFF 		bl	arm_scale_q31
 356:../arm_graphic_equalizer_example_q31.c **** 
 357:../arm_graphic_equalizer_example_q31.c ****     /* ----------------------------------------------------------------------
 358:../arm_graphic_equalizer_example_q31.c ****     ** Call the Q31 Biquad Cascade DF1 32x64 process function for band1, band2
 359:../arm_graphic_equalizer_example_q31.c ****     ** ------------------------------------------------------------------- */
 360:../arm_graphic_equalizer_example_q31.c **** 
 361:../arm_graphic_equalizer_example_q31.c ****     arm_biquad_cas_df1_32x64_q31(&S1, inputQ31, outputQ31, BLOCKSIZE);
 1180              		.loc 1 361 0 discriminator 2
 1181 01bc 07F14003 		add	r3, r7, #64
 1182 01c0 1846     		mov	r0, r3
 1183 01c2 40F20001 		movw	r1, #:lower16:inputQ31
 1184 01c6 C0F20001 		movt	r1, #:upper16:inputQ31
 1185 01ca 40F20002 		movw	r2, #:lower16:outputQ31
 1186 01ce C0F20002 		movt	r2, #:upper16:outputQ31
 1187 01d2 4FF02003 		mov	r3, #32
 1188 01d6 FFF7FEFF 		bl	arm_biquad_cas_df1_32x64_q31
 362:../arm_graphic_equalizer_example_q31.c ****     arm_biquad_cas_df1_32x64_q31(&S2, outputQ31, outputQ31, BLOCKSIZE);
 1189              		.loc 1 362 0 discriminator 2
 1190 01da 07F13003 		add	r3, r7, #48
 1191 01de 1846     		mov	r0, r3
 1192 01e0 40F20001 		movw	r1, #:lower16:outputQ31
 1193 01e4 C0F20001 		movt	r1, #:upper16:outputQ31
 1194 01e8 40F20002 		movw	r2, #:lower16:outputQ31
 1195 01ec C0F20002 		movt	r2, #:upper16:outputQ31
 1196 01f0 4FF02003 		mov	r3, #32
 1197 01f4 FFF7FEFF 		bl	arm_biquad_cas_df1_32x64_q31
 363:../arm_graphic_equalizer_example_q31.c **** 
 364:../arm_graphic_equalizer_example_q31.c ****     /* ----------------------------------------------------------------------
 365:../arm_graphic_equalizer_example_q31.c ****     ** Call the Q31 Biquad Cascade DF1 process function for band3, band4, band5
 366:../arm_graphic_equalizer_example_q31.c ****     ** ------------------------------------------------------------------- */
 367:../arm_graphic_equalizer_example_q31.c **** 
 368:../arm_graphic_equalizer_example_q31.c ****     arm_biquad_cascade_df1_q31(&S3, outputQ31, outputQ31, BLOCKSIZE);
 1198              		.loc 1 368 0 discriminator 2
 1199 01f8 07F12003 		add	r3, r7, #32
 1200 01fc 1846     		mov	r0, r3
 1201 01fe 40F20001 		movw	r1, #:lower16:outputQ31
 1202 0202 C0F20001 		movt	r1, #:upper16:outputQ31
 1203 0206 40F20002 		movw	r2, #:lower16:outputQ31
 1204 020a C0F20002 		movt	r2, #:upper16:outputQ31
 1205 020e 4FF02003 		mov	r3, #32
 1206 0212 FFF7FEFF 		bl	arm_biquad_cascade_df1_q31
 369:../arm_graphic_equalizer_example_q31.c ****     arm_biquad_cascade_df1_q31(&S4, outputQ31, outputQ31, BLOCKSIZE);
 1207              		.loc 1 369 0 discriminator 2
 1208 0216 07F11003 		add	r3, r7, #16
 1209 021a 1846     		mov	r0, r3
 1210 021c 40F20001 		movw	r1, #:lower16:outputQ31
 1211 0220 C0F20001 		movt	r1, #:upper16:outputQ31
 1212 0224 40F20002 		movw	r2, #:lower16:outputQ31
 1213 0228 C0F20002 		movt	r2, #:upper16:outputQ31
 1214 022c 4FF02003 		mov	r3, #32
 1215 0230 FFF7FEFF 		bl	arm_biquad_cascade_df1_q31
 370:../arm_graphic_equalizer_example_q31.c ****     arm_biquad_cascade_df1_q31(&S5, outputQ31, outputQ31, BLOCKSIZE);
 1216              		.loc 1 370 0 discriminator 2
 1217 0234 3B46     		mov	r3, r7
 1218 0236 1846     		mov	r0, r3
 1219 0238 40F20001 		movw	r1, #:lower16:outputQ31
 1220 023c C0F20001 		movt	r1, #:upper16:outputQ31
 1221 0240 40F20002 		movw	r2, #:lower16:outputQ31
 1222 0244 C0F20002 		movt	r2, #:upper16:outputQ31
 1223 0248 4FF02003 		mov	r3, #32
 1224 024c FFF7FEFF 		bl	arm_biquad_cascade_df1_q31
 371:../arm_graphic_equalizer_example_q31.c **** 
 372:../arm_graphic_equalizer_example_q31.c ****     /* ----------------------------------------------------------------------
 373:../arm_graphic_equalizer_example_q31.c ****     ** Convert Q31 result back to float
 374:../arm_graphic_equalizer_example_q31.c ****     ** ------------------------------------------------------------------- */
 375:../arm_graphic_equalizer_example_q31.c **** 
 376:../arm_graphic_equalizer_example_q31.c ****     arm_q31_to_float(outputQ31, outputF32 + (i * BLOCKSIZE), BLOCKSIZE);
 1225              		.loc 1 376 0 discriminator 2
 1226 0250 FB6D     		ldr	r3, [r7, #92]
 1227 0252 4FEAC313 		lsl	r3, r3, #7
 1228 0256 3A6D     		ldr	r2, [r7, #80]
 1229 0258 D318     		adds	r3, r2, r3
 1230 025a 40F20000 		movw	r0, #:lower16:outputQ31
 1231 025e C0F20000 		movt	r0, #:upper16:outputQ31
 1232 0262 1946     		mov	r1, r3
 1233 0264 4FF02002 		mov	r2, #32
 1234 0268 FFF7FEFF 		bl	arm_q31_to_float
 377:../arm_graphic_equalizer_example_q31.c **** 
 378:../arm_graphic_equalizer_example_q31.c ****     /* ----------------------------------------------------------------------
 379:../arm_graphic_equalizer_example_q31.c ****     ** Scale back up
 380:../arm_graphic_equalizer_example_q31.c ****     ** ------------------------------------------------------------------- */
 381:../arm_graphic_equalizer_example_q31.c **** 
 382:../arm_graphic_equalizer_example_q31.c ****     arm_scale_f32(outputF32 + (i * BLOCKSIZE), 8.0f, outputF32 + (i * BLOCKSIZE), BLOCKSIZE);
 1235              		.loc 1 382 0 discriminator 2
 1236 026c FB6D     		ldr	r3, [r7, #92]
 1237 026e 4FEAC313 		lsl	r3, r3, #7
 1238 0272 3A6D     		ldr	r2, [r7, #80]
 1239 0274 D218     		adds	r2, r2, r3
 1240 0276 FB6D     		ldr	r3, [r7, #92]
 1241 0278 4FEAC313 		lsl	r3, r3, #7
 1242 027c 396D     		ldr	r1, [r7, #80]
 1243 027e CB18     		adds	r3, r1, r3
 1244 0280 1046     		mov	r0, r2
 1245 0282 4FF08241 		mov	r1, #1090519040
 1246 0286 1A46     		mov	r2, r3
 1247 0288 4FF02003 		mov	r3, #32
 1248 028c FFF7FEFF 		bl	arm_scale_f32
 341:../arm_graphic_equalizer_example_q31.c ****   for(i=0; i < NUMBLOCKS; i++)
 1249              		.loc 1 341 0 discriminator 2
 1250 0290 FB6D     		ldr	r3, [r7, #92]
 1251 0292 03F10103 		add	r3, r3, #1
 1252 0296 FB65     		str	r3, [r7, #92]
 1253              	.L2:
 341:../arm_graphic_equalizer_example_q31.c ****   for(i=0; i < NUMBLOCKS; i++)
 1254              		.loc 1 341 0 is_stmt 0 discriminator 1
 1255 0298 FB6D     		ldr	r3, [r7, #92]
 1256 029a 092B     		cmp	r3, #9
 1257 029c 7FF76FAF 		ble	.L3
 383:../arm_graphic_equalizer_example_q31.c ****   };
 384:../arm_graphic_equalizer_example_q31.c **** 
 385:../arm_graphic_equalizer_example_q31.c ****   snr = arm_snr_f32(testRefOutput_f32, testOutput, TESTLENGTH);
 1258              		.loc 1 385 0 is_stmt 1
 1259 02a0 40F20000 		movw	r0, #:lower16:testRefOutput_f32
 1260 02a4 C0F20000 		movt	r0, #:upper16:testRefOutput_f32
 1261 02a8 40F20001 		movw	r1, #:lower16:testOutput
 1262 02ac C0F20001 		movt	r1, #:upper16:testOutput
 1263 02b0 4FF4A072 		mov	r2, #320
 1264 02b4 FFF7FEFF 		bl	arm_snr_f32
 1265 02b8 0246     		mov	r2, r0	@ float
 1266 02ba 40F20003 		movw	r3, #:lower16:snr
 1267 02be C0F20003 		movt	r3, #:upper16:snr
 1268 02c2 1A60     		str	r2, [r3, #0]	@ float
 386:../arm_graphic_equalizer_example_q31.c **** 
 387:../arm_graphic_equalizer_example_q31.c ****   if (snr < SNR_THRESHOLD_F32)
 1269              		.loc 1 387 0
 1270 02c4 40F20003 		movw	r3, #:lower16:snr
 1271 02c8 C0F20003 		movt	r3, #:upper16:snr
 1272 02cc 93ED007A 		flds	s14, [r3, #0]
 1273 02d0 DFED097A 		flds	s15, .L11
 1274 02d4 B4EEE77A 		fcmpes	s14, s15
 1275 02d8 F1EE10FA 		fmstat
 1276 02dc 03D5     		bpl	.L10
 1277              	.L9:
 388:../arm_graphic_equalizer_example_q31.c ****   {
 389:../arm_graphic_equalizer_example_q31.c ****     status = ARM_MATH_TEST_FAILURE;
 1278              		.loc 1 389 0
 1279 02de 6FF00503 		mvn	r3, #5
 1280 02e2 BB65     		str	r3, [r7, #88]
 1281 02e4 02E0     		b	.L6
 1282              	.L10:
 390:../arm_graphic_equalizer_example_q31.c ****   }
 391:../arm_graphic_equalizer_example_q31.c ****   else
 392:../arm_graphic_equalizer_example_q31.c ****   {
 393:../arm_graphic_equalizer_example_q31.c ****     status = ARM_MATH_SUCCESS;
 1283              		.loc 1 393 0
 1284 02e6 4FF00003 		mov	r3, #0
 1285 02ea BB65     		str	r3, [r7, #88]
 1286              	.L6:
 394:../arm_graphic_equalizer_example_q31.c ****   }
 395:../arm_graphic_equalizer_example_q31.c **** 
 396:../arm_graphic_equalizer_example_q31.c ****   /* ----------------------------------------------------------------------
 397:../arm_graphic_equalizer_example_q31.c ****   ** Loop here if the signal does not match the reference output.
 398:../arm_graphic_equalizer_example_q31.c ****   ** ------------------------------------------------------------------- */
 399:../arm_graphic_equalizer_example_q31.c **** 
 400:../arm_graphic_equalizer_example_q31.c ****   if( status != ARM_MATH_SUCCESS)
 1287              		.loc 1 400 0
 1288 02ec BB6D     		ldr	r3, [r7, #88]
 1289 02ee 002B     		cmp	r3, #0
 1290 02f0 00D0     		beq	.L7
 1291              	.L8:
 401:../arm_graphic_equalizer_example_q31.c ****   {
 402:../arm_graphic_equalizer_example_q31.c ****     while(1);
 1292              		.loc 1 402 0 discriminator 1
 1293 02f2 FEE7     		b	.L8
 1294              	.L7:
 403:../arm_graphic_equalizer_example_q31.c ****   }
 404:../arm_graphic_equalizer_example_q31.c **** 
 405:../arm_graphic_equalizer_example_q31.c ****   while(1);                             /* main function does not return */
 1295              		.loc 1 405 0 discriminator 1
 1296 02f4 FEE7     		b	.L7
 1297              	.L12:
 1298 02f6 00BF     		.align	2
 1299              	.L11:
 1300 02f8 0000C442 		.word	1120141312
 1301              		.cfi_endproc
 1302              	.LFE128:
 1304              		.text
 1305              	.Letext0:
 1306              		.file 2 "c:\\dave-3.1\\arm-gcc\\bin\\../lib/gcc/arm-none-eabi/4.7.4/../../../../arm-none-eabi/incl
 1307              		.file 3 "C:\\DAVE-3.1\\eclipse\\/../CMSIS/Include/arm_math.h"
DEFINED SYMBOLS
                            *ABS*:00000000 arm_graphic_equalizer_example_q31.c
C:\Users\wangguan\AppData\Local\Temp\ccXe64gs.s:20     .bss:00000000 $d
C:\Users\wangguan\AppData\Local\Temp\ccXe64gs.s:21     .bss:00000000 testOutput
C:\Users\wangguan\AppData\Local\Temp\ccXe64gs.s:24     .bss:00000500 biquadStateBand1Q31
C:\Users\wangguan\AppData\Local\Temp\ccXe64gs.s:27     .bss:00000540 biquadStateBand2Q31
C:\Users\wangguan\AppData\Local\Temp\ccXe64gs.s:30     .bss:00000580 biquadStateBand3Q31
C:\Users\wangguan\AppData\Local\Temp\ccXe64gs.s:33     .bss:000005a0 biquadStateBand4Q31
C:\Users\wangguan\AppData\Local\Temp\ccXe64gs.s:36     .bss:000005c0 biquadStateBand5Q31
                            *COM*:00000080 inputQ31
                            *COM*:00000080 outputQ31
C:\Users\wangguan\AppData\Local\Temp\ccXe64gs.s:45     .rodata:00000000 coeffTable
C:\Users\wangguan\AppData\Local\Temp\ccXe64gs.s:42     .rodata:00000000 $d
C:\Users\wangguan\AppData\Local\Temp\ccXe64gs.s:1001   .data:00000000 gainDB
C:\Users\wangguan\AppData\Local\Temp\ccXe64gs.s:998    .data:00000000 $d
                            *COM*:00000004 snr
C:\Users\wangguan\AppData\Local\Temp\ccXe64gs.s:1009   .text.main:00000000 $t
C:\Users\wangguan\AppData\Local\Temp\ccXe64gs.s:1014   .text.main:00000000 main
C:\Users\wangguan\AppData\Local\Temp\ccXe64gs.s:1300   .text.main:000002f8 $d
                     .debug_frame:00000010 $d
                           .group:00000000 wm4.1.9aeeb49319d52ce18428457f37cb413c
                           .group:00000000 wm4.arm_math.h.265.70d56e5033e2760c278cbebe073db4fc
                           .group:00000000 wm4.core_cm4.h.47.5b17071cb0e0984e786cc7d50cfa4aef
                           .group:00000000 wm4.newlib.h.8.a9901dc52d1357e3e94003403d43f8b5
                           .group:00000000 wm4.features.h.22.b72b3baab2bb2eab3661375590100b6b
                           .group:00000000 wm4.config.h.193.5fb8ef056cdff92dec3dee9552839d8c
                           .group:00000000 wm4._ansi.h.23.7aefdac4826acebbfc9f3822a0aeb14c
                           .group:00000000 wm4.stdint.h.20.54ad762faa59e3c05491630641c8d8bf
                           .group:00000000 wm4.core_cmInstr.h.39.3d3d1b4a79aef37532666dc6ee87c6ac
                           .group:00000000 wm4.core_cm4_simd.h.43.b5d1d38735af6366227b4256d330cf13
                           .group:00000000 wm4._default_types.h.6.5e12cd604db8ce00b62bb2f02708eaf3
                           .group:00000000 wm4.lock.h.2.9bc98482741e5e2a9450b12934a684ea
                           .group:00000000 wm4.stddef.h.349.31f4c5baff3fa2689010b32028da9c47
                           .group:00000000 wm4.reent.h.16.9e42f0e588b85e70b2bf6572af57ce64
                           .group:00000000 wm4.stddef.h.187.9e651b6b8b16e149c1353259404973ea
                           .group:00000000 wm4.string.h.17.f8d12df81104836a3f2a5d589ae830d8
                           .group:00000000 wm4.math.h.35.cc9264b0ced3bd063c5784e64e89cf51
                           .group:00000000 wm4.arm_math.h.297.9b8078faaef2b2639f9d65032d7e0d70

UNDEFINED SYMBOLS
testInput_f32
arm_biquad_cas_df1_32x64_init_q31
arm_biquad_cascade_df1_init_q31
arm_float_to_q31
arm_scale_q31
arm_biquad_cas_df1_32x64_q31
arm_biquad_cascade_df1_q31
arm_q31_to_float
arm_scale_f32
testRefOutput_f32
arm_snr_f32
