   1              		.cpu cortex-m0
   2              		.fpu softvfp
   3              		.eabi_attribute 20, 1
   4              		.eabi_attribute 21, 1
   5              		.eabi_attribute 23, 3
   6              		.eabi_attribute 24, 1
   7              		.eabi_attribute 25, 1
   8              		.eabi_attribute 26, 1
   9              		.eabi_attribute 30, 6
  10              		.eabi_attribute 34, 0
  11              		.eabi_attribute 18, 4
  12              		.code	16
  13              		.file	"arm_fft_bin_data.c"
  14              		.text
  15              	.Ltext0:
  16              		.cfi_sections	.debug_frame
  17              		.global	testInput_f32_10khz
  18              		.data
  19              		.align	2
  22              	testInput_f32_10khz:
  23 0000 23795DBF 		.word	-1084393181
  24 0004 00000000 		.word	0
  25 0008 DCEB29C0 		.word	-1070994468
  26 000c 00000000 		.word	0
  27 0010 28C5193F 		.word	1058653480
  28 0014 00000000 		.word	0
  29 0018 459DA43D 		.word	1034198341
  30 001c 00000000 		.word	0
  31 0020 D88B39C0 		.word	-1069970472
  32 0024 00000000 		.word	0
  33 0028 43082440 		.word	1076103235
  34 002c 00000000 		.word	0
  35 0030 55034540 		.word	1078264661
  36 0034 00000000 		.word	0
  37 0038 A7E5D83D 		.word	1037624743
  38 003c 00000000 		.word	0
  39 0040 6A1C463D 		.word	1028004970
  40 0044 00000000 		.word	0
  41 0048 743115BE 		.word	-1105907340
  42 004c 00000000 		.word	0
  43 0050 56D5BFBC 		.word	-1128278698
  44 0054 00000000 		.word	0
  45 0058 B72C0840 		.word	1074277559
  46 005c 00000000 		.word	0
  47 0060 EA9B96BF 		.word	-1080648726
  48 0064 00000000 		.word	0
  49 0068 9F2C6C40 		.word	1080831135
  50 006c 00000000 		.word	0
  51 0070 486F1FBF 		.word	-1088458936
  52 0074 00000000 		.word	0
  53 0078 DF0B393F 		.word	1060703199
  54 007c 00000000 		.word	0
  55 0080 22582F40 		.word	1076844578
  56 0084 00000000 		.word	0
  57 0088 E33980BD 		.word	-1115670045
  58 008c 00000000 		.word	0
  59 0090 072C64BF 		.word	-1083954169
  60 0094 00000000 		.word	0
  61 0098 8B45ECBF 		.word	-1075034741
  62 009c 00000000 		.word	0
  63 00a0 0DF7983F 		.word	1066989325
  64 00a4 00000000 		.word	0
  65 00a8 575A0BC0 		.word	-1072997801
  66 00ac 00000000 		.word	0
  67 00b0 2C118A3F 		.word	1066012972
  68 00b4 00000000 		.word	0
  69 00b8 DF8A2440 		.word	1076136671
  70 00bc 00000000 		.word	0
  71 00c0 3618B1BF 		.word	-1078912970
  72 00c4 00000000 		.word	0
  73 00c8 D8181940 		.word	1075386584
  74 00cc 00000000 		.word	0
  75 00d0 85E93640 		.word	1077340549
  76 00d4 00000000 		.word	0
  77 00d8 FFAC6BC0 		.word	-1066685185
  78 00dc 00000000 		.word	0
  79 00e0 CB3D5FC0 		.word	-1067500085
  80 00e4 00000000 		.word	0
  81 00e8 6B67A93F 		.word	1068066667
  82 00ec 00000000 		.word	0
  83 00f0 D254CCBD 		.word	-1110682414
  84 00f4 00000000 		.word	0
  85 00f8 5BD4C73F 		.word	1070060635
  86 00fc 00000000 		.word	0
  87 0100 1434833F 		.word	1065563156
  88 0104 00000000 		.word	0
  89 0108 95C86D3F 		.word	1064159381
  90 010c 00000000 		.word	0
  91 0110 4E8D3B40 		.word	1077644622
  92 0114 00000000 		.word	0
  93 0118 B6DA0040 		.word	1073797814
  94 011c 00000000 		.word	0
  95 0120 626D1840 		.word	1075342690
  96 0124 00000000 		.word	0
  97 0128 203045C0 		.word	-1069207520
  98 012c 00000000 		.word	0
  99 0130 EA76C7BE 		.word	-1094224150
 100 0134 00000000 		.word	0
 101 0138 A9E5393E 		.word	1043981737
 102 013c 00000000 		.word	0
 103 0140 678626C0 		.word	-1071217049
 104 0144 00000000 		.word	0
 105 0148 03B8AA3E 		.word	1051375619
 106 014c 00000000 		.word	0
 107 0150 4E0734C0 		.word	-1070332082
 108 0154 00000000 		.word	0
 109 0158 038B2940 		.word	1076464387
 110 015c 00000000 		.word	0
 111 0160 DC8180BF 		.word	-1082097188
 112 0164 00000000 		.word	0
 113 0168 09B7C63F 		.word	1069987593
 114 016c 00000000 		.word	0
 115 0170 9889B53D 		.word	1035307416
 116 0174 00000000 		.word	0
 117 0178 E24621C0 		.word	-1071560990
 118 017c 00000000 		.word	0
 119 0180 55EC8AC0 		.word	-1064637355
 120 0184 00000000 		.word	0
 121 0188 2DCA0E3F 		.word	1057933869
 122 018c 00000000 		.word	0
 123 0190 17ECD5BF 		.word	-1076499433
 124 0194 00000000 		.word	0
 125 0198 3CE43B3F 		.word	1060889660
 126 019c 00000000 		.word	0
 127 01a0 068BD13E 		.word	1053920006
 128 01a4 00000000 		.word	0
 129 01a8 E3396440 		.word	1080310243
 130 01ac 00000000 		.word	0
 131 01b0 E5F7F03F 		.word	1072756709
 132 01b4 00000000 		.word	0
 133 01b8 F8918DBF 		.word	-1081241096
 134 01bc 00000000 		.word	0
 135 01c0 E7291E3E 		.word	1042164199
 136 01c4 00000000 		.word	0
 137 01c8 5DD820C0 		.word	-1071589283
 138 01cc 00000000 		.word	0
 139 01d0 98389F3E 		.word	1050622104
 140 01d4 00000000 		.word	0
 141 01d8 A567143F 		.word	1058301861
 142 01dc 00000000 		.word	0
 143 01e0 E328B538 		.word	951396579
 144 01e4 00000000 		.word	0
 145 01e8 42EBA7BF 		.word	-1079514302
 146 01ec 00000000 		.word	0
 147 01f0 5D85EB3F 		.word	1072399709
 148 01f4 00000000 		.word	0
 149 01f8 3F3150C0 		.word	-1068486337
 150 01fc 00000000 		.word	0
 151 0200 F735BB3F 		.word	1069233655
 152 0204 00000000 		.word	0
 153 0208 E017CE3F 		.word	1070471136
 154 020c 00000000 		.word	0
 155 0210 D70C433F 		.word	1061358807
 156 0214 00000000 		.word	0
 157 0218 8B7B793F 		.word	1064926091
 158 021c 00000000 		.word	0
 159 0220 21D52F3F 		.word	1060099361
 160 0224 00000000 		.word	0
 161 0228 0DB1EC3F 		.word	1072476429
 162 022c 00000000 		.word	0
 163 0230 4AAD493F 		.word	1061793098
 164 0234 00000000 		.word	0
 165 0238 00FE97BF 		.word	-1080558080
 166 023c 00000000 		.word	0
 167 0240 9C4341BF 		.word	-1086241892
 168 0244 00000000 		.word	0
 169 0248 34CCAC3D 		.word	1034734644
 170 024c 00000000 		.word	0
 171 0250 CF6A26C0 		.word	-1071224113
 172 0254 00000000 		.word	0
 173 0258 0B8676BF 		.word	-1082751477
 174 025c 00000000 		.word	0
 175 0260 9318BDBE 		.word	-1094903661
 176 0264 00000000 		.word	0
 177 0268 07904F3F 		.word	1062178823
 178 026c 00000000 		.word	0
 179 0270 AE916540 		.word	1080398254
 180 0274 00000000 		.word	0
 181 0278 965105BF 		.word	-1090170474
 182 027c 00000000 		.word	0
 183 0280 6BE7233F 		.word	1059317611
 184 0284 00000000 		.word	0
 185 0288 1E338D3F 		.word	1066218270
 186 028c 00000000 		.word	0
 187 0290 7BD50E40 		.word	1074713979
 188 0294 00000000 		.word	0
 189 0298 B46DA7BF 		.word	-1079546444
 190 029c 00000000 		.word	0
 191 02a0 BE1FD93E 		.word	1054416830
 192 02a4 00000000 		.word	0
 193 02a8 72314DBE 		.word	-1102237326
 194 02ac 00000000 		.word	0
 195 02b0 CA6417C0 		.word	-1072208694
 196 02b4 00000000 		.word	0
 197 02b8 A0367DBF 		.word	-1082313056
 198 02bc 00000000 		.word	0
 199 02c0 EA543140 		.word	1076974826
 200 02c4 00000000 		.word	0
 201 02c8 9C6AE3BE 		.word	-1092392292
 202 02cc 00000000 		.word	0
 203 02d0 B959A33D 		.word	1034115513
 204 02d4 00000000 		.word	0
 205 02d8 5E5DAABB 		.word	-1146462882
 206 02dc 00000000 		.word	0
 207 02e0 9C2A2ABF 		.word	-1087755620
 208 02e4 00000000 		.word	0
 209 02e8 BAC91FBF 		.word	-1088435782
 210 02ec 00000000 		.word	0
 211 02f0 F38C093F 		.word	1057590515
 212 02f4 00000000 		.word	0
 213 02f8 75DC24C0 		.word	-1071326091
 214 02fc 00000000 		.word	0
 215 0300 85FBC73F 		.word	1070070661
 216 0304 00000000 		.word	0
 217 0308 6D33E83F 		.word	1072182125
 218 030c 00000000 		.word	0
 219 0310 118FA5BF 		.word	-1079668975
 220 0314 00000000 		.word	0
 221 0318 255A83BF 		.word	-1081910747
 222 031c 00000000 		.word	0
 223 0320 59D53EC0 		.word	-1069623975
 224 0324 00000000 		.word	0
 225 0328 A72687C0 		.word	-1064884569
 226 032c 00000000 		.word	0
 227 0330 1B0D2B40 		.word	1076563227
 228 0334 00000000 		.word	0
 229 0338 29295BBF 		.word	-1084544727
 230 033c 00000000 		.word	0
 231 0340 20BA463D 		.word	1028045344
 232 0344 00000000 		.word	0
 233 0348 040BDCBC 		.word	-1126429948
 234 034c 00000000 		.word	0
 235 0350 6B2EC93E 		.word	1053372011
 236 0354 00000000 		.word	0
 237 0358 7C76AABF 		.word	-1079347588
 238 035c 00000000 		.word	0
 239 0360 2A78F2BF 		.word	-1074628566
 240 0364 00000000 		.word	0
 241 0368 9D66B6BF 		.word	-1078565219
 242 036c 00000000 		.word	0
 243 0370 85312EC0 		.word	-1070714491
 244 0374 00000000 		.word	0
 245 0378 52F4CEBF 		.word	-1076956078
 246 037c 00000000 		.word	0
 247 0380 7F466340 		.word	1080247935
 248 0384 00000000 		.word	0
 249 0388 5CB78EBD 		.word	-1114720420
 250 038c 00000000 		.word	0
 251 0390 DC9D48C0 		.word	-1068982820
 252 0394 00000000 		.word	0
 253 0398 32FA86BE 		.word	-1098450382
 254 039c 00000000 		.word	0
 255 03a0 9942D3BF 		.word	-1076673895
 256 03a4 00000000 		.word	0
 257 03a8 76070DC0 		.word	-1072887946
 258 03ac 00000000 		.word	0
 259 03b0 B6485FBF 		.word	-1084274506
 260 03b4 00000000 		.word	0
 261 03b8 4B8A9D3F 		.word	1067289163
 262 03bc 00000000 		.word	0
 263 03c0 5EBB833E 		.word	1048820574
 264 03c4 00000000 		.word	0
 265 03c8 469AFE3F 		.word	1073650246
 266 03cc 00000000 		.word	0
 267 03d0 6929FEBF 		.word	-1073862295
 268 03d4 00000000 		.word	0
 269 03d8 8E45B5BF 		.word	-1078639218
 270 03dc 00000000 		.word	0
 271 03e0 CFC790BF 		.word	-1081030705
 272 03e4 00000000 		.word	0
 273 03e8 39B00FC0 		.word	-1072713671
 274 03ec 00000000 		.word	0
 275 03f0 062DF8BF 		.word	-1074254586
 276 03f4 00000000 		.word	0
 277 03f8 7BCA0240 		.word	1073924731
 278 03fc 00000000 		.word	0
 279 0400 336F15BF 		.word	-1089114317
 280 0404 00000000 		.word	0
 281 0408 9C83E4BF 		.word	-1075543140
 282 040c 00000000 		.word	0
 283 0410 0B11FB3F 		.word	1073418507
 284 0414 00000000 		.word	0
 285 0418 DDD7913F 		.word	1066522589
 286 041c 00000000 		.word	0
 287 0420 E460FDBF 		.word	-1073913628
 288 0424 00000000 		.word	0
 289 0428 89310040 		.word	1073754505
 290 042c 00000000 		.word	0
 291 0430 0B806A3E 		.word	1047166987
 292 0434 00000000 		.word	0
 293 0438 D2FA5C40 		.word	1079835346
 294 043c 00000000 		.word	0
 295 0440 2D773840 		.word	1077442349
 296 0444 00000000 		.word	0
 297 0448 6554C6BF 		.word	-1077521307
 298 044c 00000000 		.word	0
 299 0450 F62A52C0 		.word	-1068356874
 300 0454 00000000 		.word	0
 301 0458 F06FA7BE 		.word	-1096323088
 302 045c 00000000 		.word	0
 303 0460 AF3261BD 		.word	-1117703505
 304 0464 00000000 		.word	0
 305 0468 A69C98BF 		.word	-1080517466
 306 046c 00000000 		.word	0
 307 0470 1142253F 		.word	1059406353
 308 0474 00000000 		.word	0
 309 0478 D8401340 		.word	1075003608
 310 047c 00000000 		.word	0
 311 0480 D8E58BBF 		.word	-1081350696
 312 0484 00000000 		.word	0
 313 0488 1F3982BF 		.word	-1081984737
 314 048c 00000000 		.word	0
 315 0490 E31812BE 		.word	-1106110237
 316 0494 00000000 		.word	0
 317 0498 3CC1543F 		.word	1062519100
 318 049c 00000000 		.word	0
 319 04a0 9D2214C0 		.word	-1072422243
 320 04a4 00000000 		.word	0
 321 04a8 572C0EC0 		.word	-1072812969
 322 04ac 00000000 		.word	0
 323 04b0 59A7EB3E 		.word	1055631193
 324 04b4 00000000 		.word	0
 325 04b8 89324F3D 		.word	1028600457
 326 04bc 00000000 		.word	0
 327 04c0 248FBA3E 		.word	1052413732
 328 04c4 00000000 		.word	0
 329 04c8 6DCDD7BF 		.word	-1076376211
 330 04cc 00000000 		.word	0
 331 04d0 97854F3D 		.word	1028621719
 332 04d4 00000000 		.word	0
 333 04d8 0FFF45BE 		.word	-1102708977
 334 04dc 00000000 		.word	0
 335 04e0 E27722BE 		.word	-1105037342
 336 04e4 00000000 		.word	0
 337 04e8 DC391940 		.word	1075395036
 338 04ec 00000000 		.word	0
 339 04f0 430FC8BF 		.word	-1077407933
 340 04f4 00000000 		.word	0
 341 04f8 B7C80CC0 		.word	-1072904009
 342 04fc 00000000 		.word	0
 343 0500 09C2C53F 		.word	1069924873
 344 0504 00000000 		.word	0
 345 0508 DA80FEBF 		.word	-1073839910
 346 050c 00000000 		.word	0
 347 0510 62D420BF 		.word	-1088367518
 348 0514 00000000 		.word	0
 349 0518 93D6B7BF 		.word	-1078471021
 350 051c 00000000 		.word	0
 351 0520 62A8D63F 		.word	1071032418
 352 0524 00000000 		.word	0
 353 0528 1BE5CC3F 		.word	1070392603
 354 052c 00000000 		.word	0
 355 0530 B8E341BF 		.word	-1086200904
 356 0534 00000000 		.word	0
 357 0538 101D99C0 		.word	-1063707376
 358 053c 00000000 		.word	0
 359 0540 00BE873E 		.word	1049083392
 360 0544 00000000 		.word	0
 361 0548 7E2B7740 		.word	1081551742
 362 054c 00000000 		.word	0
 363 0550 B8C11840 		.word	1075364280
 364 0554 00000000 		.word	0
 365 0558 4CF869C0 		.word	-1066796980
 366 055c 00000000 		.word	0
 367 0560 777743BF 		.word	-1086097545
 368 0564 00000000 		.word	0
 369 0568 605097BF 		.word	-1080602528
 370 056c 00000000 		.word	0
 371 0570 82AFACBF 		.word	-1079201918
 372 0574 00000000 		.word	0
 373 0578 F36612C0 		.word	-1072535821
 374 057c 00000000 		.word	0
 375 0580 6752EABC 		.word	-1125494169
 376 0584 00000000 		.word	0
 377 0588 2242ADBF 		.word	-1079164382
 378 058c 00000000 		.word	0
 379 0590 2657EC3E 		.word	1055676198
 380 0594 00000000 		.word	0
 381 0598 241E74BD 		.word	-1116463580
 382 059c 00000000 		.word	0
 383 05a0 FD106EBF 		.word	-1083305731
 384 05a4 00000000 		.word	0
 385 05a8 0BB4863D 		.word	1032238091
 386 05ac 00000000 		.word	0
 387 05b0 F3A38D3F 		.word	1066247155
 388 05b4 00000000 		.word	0
 389 05b8 77049740 		.word	1083638903
 390 05bc 00000000 		.word	0
 391 05c0 A9EF06C0 		.word	-1073287255
 392 05c4 00000000 		.word	0
 393 05c8 3C7D0EC0 		.word	-1072792260
 394 05cc 00000000 		.word	0
 395 05d0 E715B03F 		.word	1068504551
 396 05d4 00000000 		.word	0
 397 05d8 2FF575BF 		.word	-1082788561
 398 05dc 00000000 		.word	0
 399 05e0 0A010AC0 		.word	-1073086198
 400 05e4 00000000 		.word	0
 401 05e8 BC22903F 		.word	1066410684
 402 05ec 00000000 		.word	0
 403 05f0 416A3040 		.word	1076914753
 404 05f4 00000000 		.word	0
 405 05f8 07593D3F 		.word	1060985095
 406 05fc 00000000 		.word	0
 407 0600 958B7A40 		.word	1081772949
 408 0604 00000000 		.word	0
 409 0608 B5B5D73F 		.word	1071101365
 410 060c 00000000 		.word	0
 411 0610 A5878240 		.word	1082296229
 412 0614 00000000 		.word	0
 413 0618 3D5996BF 		.word	-1080665795
 414 061c 00000000 		.word	0
 415 0620 90B038C0 		.word	-1070026608
 416 0624 00000000 		.word	0
 417 0628 02DC76BE 		.word	-1099506686
 418 062c 00000000 		.word	0
 419 0630 BF264540 		.word	1078273727
 420 0634 00000000 		.word	0
 421 0638 964703C0 		.word	-1073526890
 422 063c 00000000 		.word	0
 423 0640 90112A3F 		.word	1059721616
 424 0644 00000000 		.word	0
 425 0648 7A51D9BF 		.word	-1076276870
 426 064c 00000000 		.word	0
 427 0650 3EE7B93F 		.word	1069147966
 428 0654 00000000 		.word	0
 429 0658 2003C3BF 		.word	-1077738720
 430 065c 00000000 		.word	0
 431 0660 D61B303E 		.word	1043340246
 432 0664 00000000 		.word	0
 433 0668 C5ED95C0 		.word	-1063916091
 434 066c 00000000 		.word	0
 435 0670 CF07ABBF 		.word	-1079310385
 436 0674 00000000 		.word	0
 437 0678 1CA4B53F 		.word	1068868636
 438 067c 00000000 		.word	0
 439 0680 379A12BD 		.word	-1122854345
 440 0684 00000000 		.word	0
 441 0688 1DAF1240 		.word	1074966301
 442 068c 00000000 		.word	0
 443 0690 2535FBBF 		.word	-1074055899
 444 0694 00000000 		.word	0
 445 0698 6E9C9AC0 		.word	-1063609234
 446 069c 00000000 		.word	0
 447 06a0 FDB3EDBF 		.word	-1074940931
 448 06a4 00000000 		.word	0
 449 06a8 27CD2640 		.word	1076284711
 450 06ac 00000000 		.word	0
 451 06b0 189213BF 		.word	-1089236456
 452 06b4 00000000 		.word	0
 453 06b8 778CA83D 		.word	1034456183
 454 06bc 00000000 		.word	0
 455 06c0 13B7F13F 		.word	1072805651
 456 06c4 00000000 		.word	0
 457 06c8 222464C0 		.word	-1067178974
 458 06cc 00000000 		.word	0
 459 06d0 C17970BF 		.word	-1083147839
 460 06d4 00000000 		.word	0
 461 06d8 73A8F3BF 		.word	-1074550669
 462 06dc 00000000 		.word	0
 463 06e0 981E29C0 		.word	-1071047016
 464 06e4 00000000 		.word	0
 465 06e8 D6613BBE 		.word	-1103404586
 466 06ec 00000000 		.word	0
 467 06f0 5D7D6F40 		.word	1081048413
 468 06f4 00000000 		.word	0
 469 06f8 0A99D53D 		.word	1037408522
 470 06fc 00000000 		.word	0
 471 0700 7DA1EC3F 		.word	1072472445
 472 0704 00000000 		.word	0
 473 0708 CF95F1BF 		.word	-1074686513
 474 070c 00000000 		.word	0
 475 0710 B3E7BA3E 		.word	1052436403
 476 0714 00000000 		.word	0
 477 0718 51BF63BF 		.word	-1083981999
 478 071c 00000000 		.word	0
 479 0720 9B41963F 		.word	1066811803
 480 0724 00000000 		.word	0
 481 0728 26DB96BF 		.word	-1080632538
 482 072c 00000000 		.word	0
 483 0730 C33A1C3F 		.word	1058814659
 484 0734 00000000 		.word	0
 485 0738 8A67EA3F 		.word	1072326538
 486 073c 00000000 		.word	0
 487 0740 BF2EE63E 		.word	1055272639
 488 0744 00000000 		.word	0
 489 0748 2170CC3F 		.word	1070362657
 490 074c 00000000 		.word	0
 491 0750 EFC97A40 		.word	1081788911
 492 0754 00000000 		.word	0
 493 0758 113C5E3F 		.word	1063140369
 494 075c 00000000 		.word	0
 495 0760 1A28153F 		.word	1058351130
 496 0764 00000000 		.word	0
 497 0768 778F1440 		.word	1075089271
 498 076c 00000000 		.word	0
 499 0770 60D573BE 		.word	-1099704992
 500 0774 00000000 		.word	0
 501 0778 7AFA38C0 		.word	-1070007686
 502 077c 00000000 		.word	0
 503 0780 2893783F 		.word	1064866600
 504 0784 00000000 		.word	0
 505 0788 04882A3F 		.word	1059751940
 506 078c 00000000 		.word	0
 507 0790 4F4B4FBE 		.word	-1102099633
 508 0794 00000000 		.word	0
 509 0798 21B50340 		.word	1073984801
 510 079c 00000000 		.word	0
 511 07a0 A4B74740 		.word	1078441892
 512 07a4 00000000 		.word	0
 513 07a8 842B5DBF 		.word	-1084413052
 514 07ac 00000000 		.word	0
 515 07b0 4027683F 		.word	1063790400
 516 07b4 00000000 		.word	0
 517 07b8 6891B7BF 		.word	-1078488728
 518 07bc 00000000 		.word	0
 519 07c0 5C31413F 		.word	1061237084
 520 07c4 00000000 		.word	0
 521 07c8 462CA7C0 		.word	-1062785978
 522 07cc 00000000 		.word	0
 523 07d0 7C221540 		.word	1075126908
 524 07d4 00000000 		.word	0
 525 07d8 CB958E3F 		.word	1066309067
 526 07dc 00000000 		.word	0
 527 07e0 9FF8053F 		.word	1057355935
 528 07e4 00000000 		.word	0
 529 07e8 4718E03F 		.word	1071650887
 530 07ec 00000000 		.word	0
 531 07f0 C03A66BF 		.word	-1083819328
 532 07f4 00000000 		.word	0
 533 07f8 DD316A3E 		.word	1047146973
 534 07fc 00000000 		.word	0
 535 0800 F5A6F7BF 		.word	-1074288907
 536 0804 00000000 		.word	0
 537 0808 668960C0 		.word	-1067415194
 538 080c 00000000 		.word	0
 539 0810 DEDA06C0 		.word	-1073292578
 540 0814 00000000 		.word	0
 541 0818 62DCC23E 		.word	1052957794
 542 081c 00000000 		.word	0
 543 0820 9AD0F3BE 		.word	-1091317606
 544 0824 00000000 		.word	0
 545 0828 78030BC0 		.word	-1073020040
 546 082c 00000000 		.word	0
 547 0830 C4CEE53F 		.word	1072025284
 548 0834 00000000 		.word	0
 549 0838 A06B06C0 		.word	-1073321056
 550 083c 00000000 		.word	0
 551 0840 13E7B8BC 		.word	-1128732909
 552 0844 00000000 		.word	0
 553 0848 F3AC2C3F 		.word	1059892467
 554 084c 00000000 		.word	0
 555 0850 0D7218BE 		.word	-1105694195
 556 0854 00000000 		.word	0
 557 0858 83AA983E 		.word	1050192515
 558 085c 00000000 		.word	0
 559 0860 EC2E91BF 		.word	-1081004308
 560 0864 00000000 		.word	0
 561 0868 F76549C0 		.word	-1068931593
 562 086c 00000000 		.word	0
 563 0870 50D1ADBF 		.word	-1079127728
 564 0874 00000000 		.word	0
 565 0878 49D82A3F 		.word	1059772489
 566 087c 00000000 		.word	0
 567 0880 38A447C0 		.word	-1069046728
 568 0884 00000000 		.word	0
 569 0888 543C98BF 		.word	-1080542124
 570 088c 00000000 		.word	0
 571 0890 F830C4BF 		.word	-1077661448
 572 0894 00000000 		.word	0
 573 0898 F623D6BF 		.word	-1076485130
 574 089c 00000000 		.word	0
 575 08a0 C5B402C0 		.word	-1073564475
 576 08a4 00000000 		.word	0
 577 08a8 A75FBDBF 		.word	-1078108249
 578 08ac 00000000 		.word	0
 579 08b0 BCE42EBB 		.word	-1154554692
 580 08b4 00000000 		.word	0
 581 08b8 9085863E 		.word	1049003408
 582 08bc 00000000 		.word	0
 583 08c0 54012F40 		.word	1076822356
 584 08c4 00000000 		.word	0
 585 08c8 A6042CBF 		.word	-1087634266
 586 08cc 00000000 		.word	0
 587 08d0 860B6FC0 		.word	-1066464378
 588 08d4 00000000 		.word	0
 589 08d8 009625BE 		.word	-1104833024
 590 08dc 00000000 		.word	0
 591 08e0 13BC3F3F 		.word	1061141523
 592 08e4 00000000 		.word	0
 593 08e8 D363903F 		.word	1066427347
 594 08ec 00000000 		.word	0
 595 08f0 8D4F263F 		.word	1059475341
 596 08f4 00000000 		.word	0
 597 08f8 81A4F03F 		.word	1072735361
 598 08fc 00000000 		.word	0
 599 0900 AE3D8CBF 		.word	-1081328210
 600 0904 00000000 		.word	0
 601 0908 5C50993F 		.word	1067012188
 602 090c 00000000 		.word	0
 603 0910 04B5A53E 		.word	1051047172
 604 0914 00000000 		.word	0
 605 0918 84E7D3BF 		.word	-1076631676
 606 091c 00000000 		.word	0
 607 0920 48A66A40 		.word	1080731208
 608 0924 00000000 		.word	0
 609 0928 080AABBE 		.word	-1096087032
 610 092c 00000000 		.word	0
 611 0930 A19E07C0 		.word	-1073242463
 612 0934 00000000 		.word	0
 613 0938 032B6E40 		.word	1080961795
 614 093c 00000000 		.word	0
 615 0940 FFCD373D 		.word	1027067391
 616 0944 00000000 		.word	0
 617 0948 5BEA2EC0 		.word	-1070667173
 618 094c 00000000 		.word	0
 619 0950 119CCB3F 		.word	1070308369
 620 0954 00000000 		.word	0
 621 0958 39CE4D40 		.word	1078840889
 622 095c 00000000 		.word	0
 623 0960 0B63E5BF 		.word	-1075485941
 624 0964 00000000 		.word	0
 625 0968 A6C4CFBE 		.word	-1093679962
 626 096c 00000000 		.word	0
 627 0970 DAC920BF 		.word	-1088370214
 628 0974 00000000 		.word	0
 629 0978 F178EABF 		.word	-1075152655
 630 097c 00000000 		.word	0
 631 0980 65503E40 		.word	1077825637
 632 0984 00000000 		.word	0
 633 0988 171F59BE 		.word	-1101455593
 634 098c 00000000 		.word	0
 635 0990 1DB0BE3E 		.word	1052684317
 636 0994 00000000 		.word	0
 637 0998 8E98CEBF 		.word	-1076979570
 638 099c 00000000 		.word	0
 639 09a0 647434BF 		.word	-1087081372
 640 09a4 00000000 		.word	0
 641 09a8 69D58F3F 		.word	1066390889
 642 09ac 00000000 		.word	0
 643 09b0 10A50BBE 		.word	-1106533104
 644 09b4 00000000 		.word	0
 645 09b8 574C4140 		.word	1078021207
 646 09bc 00000000 		.word	0
 647 09c0 A7DA0CBF 		.word	-1089676633
 648 09c4 00000000 		.word	0
 649 09c8 7E3DA340 		.word	1084439934
 650 09cc 00000000 		.word	0
 651 09d0 C67D5740 		.word	1079475654
 652 09d4 00000000 		.word	0
 653 09d8 00538CC0 		.word	-1064545536
 654 09dc 00000000 		.word	0
 655 09e0 4CE87DC0 		.word	-1065490356
 656 09e4 00000000 		.word	0
 657 09e8 E44477BF 		.word	-1082702620
 658 09ec 00000000 		.word	0
 659 09f0 B61FA83E 		.word	1051205558
 660 09f4 00000000 		.word	0
 661 09f8 8DD14B3E 		.word	1045156237
 662 09fc 00000000 		.word	0
 663 0a00 CEA9883F 		.word	1065920974
 664 0a04 00000000 		.word	0
 665 0a08 1042F8BF 		.word	-1074249200
 666 0a0c 00000000 		.word	0
 667 0a10 CDE68BBF 		.word	-1081350451
 668 0a14 00000000 		.word	0
 669 0a18 B02D8C3E 		.word	1049374128
 670 0a1c 00000000 		.word	0
 671 0a20 75A427BD 		.word	-1121475467
 672 0a24 00000000 		.word	0
 673 0a28 F76AF2BD 		.word	-1108186377
 674 0a2c 00000000 		.word	0
 675 0a30 9C1FE23F 		.word	1071783836
 676 0a34 00000000 		.word	0
 677 0a38 5081DE3F 		.word	1071546704
 678 0a3c 00000000 		.word	0
 679 0a40 E44739C0 		.word	-1069987868
 680 0a44 00000000 		.word	0
 681 0a48 AE549B3F 		.word	1067144366
 682 0a4c 00000000 		.word	0
 683 0a50 E0476C3F 		.word	1064060896
 684 0a54 00000000 		.word	0
 685 0a58 D1B68B3F 		.word	1066120913
 686 0a5c 00000000 		.word	0
 687 0a60 FC7C4E40 		.word	1078885628
 688 0a64 00000000 		.word	0
 689 0a68 FF17933F 		.word	1066604543
 690 0a6c 00000000 		.word	0
 691 0a70 1416D9BF 		.word	-1076292076
 692 0a74 00000000 		.word	0
 693 0a78 B28C79BF 		.word	-1082553166
 694 0a7c 00000000 		.word	0
 695 0a80 B5BC9CC0 		.word	-1063469899
 696 0a84 00000000 		.word	0
 697 0a88 44B5CF3F 		.word	1070576964
 698 0a8c 00000000 		.word	0
 699 0a90 E779153F 		.word	1058372071
 700 0a94 00000000 		.word	0
 701 0a98 EAADD6BF 		.word	-1076449814
 702 0a9c 00000000 		.word	0
 703 0aa0 7733F5BF 		.word	-1074449545
 704 0aa4 00000000 		.word	0
 705 0aa8 9175FDBF 		.word	-1073908335
 706 0aac 00000000 		.word	0
 707 0ab0 05C31A3F 		.word	1058718469
 708 0ab4 00000000 		.word	0
 709 0ab8 D39A703F 		.word	1064344275
 710 0abc 00000000 		.word	0
 711 0ac0 162BA2BF 		.word	-1079891178
 712 0ac4 00000000 		.word	0
 713 0ac8 AA54BFBF 		.word	-1077979990
 714 0acc 00000000 		.word	0
 715 0ad0 A05B8E3E 		.word	1049516960
 716 0ad4 00000000 		.word	0
 717 0ad8 B53BA73E 		.word	1051147189
 718 0adc 00000000 		.word	0
 719 0ae0 530FF5BF 		.word	-1074458797
 720 0ae4 00000000 		.word	0
 721 0ae8 6658F43F 		.word	1072978022
 722 0aec 00000000 		.word	0
 723 0af0 4F25083F 		.word	1057498447
 724 0af4 00000000 		.word	0
 725 0af8 8AA34340 		.word	1078174602
 726 0afc 00000000 		.word	0
 727 0b00 B44AC7BE 		.word	-1094235468
 728 0b04 00000000 		.word	0
 729 0b08 73CA1AC0 		.word	-1071986061
 730 0b0c 00000000 		.word	0
 731 0b10 0D516A3F 		.word	1063932173
 732 0b14 00000000 		.word	0
 733 0b18 1D4ACABD 		.word	-1110816227
 734 0b1c 00000000 		.word	0
 735 0b20 B0FC67BF 		.word	-1083704144
 736 0b24 00000000 		.word	0
 737 0b28 A928A23E 		.word	1050814633
 738 0b2c 00000000 		.word	0
 739 0b30 34C48BC0 		.word	-1064582092
 740 0b34 00000000 		.word	0
 741 0b38 A2EFBE3F 		.word	1069477794
 742 0b3c 00000000 		.word	0
 743 0b40 4E2FFBBF 		.word	-1074057394
 744 0b44 00000000 		.word	0
 745 0b48 8B6933BF 		.word	-1087149685
 746 0b4c 00000000 		.word	0
 747 0b50 77DA4140 		.word	1078057591
 748 0b54 00000000 		.word	0
 749 0b58 BF0F14C0 		.word	-1072427073
 750 0b5c 00000000 		.word	0
 751 0b60 9749B7BF 		.word	-1078507113
 752 0b64 00000000 		.word	0
 753 0b68 72C654BF 		.word	-1084963214
 754 0b6c 00000000 		.word	0
 755 0b70 B2207C40 		.word	1081876658
 756 0b74 00000000 		.word	0
 757 0b78 639AAF3E 		.word	1051695715
 758 0b7c 00000000 		.word	0
 759 0b80 552C31C0 		.word	-1070519211
 760 0b84 00000000 		.word	0
 761 0b88 DE9D2FC0 		.word	-1070621218
 762 0b8c 00000000 		.word	0
 763 0b90 0B917440 		.word	1081381131
 764 0b94 00000000 		.word	0
 765 0b98 54A29140 		.word	1083286100
 766 0b9c 00000000 		.word	0
 767 0ba0 EA495140 		.word	1079069162
 768 0ba4 00000000 		.word	0
 769 0ba8 A8084CC0 		.word	-1068758872
 770 0bac 00000000 		.word	0
 771 0bb0 63EE46BF 		.word	-1085870493
 772 0bb4 00000000 		.word	0
 773 0bb8 F3E1C63D 		.word	1036444147
 774 0bbc 00000000 		.word	0
 775 0bc0 CF509C3F 		.word	1067208911
 776 0bc4 00000000 		.word	0
 777 0bc8 9CB4A9BF 		.word	-1079397220
 778 0bcc 00000000 		.word	0
 779 0bd0 62F029C0 		.word	-1070993310
 780 0bd4 00000000 		.word	0
 781 0bd8 CA9289BF 		.word	-1081503030
 782 0bdc 00000000 		.word	0
 783 0be0 424E3140 		.word	1076973122
 784 0be4 00000000 		.word	0
 785 0be8 4CB0A740 		.word	1084731468
 786 0bec 00000000 		.word	0
 787 0bf0 725DDE3D 		.word	1037983090
 788 0bf4 00000000 		.word	0
 789 0bf8 6FCD9ABF 		.word	-1080373905
 790 0bfc 00000000 		.word	0
 791 0c00 CAA0B33F 		.word	1068736714
 792 0c04 00000000 		.word	0
 793 0c08 D71A99BE 		.word	-1097262377
 794 0c0c 00000000 		.word	0
 795 0c10 11668240 		.word	1082287633
 796 0c14 00000000 		.word	0
 797 0c18 43FFDB3F 		.word	1071382339
 798 0c1c 00000000 		.word	0
 799 0c20 25ED43C0 		.word	-1069290203
 800 0c24 00000000 		.word	0
 801 0c28 E74C94BF 		.word	-1080800025
 802 0c2c 00000000 		.word	0
 803 0c30 60705840 		.word	1079537760
 804 0c34 00000000 		.word	0
 805 0c38 3B14753F 		.word	1064637499
 806 0c3c 00000000 		.word	0
 807 0c40 BA37383E 		.word	1043871674
 808 0c44 00000000 		.word	0
 809 0c48 93377AC0 		.word	-1065732205
 810 0c4c 00000000 		.word	0
 811 0c50 7D434E3F 		.word	1062093693
 812 0c54 00000000 		.word	0
 813 0c58 D4080340 		.word	1073940692
 814 0c5c 00000000 		.word	0
 815 0c60 AD04A3BF 		.word	-1079835475
 816 0c64 00000000 		.word	0
 817 0c68 649B2BC0 		.word	-1070883996
 818 0c6c 00000000 		.word	0
 819 0c70 46A338BF 		.word	-1086807226
 820 0c74 00000000 		.word	0
 821 0c78 C179CEBF 		.word	-1076987455
 822 0c7c 00000000 		.word	0
 823 0c80 8820ED3E 		.word	1055727752
 824 0c84 00000000 		.word	0
 825 0c88 7123C13E 		.word	1052844913
 826 0c8c 00000000 		.word	0
 827 0c90 B0FA0240 		.word	1073937072
 828 0c94 00000000 		.word	0
 829 0c98 FECA363E 		.word	1043778302
 830 0c9c 00000000 		.word	0
 831 0ca0 36A4F4BE 		.word	-1091263434
 832 0ca4 00000000 		.word	0
 833 0ca8 D3DA7040 		.word	1081137875
 834 0cac 00000000 		.word	0
 835 0cb0 8074A63F 		.word	1067873408
 836 0cb4 00000000 		.word	0
 837 0cb8 DDC65BBE 		.word	-1101281571
 838 0cbc 00000000 		.word	0
 839 0cc0 34F0AB3F 		.word	1068232756
 840 0cc4 00000000 		.word	0
 841 0cc8 7D15AEBE 		.word	-1095887491
 842 0ccc 00000000 		.word	0
 843 0cd0 54030440 		.word	1074004820
 844 0cd4 00000000 		.word	0
 845 0cd8 EA292C3D 		.word	1026304490
 846 0cdc 00000000 		.word	0
 847 0ce0 A8CB243F 		.word	1059376040
 848 0ce4 00000000 		.word	0
 849 0ce8 A7EDF4BF 		.word	-1074467417
 850 0cec 00000000 		.word	0
 851 0cf0 A65D7140 		.word	1081171366
 852 0cf4 00000000 		.word	0
 853 0cf8 3667863F 		.word	1065772854
 854 0cfc 00000000 		.word	0
 855 0d00 7D188EC0 		.word	-1064429443
 856 0d04 00000000 		.word	0
 857 0d08 7FCAE33E 		.word	1055115903
 858 0d0c 00000000 		.word	0
 859 0d10 57843940 		.word	1077511255
 860 0d14 00000000 		.word	0
 861 0d18 8A03FA3F 		.word	1073349514
 862 0d1c 00000000 		.word	0
 863 0d20 7BBD3040 		.word	1076936059
 864 0d24 00000000 		.word	0
 865 0d28 3355FB3F 		.word	1073435955
 866 0d2c 00000000 		.word	0
 867 0d30 94CE0AC0 		.word	-1073033580
 868 0d34 00000000 		.word	0
 869 0d38 33B883C0 		.word	-1065109453
 870 0d3c 00000000 		.word	0
 871 0d40 B1E08540 		.word	1082515633
 872 0d44 00000000 		.word	0
 873 0d48 46B5193F 		.word	1058649414
 874 0d4c 00000000 		.word	0
 875 0d50 56CB28BF 		.word	-1087845546
 876 0d54 00000000 		.word	0
 877 0d58 983D7EBF 		.word	-1082245736
 878 0d5c 00000000 		.word	0
 879 0d60 27AB1DC0 		.word	-1071797465
 880 0d64 00000000 		.word	0
 881 0d68 7B0E703F 		.word	1064308347
 882 0d6c 00000000 		.word	0
 883 0d70 515546C0 		.word	-1069132463
 884 0d74 00000000 		.word	0
 885 0d78 B8B316C0 		.word	-1072254024
 886 0d7c 00000000 		.word	0
 887 0d80 65A6D5BE 		.word	-1093294491
 888 0d84 00000000 		.word	0
 889 0d88 C4070C40 		.word	1074530244
 890 0d8c 00000000 		.word	0
 891 0d90 EFFC8C3F 		.word	1066204399
 892 0d94 00000000 		.word	0
 893 0d98 29E44BC0 		.word	-1068768215
 894 0d9c 00000000 		.word	0
 895 0da0 D9E11640 		.word	1075241433
 896 0da4 00000000 		.word	0
 897 0da8 AA907C3E 		.word	1048350890
 898 0dac 00000000 		.word	0
 899 0db0 E61B8E40 		.word	1083055078
 900 0db4 00000000 		.word	0
 901 0db8 DC270FC0 		.word	-1072748580
 902 0dbc 00000000 		.word	0
 903 0dc0 8EF90AC0 		.word	-1073022578
 904 0dc4 00000000 		.word	0
 905 0dc8 81E401C0 		.word	-1073617791
 906 0dcc 00000000 		.word	0
 907 0dd0 ACDA0A3E 		.word	1040898732
 908 0dd4 00000000 		.word	0
 909 0dd8 5E94A3BF 		.word	-1079798690
 910 0ddc 00000000 		.word	0
 911 0de0 EDC7F6BF 		.word	-1074346003
 912 0de4 00000000 		.word	0
 913 0de8 5DE7ADC0 		.word	-1062344867
 914 0dec 00000000 		.word	0
 915 0df0 24B001C0 		.word	-1073631196
 916 0df4 00000000 		.word	0
 917 0df8 BC3C813F 		.word	1065434300
 918 0dfc 00000000 		.word	0
 919 0e00 6546743E 		.word	1047807589
 920 0e04 00000000 		.word	0
 921 0e08 0C3304BF 		.word	-1090243828
 922 0e0c 00000000 		.word	0
 923 0e10 2C196FBF 		.word	-1083238100
 924 0e14 00000000 		.word	0
 925 0e18 D38A1F3E 		.word	1042254547
 926 0e1c 00000000 		.word	0
 927 0e20 0CDACABE 		.word	-1094002164
 928 0e24 00000000 		.word	0
 929 0e28 1D496ABF 		.word	-1083553507
 930 0e2c 00000000 		.word	0
 931 0e30 90942A3F 		.word	1059755152
 932 0e34 00000000 		.word	0
 933 0e38 894DC2BF 		.word	-1077785207
 934 0e3c 00000000 		.word	0
 935 0e40 F0A1EA3E 		.word	1055564272
 936 0e44 00000000 		.word	0
 937 0e48 94159FBF 		.word	-1080093292
 938 0e4c 00000000 		.word	0
 939 0e50 18386D3D 		.word	1030567960
 940 0e54 00000000 		.word	0
 941 0e58 6C7D7E3F 		.word	1065254252
 942 0e5c 00000000 		.word	0
 943 0e60 0CC818C0 		.word	-1072117748
 944 0e64 00000000 		.word	0
 945 0e68 FC28EB3E 		.word	1055598844
 946 0e6c 00000000 		.word	0
 947 0e70 2E2D693E 		.word	1047080238
 948 0e74 00000000 		.word	0
 949 0e78 7DD9F73C 		.word	1022876029
 950 0e7c 00000000 		.word	0
 951 0e80 EA63A9BF 		.word	-1079417878
 952 0e84 00000000 		.word	0
 953 0e88 CDCE94C0 		.word	-1063989555
 954 0e8c 00000000 		.word	0
 955 0e90 37D6803D 		.word	1031853623
 956 0e94 00000000 		.word	0
 957 0e98 069F5D40 		.word	1079877382
 958 0e9c 00000000 		.word	0
 959 0ea0 A2DCA63F 		.word	1067900066
 960 0ea4 00000000 		.word	0
 961 0ea8 D817B7BF 		.word	-1078519848
 962 0eac 00000000 		.word	0
 963 0eb0 2221D6BF 		.word	-1076485854
 964 0eb4 00000000 		.word	0
 965 0eb8 162E7E3F 		.word	1065233942
 966 0ebc 00000000 		.word	0
 967 0ec0 91AC24BE 		.word	-1104892783
 968 0ec4 00000000 		.word	0
 969 0ec8 247B9EBF 		.word	-1080132828
 970 0ecc 00000000 		.word	0
 971 0ed0 56D716BF 		.word	-1089022122
 972 0ed4 00000000 		.word	0
 973 0ed8 25E31440 		.word	1075110693
 974 0edc 00000000 		.word	0
 975 0ee0 9BE18DC0 		.word	-1064443493
 976 0ee4 00000000 		.word	0
 977 0ee8 7714D53F 		.word	1070929015
 978 0eec 00000000 		.word	0
 979 0ef0 A86E17C0 		.word	-1072206168
 980 0ef4 00000000 		.word	0
 981 0ef8 A1309B3F 		.word	1067135137
 982 0efc 00000000 		.word	0
 983 0f00 1D229BC0 		.word	-1063575011
 984 0f04 00000000 		.word	0
 985 0f08 08F8693E 		.word	1047132168
 986 0f0c 00000000 		.word	0
 987 0f10 DFA9EE3E 		.word	1055828447
 988 0f14 00000000 		.word	0
 989 0f18 D60EACBF 		.word	-1079243050
 990 0f1c 00000000 		.word	0
 991 0f20 FA8A81BF 		.word	-1082029318
 992 0f24 00000000 		.word	0
 993 0f28 2A1436C0 		.word	-1070197718
 994 0f2c 00000000 		.word	0
 995 0f30 FFBEC6BF 		.word	-1077494017
 996 0f34 00000000 		.word	0
 997 0f38 4B73B9BF 		.word	-1078365365
 998 0f3c 00000000 		.word	0
 999 0f40 1C0F023E 		.word	1040322332
 1000 0f44 00000000 		.word	0
 1001 0f48 6D66D5BF 		.word	-1076533651
 1002 0f4c 00000000 		.word	0
 1003 0f50 38305B40 		.word	1079717944
 1004 0f54 00000000 		.word	0
 1005 0f58 7FCF743F 		.word	1064619903
 1006 0f5c 00000000 		.word	0
 1007 0f60 236F6EC0 		.word	-1066504413
 1008 0f64 00000000 		.word	0
 1009 0f68 05D2CABF 		.word	-1077227003
 1010 0f6c 00000000 		.word	0
 1011 0f70 21BBD3BF 		.word	-1076643039
 1012 0f74 00000000 		.word	0
 1013 0f78 BF9C333F 		.word	1060347071
 1014 0f7c 00000000 		.word	0
 1015 0f80 D8E9283E 		.word	1042868696
 1016 0f84 00000000 		.word	0
 1017 0f88 26403DBF 		.word	-1086504922
 1018 0f8c 00000000 		.word	0
 1019 0f90 70B50AC0 		.word	-1073040016
 1020 0f94 00000000 		.word	0
 1021 0f98 D7D79EBE 		.word	-1096886313
 1022 0f9c 00000000 		.word	0
 1023 0fa0 DA0812C0 		.word	-1072559910
 1024 0fa4 00000000 		.word	0
 1025 0fa8 AA1DDC3F 		.word	1071390122
 1026 0fac 00000000 		.word	0
 1027 0fb0 F2CE3FC0 		.word	-1069560078
 1028 0fb4 00000000 		.word	0
 1029 0fb8 1CE9FFBF 		.word	-1073747684
 1030 0fbc 00000000 		.word	0
 1031 0fc0 0A9F95BE 		.word	-1097490678
 1032 0fc4 00000000 		.word	0
 1033 0fc8 840E963F 		.word	1066798724
 1034 0fcc 00000000 		.word	0
 1035 0fd0 DF74493E 		.word	1045001439
 1036 0fd4 00000000 		.word	0
 1037 0fd8 B0CE3E40 		.word	1077857968
 1038 0fdc 00000000 		.word	0
 1039 0fe0 81D02840 		.word	1076416641
 1040 0fe4 00000000 		.word	0
 1041 0fe8 CA8EB73F 		.word	1068994250
 1042 0fec 00000000 		.word	0
 1043 0ff0 6435623F 		.word	1063400804
 1044 0ff4 00000000 		.word	0
 1045 0ff8 A68EB7BF 		.word	-1078489434
 1046 0ffc 00000000 		.word	0
 1047 1000 BBB2C3BF 		.word	-1077693765
 1048 1004 00000000 		.word	0
 1049 1008 77A453C0 		.word	-1068260233
 1050 100c 00000000 		.word	0
 1051 1010 7F51CCBE 		.word	-1093906049
 1052 1014 00000000 		.word	0
 1053 1018 790688BE 		.word	-1098381703
 1054 101c 00000000 		.word	0
 1055 1020 752A6040 		.word	1080044149
 1056 1024 00000000 		.word	0
 1057 1028 9E8E543F 		.word	1062506142
 1058 102c 00000000 		.word	0
 1059 1030 454D61BE 		.word	-1100919483
 1060 1034 00000000 		.word	0
 1061 1038 4174B9BD 		.word	-1111919551
 1062 103c 00000000 		.word	0
 1063 1040 D898453F 		.word	1061525720
 1064 1044 00000000 		.word	0
 1065 1048 70F4AC3F 		.word	1068299376
 1066 104c 00000000 		.word	0
 1067 1050 4C847140 		.word	1081181260
 1068 1054 00000000 		.word	0
 1069 1058 A5F8F13E 		.word	1056045221
 1070 105c 00000000 		.word	0
 1071 1060 044D1540 		.word	1075137796
 1072 1064 00000000 		.word	0
 1073 1068 9D47ED3F 		.word	1072514973
 1074 106c 00000000 		.word	0
 1075 1070 976F423F 		.word	1061318551
 1076 1074 00000000 		.word	0
 1077 1078 D5DEA93F 		.word	1068097237
 1078 107c 00000000 		.word	0
 1079 1080 E1322140 		.word	1075917537
 1080 1084 00000000 		.word	0
 1081 1088 02B3433F 		.word	1061401346
 1082 108c 00000000 		.word	0
 1083 1090 1B7A8EBE 		.word	-1097958885
 1084 1094 00000000 		.word	0
 1085 1098 423A2ABD 		.word	-1121306046
 1086 109c 00000000 		.word	0
 1087 10a0 A98EB13F 		.word	1068601001
 1088 10a4 00000000 		.word	0
 1089 10a8 573B2740 		.word	1076312919
 1090 10ac 00000000 		.word	0
 1091 10b0 C853C5BE 		.word	-1094364216
 1092 10b4 00000000 		.word	0
 1093 10b8 3E5C0040 		.word	1073765438
 1094 10bc 00000000 		.word	0
 1095 10c0 F95373BF 		.word	-1082960903
 1096 10c4 00000000 		.word	0
 1097 10c8 755C95BF 		.word	-1080730507
 1098 10cc 00000000 		.word	0
 1099 10d0 AD6BB73F 		.word	1068985261
 1100 10d4 00000000 		.word	0
 1101 10d8 6E952240 		.word	1076008302
 1102 10dc 00000000 		.word	0
 1103 10e0 14FC91BF 		.word	-1080951788
 1104 10e4 00000000 		.word	0
 1105 10e8 50186BC0 		.word	-1066723248
 1106 10ec 00000000 		.word	0
 1107 10f0 02C1E6BE 		.word	-1092173566
 1108 10f4 00000000 		.word	0
 1109 10f8 5DEECC3F 		.word	1070394973
 1110 10fc 00000000 		.word	0
 1111 1100 53F1453F 		.word	1061548371
 1112 1104 00000000 		.word	0
 1113 1108 F2533E40 		.word	1077826546
 1114 110c 00000000 		.word	0
 1115 1110 3847AEBF 		.word	-1079097544
 1116 1114 00000000 		.word	0
 1117 1118 945EB43F 		.word	1068785300
 1118 111c 00000000 		.word	0
 1119 1120 3DA076BF 		.word	-1082744771
 1120 1124 00000000 		.word	0
 1121 1128 4C0002C0 		.word	-1073610676
 1122 112c 00000000 		.word	0
 1123 1130 34BA7B3F 		.word	1065073204
 1124 1134 00000000 		.word	0
 1125 1138 C8875DC0 		.word	-1067612216
 1126 113c 00000000 		.word	0
 1127 1140 D57826C0 		.word	-1071220523
 1128 1144 00000000 		.word	0
 1129 1148 6DAD08BF 		.word	-1089950355
 1130 114c 00000000 		.word	0
 1131 1150 E22228C0 		.word	-1071111454
 1132 1154 00000000 		.word	0
 1133 1158 AD421F3F 		.word	1059013293
 1134 115c 00000000 		.word	0
 1135 1160 3C9994BF 		.word	-1080780484
 1136 1164 00000000 		.word	0
 1137 1168 1EFF19C0 		.word	-1072038114
 1138 116c 00000000 		.word	0
 1139 1170 E3D689BF 		.word	-1081485597
 1140 1174 00000000 		.word	0
 1141 1178 E45BE5BF 		.word	-1075487772
 1142 117c 00000000 		.word	0
 1143 1180 28DC3FBF 		.word	-1086333912
 1144 1184 00000000 		.word	0
 1145 1188 7E5FAAC0 		.word	-1062576258
 1146 118c 00000000 		.word	0
 1147 1190 0FF484BF 		.word	-1081805809
 1148 1194 00000000 		.word	0
 1149 1198 06D306C0 		.word	-1073294586
 1150 119c 00000000 		.word	0
 1151 11a0 99C7283F 		.word	1059637145
 1152 11a4 00000000 		.word	0
 1153 11a8 625C053F 		.word	1057315938
 1154 11ac 00000000 		.word	0
 1155 11b0 6BF063BD 		.word	-1117523861
 1156 11b4 00000000 		.word	0
 1157 11b8 B58D953E 		.word	1049988533
 1158 11bc 00000000 		.word	0
 1159 11c0 643D95C0 		.word	-1063961244
 1160 11c4 00000000 		.word	0
 1161 11c8 6F1100BE 		.word	-1107291793
 1162 11cc 00000000 		.word	0
 1163 11d0 BBF71CC0 		.word	-1071843397
 1164 11d4 00000000 		.word	0
 1165 11d8 094E36BF 		.word	-1086960119
 1166 11dc 00000000 		.word	0
 1167 11e0 417348BD 		.word	-1119325375
 1168 11e4 00000000 		.word	0
 1169 11e8 9327E9BF 		.word	-1075239021
 1170 11ec 00000000 		.word	0
 1171 11f0 22634F3F 		.word	1062167330
 1172 11f4 00000000 		.word	0
 1173 11f8 1C5B49BE 		.word	-1102488804
 1174 11fc 00000000 		.word	0
 1175 1200 30A733BF 		.word	-1087133904
 1176 1204 00000000 		.word	0
 1177 1208 4B761D40 		.word	1075672651
 1178 120c 00000000 		.word	0
 1179 1210 196C6040 		.word	1080060953
 1180 1214 00000000 		.word	0
 1181 1218 4F862DC0 		.word	-1070758321
 1182 121c 00000000 		.word	0
 1183 1220 EC7728BF 		.word	-1087866900
 1184 1224 00000000 		.word	0
 1185 1228 B59002C0 		.word	-1073573707
 1186 122c 00000000 		.word	0
 1187 1230 22E80C40 		.word	1074587682
 1188 1234 00000000 		.word	0
 1189 1238 A23B973F 		.word	1066875810
 1190 123c 00000000 		.word	0
 1191 1240 C103D2BF 		.word	-1076755519
 1192 1244 00000000 		.word	0
 1193 1248 B083CEBF 		.word	-1076984912
 1194 124c 00000000 		.word	0
 1195 1250 191094BF 		.word	-1080815591
 1196 1254 00000000 		.word	0
 1197 1258 0AC72140 		.word	1075955466
 1198 125c 00000000 		.word	0
 1199 1260 1C7CFEBE 		.word	-1090618340
 1200 1264 00000000 		.word	0
 1201 1268 26CF79BF 		.word	-1082536154
 1202 126c 00000000 		.word	0
 1203 1270 287A37C0 		.word	-1070106072
 1204 1274 00000000 		.word	0
 1205 1278 30638F3F 		.word	1066361648
 1206 127c 00000000 		.word	0
 1207 1280 A293BF40 		.word	1086296994
 1208 1284 00000000 		.word	0
 1209 1288 65E3CB3E 		.word	1053549413
 1210 128c 00000000 		.word	0
 1211 1290 35EB62C0 		.word	-1067259083
 1212 1294 00000000 		.word	0
 1213 1298 A5F29F3E 		.word	1050669733
 1214 129c 00000000 		.word	0
 1215 12a0 22FB10C0 		.word	-1072628958
 1216 12a4 00000000 		.word	0
 1217 12a8 71C84A3F 		.word	1061865585
 1218 12ac 00000000 		.word	0
 1219 12b0 001D6FC0 		.word	-1066459904
 1220 12b4 00000000 		.word	0
 1221 12b8 6F21433F 		.word	1061364079
 1222 12bc 00000000 		.word	0
 1223 12c0 9D251240 		.word	1074931101
 1224 12c4 00000000 		.word	0
 1225 12c8 DCEB7140 		.word	1081207772
 1226 12cc 00000000 		.word	0
 1227 12d0 31814740 		.word	1078427953
 1228 12d4 00000000 		.word	0
 1229 12d8 D5B600C0 		.word	-1073695019
 1230 12dc 00000000 		.word	0
 1231 12e0 34E78E3E 		.word	1049552692
 1232 12e4 00000000 		.word	0
 1233 12e8 33370040 		.word	1073755955
 1234 12ec 00000000 		.word	0
 1235 12f0 AD5DB9BF 		.word	-1078370899
 1236 12f4 00000000 		.word	0
 1237 12f8 B6AE153F 		.word	1058385590
 1238 12fc 00000000 		.word	0
 1239 1300 EB646B3F 		.word	1064002795
 1240 1304 00000000 		.word	0
 1241 1308 FC9044C0 		.word	-1069248260
 1242 130c 00000000 		.word	0
 1243 1310 8228C7BF 		.word	-1077467006
 1244 1314 00000000 		.word	0
 1245 1318 3BE10E40 		.word	1074716987
 1246 131c 00000000 		.word	0
 1247 1320 DC744FBC 		.word	-1135643428
 1248 1324 00000000 		.word	0
 1249 1328 FDE2BE3E 		.word	1052697341
 1250 132c 00000000 		.word	0
 1251 1330 0F3A1840 		.word	1075329551
 1252 1334 00000000 		.word	0
 1253 1338 43C2BA3F 		.word	1069204035
 1254 133c 00000000 		.word	0
 1255 1340 35C977BF 		.word	-1082668747
 1256 1344 00000000 		.word	0
 1257 1348 5652A93F 		.word	1068061270
 1258 134c 00000000 		.word	0
 1259 1350 C45284BF 		.word	-1081847100
 1260 1354 00000000 		.word	0
 1261 1358 0325E8BF 		.word	-1075305213
 1262 135c 00000000 		.word	0
 1263 1360 4D6B9940 		.word	1083796301
 1264 1364 00000000 		.word	0
 1265 1368 6BC0273F 		.word	1059569771
 1266 136c 00000000 		.word	0
 1267 1370 AF5F0EC0 		.word	-1072799825
 1268 1374 00000000 		.word	0
 1269 1378 8367183F 		.word	1058563971
 1270 137c 00000000 		.word	0
 1271 1380 B14C5740 		.word	1079463089
 1272 1384 00000000 		.word	0
 1273 1388 6E84EE3F 		.word	1072596078
 1274 138c 00000000 		.word	0
 1275 1390 4214F73F 		.word	1073157186
 1276 1394 00000000 		.word	0
 1277 1398 AAA591BE 		.word	-1097751126
 1278 139c 00000000 		.word	0
 1279 13a0 4C626CBF 		.word	-1083415988
 1280 13a4 00000000 		.word	0
 1281 13a8 7A24F63F 		.word	1073095802
 1282 13ac 00000000 		.word	0
 1283 13b0 84F79E3E 		.word	1050605444
 1284 13b4 00000000 		.word	0
 1285 13b8 EF0BAA3E 		.word	1051331567
 1286 13bc 00000000 		.word	0
 1287 13c0 166AD4BF 		.word	-1076598250
 1288 13c4 00000000 		.word	0
 1289 13c8 3DD7EEBF 		.word	-1074866371
 1290 13cc 00000000 		.word	0
 1291 13d0 06423FBE 		.word	-1103150586
 1292 13d4 00000000 		.word	0
 1293 13d8 6CABD9BF 		.word	-1076253844
 1294 13dc 00000000 		.word	0
 1295 13e0 7D8BFE3E 		.word	1056869245
 1296 13e4 00000000 		.word	0
 1297 13e8 0147F1BE 		.word	-1091483903
 1298 13ec 00000000 		.word	0
 1299 13f0 E830DDBE 		.word	-1092800280
 1300 13f4 00000000 		.word	0
 1301 13f8 8E0180C0 		.word	-1065352818
 1302 13fc 00000000 		.word	0
 1303 1400 D0A6D4BE 		.word	-1093359920
 1304 1404 00000000 		.word	0
 1305 1408 B676A23E 		.word	1050834614
 1306 140c 00000000 		.word	0
 1307 1410 6E421D3D 		.word	1025327726
 1308 1414 00000000 		.word	0
 1309 1418 2379353E 		.word	1043691811
 1310 141c 00000000 		.word	0
 1311 1420 471A083F 		.word	1057495623
 1312 1424 00000000 		.word	0
 1313 1428 978B2DC0 		.word	-1070756969
 1314 142c 00000000 		.word	0
 1315 1430 2551A83E 		.word	1051218213
 1316 1434 00000000 		.word	0
 1317 1438 253C70BF 		.word	-1083163611
 1318 143c 00000000 		.word	0
 1319 1440 CC6A783F 		.word	1064856268
 1320 1444 00000000 		.word	0
 1321 1448 BFD3EF3F 		.word	1072681919
 1322 144c 00000000 		.word	0
 1323 1450 7035363E 		.word	1043740016
 1324 1454 00000000 		.word	0
 1325 1458 0E581F3E 		.word	1042241550
 1326 145c 00000000 		.word	0
 1327 1460 7E64A3BF 		.word	-1079810946
 1328 1464 00000000 		.word	0
 1329 1468 606DEDBE 		.word	-1091736224
 1330 146c 00000000 		.word	0
 1331 1470 BB9A84BD 		.word	-1115383109
 1332 1474 00000000 		.word	0
 1333 1478 6EDFDCBF 		.word	-1076043922
 1334 147c 00000000 		.word	0
 1335 1480 79670EBE 		.word	-1106352263
 1336 1484 00000000 		.word	0
 1337 1488 A9DDFC3F 		.word	1073536425
 1338 148c 00000000 		.word	0
 1339 1490 B29B4EBF 		.word	-1085367374
 1340 1494 00000000 		.word	0
 1341 1498 EE62A7BE 		.word	-1096326418
 1342 149c 00000000 		.word	0
 1343 14a0 950DB93F 		.word	1069092245
 1344 14a4 00000000 		.word	0
 1345 14a8 E5DE18BF 		.word	-1088889115
 1346 14ac 00000000 		.word	0
 1347 14b0 39E22E40 		.word	1076814393
 1348 14b4 00000000 		.word	0
 1349 14b8 6F0E3AC0 		.word	-1069937041
 1350 14bc 00000000 		.word	0
 1351 14c0 BA0ABBBF 		.word	-1078261062
 1352 14c4 00000000 		.word	0
 1353 14c8 08B3DABF 		.word	-1076186360
 1354 14cc 00000000 		.word	0
 1355 14d0 53C86940 		.word	1080674387
 1356 14d4 00000000 		.word	0
 1357 14d8 E39A2E3F 		.word	1060018915
 1358 14dc 00000000 		.word	0
 1359 14e0 340890BE 		.word	-1097856972
 1360 14e4 00000000 		.word	0
 1361 14e8 49120E3F 		.word	1057886793
 1362 14ec 00000000 		.word	0
 1363 14f0 36397BBF 		.word	-1082443466
 1364 14f4 00000000 		.word	0
 1365 14f8 13C8A33F 		.word	1067698195
 1366 14fc 00000000 		.word	0
 1367 1500 22DF153D 		.word	1024843554
 1368 1504 00000000 		.word	0
 1369 1508 04F91340 		.word	1075050756
 1370 150c 00000000 		.word	0
 1371 1510 6D99E03F 		.word	1071683949
 1372 1514 00000000 		.word	0
 1373 1518 C31F75BF 		.word	-1082843197
 1374 151c 00000000 		.word	0
 1375 1520 9C6655BF 		.word	-1084922212
 1376 1524 00000000 		.word	0
 1377 1528 97C5DF3E 		.word	1054852503
 1378 152c 00000000 		.word	0
 1379 1530 071966BF 		.word	-1083827961
 1380 1534 00000000 		.word	0
 1381 1538 F19397BE 		.word	-1097362447
 1382 153c 00000000 		.word	0
 1383 1540 37FF48BF 		.word	-1085735113
 1384 1544 00000000 		.word	0
 1385 1548 FDA722C0 		.word	-1071470595
 1386 154c 00000000 		.word	0
 1387 1550 A5670E40 		.word	1074685861
 1388 1554 00000000 		.word	0
 1389 1558 562CCBBF 		.word	-1077203882
 1390 155c 00000000 		.word	0
 1391 1560 92F0B5BF 		.word	-1078595438
 1392 1564 00000000 		.word	0
 1393 1568 37F840C0 		.word	-1069483977
 1394 156c 00000000 		.word	0
 1395 1570 B0F3E33F 		.word	1071903664
 1396 1574 00000000 		.word	0
 1397 1578 E7A55DBF 		.word	-1084381721
 1398 157c 00000000 		.word	0
 1399 1580 D91936C0 		.word	-1070196263
 1400 1584 00000000 		.word	0
 1401 1588 29FDB83F 		.word	1069088041
 1402 158c 00000000 		.word	0
 1403 1590 49C20B40 		.word	1074512457
 1404 1594 00000000 		.word	0
 1405 1598 58E9943F 		.word	1066723672
 1406 159c 00000000 		.word	0
 1407 15a0 2F30623F 		.word	1063399471
 1408 15a4 00000000 		.word	0
 1409 15a8 15AF9CBF 		.word	-1080250603
 1410 15ac 00000000 		.word	0
 1411 15b0 4B60EDBF 		.word	-1074962357
 1412 15b4 00000000 		.word	0
 1413 15b8 093CE43F 		.word	1071922185
 1414 15bc 00000000 		.word	0
 1415 15c0 EB4B1340 		.word	1075006443
 1416 15c4 00000000 		.word	0
 1417 15c8 04370ABF 		.word	-1089849596
 1418 15cc 00000000 		.word	0
 1419 15d0 2A2DFB3F 		.word	1073425706
 1420 15d4 00000000 		.word	0
 1421 15d8 0BAA78BD 		.word	-1116165621
 1422 15dc 00000000 		.word	0
 1423 15e0 B033ADBF 		.word	-1079168080
 1424 15e4 00000000 		.word	0
 1425 15e8 42CFBDBF 		.word	-1078079678
 1426 15ec 00000000 		.word	0
 1427 15f0 AB09A33F 		.word	1067649451
 1428 15f4 00000000 		.word	0
 1429 15f8 19395DC0 		.word	-1067632359
 1430 15fc 00000000 		.word	0
 1431 1600 052670C0 		.word	-1066392059
 1432 1604 00000000 		.word	0
 1433 1608 AB536240 		.word	1080185771
 1434 160c 00000000 		.word	0
 1435 1610 17FB523E 		.word	1045625623
 1436 1614 00000000 		.word	0
 1437 1618 0FE3BD40 		.word	1086186255
 1438 161c 00000000 		.word	0
 1439 1620 1428F9BE 		.word	-1090967532
 1440 1624 00000000 		.word	0
 1441 1628 B0C0A8BE 		.word	-1096236880
 1442 162c 00000000 		.word	0
 1443 1630 808ABF3F 		.word	1069517440
 1444 1634 00000000 		.word	0
 1445 1638 772D0D3E 		.word	1041050999
 1446 163c 00000000 		.word	0
 1447 1640 A2D7DFBE 		.word	-1092626526
 1448 1644 00000000 		.word	0
 1449 1648 30B22B40 		.word	1076605488
 1450 164c 00000000 		.word	0
 1451 1650 CF2C1CC0 		.word	-1071895345
 1452 1654 00000000 		.word	0
 1453 1658 5F8AB73F 		.word	1068993119
 1454 165c 00000000 		.word	0
 1455 1660 A281D4BE 		.word	-1093369438
 1456 1664 00000000 		.word	0
 1457 1668 46B2FD3F 		.word	1073590854
 1458 166c 00000000 		.word	0
 1459 1670 1043AC3F 		.word	1068253968
 1460 1674 00000000 		.word	0
 1461 1678 328015C0 		.word	-1072332750
 1462 167c 00000000 		.word	0
 1463 1680 5372883F 		.word	1065906771
 1464 1684 00000000 		.word	0
 1465 1688 637A2F40 		.word	1076853347
 1466 168c 00000000 		.word	0
 1467 1690 A584E0BF 		.word	-1075805019
 1468 1694 00000000 		.word	0
 1469 1698 3AC16A3E 		.word	1047183674
 1470 169c 00000000 		.word	0
 1471 16a0 C9062EBF 		.word	-1087502647
 1472 16a4 00000000 		.word	0
 1473 16a8 D28A11C0 		.word	-1072592174
 1474 16ac 00000000 		.word	0
 1475 16b0 C365193E 		.word	1041851843
 1476 16b4 00000000 		.word	0
 1477 16b8 C50C0FBE 		.word	-1106309947
 1478 16bc 00000000 		.word	0
 1479 16c0 DA7E31C0 		.word	-1070498086
 1480 16c4 00000000 		.word	0
 1481 16c8 A8E88CC0 		.word	-1064507224
 1482 16cc 00000000 		.word	0
 1483 16d0 5B07BCBF 		.word	-1078196389
 1484 16d4 00000000 		.word	0
 1485 16d8 D33C2A3F 		.word	1059732691
 1486 16dc 00000000 		.word	0
 1487 16e0 519B5CC0 		.word	-1067672751
 1488 16e4 00000000 		.word	0
 1489 16e8 03CDEC3F 		.word	1072483587
 1490 16ec 00000000 		.word	0
 1491 16f0 CD82C6BF 		.word	-1077509427
 1492 16f4 00000000 		.word	0
 1493 16f8 068168C0 		.word	-1066893050
 1494 16fc 00000000 		.word	0
 1495 1700 68FA533F 		.word	1062468200
 1496 1704 00000000 		.word	0
 1497 1708 CDD13240 		.word	1077072333
 1498 170c 00000000 		.word	0
 1499 1710 1A1018BF 		.word	-1088942054
 1500 1714 00000000 		.word	0
 1501 1718 0F37123E 		.word	1041381135
 1502 171c 00000000 		.word	0
 1503 1720 256E0D3F 		.word	1057844773
 1504 1724 00000000 		.word	0
 1505 1728 A595573F 		.word	1062704549
 1506 172c 00000000 		.word	0
 1507 1730 F208B53F 		.word	1068828914
 1508 1734 00000000 		.word	0
 1509 1738 B1849FBE 		.word	-1096842063
 1510 173c 00000000 		.word	0
 1511 1740 0A5BC13F 		.word	1069636362
 1512 1744 00000000 		.word	0
 1513 1748 939AD83F 		.word	1071159955
 1514 174c 00000000 		.word	0
 1515 1750 651F1D3F 		.word	1058873189
 1516 1754 00000000 		.word	0
 1517 1758 1F99853D 		.word	1032165663
 1518 175c 00000000 		.word	0
 1519 1760 399A24C0 		.word	-1071343047
 1520 1764 00000000 		.word	0
 1521 1768 077FDABF 		.word	-1076199673
 1522 176c 00000000 		.word	0
 1523 1770 BA832C3F 		.word	1059881914
 1524 1774 00000000 		.word	0
 1525 1778 1FCE633F 		.word	1063505439
 1526 177c 00000000 		.word	0
 1527 1780 175219C0 		.word	-1072082409
 1528 1784 00000000 		.word	0
 1529 1788 2D8B903F 		.word	1066437421
 1530 178c 00000000 		.word	0
 1531 1790 E1AE113F 		.word	1058123489
 1532 1794 00000000 		.word	0
 1533 1798 4376C440 		.word	1086617155
 1534 179c 00000000 		.word	0
 1535 17a0 F878523F 		.word	1062369528
 1536 17a4 00000000 		.word	0
 1537 17a8 438D52C0 		.word	-1068331709
 1538 17ac 00000000 		.word	0
 1539 17b0 5FD1D53E 		.word	1054200159
 1540 17b4 00000000 		.word	0
 1541 17b8 CE3ABF3F 		.word	1069497038
 1542 17bc 00000000 		.word	0
 1543 17c0 33A9D4BE 		.word	-1093359309
 1544 17c4 00000000 		.word	0
 1545 17c8 A8CC933E 		.word	1049873576
 1546 17cc 00000000 		.word	0
 1547 17d0 ABA4F2BF 		.word	-1074617173
 1548 17d4 00000000 		.word	0
 1549 17d8 9CFB0EBE 		.word	-1106314340
 1550 17dc 00000000 		.word	0
 1551 17e0 25F9B83F 		.word	1069087013
 1552 17e4 00000000 		.word	0
 1553 17e8 C1233840 		.word	1077420993
 1554 17ec 00000000 		.word	0
 1555 17f0 7FA1983F 		.word	1066967423
 1556 17f4 00000000 		.word	0
 1557 17f8 F0DDBEC0 		.word	-1061233168
 1558 17fc 00000000 		.word	0
 1559 1800 DE23123F 		.word	1058153438
 1560 1804 00000000 		.word	0
 1561 1808 6A031540 		.word	1075118954
 1562 180c 00000000 		.word	0
 1563 1810 F0E1AA3E 		.word	1051386352
 1564 1814 00000000 		.word	0
 1565 1818 45679C3F 		.word	1067214661
 1566 181c 00000000 		.word	0
 1567 1820 F57F713F 		.word	1064402933
 1568 1824 00000000 		.word	0
 1569 1828 8FC13240 		.word	1077068175
 1570 182c 00000000 		.word	0
 1571 1830 AD6E4A40 		.word	1078619821
 1572 1834 00000000 		.word	0
 1573 1838 8F4A0640 		.word	1074154127
 1574 183c 00000000 		.word	0
 1575 1840 7E947AC0 		.word	-1065708418
 1576 1844 00000000 		.word	0
 1577 1848 F6721EC0 		.word	-1071746314
 1578 184c 00000000 		.word	0
 1579 1850 6E38DC3F 		.word	1071396974
 1580 1854 00000000 		.word	0
 1581 1858 1005A3BF 		.word	-1079835376
 1582 185c 00000000 		.word	0
 1583 1860 5F529BBF 		.word	-1080339873
 1584 1864 00000000 		.word	0
 1585 1868 648B323F 		.word	1060277092
 1586 186c 00000000 		.word	0
 1587 1870 83AB9EBE 		.word	-1096897661
 1588 1874 00000000 		.word	0
 1589 1878 48D82740 		.word	1076353096
 1590 187c 00000000 		.word	0
 1591 1880 40DB04C0 		.word	-1073423552
 1592 1884 00000000 		.word	0
 1593 1888 0421473F 		.word	1061626116
 1594 188c 00000000 		.word	0
 1595 1890 DCF27DC0 		.word	-1065487652
 1596 1894 00000000 		.word	0
 1597 1898 974144C0 		.word	-1069268585
 1598 189c 00000000 		.word	0
 1599 18a0 CECD983F 		.word	1066978766
 1600 18a4 00000000 		.word	0
 1601 18a8 75635B3E 		.word	1046176629
 1602 18ac 00000000 		.word	0
 1603 18b0 681527C0 		.word	-1071180440
 1604 18b4 00000000 		.word	0
 1605 18b8 CB6FA1BF 		.word	-1079939125
 1606 18bc 00000000 		.word	0
 1607 18c0 122195BF 		.word	-1080745710
 1608 18c4 00000000 		.word	0
 1609 18c8 0FEB8EBF 		.word	-1081152753
 1610 18cc 00000000 		.word	0
 1611 18d0 3EE2583F 		.word	1062789694
 1612 18d4 00000000 		.word	0
 1613 18d8 F55A5EC0 		.word	-1067558155
 1614 18dc 00000000 		.word	0
 1615 18e0 CD63AA3C 		.word	1017799629
 1616 18e4 00000000 		.word	0
 1617 18e8 9F9D77C0 		.word	-1065902689
 1618 18ec 00000000 		.word	0
 1619 18f0 7805E13F 		.word	1071711608
 1620 18f4 00000000 		.word	0
 1621 18f8 CB3C5E3F 		.word	1063140555
 1622 18fc 00000000 		.word	0
 1623 1900 BC00693F 		.word	1063846076
 1624 1904 00000000 		.word	0
 1625 1908 537EF0BF 		.word	-1074758061
 1626 190c 00000000 		.word	0
 1627 1910 FBECDA3F 		.word	1071312123
 1628 1914 00000000 		.word	0
 1629 1918 0706BCBF 		.word	-1078196729
 1630 191c 00000000 		.word	0
 1631 1920 7757E63F 		.word	1072060279
 1632 1924 00000000 		.word	0
 1633 1928 C0839DC0 		.word	-1063418944
 1634 192c 00000000 		.word	0
 1635 1930 D4B0603E 		.word	1046524116
 1636 1934 00000000 		.word	0
 1637 1938 70BF78BF 		.word	-1082605712
 1638 193c 00000000 		.word	0
 1639 1940 CDC670BF 		.word	-1083128115
 1640 1944 00000000 		.word	0
 1641 1948 95E6FA3D 		.word	1039853205
 1642 194c 00000000 		.word	0
 1643 1950 F4D4AFBF 		.word	-1078995724
 1644 1954 00000000 		.word	0
 1645 1958 1653E13F 		.word	1071731478
 1646 195c 00000000 		.word	0
 1647 1960 CF92C83E 		.word	1053332175
 1648 1964 00000000 		.word	0
 1649 1968 C5672140 		.word	1075931077
 1650 196c 00000000 		.word	0
 1651 1970 207DA6BF 		.word	-1079608032
 1652 1974 00000000 		.word	0
 1653 1978 DFCA09BF 		.word	-1089877281
 1654 197c 00000000 		.word	0
 1655 1980 42144C3F 		.word	1061950530
 1656 1984 00000000 		.word	0
 1657 1988 CA293A40 		.word	1077553610
 1658 198c 00000000 		.word	0
 1659 1990 AFA2CB3F 		.word	1070310063
 1660 1994 00000000 		.word	0
 1661 1998 5E0089BF 		.word	-1081540514
 1662 199c 00000000 		.word	0
 1663 19a0 8A6256C0 		.word	-1068080502
 1664 19a4 00000000 		.word	0
 1665 19a8 636498BF 		.word	-1080531869
 1666 19ac 00000000 		.word	0
 1667 19b0 E482AE3F 		.word	1068401380
 1668 19b4 00000000 		.word	0
 1669 19b8 023AE8BF 		.word	-1075299838
 1670 19bc 00000000 		.word	0
 1671 19c0 BF8ABFBC 		.word	-1128297793
 1672 19c4 00000000 		.word	0
 1673 19c8 280EDC3F 		.word	1071386152
 1674 19cc 00000000 		.word	0
 1675 19d0 D104573F 		.word	1062667473
 1676 19d4 00000000 		.word	0
 1677 19d8 DFC7803F 		.word	1065404383
 1678 19dc 00000000 		.word	0
 1679 19e0 8EFD4F3F 		.word	1062206862
 1680 19e4 00000000 		.word	0
 1681 19e8 86BEE03F 		.word	1071693446
 1682 19ec 00000000 		.word	0
 1683 19f0 92FF2240 		.word	1076035474
 1684 19f4 00000000 		.word	0
 1685 19f8 1414C7BF 		.word	-1077472236
 1686 19fc 00000000 		.word	0
 1687 1a00 D22E823F 		.word	1065496274
 1688 1a04 00000000 		.word	0
 1689 1a08 97207F3F 		.word	1065296023
 1690 1a0c 00000000 		.word	0
 1691 1a10 A7309DBF 		.word	-1080217433
 1692 1a14 00000000 		.word	0
 1693 1a18 1DE79940 		.word	1083827997
 1694 1a1c 00000000 		.word	0
 1695 1a20 F75B1440 		.word	1075076087
 1696 1a24 00000000 		.word	0
 1697 1a28 C47C9ABF 		.word	-1080394556
 1698 1a2c 00000000 		.word	0
 1699 1a30 7E0AA33F 		.word	1067649662
 1700 1a34 00000000 		.word	0
 1701 1a38 0B6E393F 		.word	1060728331
 1702 1a3c 00000000 		.word	0
 1703 1a40 518BC23F 		.word	1069714257
 1704 1a44 00000000 		.word	0
 1705 1a48 99FA2FC0 		.word	-1070597479
 1706 1a4c 00000000 		.word	0
 1707 1a50 83235B40 		.word	1079714691
 1708 1a54 00000000 		.word	0
 1709 1a58 20BD6DC0 		.word	-1066549984
 1710 1a5c 00000000 		.word	0
 1711 1a60 5A71CE3F 		.word	1070494042
 1712 1a64 00000000 		.word	0
 1713 1a68 707202C0 		.word	-1073581456
 1714 1a6c 00000000 		.word	0
 1715 1a70 B947BC3F 		.word	1069303737
 1716 1a74 00000000 		.word	0
 1717 1a78 07250740 		.word	1074210055
 1718 1a7c 00000000 		.word	0
 1719 1a80 62E3833F 		.word	1065608034
 1720 1a84 00000000 		.word	0
 1721 1a88 377DD7BE 		.word	-1093173961
 1722 1a8c 00000000 		.word	0
 1723 1a90 5942C0BF 		.word	-1077919143
 1724 1a94 00000000 		.word	0
 1725 1a98 4695E73E 		.word	1055364422
 1726 1a9c 00000000 		.word	0
 1727 1aa0 5B93CDBF 		.word	-1077046437
 1728 1aa4 00000000 		.word	0
 1729 1aa8 763280C0 		.word	-1065340298
 1730 1aac 00000000 		.word	0
 1731 1ab0 7FC709C0 		.word	-1073100929
 1732 1ab4 00000000 		.word	0
 1733 1ab8 6BF9D53F 		.word	1070987627
 1734 1abc 00000000 		.word	0
 1735 1ac0 ED75DB3F 		.word	1071347181
 1736 1ac4 00000000 		.word	0
 1737 1ac8 717981BF 		.word	-1082033807
 1738 1acc 00000000 		.word	0
 1739 1ad0 A08F13BF 		.word	-1089237088
 1740 1ad4 00000000 		.word	0
 1741 1ad8 18D33B3F 		.word	1060885272
 1742 1adc 00000000 		.word	0
 1743 1ae0 1F8B803F 		.word	1065388831
 1744 1ae4 00000000 		.word	0
 1745 1ae8 A44A813F 		.word	1065437860
 1746 1aec 00000000 		.word	0
 1747 1af0 F4EE7340 		.word	1081339636
 1748 1af4 00000000 		.word	0
 1749 1af8 3F61A7C0 		.word	-1062772417
 1750 1afc 00000000 		.word	0
 1751 1b00 59942D3F 		.word	1059951705
 1752 1b04 00000000 		.word	0
 1753 1b08 82C2A03F 		.word	1067500162
 1754 1b0c 00000000 		.word	0
 1755 1b10 BA56D63F 		.word	1071011514
 1756 1b14 00000000 		.word	0
 1757 1b18 970ED4BF 		.word	-1076621673
 1758 1b1c 00000000 		.word	0
 1759 1b20 2AAB953F 		.word	1066773290
 1760 1b24 00000000 		.word	0
 1761 1b28 DB60063F 		.word	1057382619
 1762 1b2c 00000000 		.word	0
 1763 1b30 FB721940 		.word	1075409659
 1764 1b34 00000000 		.word	0
 1765 1b38 21F50640 		.word	1074197793
 1766 1b3c 00000000 		.word	0
 1767 1b40 56680240 		.word	1073899606
 1768 1b44 00000000 		.word	0
 1769 1b48 7BA81FBF 		.word	-1088444293
 1770 1b4c 00000000 		.word	0
 1771 1b50 98FB3E40 		.word	1077869464
 1772 1b54 00000000 		.word	0
 1773 1b58 5DEB903F 		.word	1066462045
 1774 1b5c 00000000 		.word	0
 1775 1b60 5AFE36C0 		.word	-1070137766
 1776 1b64 00000000 		.word	0
 1777 1b68 A6BD79BF 		.word	-1082540634
 1778 1b6c 00000000 		.word	0
 1779 1b70 5B12AEBF 		.word	-1079111077
 1780 1b74 00000000 		.word	0
 1781 1b78 D7A63DC0 		.word	-1069701417
 1782 1b7c 00000000 		.word	0
 1783 1b80 53376ABE 		.word	-1100335277
 1784 1b84 00000000 		.word	0
 1785 1b88 449FB4BF 		.word	-1078681788
 1786 1b8c 00000000 		.word	0
 1787 1b90 71D63D3F 		.word	1061017201
 1788 1b94 00000000 		.word	0
 1789 1b98 6EBFFE3E 		.word	1056882542
 1790 1b9c 00000000 		.word	0
 1791 1ba0 57CD1740 		.word	1075301719
 1792 1ba4 00000000 		.word	0
 1793 1ba8 A01F883F 		.word	1065885600
 1794 1bac 00000000 		.word	0
 1795 1bb0 FF1D24BF 		.word	-1088152065
 1796 1bb4 00000000 		.word	0
 1797 1bb8 1CFE5ABF 		.word	-1084555748
 1798 1bbc 00000000 		.word	0
 1799 1bc0 E50C143F 		.word	1058278629
 1800 1bc4 00000000 		.word	0
 1801 1bc8 305F4040 		.word	1077960496
 1802 1bcc 00000000 		.word	0
 1803 1bd0 1411FB3F 		.word	1073418516
 1804 1bd4 00000000 		.word	0
 1805 1bd8 64334DC0 		.word	-1068682396
 1806 1bdc 00000000 		.word	0
 1807 1be0 D496BABE 		.word	-1095067948
 1808 1be4 00000000 		.word	0
 1809 1be8 DBBF86BE 		.word	-1098465317
 1810 1bec 00000000 		.word	0
 1811 1bf0 A7F6EB3F 		.word	1072428711
 1812 1bf4 00000000 		.word	0
 1813 1bf8 4395D6BE 		.word	-1093233341
 1814 1bfc 00000000 		.word	0
 1815 1c00 6CC7D43F 		.word	1070909292
 1816 1c04 00000000 		.word	0
 1817 1c08 458B5ABF 		.word	-1084585147
 1818 1c0c 00000000 		.word	0
 1819 1c10 716225C0 		.word	-1071291791
 1820 1c14 00000000 		.word	0
 1821 1c18 B3E05D40 		.word	1079894195
 1822 1c1c 00000000 		.word	0
 1823 1c20 37B5613F 		.word	1063367991
 1824 1c24 00000000 		.word	0
 1825 1c28 F4C3E83E 		.word	1055441908
 1826 1c2c 00000000 		.word	0
 1827 1c30 0D5EDEBF 		.word	-1075945971
 1828 1c34 00000000 		.word	0
 1829 1c38 E5690A40 		.word	1074424293
 1830 1c3c 00000000 		.word	0
 1831 1c40 259677C0 		.word	-1065904603
 1832 1c44 00000000 		.word	0
 1833 1c48 42E70040 		.word	1073801026
 1834 1c4c 00000000 		.word	0
 1835 1c50 220734BF 		.word	-1087109342
 1836 1c54 00000000 		.word	0
 1837 1c58 AF425AC0 		.word	-1067826513
 1838 1c5c 00000000 		.word	0
 1839 1c60 4CF5ECBF 		.word	-1074989748
 1840 1c64 00000000 		.word	0
 1841 1c68 99E7683F 		.word	1063839641
 1842 1c6c 00000000 		.word	0
 1843 1c70 AE2DBC3D 		.word	1035742638
 1844 1c74 00000000 		.word	0
 1845 1c78 030D2CC0 		.word	-1070854909
 1846 1c7c 00000000 		.word	0
 1847 1c80 69F867BF 		.word	-1083705239
 1848 1c84 00000000 		.word	0
 1849 1c88 4B675E40 		.word	1079928651
 1850 1c8c 00000000 		.word	0
 1851 1c90 F1EC12BF 		.word	-1089278735
 1852 1c94 00000000 		.word	0
 1853 1c98 0DEDDBBE 		.word	-1092883187
 1854 1c9c 00000000 		.word	0
 1855 1ca0 06C97D3F 		.word	1065208070
 1856 1ca4 00000000 		.word	0
 1857 1ca8 68C6FC3F 		.word	1073530472
 1858 1cac 00000000 		.word	0
 1859 1cb0 F2CC793F 		.word	1064946930
 1860 1cb4 00000000 		.word	0
 1861 1cb8 D9A743C0 		.word	-1069307943
 1862 1cbc 00000000 		.word	0
 1863 1cc0 409079C0 		.word	-1065775040
 1864 1cc4 00000000 		.word	0
 1865 1cc8 9B91B93E 		.word	1052348827
 1866 1ccc 00000000 		.word	0
 1867 1cd0 5CEE8FBF 		.word	-1081086372
 1868 1cd4 00000000 		.word	0
 1869 1cd8 052BE73F 		.word	1072114437
 1870 1cdc 00000000 		.word	0
 1871 1ce0 602C31C0 		.word	-1070519200
 1872 1ce4 00000000 		.word	0
 1873 1ce8 D2407A3E 		.word	1048199378
 1874 1cec 00000000 		.word	0
 1875 1cf0 F9A4683F 		.word	1063822585
 1876 1cf4 00000000 		.word	0
 1877 1cf8 0299A03F 		.word	1067489538
 1878 1cfc 00000000 		.word	0
 1879 1d00 0BD1B5BF 		.word	-1078603509
 1880 1d04 00000000 		.word	0
 1881 1d08 2E2B60BF 		.word	-1084216530
 1882 1d0c 00000000 		.word	0
 1883 1d10 843C3C3E 		.word	1044135044
 1884 1d14 00000000 		.word	0
 1885 1d18 562557C0 		.word	-1068030634
 1886 1d1c 00000000 		.word	0
 1887 1d20 00EF4BBF 		.word	-1085542656
 1888 1d24 00000000 		.word	0
 1889 1d28 4E82D4BF 		.word	-1076592050
 1890 1d2c 00000000 		.word	0
 1891 1d30 ABC4D33F 		.word	1070843051
 1892 1d34 00000000 		.word	0
 1893 1d38 9B193240 		.word	1077025179
 1894 1d3c 00000000 		.word	0
 1895 1d40 2283B53F 		.word	1068860194
 1896 1d44 00000000 		.word	0
 1897 1d48 4CD451BF 		.word	-1085156276
 1898 1d4c 00000000 		.word	0
 1899 1d50 0DC74E3F 		.word	1062127373
 1900 1d54 00000000 		.word	0
 1901 1d58 D02471BF 		.word	-1083104048
 1902 1d5c 00000000 		.word	0
 1903 1d60 650414C0 		.word	-1072429979
 1904 1d64 00000000 		.word	0
 1905 1d68 5F575F3F 		.word	1063212895
 1906 1d6c 00000000 		.word	0
 1907 1d70 40666B3F 		.word	1064003136
 1908 1d74 00000000 		.word	0
 1909 1d78 146F05C0 		.word	-1073385708
 1910 1d7c 00000000 		.word	0
 1911 1d80 BB79FCBF 		.word	-1073972805
 1912 1d84 00000000 		.word	0
 1913 1d88 EB7C86BF 		.word	-1081705237
 1914 1d8c 00000000 		.word	0
 1915 1d90 1C6DD43F 		.word	1070886172
 1916 1d94 00000000 		.word	0
 1917 1d98 BB0AE9BF 		.word	-1075246405
 1918 1d9c 00000000 		.word	0
 1919 1da0 51F898BF 		.word	-1080493999
 1920 1da4 00000000 		.word	0
 1921 1da8 16E4D1BF 		.word	-1076763626
 1922 1dac 00000000 		.word	0
 1923 1db0 7AF1CE3F 		.word	1070526842
 1924 1db4 00000000 		.word	0
 1925 1db8 6B9D8040 		.word	1082170731
 1926 1dbc 00000000 		.word	0
 1927 1dc0 5F815D40 		.word	1079869791
 1928 1dc4 00000000 		.word	0
 1929 1dc8 9D38D23F 		.word	1070741661
 1930 1dcc 00000000 		.word	0
 1931 1dd0 6BDE3DBD 		.word	-1120018837
 1932 1dd4 00000000 		.word	0
 1933 1dd8 59C52BBD 		.word	-1121204903
 1934 1ddc 00000000 		.word	0
 1935 1de0 F32B19C0 		.word	-1072092173
 1936 1de4 00000000 		.word	0
 1937 1de8 5FD5AEBE 		.word	-1095838369
 1938 1dec 00000000 		.word	0
 1939 1df0 DFBDC8BE 		.word	-1094140449
 1940 1df4 00000000 		.word	0
 1941 1df8 EC8F60BE 		.word	-1100967956
 1942 1dfc 00000000 		.word	0
 1943 1e00 8F0C01C0 		.word	-1073673073
 1944 1e04 00000000 		.word	0
 1945 1e08 513127BF 		.word	-1087950511
 1946 1e0c 00000000 		.word	0
 1947 1e10 76B1BB3F 		.word	1069265270
 1948 1e14 00000000 		.word	0
 1949 1e18 D0CF37C0 		.word	-1070084144
 1950 1e1c 00000000 		.word	0
 1951 1e20 400F0AC0 		.word	-1073082560
 1952 1e24 00000000 		.word	0
 1953 1e28 6727393F 		.word	1060710247
 1954 1e2c 00000000 		.word	0
 1955 1e30 E2467140 		.word	1081165538
 1956 1e34 00000000 		.word	0
 1957 1e38 B631F6BF 		.word	-1074384458
 1958 1e3c 00000000 		.word	0
 1959 1e40 2018253F 		.word	1059395616
 1960 1e44 00000000 		.word	0
 1961 1e48 47C605C0 		.word	-1073363385
 1962 1e4c 00000000 		.word	0
 1963 1e50 B5D88DBE 		.word	-1098000203
 1964 1e54 00000000 		.word	0
 1965 1e58 CC3C07BF 		.word	-1090044724
 1966 1e5c 00000000 		.word	0
 1967 1e60 E3282140 		.word	1075914979
 1968 1e64 00000000 		.word	0
 1969 1e68 9B39853F 		.word	1065695643
 1970 1e6c 00000000 		.word	0
 1971 1e70 4DF091C0 		.word	-1064177587
 1972 1e74 00000000 		.word	0
 1973 1e78 5F5868BE 		.word	-1100457889
 1974 1e7c 00000000 		.word	0
 1975 1e80 704EDB3F 		.word	1071337072
 1976 1e84 00000000 		.word	0
 1977 1e88 EECF52C0 		.word	-1068314642
 1978 1e8c 00000000 		.word	0
 1979 1e90 A5818EBF 		.word	-1081179739
 1980 1e94 00000000 		.word	0
 1981 1e98 AF2284BF 		.word	-1081859409
 1982 1e9c 00000000 		.word	0
 1983 1ea0 CC00CC3F 		.word	1070334156
 1984 1ea4 00000000 		.word	0
 1985 1ea8 78989FBF 		.word	-1080059784
 1986 1eac 00000000 		.word	0
 1987 1eb0 B8E942BE 		.word	-1102911048
 1988 1eb4 00000000 		.word	0
 1989 1eb8 DA14DCBF 		.word	-1076095782
 1990 1ebc 00000000 		.word	0
 1991 1ec0 65F934C0 		.word	-1070270107
 1992 1ec4 00000000 		.word	0
 1993 1ec8 4950BDBD 		.word	-1111666615
 1994 1ecc 00000000 		.word	0
 1995 1ed0 2EDB10BF 		.word	-1089414354
 1996 1ed4 00000000 		.word	0
 1997 1ed8 28F989BF 		.word	-1081476824
 1998 1edc 00000000 		.word	0
 1999 1ee0 90B59ABF 		.word	-1080380016
 2000 1ee4 00000000 		.word	0
 2001 1ee8 B3BE3FC0 		.word	-1069564237
 2002 1eec 00000000 		.word	0
 2003 1ef0 63DE3840 		.word	1077468771
 2004 1ef4 00000000 		.word	0
 2005 1ef8 A5163540 		.word	1077221029
 2006 1efc 00000000 		.word	0
 2007 1f00 07F35BBF 		.word	-1084493049
 2008 1f04 00000000 		.word	0
 2009 1f08 1A12FCBF 		.word	-1073999334
 2010 1f0c 00000000 		.word	0
 2011 1f10 2806473F 		.word	1061619240
 2012 1f14 00000000 		.word	0
 2013 1f18 EAD0FFBD 		.word	-1107308310
 2014 1f1c 00000000 		.word	0
 2015 1f20 15FE043E 		.word	1040514581
 2016 1f24 00000000 		.word	0
 2017 1f28 012686C0 		.word	-1064950271
 2018 1f2c 00000000 		.word	0
 2019 1f30 F6804140 		.word	1078034678
 2020 1f34 00000000 		.word	0
 2021 1f38 D52B933F 		.word	1066609621
 2022 1f3c 00000000 		.word	0
 2023 1f40 12710240 		.word	1073901842
 2024 1f44 00000000 		.word	0
 2025 1f48 27084140 		.word	1078003751
 2026 1f4c 00000000 		.word	0
 2027 1f50 1D8B9AC0 		.word	-1063613667
 2028 1f54 00000000 		.word	0
 2029 1f58 558FD5BF 		.word	-1076523179
 2030 1f5c 00000000 		.word	0
 2031 1f60 F265753F 		.word	1064658418
 2032 1f64 00000000 		.word	0
 2033 1f68 C77BC63F 		.word	1069972423
 2034 1f6c 00000000 		.word	0
 2035 1f70 3668BABF 		.word	-1078302666
 2036 1f74 00000000 		.word	0
 2037 1f78 3DFFA2BD 		.word	-1113391299
 2038 1f7c 00000000 		.word	0
 2039 1f80 74011DC0 		.word	-1071840908
 2040 1f84 00000000 		.word	0
 2041 1f88 A2F5973E 		.word	1050146210
 2042 1f8c 00000000 		.word	0
 2043 1f90 22C181BE 		.word	-1098792670
 2044 1f94 00000000 		.word	0
 2045 1f98 BC9FB53F 		.word	1068867516
 2046 1f9c 00000000 		.word	0
 2047 1fa0 3623D6BF 		.word	-1076485322
 2048 1fa4 00000000 		.word	0
 2049 1fa8 9C7CCFBF 		.word	-1076921188
 2050 1fac 00000000 		.word	0
 2051 1fb0 A8E48ABF 		.word	-1081416536
 2052 1fb4 00000000 		.word	0
 2053 1fb8 4E153D3F 		.word	1060967758
 2054 1fbc 00000000 		.word	0
 2055 1fc0 DE4206C0 		.word	-1073331490
 2056 1fc4 00000000 		.word	0
 2057 1fc8 A0902D40 		.word	1076727968
 2058 1fcc 00000000 		.word	0
 2059 1fd0 22D0BF3F 		.word	1069535266
 2060 1fd4 00000000 		.word	0
 2061 1fd8 71A2A83F 		.word	1068016241
 2062 1fdc 00000000 		.word	0
 2063 1fe0 23049BBE 		.word	-1097137117
 2064 1fe4 00000000 		.word	0
 2065 1fe8 59C736BD 		.word	-1120483495
 2066 1fec 00000000 		.word	0
 2067 1ff0 0C981540 		.word	1075157004
 2068 1ff4 00000000 		.word	0
 2069 1ff8 9DC37EC0 		.word	-1065434211
 2070 1ffc 00000000 		.word	0
 2071              		.text
 2072              	.Letext0:
 2073              		.file 1 "C:\\DAVE-3.1\\eclipse\\/../CMSIS/Include/arm_math.h"
 2074              		.file 2 "../arm_fft_bin_data.c"
DEFINED SYMBOLS
                            *ABS*:00000000 arm_fft_bin_data.c
C:\Users\wangguan\AppData\Local\Temp\ccylms3d.s:22     .data:00000000 testInput_f32_10khz
C:\Users\wangguan\AppData\Local\Temp\ccylms3d.s:19     .data:00000000 $d
                           .group:00000000 wm4.1.e2c96d5a5488b60ca900a5e0ea7772ef
                           .group:00000000 wm4.arm_math.h.265.70d56e5033e2760c278cbebe073db4fc
                           .group:00000000 wm4.core_cm0.h.47.022e66414e77714da7c4b30b3ad99fe8
                           .group:00000000 wm4.newlib.h.8.a9901dc52d1357e3e94003403d43f8b5
                           .group:00000000 wm4.features.h.22.b72b3baab2bb2eab3661375590100b6b
                           .group:00000000 wm4.config.h.193.5fb8ef056cdff92dec3dee9552839d8c
                           .group:00000000 wm4._ansi.h.23.7aefdac4826acebbfc9f3822a0aeb14c
                           .group:00000000 wm4.stdint.h.20.54ad762faa59e3c05491630641c8d8bf
                           .group:00000000 wm4.core_cmInstr.h.39.b7b6650bdd2316848d940915272d75b8
                           .group:00000000 wm4.arm_math.h.275.48de47ab2bd311f0657ea6a8c1abb55a
                           .group:00000000 wm4._default_types.h.6.5e12cd604db8ce00b62bb2f02708eaf3
                           .group:00000000 wm4.lock.h.2.9bc98482741e5e2a9450b12934a684ea
                           .group:00000000 wm4.stddef.h.349.31f4c5baff3fa2689010b32028da9c47
                           .group:00000000 wm4.reent.h.16.9e42f0e588b85e70b2bf6572af57ce64
                           .group:00000000 wm4.stddef.h.187.9e651b6b8b16e149c1353259404973ea
                           .group:00000000 wm4.string.h.17.f8d12df81104836a3f2a5d589ae830d8
                           .group:00000000 wm4.math.h.35.cc9264b0ced3bd063c5784e64e89cf51
                           .group:00000000 wm4.arm_math.h.297.1d5f7b8b87e168258299acd0bbe0005e

NO UNDEFINED SYMBOLS
