   1              		.syntax unified
   2              		.cpu cortex-m4
   3              		.eabi_attribute 27, 3
   4              		.fpu fpv4-sp-d16
   5              		.eabi_attribute 20, 1
   6              		.eabi_attribute 21, 1
   7              		.eabi_attribute 23, 3
   8              		.eabi_attribute 24, 1
   9              		.eabi_attribute 25, 1
  10              		.eabi_attribute 26, 1
  11              		.eabi_attribute 30, 6
  12              		.eabi_attribute 34, 1
  13              		.eabi_attribute 18, 4
  14              		.thumb
  15              		.file	"arm_signal_converge_data.c"
  16              		.text
  17              	.Ltext0:
  18              		.cfi_sections	.debug_frame
  19              		.global	testInput_f32
  20              		.data
  21              		.align	2
  24              	testInput_f32:
  25 0000 2979DDBE 		.word	-1092781783
  26 0004 DB31D5BF 		.word	-1076547109
  27 0008 0857003E 		.word	1040209672
  28 000c 454A933E 		.word	1049840197
  29 0010 90BF92BF 		.word	-1080901744
  30 0014 E76F983F 		.word	1066954727
  31 0018 8736983F 		.word	1066940039
  32 001c 10251ABD 		.word	-1122360048
  33 0020 D192A73E 		.word	1051169489
  34 0024 91D4323E 		.word	1043518609
  35 0028 A5303FBE 		.word	-1103155035
  36 002c 70CD393F 		.word	1060752752
  37 0030 F19B16BF 		.word	-1089037327
  38 0034 52B90B40 		.word	1074510162
  39 0038 65AB0BBE 		.word	-1106531483
  40 003c A854E93D 		.word	1038701736
  41 0040 DB8B883F 		.word	1065913307
  42 0044 A2D0723D 		.word	1030934690
  43 0048 19E3C3BD 		.word	-1111235815
  44 004c D31455BF 		.word	-1084943149
  45 0050 0ABD963E 		.word	1050066186
  46 0054 0308ABBF 		.word	-1079310333
  47 0058 01DE363F 		.word	1060560385
  48 005c E1D0CF3F 		.word	1070584033
  49 0060 3B1831BF 		.word	-1087301573
  50 0064 B1A55B3F 		.word	1062970801
  51 0068 1B83A03F 		.word	1067483931
  52 006c 58FFCBBF 		.word	-1077149864
  53 0070 8271B8BF 		.word	-1078431358
  54 0074 C136123F 		.word	1058158273
  55 0078 DCBDCCBE 		.word	-1093878308
  56 007c A5A3303F 		.word	1060152229
  57 0080 9ACC503F 		.word	1062259866
  58 0084 9A3F363F 		.word	1060519834
  59 0088 E926A53F 		.word	1067788009
  60 008c 6F292B3F 		.word	1059793263
  61 0090 616D983F 		.word	1066954081
  62 0094 1CEA99BF 		.word	-1080432100
  63 0098 A31EA2BC 		.word	-1130226013
  64 009c 6C7A20BE 		.word	-1105167764
  65 00a0 B152CDBF 		.word	-1077062991
  66 00a4 5ABD833E 		.word	1048821082
  67 00a8 823A87BF 		.word	-1081656702
  68 00ac 5723B53F 		.word	1068835671
  69 00b0 611A4EBF 		.word	-1085400479
  70 00b4 B45B073F 		.word	1057446836
  71 00b8 AF95603E 		.word	1046517167
  72 00bc C5016CBF 		.word	-1083440699
  73 00c0 53EC0AC0 		.word	-1073025965
  74 00c4 1E6F72BD 		.word	-1116573922
  75 00c8 745C81BF 		.word	-1082041228
  76 00cc 724D1D3F 		.word	1058884978
  77 00d0 50FB013F 		.word	1057094480
  78 00d4 8CA1D83F 		.word	1071161740
  79 00d8 535E173F 		.word	1058496083
  80 00dc A4C224BF 		.word	-1088109916
  81 00e0 88BBC23E 		.word	1052949384
  82 00e4 B72A81BF 		.word	-1082053961
  83 00e8 88D59FBC 		.word	-1130375800
  84 00ec 628345BD 		.word	-1119517854
  85 00f0 E65A3438 		.word	942955238
  86 00f4 6ABEA2BE 		.word	-1096630678
  87 00f8 17298C3F 		.word	1066150167
  88 00fc E8DEEFBF 		.word	-1074798872
  89 0100 CD3ADB3E 		.word	1054554829
  90 0104 8848653F 		.word	1063602312
  91 0108 FF1F3B3F 		.word	1060839423
  92 010c 70EE133F 		.word	1058270832
  93 0110 4B20253D 		.word	1025843275
  94 0114 B4552D3F 		.word	1059935668
  95 0118 6EA3113F 		.word	1058120558
  96 011c E7E382BE 		.word	-1098718233
  97 0120 9E43C1BE 		.word	-1094630498
  98 0124 807E97BE 		.word	-1097367936
  99 0128 39D1BCBF 		.word	-1078144711
 100 012c BF9E6FBE 		.word	-1099981121
 101 0130 4B93F23D 		.word	1039307595
 102 0134 A52EA13E 		.word	1050750629
 103 0138 DFC4B83F 		.word	1069073631
 104 013c FFB2B3BE 		.word	-1095519489
 105 0140 438C1F3F 		.word	1059032131
 106 0144 7A8E4C3F 		.word	1061981818
 107 0148 2BDE703F 		.word	1064361515
 108 014c BEF97DBF 		.word	-1082263106
 109 0150 B41F593E 		.word	1046028212
 110 0154 5797733E 		.word	1047762775
 111 0158 61FE80BF 		.word	-1082065311
 112 015c A9F63DBF 		.word	-1086458199
 113 0160 A4888A3F 		.word	1066043556
 114 0164 F0A706BE 		.word	-1106860048
 115 0168 5A9EC73E 		.word	1053269594
 116 016c 8732B43D 		.word	1035219591
 117 0170 D6AD22BF 		.word	-1088246314
 118 0174 2D400FBF 		.word	-1089519571
 119 0178 7C26E33E 		.word	1055073916
 120 017c E92C73BF 		.word	-1082970903
 121 0180 8BFB473F 		.word	1061682059
 122 0184 6EA7113F 		.word	1058121582
 123 0188 D95B52BF 		.word	-1085121575
 124 018c A4FD87BE 		.word	-1098383964
 125 0190 140998BF 		.word	-1080555244
 126 0194 D4F20CC0 		.word	-1072893228
 127 0198 95807C3F 		.word	1065123989
 128 019c 43C504BF 		.word	-1090206397
 129 01a0 C79CA73E 		.word	1051172039
 130 01a4 A3AC6F3E 		.word	1047506083
 131 01a8 77D9AF3C 		.word	1018157431
 132 01ac 3D8180BF 		.word	-1082097347
 133 01b0 297872BF 		.word	-1083017175
 134 01b4 28B5BFBE 		.word	-1094732504
 135 01b8 1DCB97BF 		.word	-1080571107
 136 01bc D42787BF 		.word	-1081661484
 137 01c0 3A7ABC3F 		.word	1069316666
 138 01c4 D253643D 		.word	1029985234
 139 01c8 0BD19BBF 		.word	-1080307445
 140 01cc A5DD28BD 		.word	-1121395291
 141 01d0 946D90BF 		.word	-1081053804
 142 01d4 24B5ACBF 		.word	-1079200476
 143 01d8 29AF85BE 		.word	-1098535127
 144 01dc 4816743F 		.word	1064572488
 145 01e0 41BB033E 		.word	1040431937
 146 01e4 490E283F 		.word	1059589705
 147 01e8 187B95BF 		.word	-1080722664
 148 01ec 6BD4EBBE 		.word	-1091840917
 149 01f0 895E86BE 		.word	-1098490231
 150 01f4 91489BBF 		.word	-1080342383
 151 01f8 50E3A8BF 		.word	-1079450800
 152 01fc 4E646E3F 		.word	1064199246
 153 0200 F33C383C 		.word	1010318579
 154 0204 4A2825BF 		.word	-1088083894
 155 0208 41444E3F 		.word	1062093889
 156 020c 5E2F6D3E 		.word	1047342942
 157 0210 E9607DBF 		.word	-1082302231
 158 0214 8E77AB3F 		.word	1068201870
 159 0218 9B39943E 		.word	1049901467
 160 021c 274DBD3F 		.word	1069370663
 161 0220 E7AA913F 		.word	1066511079
 162 0224 BC232FBF 		.word	-1087429700
 163 0228 295EA5BF 		.word	-1079681495
 164 022c 3A5A95BD 		.word	-1114285510
 165 0230 4644A9BE 		.word	-1096203194
 166 0234 01F857BF 		.word	-1084753919
 167 0238 B6DBFE3E 		.word	1056889782
 168 023c D786BE3F 		.word	1069450967
 169 0240 DAE50BBF 		.word	-1089739302
 170 0244 22C558BF 		.word	-1084701406
 171 0248 C43F7CBE 		.word	-1099153468
 172 024c F1BB293F 		.word	1059699697
 173 0250 A8AC5ABF 		.word	-1084576600
 174 0254 B1C499BF 		.word	-1080441679
 175 0258 E17DF5BD 		.word	-1107984927
 176 025c DCB885BD 		.word	-1115309860
 177 0260 B878F83E 		.word	1056471224
 178 0264 197218BF 		.word	-1088916967
 179 0268 914219BE 		.word	-1105640815
 180 026c D097DEBE 		.word	-1092708400
 181 0270 C477A2BD 		.word	-1113425980
 182 0274 DC7FC43F 		.word	1069842396
 183 0278 78421BBF 		.word	-1088732552
 184 027c 6476ACBF 		.word	-1079216540
 185 0280 F852F03E 		.word	1055937272
 186 0284 2B5067BF 		.word	-1083748309
 187 0288 E8F6123D 		.word	1024653032
 188 028c DFA520BF 		.word	-1088379425
 189 0290 D80F093F 		.word	1057558488
 190 0294 CE890D3F 		.word	1057851854
 191 0298 1D9450BE 		.word	-1102015459
 192 029c 107A03C0 		.word	-1073513968
 193 02a0 12BE073E 		.word	1040694802
 194 02a4 7EE5CB3F 		.word	1070327166
 195 02a8 535B823F 		.word	1065507667
 196 02ac 9D4ACABF 		.word	-1077261667
 197 02b0 8B19A1BD 		.word	-1113515637
 198 02b4 13812EBF 		.word	-1087471341
 199 02b8 8D2483BF 		.word	-1081924467
 200 02bc 47FF9DBF 		.word	-1080164537
 201 02c0 83DE933E 		.word	1049878147
 202 02c4 9ACDDBBE 		.word	-1092891238
 203 02c8 978F643D 		.word	1030000535
 204 02cc FB59BCBE 		.word	-1094952453
 205 02d0 F110EEBE 		.word	-1091694351
 206 02d4 9AEEBD3E 		.word	1052634778
 207 02d8 C1703A3F 		.word	1060794561
 208 02dc A12D0740 		.word	1074212257
 209 02e0 F1BBADBF 		.word	-1079133199
 210 02e4 E2E482BF 		.word	-1081940766
 211 02e8 BFD7843F 		.word	1065670591
 212 02ec DE93C7BE 		.word	-1094216738
 213 02f0 53CDB0BF 		.word	-1078932141
 214 02f4 DA8EA13E 		.word	1050775258
 215 02f8 ABD0C63F 		.word	1069994155
 216 02fc 8B38353F 		.word	1060452491
 217 0300 978BFA3F 		.word	1073384343
 218 0304 AA29013F 		.word	1057040810
 219 0308 E3A8EE3F 		.word	1072605411
 220 030c D7FBADBE 		.word	-1095894057
 221 0310 47E491BF 		.word	-1080957881
 222 0314 A13058BE 		.word	-1101516639
 223 0318 F359983F 		.word	1066949107
 224 031c F0DF8EBF 		.word	-1081155600
 225 0320 51A1223F 		.word	1059234129
 226 0324 23F619BF 		.word	-1088817629
 227 0328 761A0D3F 		.word	1057823350
 228 032c 8FC78CBF 		.word	-1081292913
 229 0330 0D1CB03D 		.word	1034951693
 230 0334 C34A00C0 		.word	-1073722685
 231 0338 0876FCBE 		.word	-1090750968
 232 033c 8E91EC3E 		.word	1055691150
 233 0340 C45AA4BE 		.word	-1096525116
 234 0344 78479E3F 		.word	1067337592
 235 0348 919B21BF 		.word	-1088316527
 236 034c 42D014C0 		.word	-1072377790
 237 0350 48A69DBF 		.word	-1080187320
 238 0354 791F873F 		.word	1065820025
 239 0358 FCE1E7BD 		.word	-1108876804
 240 035c A629C23E 		.word	1052912038
 241 0360 17B7713F 		.word	1064417047
 242 0364 13B507C0 		.word	-1073236717
 243 0368 AF0925BF 		.word	-1088091729
 244 036c 234D34BF 		.word	-1087091421
 245 0370 505282BF 		.word	-1081978288
 246 0374 B4733ABE 		.word	-1103465548
 247 0378 8EB0C23F 		.word	1069723790
 248 037c 36721DBD 		.word	-1122143690
 249 0380 041D9D3F 		.word	1067261188
 250 0384 7E3A32BF 		.word	-1087227266
 251 0388 E38BF63B 		.word	1006013411
 252 038c AD6B48BF 		.word	-1085772883
 253 0390 A241163F 		.word	1058423202
 254 0394 349E80BE 		.word	-1098867148
 255 0398 63D4F53E 		.word	1056298083
 256 039c 350C2B3F 		.word	1059785781
 257 03a0 C366A0BD 		.word	-1113561405
 258 03a4 D7A0633F 		.word	1063493847
 259 03a8 5CCB1340 		.word	1075039068
 260 03ac BE4E063F 		.word	1057377982
 261 03b0 431E41BC 		.word	-1136583101
 262 03b4 9CC3693F 		.word	1063895964
 263 03b8 6422653D 		.word	1030038116
 264 03bc 78B48DBF 		.word	-1081232264
 265 03c0 3293F83E 		.word	1056478002
 266 03c4 FC00A4BB 		.word	-1146879748
 267 03c8 726C8DBE 		.word	-1098027918
 268 03cc C762A33F 		.word	1067672263
 269 03d0 ED83EE3F 		.word	1072595949
 270 03d4 6DC605BF 		.word	-1090140563
 271 03d8 F6CFD33D 		.word	1037291510
 272 03dc 16C24EBF 		.word	-1085357546
 273 03e0 40312E3F 		.word	1059991872
 274 03e4 715517C0 		.word	-1072212623
 275 03e8 2D787D3F 		.word	1065187373
 276 03ec 0F27603E 		.word	1046488847
 277 03f0 90F8853E 		.word	1048967312
 278 03f4 22529B3F 		.word	1067143714
 279 03f8 27A18CBE 		.word	-1098079961
 280 03fc 475408BE 		.word	-1106750393
 281 0400 BE9FA2BF 		.word	-1079861314
 282 0404 0BF1D4BF 		.word	-1076563701
 283 0408 1D1C34BF 		.word	-1087103971
 284 040c 81CF8F3E 		.word	1049612161
 285 0410 AC8C0ABF 		.word	-1089827668
 286 0414 25B1AABF 		.word	-1079332571
 287 0418 C64D893F 		.word	1065962950
 288 041c 344B36BF 		.word	-1086960844
 289 0420 EAE838BC 		.word	-1137121046
 290 0424 F12B56BA 		.word	-1168757775
 291 0428 276C7FBE 		.word	-1098945497
 292 042c E10BCB3E 		.word	1053494241
 293 0430 B62C87BE 		.word	-1098437450
 294 0434 50FED4BF 		.word	-1076560304
 295 0438 74B583BF 		.word	-1081887372
 296 043c E5ED783E 		.word	1048112613
 297 0440 F1D7A0BF 		.word	-1079977999
 298 0444 F8C1B1BE 		.word	-1095646728
 299 0448 C1FD70BF 		.word	-1083114047
 300 044c FB5796BF 		.word	-1080666117
 301 0450 C8B482BF 		.word	-1081953080
 302 0454 4CA7CDBE 		.word	-1093818548
 303 0458 80D5313E 		.word	1043453312
 304 045c 46CFEDBD 		.word	-1108488378
 305 0460 0D35883F 		.word	1065891085
 306 0464 78467BBE 		.word	-1099217288
 307 0468 B83EC2BF 		.word	-1077789000
 308 046c 5B7B1F3C 		.word	1008696155
 309 0470 022C923D 		.word	1032989698
 310 0474 0211A23E 		.word	1050808578
 311 0478 32E9FF3E 		.word	1056958770
 312 047c 4298A33F 		.word	1067685954
 313 0480 AB3D0CBF 		.word	-1089716821
 314 0484 A088853E 		.word	1048938656
 315 0488 58E457BC 		.word	-1135090600
 316 048c 2E8C14BF 		.word	-1089172434
 317 0490 45B90840 		.word	1074313541
 318 0494 60E683BE 		.word	-1098652064
 319 0498 6A6BB4BF 		.word	-1078695062
 320 049c AB92E23F 		.word	1071813291
 321 04a0 F7ADA63E 		.word	1051110903
 322 04a4 B43C8FBF 		.word	-1081131852
 323 04a8 42CF1E3F 		.word	1058983746
 324 04ac 3788A23F 		.word	1067616311
 325 04b0 136365BF 		.word	-1083874541
 326 04b4 516B0A3E 		.word	1040870225
 327 04b8 80600EBE 		.word	-1106354048
 328 04bc 21EA94BF 		.word	-1080759775
 329 04c0 2384973F 		.word	1066894371
 330 04c4 1CCE7CBC 		.word	-1132671460
 331 04c8 A645093F 		.word	1057572262
 332 04cc E46737BF 		.word	-1086887964
 333 04d0 B7D227BF 		.word	-1087909193
 334 04d4 30F4A03E 		.word	1050735664
 335 04d8 4CC1DA3D 		.word	1037746508
 336 04dc 5892EC3F 		.word	1072468568
 337 04e0 B2DA8CBE 		.word	-1098065230
 338 04e4 7C9A0D40 		.word	1074633340
 339 04e8 6117C13F 		.word	1069619041
 340 04ec 59F8F8BF 		.word	-1074202535
 341 04f0 081CD7BF 		.word	-1076421624
 342 04f4 20D312BF 		.word	-1089285344
 343 04f8 D0463EBE 		.word	-1103214896
 344 04fc E95F123C 		.word	1007837161
 345 0500 5B42563F 		.word	1062617691
 346 0504 C1E638BF 		.word	-1086789951
 347 0508 92B338BF 		.word	-1086803054
 348 050c 64024EBE 		.word	-1102183836
 349 0510 1EA4A7BC 		.word	-1129864162
 350 0514 ACCA8E3E 		.word	1049545388
 351 0518 3676873F 		.word	1065842230
 352 051c F6251F3F 		.word	1059005942
 353 0520 2714E0BF 		.word	-1075833817
 354 0524 6685323F 		.word	1060275558
 355 0528 8CBD4F3F 		.word	1062190476
 356 052c 82E7223F 		.word	1059252098
 357 0530 B4B0A73F 		.word	1067954356
 358 0534 6479A73E 		.word	1051162980
 359 0538 45492CBF 		.word	-1087616699
 360 053c 2DE918BE 		.word	-1105663699
 361 0540 B6BC1CC0 		.word	-1071858506
 362 0544 8B52F23E 		.word	1056068235
 363 0548 6281EF3D 		.word	1039106402
 364 054c 975217BF 		.word	-1088990569
 365 0550 F29A27BF 		.word	-1087923470
 366 0554 22538ABF 		.word	-1081453790
 367 0558 958143BD 		.word	-1119649387
 368 055c 8239C23E 		.word	1052916098
 369 0560 1425A9BE 		.word	-1096211180
 370 0564 A1F2FFBE 		.word	-1090522463
 371 0568 B75E13BD 		.word	-1122804041
 372 056c 49F432BE 		.word	-1103956919
 373 0570 520F75BF 		.word	-1082847406
 374 0574 3672A53F 		.word	1067807286
 375 0578 F5BEE13E 		.word	1054981877
 376 057c E0F5A33F 		.word	1067709920
 377 0580 77D6FEBE 		.word	-1090595209
 378 0584 1E328FBF 		.word	-1081134562
 379 0588 27C24E3F 		.word	1062126119
 380 058c 55C1283D 		.word	1026081109
 381 0590 EA9641BF 		.word	-1086220566
 382 0594 4489B6BD 		.word	-1112110780
 383 0598 009100C0 		.word	-1073704704
 384 059c D3BD8A3F 		.word	1066057171
 385 05a0 552F7BBF 		.word	-1082445995
 386 05a4 D14030BF 		.word	-1087356719
 387 05a8 0C74AB3F 		.word	1068200972
 388 05ac 26C468BF 		.word	-1083653082
 389 05b0 2062D3BE 		.word	-1093443040
 390 05b4 E69301BF 		.word	-1090415642
 391 05b8 E753CF3F 		.word	1070552039
 392 05bc 6CAFA53D 		.word	1034268524
 393 05c0 0B608ABF 		.word	-1081450485
 394 05c4 35F08FBF 		.word	-1081085899
 395 05c8 A22ADE3F 		.word	1071524514
 396 05cc A8FEF73F 		.word	1073217192
 397 05d0 E949D13F 		.word	1070680553
 398 05d4 A4C2A0BF 		.word	-1079983452
 399 05d8 B5A95ABE 		.word	-1101354571
 400 05dc D5B44BBE 		.word	-1102334763
 401 05e0 82709D3E 		.word	1050505346
 402 05e4 E48312BF 		.word	-1089305628
 403 05e8 24477ABF 		.word	-1082505436
 404 05ec 26C4E4BE 		.word	-1092303834
 405 05f0 FE818A3F 		.word	1066041854
 406 05f4 77D91740 		.word	1075304823
 407 05f8 79CA6A3E 		.word	1047186041
 408 05fc CF8288BE 		.word	-1098349873
 409 0600 C7A0333F 		.word	1060348103
 410 0604 65A5F9BE 		.word	-1090935451
 411 0608 BF65EE3F 		.word	1072588223
 412 060c 4BAD8D3F 		.word	1066249547
 413 0610 E2209DBF 		.word	-1080221470
 414 0614 957D2BBF 		.word	-1087668843
 415 0618 90A3AB3F 		.word	1068213136
 416 061c D1B2C63E 		.word	1053209297
 417 0620 073FC93E 		.word	1053376263
 418 0624 EC89DABF 		.word	-1076196884
 419 0628 DF53693E 		.word	1047090143
 420 062c A5852F3F 		.word	1060079013
 421 0630 AB0423BF 		.word	-1088224085
 422 0634 655580BF 		.word	-1082108571
 423 0638 6E133EBE 		.word	-1103228050
 424 063c 8EEA86BF 		.word	-1081677170
 425 0640 0A8392BD 		.word	-1114471670
 426 0644 0AF38E3E 		.word	1049555722
 427 0648 7AC7AF3F 		.word	1068484474
 428 064c 3D28383E 		.word	1043867709
 429 0650 A0C10ABF 		.word	-1089814112
 430 0654 2C2DD13F 		.word	1070673196
 431 0658 4A41533F 		.word	1062420810
 432 065c 9D4C6C3E 		.word	1047284893
 433 0660 35F02B3F 		.word	1059844149
 434 0664 661102BF 		.word	-1090383514
 435 0668 E2395B3F 		.word	1062943202
 436 066c 3A79893E 		.word	1049196858
 437 0670 5DFE1F3F 		.word	1059061341
 438 0674 2C0F86BF 		.word	-1081733332
 439 0678 D690C43F 		.word	1069846742
 440 067c 166DDE3E 		.word	1054764310
 441 0680 B664F5BF 		.word	-1074436938
 442 0684 FA9BF03E 		.word	1055955962
 443 0688 EF1DA33F 		.word	1067654639
 444 068c 7D77233F 		.word	1059288957
 445 0690 77BDB03F 		.word	1068547447
 446 0694 9EF0A83F 		.word	1068036254
 447 0698 57D068BF 		.word	-1083649961
 448 069c 088F13C0 		.word	-1072460024
 449 06a0 1BF5E43F 		.word	1071969563
 450 06a4 AD16C83E 		.word	1053300397
 451 06a8 847EA63C 		.word	1017544324
 452 06ac 38DCCFBE 		.word	-1093673928
 453 06b0 7077C4BF 		.word	-1077643408
 454 06b4 9BAF623E 		.word	1046654875
 455 06b8 EEEEAFBF 		.word	-1078989074
 456 06bc 73DB56BF 		.word	-1084826765
 457 06c0 83A655BE 		.word	-1101683069
 458 06c4 8483413F 		.word	1061258116
 459 06c8 3560C03E 		.word	1052794933
 460 06cc 7E36ACBF 		.word	-1079232898
 461 06d0 1DAEBD3F 		.word	1069395485
 462 06d4 2F16063D 		.word	1023809071
 463 06d8 016BEF3F 		.word	1072655105
 464 06dc 38C09ABF 		.word	-1080377288
 465 06e0 925A48BF 		.word	-1085777262
 466 06e4 B56D44BF 		.word	-1086034507
 467 06e8 AC8BDBBD 		.word	-1109685332
 468 06ec 68207ABF 		.word	-1082515352
 469 06f0 EBC776BF 		.word	-1082734613
 470 06f4 5B4418C0 		.word	-1072151461
 471 06f8 7D9356BF 		.word	-1084845187
 472 06fc DBC2833E 		.word	1048822491
 473 0700 FB3E3CBE 		.word	-1103347973
 474 0704 44A32BBE 		.word	-1104436412
 475 0708 EE97EFBD 		.word	-1108371474
 476 070c 1E882C3E 		.word	1043105822
 477 0710 094F00BF 		.word	-1090498807
 478 0714 DC7F34BF 		.word	-1087078436
 479 0718 1A17023F 		.word	1057101594
 480 071c 1783D7BE 		.word	-1093172457
 481 0720 D7A16A3E 		.word	1047175639
 482 0724 98A175BF 		.word	-1082809960
 483 0728 4C8C15BE 		.word	-1105884084
 484 072c 0B9A3E3F 		.word	1061067275
 485 0730 8CF763BF 		.word	-1083967604
 486 0734 45660E3E 		.word	1041131077
 487 0738 BCCF71BE 		.word	-1099837508
 488 073c 408A9ABD 		.word	-1113945536
 489 0740 C096B7BE 		.word	-1095264576
 490 0744 F9F704C0 		.word	-1073416199
 491 0748 B9FD12BE 		.word	-1106051655
 492 074c FF58B23F 		.word	1068652799
 493 0750 A0DC263F 		.word	1059511456
 494 0754 B517C1BE 		.word	-1094641739
 495 0758 545429BF 		.word	-1087810476
 496 075c D9EE7E3E 		.word	1048506073
 497 0760 365CC4BE 		.word	-1094427594
 498 0764 774A07BF 		.word	-1090041225
 499 0768 87DE623D 		.word	1029889671
 500 076c 817BA03F 		.word	1067481985
 501 0770 BF4721C0 		.word	-1071560769
 502 0774 1FB9153F 		.word	1058388255
 503 0778 3E0881BF 		.word	-1082062786
 504 077c A9BC713F 		.word	1064418473
 505 0780 1D221BC0 		.word	-1071963619
 506 0784 F43365BE 		.word	-1100663820
 507 0788 CFDA6D3D 		.word	1030609615
 508 078c 0267D9BE 		.word	-1093048574
 509 0790 BCC94FBE 		.word	-1102067268
 510 0794 82ACC1BF 		.word	-1077826430
 511 0798 4D2C90BF 		.word	-1081070515
 512 079c F9A350BF 		.word	-1085234183
 513 07a0 D5B4BB3E 		.word	1052488917
 514 07a4 1C0B16BF 		.word	-1089074404
 515 07a8 D1C9C43F 		.word	1069861329
 516 07ac 096F0F3E 		.word	1041198857
 517 07b0 266FEEBF 		.word	-1074893018
 518 07b4 FC8BE8BE 		.word	-1092056068
 519 07b8 52EE26BF 		.word	-1087967662
 520 07bc 6398D33D 		.word	1037277283
 521 07c0 5BED61BE 		.word	-1100878501
 522 07c4 B9DE8EBE 		.word	-1097933127
 523 07c8 46D13BBF 		.word	-1086598842
 524 07cc 672A84BD 		.word	-1115411865
 525 07d0 20D5B8BF 		.word	-1078405856
 526 07d4 50C21C3F 		.word	1058849360
 527 07d8 8C68A9BF 		.word	-1079416692
 528 07dc 1C5D29BF 		.word	-1087808228
 529 07e0 2C9F15BE 		.word	-1105879252
 530 07e4 FF097E3E 		.word	1048447487
 531 07e8 C3F19CBD 		.word	-1113787965
 532 07ec 5B7CDE3F 		.word	1071545435
 533 07f0 C79CCF3F 		.word	1070570695
 534 07f4 1C5E203F 		.word	1059085852
 535 07f8 FA08BC3D 		.word	1035733242
 536 07fc 55BF4EBF 		.word	-1085358251
 537 0800 5D34ECBE 		.word	-1091816355
 538 0804 CBF6B3BF 		.word	-1078724917
 539 0808 65C2BFBE 		.word	-1094729115
 540 080c 3F1BF1BE 		.word	-1091495105
 541 0810 782AE03F 		.word	1071655544
 542 0814 5BD3403F 		.word	1061213019
 543 0818 F418853D 		.word	1032132852
 544 081c 2AE595BE 		.word	-1097472726
 545 0820 1B9FA93D 		.word	1034526491
 546 0824 1825443F 		.word	1061430552
 547 0828 8D280F40 		.word	1074735245
 548 082c BC5DA73E 		.word	1051155900
 549 0830 7E015D3F 		.word	1063059838
 550 0834 4EEC2D3F 		.word	1059974222
 551 0838 9F040E3F 		.word	1057883295
 552 083c 6935803F 		.word	1065366889
 553 0840 DF32A13F 		.word	1067528927
 554 0844 AED7343D 		.word	1026873262
 555 0848 B2D6A0BE 		.word	-1096755534
 556 084c 2426683E 		.word	1047012900
 557 0850 35277F3F 		.word	1065297717
 558 0854 01A39B3F 		.word	1067164417
 559 0858 85EE0ABF 		.word	-1089802619
 560 085c C687693F 		.word	1063880646
 561 0860 BB4530BE 		.word	-1104132677
 562 0864 4B02ACBE 		.word	-1096023477
 563 0868 E49E0A3F 		.word	1057660644
 564 086c D49E6E3F 		.word	1064214228
 565 0870 1AFC11BF 		.word	-1089340390
 566 0874 4AD2BFBF 		.word	-1077947830
 567 0878 9B374EBD 		.word	-1118947429
 568 087c 0C930D3F 		.word	1057854220
 569 0880 0001AB3D 		.word	1034617088
 570 0884 4EECC93F 		.word	1070197838
 571 0888 365BA9BE 		.word	-1096197322
 572 088c 478F4B3F 		.word	1061916487
 573 0890 A7E848BF 		.word	-1085740889
 574 0894 F3ADA1BF 		.word	-1079923213
 575 0898 E7A92A3F 		.word	1059760615
 576 089c C441B2BF 		.word	-1078836796
 577 08a0 D178A6BF 		.word	-1079609135
 578 08a4 B9E21ABF 		.word	-1088757063
 579 08a8 4C89BEBF 		.word	-1078032052
 580 08ac ADFC0E3F 		.word	1057946797
 581 08b0 58018EBE 		.word	-1097989800
 582 08b4 7897A5BF 		.word	-1079666824
 583 08b8 7A7063BF 		.word	-1084002182
 584 08bc 938C7CBF 		.word	-1082356589
 585 08c0 75AC92BD 		.word	-1114461067
 586 08c4 A9881AC0 		.word	-1072002903
 587 08c8 DBC031BF 		.word	-1087258405
 588 08cc 0919B2BF 		.word	-1078847223
 589 08d0 9FC7A83E 		.word	1051248543
 590 08d4 2E3A193F 		.word	1058617902
 591 08d8 0BB5163E 		.word	1041675531
 592 08dc 40BFCFBD 		.word	-1110458560
 593 08e0 87A328C0 		.word	-1071078521
 594 08e4 68CFE53C 		.word	1021693800
 595 08e8 DA5560BF 		.word	-1084205606
 596 08ec 9AEC87BE 		.word	-1098388326
 597 08f0 4EB8A7BE 		.word	-1096304562
 598 08f4 704194BF 		.word	-1080802960
 599 08f8 5A7E143F 		.word	1058307674
 600 08fc 9982753E 		.word	1047888537
 601 0900 33A7B3BE 		.word	-1095522509
 602 0904 8960643F 		.word	1063542921
 603 0908 B405CA3F 		.word	1070204340
 604 090c A5D88DBF 		.word	-1081223003
 605 0910 406DD4BC 		.word	-1126929088
 606 0914 0F298EBF 		.word	-1081202417
 607 0918 A836403F 		.word	1061172904
 608 091c F20A003F 		.word	1056967410
 609 0920 386B04BF 		.word	-1090229448
 610 0924 52280FBF 		.word	-1089525678
 611 0928 ECDC40BF 		.word	-1086268180
 612 092c 15026D3F 		.word	1064108565
 613 0930 077C7EBE 		.word	-1099006969
 614 0934 596E19BE 		.word	-1105629607
 615 0938 BE13A1BF 		.word	-1079962690
 616 093c BB0FA03E 		.word	1050677179
 617 0940 802D2C40 		.word	1076637056
 618 0944 0953943E 		.word	1049907977
 619 0948 691EB6BF 		.word	-1078583703
 620 094c 78B57C3E 		.word	1048360312
 621 0950 69C7B7BF 		.word	-1078474903
 622 0954 8523183E 		.word	1041769349
 623 0958 9EB6D8BF 		.word	-1076316514
 624 095c B41C383F 		.word	1060641972
 625 0960 9E25923F 		.word	1066542494
 626 0964 D7A5C63F 		.word	1069983191
 627 0968 CA1AB13F 		.word	1068571338
 628 096c 511242BF 		.word	-1086188975
 629 0970 BAA4E23E 		.word	1055040698
 630 0974 B83D693F 		.word	1063861688
 631 0978 A67B89BF 		.word	-1081508954
 632 097c B39A4E3E 		.word	1045338803
 633 0980 FD4A433F 		.word	1061374717
 634 0984 50E3A4BF 		.word	-1079712944
 635 0988 51F573BF 		.word	-1082919599
 636 098c 7A36473F 		.word	1061631610
 637 0990 4774CFBB 		.word	-1144032185
 638 0994 C844063F 		.word	1057375432
 639 0998 77A0AE3F 		.word	1068408951
 640 099c D1CDF63E 		.word	1056361937
 641 09a0 287D49BF 		.word	-1085702872
 642 09a4 0283403F 		.word	1061192450
 643 09a8 B0E42ABE 		.word	-1104485200
 644 09ac 51F450BF 		.word	-1085213615
 645 09b0 29050640 		.word	1074136361
 646 09b4 4227A43D 		.word	1034168130
 647 09b8 91F26FBF 		.word	-1083182447
 648 09bc CBBF223F 		.word	1059241931
 649 09c0 B24CD73F 		.word	1071074482
 650 09c4 66F8173F 		.word	1058535526
 651 09c8 78474A3F 		.word	1061832568
 652 09cc 698FD73D 		.word	1037537129
 653 09d0 896222BE 		.word	-1105042807
 654 09d4 C3F35E3F 		.word	1063187395
 655 09d8 E76E47BE 		.word	-1102614809
 656 09dc 1D929A3D 		.word	1033540125
 657 09e0 8DD106BF 		.word	-1090072179
 658 09e4 E17B2FBF 		.word	-1087407135
 659 09e8 276A89BE 		.word	-1098290649
 660 09ec B91B98BF 		.word	-1080550471
 661 09f0 7E8B7E3E 		.word	1048480638
 662 09f4 5BD2D13D 		.word	1037161051
 663 09f8 F5F627BD 		.word	-1121454347
 664 09fc 62D80FC0 		.word	-1072703390
 665 0a00 37C202BF 		.word	-1090338249
 666 0a04 8F397F3E 		.word	1048525199
 667 0a08 6407BD3E 		.word	1052575588
 668 0a0c 6B7F373E 		.word	1043824491
 669 0a10 0FB618BD 		.word	-1122454001
 670 0a14 4339CDBF 		.word	-1077069501
 671 0a18 2BC2AD3E 		.word	1051574827
 672 0a1c 414806BE 		.word	-1106884543
 673 0a20 D36AF83E 		.word	1056467667
 674 0a24 BF47193F 		.word	1058621375
 675 0a28 0531B0BD 		.word	-1112526587
 676 0a2c AC8CA63E 		.word	1051102380
 677 0a30 DD97ABBE 		.word	-1096050723
 678 0a34 0918A5BE 		.word	-1096476663
 679 0a38 86C6C3BE 		.word	-1094465914
 680 0a3c 1F1074BF 		.word	-1082912737
 681 0a40 8C2E6F3E 		.word	1047473804
 682 0a44 821C9E3F 		.word	1067326594
 683 0a48 AC1A14BF 		.word	-1089201492
 684 0a4c BB6400BF 		.word	-1090493253
 685 0a50 9D0D393F 		.word	1060703645
 686 0a54 A8C8213D 		.word	1025624232
 687 0a58 A148C53F 		.word	1069893793
 688 0a5c 1BBCD9BF 		.word	-1076249573
 689 0a60 A05184BF 		.word	-1081847392
 690 0a64 5E8243BF 		.word	-1086094754
 691 0a68 904A0B40 		.word	1074481808
 692 0a6c 40FCDC3E 		.word	1054669888
 693 0a70 2B35E3BE 		.word	-1092405973
 694 0a74 2CBAF53C 		.word	1022736940
 695 0a78 A19FA1BE 		.word	-1096704095
 696 0a7c 1E547A3F 		.word	1064981534
 697 0a80 65DF953C 		.word	1016455013
 698 0a84 0666513F 		.word	1062299142
 699 0a88 9FCC333F 		.word	1060359327
 700 0a8c 4ED26CBE 		.word	-1100164530
 701 0a90 4DD6E8BD 		.word	-1108814259
 702 0a94 F702033E 		.word	1040384759
 703 0a98 22A64CBF 		.word	-1085495774
 704 0a9c B45674BE 		.word	-1099671884
 705 0aa0 6138B7BD 		.word	-1112065951
 706 0aa4 51FA82BF 		.word	-1081935279
 707 0aa8 7E02703F 		.word	1064305278
 708 0aac 2BDC90BF 		.word	-1081025493
 709 0ab0 91F035BF 		.word	-1086984047
 710 0ab4 35B295BF 		.word	-1080708555
 711 0ab8 3D60883F 		.word	1065902141
 712 0abc 4D2E2EBF 		.word	-1087492531
 713 0ac0 21E6DCBF 		.word	-1076042207
 714 0ac4 E02D503F 		.word	1062219232
 715 0ac8 198FB83F 		.word	1069059865
 716 0acc 051A2C3F 		.word	1059854853
 717 0ad0 33FE0D3E 		.word	1041104435
 718 0ad4 6C0A5CBF 		.word	-1084487060
 719 0ad8 869340BF 		.word	-1086286970
 720 0adc 06649D3F 		.word	1067279366
 721 0ae0 E84B933F 		.word	1066617832
 722 0ae4 87A71BBF 		.word	-1088706681
 723 0ae8 5F604E3F 		.word	1062101087
 724 0aec 1D585E3E 		.word	1046370333
 725 0af0 4836BFBE 		.word	-1094764984
 726 0af4 EBFF54BF 		.word	-1084948501
 727 0af8 1AE0923E 		.word	1049813018
 728 0afc 74D1E8BF 		.word	-1075261068
 729 0b00 BC59C9BF 		.word	-1077323332
 730 0b04 AC000140 		.word	1073807532
 731 0b08 4C6B93BD 		.word	-1114412212
 732 0b0c 0C402840 		.word	1076379660
 733 0b10 172879BE 		.word	-1099356137
 734 0b14 446F313E 		.word	1043427140
 735 0b18 4B576C3F 		.word	1064064843
 736 0b1c 99D636BE 		.word	-1103702375
 737 0b20 758E05BF 		.word	-1090154891
 738 0b24 884AB73F 		.word	1068976776
 739 0b28 FDBF5EBF 		.word	-1084309507
 740 0b2c 13BB4E3F 		.word	1062124307
 741 0b30 FAB802BF 		.word	-1090340614
 742 0b34 EF563E3F 		.word	1061050095
 743 0b38 D80F593F 		.word	1062801368
 744 0b3c 647454BF 		.word	-1084984220
 745 0b40 4B72083F 		.word	1057518155
 746 0b44 5D34843F 		.word	1065628765
 747 0b48 B9A886BF 		.word	-1081694023
 748 0b4c 0267B93E 		.word	1052337922
 749 0b50 F7AD16BD 		.word	-1122587145
 750 0b54 2D239DBF 		.word	-1080220883
 751 0b58 C7D98CBE 		.word	-1098065465
 752 0b5c 134924BE 		.word	-1104918253
 753 0b60 96B28ABF 		.word	-1081429354
 754 0b64 A723FABF 		.word	-1074125913
 755 0b68 24D468BF 		.word	-1083648988
 756 0b6c 0BD0B6BB 		.word	-1145647093
 757 0b70 529BDCBF 		.word	-1076061358
 758 0b74 82ACA13F 		.word	1067560066
 759 0b78 FAB519BF 		.word	-1088834054
 760 0b7c 591704C0 		.word	-1073473703
 761 0b80 4E25E33D 		.word	1038296398
 762 0b84 236ABE3F 		.word	1069443619
 763 0b88 A018593D 		.word	1029249184
 764 0b8c 59DE253E 		.word	1042669145
 765 0b90 402FDCBC 		.word	-1126420672
 766 0b94 E8BD313E 		.word	1043447272
 767 0b98 C3D5613F 		.word	1063376323
 768 0b9c 47AB3A3E 		.word	1044032327
 769 0ba0 035B413F 		.word	1061247747
 770 0ba4 950E023F 		.word	1057099413
 771 0ba8 8D0B073E 		.word	1040649101
 772 0bac CB698F3E 		.word	1049586123
 773 0bb0 ED9B7BBF 		.word	-1082418195
 774 0bb4 B0AF71BF 		.word	-1083068496
 775 0bb8 39F155BC 		.word	-1135218375
 776 0bbc B56CB53E 		.word	1052077237
 777 0bc0 A60B65BF 		.word	-1083896922
 778 0bc4 82E64F3F 		.word	1062200962
 779 0bc8 EF54E03D 		.word	1038111983
 780 0bcc 41D32E40 		.word	1076810561
 781 0bd0 F278D23E 		.word	1053980914
 782 0bd4 4147A7BF 		.word	-1079556287
 783 0bd8 3882C43E 		.word	1053065784
 784 0bdc FDBEFF3E 		.word	1056947965
 785 0be0 DFC202BF 		.word	-1090338081
 786 0be4 658F703E 		.word	1047564133
 787 0be8 0F0B19BF 		.word	-1088877809
 788 0bec F227AA3C 		.word	1017784306
 789 0bf0 3CC1D63E 		.word	1054261564
 790 0bf4 1976983F 		.word	1066956313
 791 0bf8 486E453F 		.word	1061514824
 792 0bfc EF3A29C0 		.word	-1071039761
 793 0c00 E223923E 		.word	1049764834
 794 0c04 D57A533F 		.word	1062435541
 795 0c08 231205BC 		.word	-1140518365
 796 0c0c 98C25B3F 		.word	1062978200
 797 0c10 8258463F 		.word	1061574786
 798 0c14 3529A73F 		.word	1067919669
 799 0c18 E4A19D3F 		.word	1067295204
 800 0c1c 7364753F 		.word	1064658035
 801 0c20 3BC8D3BF 		.word	-1076639685
 802 0c24 988A7DBF 		.word	-1082291560
 803 0c28 A06B2F3F 		.word	1060072352
 804 0c2c 159179BF 		.word	-1082552043
 805 0c30 65521BBF 		.word	-1088728475
 806 0c34 BBD12F3F 		.word	1060098491
 807 0c38 CD3DA43C 		.word	1017396685
 808 0c3c A22A883F 		.word	1065888418
 809 0c40 87A7ABBF 		.word	-1079269497
 810 0c44 5682F53E 		.word	1056277078
 811 0c48 0F26D1BF 		.word	-1076812273
 812 0c4c 3FA9B8BF 		.word	-1078417089
 813 0c50 776A963E 		.word	1050045047
 814 0c54 95BB0FBE 		.word	-1106265195
 815 0c58 04AF90BF 		.word	-1081037052
 816 0c5c 8AC795BE 		.word	-1097480310
 817 0c60 142115BF 		.word	-1089134316
 818 0c64 107765BF 		.word	-1083869424
 819 0c68 43917E3E 		.word	1048482115
 820 0c6c 47ADBEBF 		.word	-1078022841
 821 0c70 4084A03E 		.word	1050707008
 822 0c74 FA9A01C0 		.word	-1073636614
 823 0c78 E36B073F 		.word	1057450979
 824 0c7c 6EDBAF3E 		.word	1051712366
 825 0c80 F018423F 		.word	1061296368
 826 0c84 FB2231BF 		.word	-1087298821
 827 0c88 36202E3F 		.word	1059987510
 828 0c8c 064989BF 		.word	-1081521914
 829 0c90 7557663F 		.word	1063671669
 830 0c94 BDE007C0 		.word	-1073225539
 831 0c98 C5C5913E 		.word	1049740741
 832 0c9c 0EBB3BBF 		.word	-1086604530
 833 0ca0 F8FB45BF 		.word	-1085932552
 834 0ca4 787C1B3E 		.word	1041988728
 835 0ca8 B076ACBE 		.word	-1095993680
 836 0cac CB83783F 		.word	1064862667
 837 0cb0 8C9EDBBD 		.word	-1109680500
 838 0cb4 1BBA813F 		.word	1065466395
 839 0cb8 AF60F3BE 		.word	-1091346257
 840 0cbc 9C348D3D 		.word	1032664220
 841 0cc0 4014CC3E 		.word	1053561920
 842 0cc4 C5E38E3F 		.word	1066329029
 843 0cc8 E0D51E3F 		.word	1058985440
 844 0ccc 024A93BE 		.word	-1097643518
 845 0cd0 4296AFBF 		.word	-1079011774
 846 0cd4 0C952FBF 		.word	-1087400692
 847 0cd8 9ED2A93E 		.word	1051316894
 848 0cdc B66A7FBF 		.word	-1082168650
 849 0ce0 BD34953E 		.word	1049965757
 850 0ce4 BBB48D3F 		.word	1066251451
 851 0ce8 88D67A3E 		.word	1048237704
 852 0cec 78EF283E 		.word	1042870136
 853 0cf0 82FDCF3E 		.word	1053818242
 854 0cf4 44A59B3F 		.word	1067164996
 855 0cf8 F565B93F 		.word	1069114869
 856 0cfc B03783BF 		.word	-1081919568
 857 0d00 1959523E 		.word	1045584153
 858 0d04 F9C0163F 		.word	1058455801
 859 0d08 272E87BE 		.word	-1098437081
 860 0d0c 4AB31F40 		.word	1075819338
 861 0d10 681F5B3F 		.word	1062936424
 862 0d14 1FD859BF 		.word	-1084631009
 863 0d18 4DD74F3F 		.word	1062197069
 864 0d1c 0F43333F 		.word	1060324111
 865 0d20 4C8B423F 		.word	1061325644
 866 0d24 9A40DBBF 		.word	-1076150118
 867 0d28 1BBDC43F 		.word	1069858075
 868 0d2c 770FCEBF 		.word	-1077014665
 869 0d30 F3048E3F 		.word	1066271987
 870 0d34 C80A8EBF 		.word	-1081210168
 871 0d38 315CC53E 		.word	1053121585
 872 0d3c 6119773F 		.word	1064769889
 873 0d40 EA7B513F 		.word	1062304746
 874 0d44 B1C0173D 		.word	1024966833
 875 0d48 1F0F6DBF 		.word	-1083371745
 876 0d4c CA35E5BD 		.word	-1109051958
 877 0d50 60934DBF 		.word	-1085435040
 878 0d54 EB1ED5BF 		.word	-1076551957
 879 0d58 37C266BF 		.word	-1083784649
 880 0d5c 1B9E163F 		.word	1058446875
 881 0d60 5DDD0D3F 		.word	1057873245
 882 0d64 8E91D4BE 		.word	-1093365362
 883 0d68 C11C7D3D 		.word	1031609537
 884 0d6c 8734EA3E 		.word	1055536263
 885 0d70 53CA4B3E 		.word	1045154387
 886 0d74 A4DE833E 		.word	1048829604
 887 0d78 AE2A0540 		.word	1074080430
 888 0d7c 40BE11C0 		.word	-1072579008
 889 0d80 4B94AD3E 		.word	1051563083
 890 0d84 FD6C943E 		.word	1049914621
 891 0d88 F089293F 		.word	1059686896
 892 0d8c 3EB314BF 		.word	-1089162434
 893 0d90 B743633F 		.word	1063470007
 894 0d94 F4FE2F3E 		.word	1043332852
 895 0d98 554C593F 		.word	1062816853
 896 0d9c 91B9763F 		.word	1064745361
 897 0da0 9C34A93F 		.word	1068053660
 898 0da4 50C783BD 		.word	-1115437232
 899 0da8 3195A83F 		.word	1068012849
 900 0dac 4A7D693E 		.word	1047100746
 901 0db0 58FEB6BF 		.word	-1078526376
 902 0db4 384B19BE 		.word	-1105638600
 903 0db8 954501BF 		.word	-1090435691
 904 0dbc 7E54DDBF 		.word	-1076013954
 905 0dc0 E4BED5BE 		.word	-1093288220
 906 0dc4 9C6E1DBF 		.word	-1088590180
 907 0dc8 D784383F 		.word	1060668631
 908 0dcc 1EC1AD3E 		.word	1051574558
 909 0dd0 2102623F 		.word	1063387681
 910 0dd4 9088913E 		.word	1049725072
 911 0dd8 B30815BE 		.word	-1105917773
 912 0ddc 5298B7BD 		.word	-1112041390
 913 0de0 E90C943E 		.word	1049890025
 914 0de4 2F19953F 		.word	1066735919
 915 0de8 41444E3F 		.word	1062093889
 916 0dec B685ADBF 		.word	-1079147082
 917 0df0 C096F73D 		.word	1039636160
 918 0df4 A18263BE 		.word	-1100774751
 919 0df8 075D123F 		.word	1058168071
 920 0dfc F3AB99BE 		.word	-1097225229
 921 0e00 FD2F913F 		.word	1066479613
 922 0e04 19A937BE 		.word	-1103648487
 923 0e08 DAC8BBBF 		.word	-1078212390
 924 0e0c B39AB23F 		.word	1068669619
 925 0e10 42B5E13E 		.word	1054979394
 926 0e14 01BD103F 		.word	1058061569
 927 0e18 479131BF 		.word	-1087270585
 928 0e1c 7078553F 		.word	1062566000
 929 0e20 33310FC0 		.word	-1072746189
 930 0e24 997F8C3F 		.word	1066172313
 931 0e28 84F1D3BA 		.word	-1160515196
 932 0e2c 54AACEBF 		.word	-1076975020
 933 0e30 ED469DBF 		.word	-1080211731
 934 0e34 FA61543E 		.word	1045717498
 935 0e38 9F3E623E 		.word	1046625951
 936 0e3c 00C780BF 		.word	-1082079488
 937 0e40 66F8E7BE 		.word	-1092093850
 938 0e44 4721B33F 		.word	1068704071
 939 0e48 8C86ECBE 		.word	-1091795316
 940 0e4c 3601063D 		.word	1023803702
 941 0e50 0B7D4C3F 		.word	1061977355
 942 0e54 BC95653F 		.word	1063622076
 943 0e58 8F330D3E 		.word	1041052559
 944 0e5c 2D40CFBF 		.word	-1076936659
 945 0e60 FCC3D2BF 		.word	-1076706308
 946 0e64 7C7FDB3E 		.word	1054572412
 947 0e68 2CBB3CBF 		.word	-1086538964
 948 0e6c FE9E103F 		.word	1058053886
 949 0e70 622CB1BF 		.word	-1078907806
 950 0e74 3FA8EB3E 		.word	1055631423
 951 0e78 4F1F213F 		.word	1059135311
 952 0e7c 4E7BC23E 		.word	1052932942
 953 0e80 CCB481BF 		.word	-1082018612
 954 0e84 D6C9B1BE 		.word	-1095644714
 955 0e88 4A42E23E 		.word	1055015498
 956 0e8c FC8CCBBF 		.word	-1077179140
 957 0e90 119033BF 		.word	-1087139823
 958 0e94 D4EE89BF 		.word	-1081479468
 959 0e98 BF48803F 		.word	1065371839
 960 0e9c A25FDD3F 		.word	1071472546
 961 0ea0 1F83353F 		.word	1060471583
 962 0ea4 2E763FBF 		.word	-1086360018
 963 0ea8 CD5A6A3E 		.word	1047157453
 964 0eac 66DC64BE 		.word	-1100686234
 965 0eb0 3B705ABF 		.word	-1084592069
 966 0eb4 06F6B03E 		.word	1051784710
 967 0eb8 F3CBE03D 		.word	1038142451
 968 0ebc 6C0791BF 		.word	-1081014420
 969 0ec0 37E12EBF 		.word	-1087446729
 970 0ec4 24438EBE 		.word	-1097972956
 971 0ec8 51A0273F 		.word	1059561553
 972 0ecc 60CB9FBF 		.word	-1080046752
 973 0ed0 51F818BF 		.word	-1088882607
 974 0ed4 32B0F6BE 		.word	-1091129294
 975 0ed8 44BE7B3F 		.word	1065074244
 976 0edc 2E8DE13F 		.word	1071746350
 977 0ee0 1CB5B63F 		.word	1068938524
 978 0ee4 4D69693F 		.word	1063872845
 979 0ee8 5855A73E 		.word	1051153752
 980 0eec 68948E3D 		.word	1032754280
 981 0ef0 3CF8BFBF 		.word	-1077938116
 982 0ef4 5321D6BE 		.word	-1093263021
 983 0ef8 C955ACBC 		.word	-1129556535
 984 0efc 3EE8693E 		.word	1047128126
 985 0f00 910C81BF 		.word	-1082061679
 986 0f04 AB242ABF 		.word	-1087757141
 987 0f08 B0E40E3F 		.word	1057940656
 988 0f0c 252298BF 		.word	-1080548827
 989 0f10 EC8546BF 		.word	-1085897236
 990 0f14 04C68A3E 		.word	1049282052
 991 0f18 187AC43F 		.word	1069840920
 992 0f1c 36B186BF 		.word	-1081691850
 993 0f20 A224203F 		.word	1059071138
 994 0f24 38314CBF 		.word	-1085525704
 995 0f28 F585A0BE 		.word	-1096776203
 996 0f2c 6F2A1ABF 		.word	-1088804241
 997 0f30 E128A13F 		.word	1067526369
 998 0f34 9CC55B3F 		.word	1062978972
 999 0f38 1BBD06C0 		.word	-1073300197
 1000 0f3c BCCCB8BE 		.word	-1095185220
 1001 0f40 E9B50D3F 		.word	1057863145
 1002 0f44 9737C7BF 		.word	-1077463145
 1003 0f48 40A053BE 		.word	-1101815744
 1004 0f4c 0DE4D9BE 		.word	-1093016563
 1005 0f50 78D0FC3E 		.word	1056755832
 1006 0f54 D4F35EBF 		.word	-1084296236
 1007 0f58 DD7CA33D 		.word	1034124509
 1008 0f5c D38805BF 		.word	-1090156333
 1009 0f60 66F9B4BF 		.word	-1078658714
 1010 0f64 0DC2C4BE 		.word	-1094401523
 1011 0f68 C174EABE 		.word	-1091930943
 1012 0f6c B03B95BE 		.word	-1097516112
 1013 0f70 083A9ABE 		.word	-1097188856
 1014 0f74 0C57CBBF 		.word	-1077192948
 1015 0f78 99118C3F 		.word	1066144153
 1016 0f7c 4E7EA93F 		.word	1068072526
 1017 0f80 F98301BE 		.word	-1107196935
 1018 0f84 C8B63CBF 		.word	-1086540088
 1019 0f88 27D95A3E 		.word	1046141223
 1020 0f8c 2312CDBE 		.word	-1093856733
 1021 0f90 37FE843D 		.word	1032126007
 1022 0f94 0306E1BF 		.word	-1075771901
 1023 0f98 5CE7D73F 		.word	1071114076
 1024 0f9c F9A0A73E 		.word	1051173113
 1025 0fa0 9D49373F 		.word	1060587933
 1026 0fa4 7FA0CC3F 		.word	1070375039
 1027 0fa8 B72404C0 		.word	-1073470281
 1028 0fac AB5E3EBF 		.word	-1086431573
 1029 0fb0 D769343E 		.word	1043622359
 1030 0fb4 7520073F 		.word	1057431669
 1031 0fb8 6F9B0DBF 		.word	-1089627281
 1032 0fbc 28B8983E 		.word	1050196008
 1033 0fc0 75019DBF 		.word	-1080229515
 1034 0fc4 6D3A42BE 		.word	-1102955923
 1035 0fc8 207A9ABE 		.word	-1097172448
 1036 0fcc 12FB743F 		.word	1064631058
 1037 0fd0 AD8A08BF 		.word	-1089959251
 1038 0fd4 4FAD66BF 		.word	-1083790001
 1039 0fd8 4A7E64BF 		.word	-1083933110
 1040 0fdc FFB38E3E 		.word	1049539583
 1041 0fe0 35ED3EBF 		.word	-1086395083
 1042 0fe4 4F3ECD3F 		.word	1070415439
 1043 0fe8 5C03133F 		.word	1058210652
 1044 0fec E42CA43E 		.word	1050946788
 1045 0ff0 25041BBE 		.word	-1105525723
 1046 0ff4 8FABA13E 		.word	1050782607
 1047 0ff8 76FEAB3F 		.word	1068236406
 1048 0ffc A4380FC0 		.word	-1072744284
 1049 1000 F27DA53F 		.word	1067810290
 1050 1004 61C5C1BE 		.word	-1094597279
 1051 1008 5D37253B 		.word	992294749
 1052 100c D577623F 		.word	1063417813
 1053 1010 711B153F 		.word	1058347889
 1054 1014 8C9FCEBF 		.word	-1076977780
 1055 1018 2178C0BF 		.word	-1077905375
 1056 101c 88D6123F 		.word	1058199176
 1057 1020 F41869BF 		.word	-1083631372
 1058 1024 AFCDD0BF 		.word	-1076834897
 1059 1028 F0E0B7BE 		.word	-1095245584
 1060 102c 5394CBBE 		.word	-1093954477
 1061 1030 B5A594BF 		.word	-1080777291
 1062 1034 2C0F8EBF 		.word	-1081209044
 1063 1038 F6D2943E 		.word	1049940726
 1064 103c B682F4BF 		.word	-1074494794
 1065 1040 514AA83F 		.word	1067993681
 1066 1044 59522A3F 		.word	1059738201
 1067 1048 E0DB8CBE 		.word	-1098064928
 1068 104c A298BCBC 		.word	-1128490846
 1069 1050 1D7168BF 		.word	-1083674339
 1070 1054 8D9685BF 		.word	-1081764211
 1071 1058 7D3DBF3E 		.word	1052720509
 1072 105c CDCA663F 		.word	1063701197
 1073 1060 2AA7A33F 		.word	1067689770
 1074 1064 F88903BE 		.word	-1107064328
 1075 1068 D6E11C3F 		.word	1058857430
 1076 106c 2F6FFA3F 		.word	1073377071
 1077 1070 7C0B1140 		.word	1074858876
 1078 1074 8E77BFBE 		.word	-1094748274
 1079 1078 083C0F40 		.word	1074740232
 1080 107c F16823BE 		.word	-1104975631
 1081 1080 390A34BF 		.word	-1087108551
 1082 1084 0740103F 		.word	1058029575
 1083 1088 2E034EBD 		.word	-1118960850
 1084 108c 9EF0943F 		.word	1066725534
 1085 1090 A4A7283F 		.word	1059628964
 1086 1094 5169C6BF 		.word	-1077515951
 1087 1098 12DD41C0 		.word	-1069425390
 1088 109c 52630A3F 		.word	1057645394
 1089 10a0 D92681BF 		.word	-1082054951
 1090 10a4 C575683F 		.word	1063810501
 1091 10a8 E888CA3F 		.word	1070237928
 1092 10ac 83A57ABF 		.word	-1082481277
 1093 10b0 EF02813F 		.word	1065419503
 1094 10b4 774B223E 		.word	1042434935
 1095 10b8 D94016BF 		.word	-1089060647
 1096 10bc 857BC93F 		.word	1070168965
 1097 10c0 1C4304BF 		.word	-1090239716
 1098 10c4 8D289D3F 		.word	1067264141
 1099 10c8 73BCCA3F 		.word	1070251123
 1100 10cc 5BB105C0 		.word	-1073368741
 1101 10d0 58C53C40 		.word	1077724504
 1102 10d4 8195AD3F 		.word	1068340609
 1103 10d8 A168863F 		.word	1065773217
 1104 10dc 416544BF 		.word	-1086036671
 1105 10e0 18EB83BE 		.word	-1098650856
 1106 10e4 9E98AFBF 		.word	-1079011170
 1107 10e8 8D42A2BF 		.word	-1079885171
 1108 10ec 501B65BF 		.word	-1083892912
 1109 10f0 89CE163F 		.word	1058459273
 1110 10f4 44DBEB3F 		.word	1072421700
 1111 10f8 2F8AAC3F 		.word	1068272175
 1112 10fc 8385FBBE 		.word	-1090812541
 1113 1100 465D0BC0 		.word	-1072997050
 1114 1104 21B0723E 		.word	1047703585
 1115 1108 E5433CBF 		.word	-1086569499
 1116 110c 00C4E3BF 		.word	-1075592192
 1117 1110 3064E53E 		.word	1055220784
 1118 1114 71CA143F 		.word	1058327153
 1119 1118 994A5B3F 		.word	1062947481
 1120 111c A05388BE 		.word	-1098361952
 1121 1120 A1BED5BE 		.word	-1093288287
 1122 1124 CFBE52BE 		.word	-1101873457
 1123 1128 BA8132BE 		.word	-1103986246
 1124 112c 81CC5E3E 		.word	1046400129
 1125 1130 FB96D73F 		.word	1071093499
 1126 1134 19CBF43D 		.word	1039452953
 1127 1138 1D92263F 		.word	1059492381
 1128 113c B81F0540 		.word	1074077624
 1129 1140 E6AEADBE 		.word	-1095913754
 1130 1144 B0E83A3F 		.word	1060825264
 1131 1148 1B83963E 		.word	1050051355
 1132 114c 355F59BF 		.word	-1084661963
 1133 1150 BB2A22C0 		.word	-1071502661
 1134 1154 924018C0 		.word	-1072152430
 1135 1158 164BB1BE 		.word	-1095677162
 1136 115c 5E661CBF 		.word	-1088657826
 1137 1160 8BFED0BE 		.word	-1093599605
 1138 1164 BE32B5BF 		.word	-1078644034
 1139 1168 AB92683E 		.word	1047040683
 1140 116c 23F7543E 		.word	1045755683
 1141 1170 703F38BF 		.word	-1086832784
 1142 1174 B1FC413F 		.word	1061289137
 1143 1178 3F52D2BF 		.word	-1076735425
 1144 117c A64587BF 		.word	-1081653850
 1145 1180 D7D980BE 		.word	-1098851881
 1146 1184 5133A6BF 		.word	-1079626927
 1147 1188 4DDB9D3F 		.word	1067309901
 1148 118c DF4FBF3F 		.word	1069502431
 1149 1190 BB99713E 		.word	1047632315
 1150 1194 09C2B3BF 		.word	-1078738423
 1151 1198 87A6283F 		.word	1059628679
 1152 119c 8C9F23C0 		.word	-1071407220
 1153 11a0 28F208BF 		.word	-1089932760
 1154 11a4 2BF64C40 		.word	1078785579
 1155 11a8 8FDEE03E 		.word	1054924431
 1156 11ac F52F93BF 		.word	-1080872971
 1157 11b0 0803633F 		.word	1063453448
 1158 11b4 F81791BE 		.word	-1097787400
 1159 11b8 E485843F 		.word	1065649636
 1160 11bc 4AD1BABE 		.word	-1095052982
 1161 11c0 3BC6AB3F 		.word	1068222011
 1162 11c4 B822813F 		.word	1065427640
 1163 11c8 C9015B3E 		.word	1046151625
 1164 11cc 223999BE 		.word	-1097254622
 1165 11d0 A4FE823E 		.word	1048772260
 1166 11d4 E46743BE 		.word	-1102878748
 1167 11d8 36EAA1BD 		.word	-1113462218
 1168 11dc 6F29333F 		.word	1060317551
 1169 11e0 0CEA4BBF 		.word	-1085543924
 1170 11e4 F3204DBF 		.word	-1085464333
 1171 11e8 0801F9BB 		.word	-1141309176
 1172 11ec 38103ABF 		.word	-1086713800
 1173 11f0 E0D5BEBF 		.word	-1078012448
 1174 11f4 46CE5E3F 		.word	1063177798
 1175 11f8 8E0688BE 		.word	-1098381682
 1176 11fc 7689C8BF 		.word	-1077376650
 1177 1200 BB0DCABE 		.word	-1094054469
 1178 1204 BA4E13BE 		.word	-1106030918
 1179 1208 4E6415C0 		.word	-1072339890
 1180 120c D7C3ADBF 		.word	-1079131177
 1181 1210 7F68E8BF 		.word	-1075287937
 1182 1214 C6E08D3F 		.word	1066262726
 1183 1218 988611BE 		.word	-1106147688
 1184 121c D26E8E3F 		.word	1066299090
 1185 1220 ED2B0F3F 		.word	1057958893
 1186 1224 EAECF43E 		.word	1056238826
 1187 1228 2DEC2DBF 		.word	-1087509459
 1188 122c 32E7913E 		.word	1049749298
 1189 1230 9D9DAABF 		.word	-1079337571
 1190 1234 C15639BF 		.word	-1086761279
 1191 1238 B1E129BF 		.word	-1087774287
 1192 123c A4344B3E 		.word	1045116068
 1193 1240 3CBEE5BF 		.word	-1075462596
 1194 1244 459FB1BF 		.word	-1078878395
 1195 1248 B2834A3E 		.word	1045070770
 1196 124c F112BC3F 		.word	1069290225
 1197 1250 F8A4BB3E 		.word	1052484856
 1198 1254 68B3E2BE 		.word	-1092439192
 1199 1258 FFE946BD 		.word	-1119426049
 1200 125c E5259F3D 		.word	1033840101
 1201 1260 CB9CFA3F 		.word	1073388747
 1202 1264 553195BD 		.word	-1114295979
 1203 1268 DA55703F 		.word	1064326618
 1204 126c 8509A3BD 		.word	-1113388667
 1205 1270 A60B4DBF 		.word	-1085469786
 1206 1274 D36C9E3E 		.word	1050569939
 1207 1278 3CA2863F 		.word	1065787964
 1208 127c DE04D5BF 		.word	-1076558626
 1209 1280 129F8BBF 		.word	-1081368814
 1210 1284 225544BE 		.word	-1102818014
 1211 1288 E542ED3E 		.word	1055736549
 1212 128c E6946CBF 		.word	-1083403034
 1213 1290 EC4F26BF 		.word	-1088008212
 1214 1294 EA751F3F 		.word	1059026410
 1215 1298 C9E4AABF 		.word	-1079319351
 1216 129c AC1A863F 		.word	1065753260
 1217 12a0 00035D3F 		.word	1063060224
 1218 12a4 0C7524BF 		.word	-1088129780
 1219 12a8 6AF6283F 		.word	1059649130
 1220 12ac 98A5A53F 		.word	1067820440
 1221 12b0 8010A13E 		.word	1050742912
 1222 12b4 FA0C5C3F 		.word	1062997242
 1223 12b8 12C2033E 		.word	1040433682
 1224 12bc 9DB9873C 		.word	1015527837
 1225 12c0 B11895BD 		.word	-1114302287
 1226 12c4 1A8B7EBF 		.word	-1082225894
 1227 12c8 DB523FBF 		.word	-1086369061
 1228 12cc A46DFCBC 		.word	-1124307548
 1229 12d0 D5047D3F 		.word	1065157845
 1230 12d4 2E5919BF 		.word	-1088857810
 1231 12d8 AC02BD3F 		.word	1069351596
 1232 12dc 435550BF 		.word	-1085254333
 1233 12e0 5721253F 		.word	1059397975
 1234 12e4 6DABA7BF 		.word	-1079530643
 1235 12e8 910F5EBF 		.word	-1084354671
 1236 12ec ABCEF2BE 		.word	-1091383637
 1237 12f0 48C1633E 		.word	1046724936
 1238 12f4 8387EF3F 		.word	1072662403
 1239 12f8 3448E13D 		.word	1038174260
 1240 12fc 4A9BD2BE 		.word	-1093493942
 1241 1300 C1E0023F 		.word	1057153217
 1242 1304 AA7C99BF 		.word	-1080460118
 1243 1308 EA58C5BD 		.word	-1111140118
 1244 130c 2042E43E 		.word	1055146528
 1245 1310 607697BE 		.word	-1097370016
 1246 1314 25072CBE 		.word	-1104410843
 1247 1318 1FDA373E 		.word	1043847711
 1248 131c C79CD73E 		.word	1054317767
 1249 1320 27BED63F 		.word	1071037991
 1250 1324 069CFF3F 		.word	1073716230
 1251 1328 3C6C323F 		.word	1060269116
 1252 132c 9BE5AEBF 		.word	-1079056997
 1253 1330 09E1B93E 		.word	1052369161
 1254 1334 CC2911BF 		.word	-1089394228
 1255 1338 D7A685BF 		.word	-1081760041
 1256 133c B477323F 		.word	1060272052
 1257 1340 42D2F73E 		.word	1056428610
 1258 1344 AA6646BE 		.word	-1102682454
 1259 1348 AB95C1BE 		.word	-1094609493
 1260 134c 68E962BF 		.word	-1084036760
 1261 1350 938BEBBF 		.word	-1075082349
 1262 1354 B268D0BF 		.word	-1076860750
 1263 1358 B83E96BF 		.word	-1080672584
 1264 135c C0B0D4BE 		.word	-1093357376
 1265 1360 454A333E 		.word	1043548741
 1266 1364 7CF06A3E 		.word	1047195772
 1267 1368 73D59EBF 		.word	-1080109709
 1268 136c 7633333F 		.word	1060320118
 1269 1370 9F8FDA3E 		.word	1054511007
 1270 1374 FC36BA3F 		.word	1069168380
 1271 1378 8D9B02BF 		.word	-1090348147
 1272 137c F722DABB 		.word	-1143332105
 1273 1380 E88606BF 		.word	-1090091288
 1274 1384 0EBB373F 		.word	1060616974
 1275 1388 D74F8B3F 		.word	1066094551
 1276 138c 2D24003F 		.word	1056973869
 1277 1390 02653140 		.word	1076978946
 1278 1394 0B2824BE 		.word	-1104926709
 1279 1398 FBE5DB3E 		.word	1054598651
 1280 139c A9C0FBBF 		.word	-1074020183
 1281 13a0 E7C70BBF 		.word	-1089746969
 1282 13a4 EDB6F1BF 		.word	-1074678035
 1283 13a8 F015DDBD 		.word	-1109584400
 1284 13ac 6877A8BF 		.word	-1079478424
 1285 13b0 9C312CBF 		.word	-1087622756
 1286 13b4 650167BF 		.word	-1083768475
 1287 13b8 5E831EBE 		.word	-1105296546
 1288 13bc 747E723F 		.word	1064468084
 1289 13c0 B072C63F 		.word	1069970096
 1290 13c4 22ABDB3E 		.word	1054583586
 1291 13c8 43900FBF 		.word	-1089499069
 1292 13cc 789B373E 		.word	1043831672
 1293 13d0 9D8145BF 		.word	-1085963875
 1294 13d4 028271BF 		.word	-1083080190
 1295 13d8 392BB4BF 		.word	-1078711495
 1296 13dc 1AFCF3BF 		.word	-1074529254
 1297 13e0 56B885BD 		.word	-1115309994
 1298 13e4 F5112C3F 		.word	1059852789
 1299 13e8 3318533E 		.word	1045633075
 1300 13ec 871A05BC 		.word	-1140516217
 1301 13f0 1F2FA43C 		.word	1017392927
 1302 13f4 62F60EBF 		.word	-1089538462
 1303 13f8 096BF13F 		.word	1072786185
 1304 13fc 204161BE 		.word	-1100922592
 1305 1400 E50AB5BF 		.word	-1078654235
 1306 1404 0B0A9BBE 		.word	-1097135605
 1307 1408 9ACF11BF 		.word	-1089351782
 1308 140c 5FD2F8BD 		.word	-1107766689
 1309 1410 7EC4C7BE 		.word	-1094204290
 1310 1414 312358BF 		.word	-1084742863
 1311 1418 D26EDEBF 		.word	-1075941678
 1312 141c 7C27E6BE 		.word	-1092212868
 1313 1420 AB22C6BF 		.word	-1077534037
 1314 1424 3526C4BD 		.word	-1111218635
 1315 1428 F25F683F 		.word	1063804914
 1316 142c 8FA71740 		.word	1075292047
 1317 1430 840F053F 		.word	1057296260
 1318 1434 5530D23E 		.word	1053962325
 1319 1438 1BBB863F 		.word	1065794331
 1320 143c 9489DB3E 		.word	1054574996
 1321 1440 72C5A53F 		.word	1067828594
 1322 1444 AD843EBE 		.word	-1103199059
 1323 1448 DFDE053E 		.word	1040572127
 1324 144c 3E5A28BF 		.word	-1087874498
 1325 1450 525F42BF 		.word	-1086169262
 1326 1454 105D18BF 		.word	-1088922352
 1327 1458 72F94F3F 		.word	1062205810
 1328 145c 836B8E3D 		.word	1032743811
 1329 1460 41B6EABF 		.word	-1075136959
 1330 1464 08E7E93F 		.word	1072293640
 1331 1468 7671273F 		.word	1059549558
 1332 146c FEBAC5BF 		.word	-1077560578
 1333 1470 490EC0BE 		.word	-1094709687
 1334 1474 2AAC543E 		.word	1045736490
 1335 1478 58FF43BF 		.word	-1086062760
 1336 147c A6D0D9BD 		.word	-1109798746
 1337 1480 2173AD3E 		.word	1051554593
 1338 1484 7348843F 		.word	1065633907
 1339 1488 35D1B3BF 		.word	-1078734539
 1340 148c B8E983BF 		.word	-1081873992
 1341 1490 07B424BF 		.word	-1088113657
 1342 1494 CAE22E3E 		.word	1043260106
 1343 1498 AF23AC3F 		.word	1068245935
 1344 149c CBD7F73F 		.word	1073207243
 1345 14a0 32C83D3F 		.word	1061013554
 1346 14a4 ECDD4F3F 		.word	1062198764
 1347 14a8 433C12BE 		.word	-1106101181
 1348 14ac 5A82CCBD 		.word	-1110670758
 1349 14b0 63D54CBF 		.word	-1085483677
 1350 14b4 228BFC3E 		.word	1056738082
 1351 14b8 D3689E3F 		.word	1067346131
 1352 14bc B9E1A53F 		.word	1067835833
 1353 14c0 B56F8EBE 		.word	-1097961547
 1354 14c4 8A565E3E 		.word	1046369930
 1355 14c8 6477213F 		.word	1059157860
 1356 14cc B56D0CBF 		.word	-1089704523
 1357 14d0 A7246B3E 		.word	1047209127
 1358 14d4 53EBB53E 		.word	1052109651
 1359 14d8 DE72053F 		.word	1057321694
 1360 14dc 47B01DBF 		.word	-1088573369
 1361 14e0 4643AC3F 		.word	1068254022
 1362 14e4 7D94793F 		.word	1064932477
 1363 14e8 123018C0 		.word	-1072156654
 1364 14ec 1CD18BBF 		.word	-1081356004
 1365 14f0 76C3A6BE 		.word	-1096367242
 1366 14f4 58C800C0 		.word	-1073690536
 1367 14f8 15A9C83F 		.word	1070115093
 1368 14fc E5EF6E3E 		.word	1047457765
 1369 1500 C87B253F 		.word	1059421128
 1370 1504 939090BF 		.word	-1081044845
 1371 1508 54C4493E 		.word	1045021780
 1372 150c 0933D93F 		.word	1071198985
 1373 1510 5DDD393F 		.word	1060756829
 1374 1514 FCE24A3F 		.word	1061872380
 1375 1518 9B751A3F 		.word	1058698651
 1376 151c 153A6FBD 		.word	-1116784107
 1377 1520 C4E88DBF 		.word	-1081218876
 1378 1524 0C3B0940 		.word	1074346764
 1379 1528 3D29ADBF 		.word	-1079170755
 1380 152c A8FEE93E 		.word	1055522472
 1381 1530 1748C83E 		.word	1053313047
 1382 1534 3FAC0440 		.word	1074048063
 1383 1538 F089A5BE 		.word	-1096447504
 1384 153c C0EBBB3F 		.word	1069280192
 1385 1540 399D00BF 		.word	-1090478791
 1386 1544 8C9F563E 		.word	1045864332
 1387 1548 933A413F 		.word	1061239443
 1388 154c 84BC72BF 		.word	-1082999676
 1389 1550 DBF71C3F 		.word	1058863067
 1390 1554 2A58E13F 		.word	1071732778
 1391 1558 DAC8B53D 		.word	1035323610
 1392 155c D21D2640 		.word	1076239826
 1393 1560 9AEB2CBF 		.word	-1087575142
 1394 1564 FF5A3240 		.word	1077041919
 1395 1568 C7D889BC 		.word	-1131816761
 1396 156c D7158B3E 		.word	1049302487
 1397 1570 97026ABF 		.word	-1083571561
 1398 1574 86C6F9BF 		.word	-1074149754
 1399 1578 9D84A2BE 		.word	-1096645475
 1400 157c FE9C163F 		.word	1058446590
 1401 1580 1539543F 		.word	1062484245
 1402 1584 8461D6BF 		.word	-1076469372
 1403 1588 B20DF6BF 		.word	-1074393678
 1404 158c 2992DFBE 		.word	-1092644311
 1405 1590 A836383D 		.word	1027094184
 1406 1594 B9A91A40 		.word	1075489209
 1407 1598 2AAA9EBE 		.word	-1096898006
 1408 159c C215403E 		.word	1044387266
 1409 15a0 679C723F 		.word	1064475751
 1410 15a4 799406BF 		.word	-1090087815
 1411 15a8 25CC8EBF 		.word	-1081160667
 1412 15ac 24D1CBBF 		.word	-1077161692
 1413 15b0 4A61963F 		.word	1066819914
 1414 15b4 CB64F83E 		.word	1056466123
 1415 15b8 179FD23F 		.word	1070767895
 1416 15bc 3A91E8BE 		.word	-1092054726
 1417 15c0 4F1F813F 		.word	1065426767
 1418 15c4 6B290340 		.word	1073949035
 1419 15c8 FC1D1A3F 		.word	1058676220
 1420 15cc 224F923C 		.word	1016221474
 1421 15d0 7022CEBF 		.word	-1077009808
 1422 15d4 6D8F9E3F 		.word	1067356013
 1423 15d8 8FFF2E3F 		.word	1060044687
 1424 15dc 01DD47BF 		.word	-1085809407
 1425 15e0 3DEE073F 		.word	1057484349
 1426 15e4 9D9B0840 		.word	1074305949
 1427 15e8 CE6EB53E 		.word	1052077774
 1428 15ec C4426D3E 		.word	1047347908
 1429 15f0 87DCA43F 		.word	1067768967
 1430 15f4 C6FC5CBC 		.word	-1134756666
 1431 15f8 0DABAABF 		.word	-1079334131
 1432 15fc 7F6C0EBF 		.word	-1089573761
 1433 1600 CE6E413F 		.word	1061252814
 1434 1604 446F69BF 		.word	-1083609276
 1435 1608 5793AF3F 		.word	1068471127
 1436 160c 53797B3E 		.word	1048279379
 1437 1610 0265F33D 		.word	1039361282
 1438 1614 16F6C43E 		.word	1053095446
 1439 1618 DAAB8FBD 		.word	-1114657830
 1440 161c 0F0C14BF 		.word	-1089205233
 1441 1620 2349F03E 		.word	1055934755
 1442 1624 255CA63F 		.word	1067867173
 1443 1628 1041D13F 		.word	1070678288
 1444 162c 4AEB33BF 		.word	-1087116470
 1445 1630 22A84E3F 		.word	1062119458
 1446 1634 848383BF 		.word	-1081900156
 1447 1638 0CB2A53F 		.word	1067823628
 1448 163c F59C743C 		.word	1014275317
 1449 1640 34F45F3E 		.word	1046475828
 1450 1644 BF49DB3F 		.word	1071335871
 1451 1648 240B05C0 		.word	-1073411292
 1452 164c 0741E73D 		.word	1038565639
 1453 1650 23128BBF 		.word	-1081404893
 1454 1654 BC76C7BF 		.word	-1077446980
 1455 1658 0A2D233F 		.word	1059269898
 1456 165c 9624CFBE 		.word	-1093720938
 1457 1660 9D80CEBE 		.word	-1093762915
 1458 1664 0A30AC3D 		.word	1034694666
 1459 1668 10E6DEBE 		.word	-1092688368
 1460 166c 100810BF 		.word	-1089468400
 1461 1670 ACC8603F 		.word	1063307436
 1462 1674 E78C50BF 		.word	-1085240089
 1463 1678 284884BE 		.word	-1098627032
 1464 167c B091FC3E 		.word	1056739760
 1465 1680 5B7D4DBF 		.word	-1085440677
 1466 1684 5C7608BC 		.word	-1140296100
 1467 1688 7EA8203F 		.word	1059104894
 1468 168c 51161E3E 		.word	1042159185
 1469 1690 C32A2540 		.word	1076177603
 1470 1694 1233A7BF 		.word	-1079561454
 1471 1698 E602833F 		.word	1065550566
 1472 169c 931D473F 		.word	1061625235
 1473 16a0 6C7955BF 		.word	-1084917396
 1474 16a4 8C2F16BF 		.word	-1089065076
 1475 16a8 D97A863D 		.word	1032223449
 1476 16ac 1A364ABC 		.word	-1135987174
 1477 16b0 5CAB9DBD 		.word	-1113740452
 1478 16b4 C77FC7BF 		.word	-1077444665
 1479 16b8 07EFD93F 		.word	1071247111
 1480 16bc AC1EF0BE 		.word	-1091559764
 1481 16c0 9BC7C13D 		.word	1036109723
 1482 16c4 F8FA923E 		.word	1049819896
 1483 16c8 C95A6B3F 		.word	1064000201
 1484 16cc 4698023F 		.word	1057134662
 1485 16d0 A0547B3E 		.word	1048269984
 1486 16d4 3544B3BF 		.word	-1078770635
 1487 16d8 CE35783F 		.word	1064842702
 1488 16dc 4CFECB3F 		.word	1070333516
 1489 16e0 AA0DB8BF 		.word	-1078456918
 1490 16e4 A661C4BF 		.word	-1077648986
 1491 16e8 8E0199BD 		.word	-1114046066
 1492 16ec FAD3A63D 		.word	1034343418
 1493 16f0 94DE57BF 		.word	-1084760428
 1494 16f4 3F8C10BF 		.word	-1089434561
 1495 16f8 5E12E7BC 		.word	-1125707170
 1496 16fc A1319FBF 		.word	-1080086111
 1497 1700 72A83B3F 		.word	1060874354
 1498 1704 280A743D 		.word	1031014952
 1499 1708 34B9183E 		.word	1041807668
 1500 170c 0B45CC3F 		.word	1070351627
 1501 1710 DBF946BF 		.word	-1085867557
 1502 1714 7A6FC63F 		.word	1069969274
 1503 1718 4E0A873F 		.word	1065814606
 1504 171c 59A72ABE 		.word	-1104500903
 1505 1720 0C04A13E 		.word	1050739724
 1506 1724 81B4B53F 		.word	1068872833
 1507 1728 289AA73E 		.word	1051171368
 1508 172c CA88F33E 		.word	1056147658
 1509 1730 7C29CC3E 		.word	1053567356
 1510 1734 700895BD 		.word	-1114306448
 1511 1738 D84AA83F 		.word	1067993816
 1512 173c 7E707A3F 		.word	1064988798
 1513 1740 3B6EDC3F 		.word	1071410747
 1514 1744 3F19D3BE 		.word	-1093461697
 1515 1748 8EAC103F 		.word	1058057358
 1516 174c E0663D3F 		.word	1060988640
 1517 1750 DB6B613E 		.word	1046571995
 1518 1754 0F0AA83F 		.word	1067977231
 1519 1758 1B10213F 		.word	1059131419
 1520 175c 85D28DBF 		.word	-1081224571
 1521 1760 51DDE4BE 		.word	-1092297391
 1522 1764 ADDA39BF 		.word	-1086727507
 1523 1768 6345B53E 		.word	1052067171
 1524 176c CFBB01BF 		.word	-1090405425
 1525 1770 CAA306C0 		.word	-1073306678
 1526 1774 BB282ABF 		.word	-1087756101
 1527 1778 349DB93F 		.word	1069129012
 1528 177c 33DCA8BE 		.word	-1096229837
 1529 1780 79EB2C40 		.word	1076685689
 1530 1784 AE45D1BF 		.word	-1076804178
 1531 1788 984C09BF 		.word	-1089909608
 1532 178c CE160C3F 		.word	1057756878
 1533 1790 9D0DBF3F 		.word	1069485469
 1534 1794 9C15E9BE 		.word	-1092020836
 1535 1798 3D2AFEBE 		.word	-1090639299
 1536 179c 001D9E3F 		.word	1067326720
 1537 17a0 05A2273D 		.word	1026007557
 1538 17a4 899B3F3F 		.word	1061133193
 1539 17a8 AD899D3F 		.word	1067289005
 1540 17ac 3F1C9C3E 		.word	1050418239
 1541 17b0 66F4893F 		.word	1066005606
 1542 17b4 F0E0433F 		.word	1061413104
 1543 17b8 FFE7A8BF 		.word	-1079449601
 1544 17bc 575A02BF 		.word	-1090364841
 1545 17c0 151C0E3F 		.word	1057889301
 1546 17c4 7593FABF 		.word	-1074097291
 1547 17c8 0CAD42BF 		.word	-1086149364
 1548 17cc A1681CC0 		.word	-1071880031
 1549 17d0 36CC28BF 		.word	-1087845322
 1550 17d4 4111EBBD 		.word	-1108668095
 1551 17d8 F4A3993E 		.word	1050256372
 1552 17dc C38015BF 		.word	-1089109821
 1553 17e0 3DB844C0 		.word	-1069238211
 1554 17e4 8B88C63F 		.word	1069975691
 1555 17e8 AB92D0BE 		.word	-1093627221
 1556 17ec D1CBB63F 		.word	1068944337
 1557 17f0 0937ADBF 		.word	-1079167223
 1558 17f4 946A673F 		.word	1063742100
 1559 17f8 F3AA0A3F 		.word	1057663731
 1560 17fc 1A17EEBE 		.word	-1091692774
 1561              		.global	lmsNormCoeff_f32
 1562              		.align	2
 1565              	lmsNormCoeff_f32:
 1566 1800 B3EF8ABB 		.word	-1148522573
 1567 1804 60CC163B 		.word	991349856
 1568 1808 8929113C 		.word	1007757705
 1569 180c 00000080 		.word	-2147483648
 1570 1810 DC0DA2BC 		.word	-1130230308
 1571 1814 8CBC2CBC 		.word	-1137918836
 1572 1818 3AAE063D 		.word	1023847994
 1573 181c 56470E3D 		.word	1024345942
 1574 1820 7B1519BD 		.word	-1122429573
 1575 1824 1B838EBD 		.word	-1114733797
 1576 1828 EA79B73C 		.word	1018657258
 1577 182c FB3DD13D 		.word	1037123067
 1578 1830 3468683C 		.word	1013475380
 1579 1834 2C61EDBD 		.word	-1108516564
 1580 1838 9D827CBD 		.word	-1115913571
 1581 183c 86E2CE3D 		.word	1036968582
 1582 1840 86E2CE3D 		.word	1036968582
 1583 1844 9D827CBD 		.word	-1115913571
 1584 1848 2C61EDBD 		.word	-1108516564
 1585 184c 3468683C 		.word	1013475380
 1586 1850 FB3DD13D 		.word	1037123067
 1587 1854 EA79B73C 		.word	1018657258
 1588 1858 1B838EBD 		.word	-1114733797
 1589 185c 7B1519BD 		.word	-1122429573
 1590 1860 56470E3D 		.word	1024345942
 1591 1864 3AAE063D 		.word	1023847994
 1592 1868 8CBC2CBC 		.word	-1137918836
 1593 186c DC0DA2BC 		.word	-1130230308
 1594 1870 00000080 		.word	-2147483648
 1595 1874 8929113C 		.word	1007757705
 1596 1878 60CC163B 		.word	991349856
 1597 187c B3EF8ABB 		.word	-1148522573
 1598              		.global	FIRCoeff_f32
 1599              		.section	.rodata
 1600              		.align	2
 1603              	FIRCoeff_f32:
 1604 0000 8385933B 		.word	999523715
 1605 0004 CC43A63B 		.word	1000752076
 1606 0008 65C6DB3B 		.word	1004258917
 1607 000c E949193C 		.word	1008290281
 1608 0010 EFE4533C 		.word	1012131055
 1609 0014 05BF8D3C 		.word	1015922437
 1610 0018 4CAAB63C 		.word	1018604108
 1611 001c C30EE33C 		.word	1021513411
 1612 0020 6D8D083D 		.word	1023970669
 1613 0024 10751F3D 		.word	1025471760
 1614 0028 E047353D 		.word	1026901984
 1615 002c FC1A493D 		.word	1028201212
 1616 0030 55155A3D 		.word	1029313877
 1617 0034 7880673D 		.word	1030193272
 1618 0038 7EC7703D 		.word	1030801278
 1619 003c B284753D 		.word	1031111858
 1620 0040 B284753D 		.word	1031111858
 1621 0044 7EC7703D 		.word	1030801278
 1622 0048 7880673D 		.word	1030193272
 1623 004c 55155A3D 		.word	1029313877
 1624 0050 FC1A493D 		.word	1028201212
 1625 0054 E047353D 		.word	1026901984
 1626 0058 10751F3D 		.word	1025471760
 1627 005c 6D8D083D 		.word	1023970669
 1628 0060 C30EE33C 		.word	1021513411
 1629 0064 4CAAB63C 		.word	1018604108
 1630 0068 05BF8D3C 		.word	1015922437
 1631 006c EFE4533C 		.word	1012131055
 1632 0070 E949193C 		.word	1008290281
 1633 0074 65C6DB3B 		.word	1004258917
 1634 0078 CC43A63B 		.word	1000752076
 1635 007c 8385933B 		.word	999523715
 1636              		.text
 1637              	.Letext0:
 1638              		.file 1 "../arm_signal_converge_data.c"
 1639              		.file 2 "C:\\DAVE-3.1\\eclipse\\/../CMSIS/Include/arm_math.h"
DEFINED SYMBOLS
                            *ABS*:00000000 arm_signal_converge_data.c
C:\Users\wangguan\AppData\Local\Temp\ccGa8ikn.s:24     .data:00000000 testInput_f32
C:\Users\wangguan\AppData\Local\Temp\ccGa8ikn.s:21     .data:00000000 $d
C:\Users\wangguan\AppData\Local\Temp\ccGa8ikn.s:1565   .data:00001800 lmsNormCoeff_f32
C:\Users\wangguan\AppData\Local\Temp\ccGa8ikn.s:1603   .rodata:00000000 FIRCoeff_f32
C:\Users\wangguan\AppData\Local\Temp\ccGa8ikn.s:1600   .rodata:00000000 $d
                           .group:00000000 wm4.1.9aeeb49319d52ce18428457f37cb413c
                           .group:00000000 wm4.arm_math.h.265.70d56e5033e2760c278cbebe073db4fc
                           .group:00000000 wm4.core_cm4.h.47.5b17071cb0e0984e786cc7d50cfa4aef
                           .group:00000000 wm4.newlib.h.8.a9901dc52d1357e3e94003403d43f8b5
                           .group:00000000 wm4.features.h.22.b72b3baab2bb2eab3661375590100b6b
                           .group:00000000 wm4.config.h.193.5fb8ef056cdff92dec3dee9552839d8c
                           .group:00000000 wm4._ansi.h.23.7aefdac4826acebbfc9f3822a0aeb14c
                           .group:00000000 wm4.stdint.h.20.54ad762faa59e3c05491630641c8d8bf
                           .group:00000000 wm4.core_cmInstr.h.39.3d3d1b4a79aef37532666dc6ee87c6ac
                           .group:00000000 wm4.core_cm4_simd.h.43.b5d1d38735af6366227b4256d330cf13
                           .group:00000000 wm4._default_types.h.6.5e12cd604db8ce00b62bb2f02708eaf3
                           .group:00000000 wm4.lock.h.2.9bc98482741e5e2a9450b12934a684ea
                           .group:00000000 wm4.stddef.h.349.31f4c5baff3fa2689010b32028da9c47
                           .group:00000000 wm4.reent.h.16.9e42f0e588b85e70b2bf6572af57ce64
                           .group:00000000 wm4.stddef.h.187.9e651b6b8b16e149c1353259404973ea
                           .group:00000000 wm4.string.h.17.f8d12df81104836a3f2a5d589ae830d8
                           .group:00000000 wm4.math.h.35.cc9264b0ced3bd063c5784e64e89cf51
                           .group:00000000 wm4.arm_math.h.297.9b8078faaef2b2639f9d65032d7e0d70

NO UNDEFINED SYMBOLS
