   1              		.cpu cortex-m0
   2              		.fpu softvfp
   3              		.eabi_attribute 20, 1
   4              		.eabi_attribute 21, 1
   5              		.eabi_attribute 23, 3
   6              		.eabi_attribute 24, 1
   7              		.eabi_attribute 25, 1
   8              		.eabi_attribute 26, 1
   9              		.eabi_attribute 30, 6
  10              		.eabi_attribute 34, 0
  11              		.eabi_attribute 18, 4
  12              		.code	16
  13              		.file	"arm_graphic_equalizer_example_q31.c"
  14              		.text
  15              	.Ltext0:
  16              		.cfi_sections	.debug_frame
  17              		.bss
  18              		.align	2
  19              	testOutput:
  20 0000 00000000 		.space	1280
  20      00000000 
  20      00000000 
  20      00000000 
  20      00000000 
  21              		.align	3
  22              	biquadStateBand1Q31:
  23 0500 00000000 		.space	64
  23      00000000 
  23      00000000 
  23      00000000 
  23      00000000 
  24              		.align	3
  25              	biquadStateBand2Q31:
  26 0540 00000000 		.space	64
  26      00000000 
  26      00000000 
  26      00000000 
  26      00000000 
  27              		.align	2
  28              	biquadStateBand3Q31:
  29 0580 00000000 		.space	32
  29      00000000 
  29      00000000 
  29      00000000 
  29      00000000 
  30              		.align	2
  31              	biquadStateBand4Q31:
  32 05a0 00000000 		.space	32
  32      00000000 
  32      00000000 
  32      00000000 
  32      00000000 
  33              		.align	2
  34              	biquadStateBand5Q31:
  35 05c0 00000000 		.space	32
  35      00000000 
  35      00000000 
  35      00000000 
  35      00000000 
  36              		.comm	inputQ31,128,4
  37              		.comm	outputQ31,128,4
  38              		.global	coeffTable
  39              		.section	.rodata
  40              		.align	2
  43              	coeffTable:
  44 0000 8241EC1F 		.word	535576962
  45 0004 FD7C27C0 		.word	-1071153923
  46 0008 8241EC1F 		.word	535576962
  47 000c 00000040 		.word	1073741824
  48 0010 000000E0 		.word	-536870912
  49 0014 8241EC1F 		.word	535576962
  50 0018 523F9CC0 		.word	-1063501998
  51 001c 3153781F 		.word	527979313
  52 0020 0E853B3F 		.word	1060865294
  53 0024 DB26C2E0 		.word	-524146981
  54 0028 DA7CEE1F 		.word	535723226
  55 002c 4D0623C0 		.word	-1071446451
  56 0030 DA7CEE1F 		.word	535723226
  57 0034 00000040 		.word	1073741824
  58 0038 000000E0 		.word	-536870912
  59 003c DA7CEE1F 		.word	535723226
  60 0040 CD399BC0 		.word	-1063568947
  61 0044 F129771F 		.word	527903217
  62 0048 F217413F 		.word	1061230578
  63 004c 1EB5BCE0 		.word	-524503778
  64 0050 B1B4F01F 		.word	535868593
  65 0054 9E961EC0 		.word	-1071737186
  66 0058 B1B4F01F 		.word	535868593
  67 005c 00000040 		.word	1073741824
  68 0060 000000E0 		.word	-536870912
  69 0064 B1B4F01F 		.word	535868593
  70 0068 35559AC0 		.word	-1063627467
  71 006c 04E4751F 		.word	527819780
  72 0070 5E82463F 		.word	1061585502
  73 0074 026AB7E0 		.word	-524850686
  74 0078 7DE9F21F 		.word	536013181
  75 007c 052D1AC0 		.word	-1072026363
  76 0080 7DE9F21F 		.word	536013181
  77 0084 00000040 		.word	1073741824
  78 0088 000000E0 		.word	-536870912
  79 008c 7DE9F21F 		.word	536013181
  80 0090 629199C0 		.word	-1063677598
  81 0094 2781741F 		.word	527728935
  82 0098 79C54B3F 		.word	1061930361
  83 009c 7C44B2E0 		.word	-525187972
  84 00a0 B51BF51F 		.word	536157109
  85 00a4 97C815C0 		.word	-1072314217
  86 00a8 B51BF51F 		.word	536157109
  87 00ac 00000040 		.word	1073741824
  88 00b0 000000E0 		.word	-536870912
  89 00b4 B51BF51F 		.word	536157109
  90 00b8 34EE98C0 		.word	-1063719372
  91 00bc 0F01731F 		.word	527630607
  92 00c0 5EE2503F 		.word	1062265438
  93 00c4 8743ADE0 		.word	-525515897
  94 00c8 CC4BF71F 		.word	536300492
  95 00cc 696811C0 		.word	-1072600983
  96 00d0 CC4BF71F 		.word	536300492
  97 00d4 00000040 		.word	1073741824
  98 00d8 000000E0 		.word	-536870912
  99 00dc CC4BF71F 		.word	536300492
 100 00e0 916B98C0 		.word	-1063752815
 101 00e4 7063711F 		.word	527524720
 102 00e8 23DA553F 		.word	1062591011
 103 00ec 2466A8E0 		.word	-525834716
 104 00f0 377AF91F 		.word	536443447
 105 00f4 920B0DC0 		.word	-1072886894
 106 00f8 377AF91F 		.word	536443447
 107 00fc 00000040 		.word	1073741824
 108 0100 000000E0 		.word	-536870912
 109 0104 377AF91F 		.word	536443447
 110 0108 670998C0 		.word	-1063777945
 111 010c F2A76F1F 		.word	527411186
 112 0110 D6AD5A3F 		.word	1062907350
 113 0114 5CABA3E0 		.word	-526144676
 114 0118 6BA7FB1F 		.word	536586091
 115 011c 29B108C0 		.word	-1073172183
 116 0120 6BA7FB1F 		.word	536586091
 117 0124 00000040 		.word	1073741824
 118 0128 000000E0 		.word	-536870912
 119 012c 6BA7FB1F 		.word	536586091
 120 0130 A9C797C0 		.word	-1063794775
 121 0134 3DCE6D1F 		.word	527289917
 122 0138 7D5E5F3F 		.word	1063214717
 123 013c 3F129FE0 		.word	-526446017
 124 0140 DDD3FD1F 		.word	536728541
 125 0144 465804C0 		.word	-1073457082
 126 0148 DDD3FD1F 		.word	536728541
 127 014c 00000040 		.word	1073741824
 128 0150 000000E0 		.word	-536870912
 129 0154 DDD3FD1F 		.word	536728541
 130 0158 54A697C0 		.word	-1063803308
 131 015c EFD56B1F 		.word	527160815
 132 0160 16ED633F 		.word	1063513366
 133 0164 E1999AE0 		.word	-526738975
 134 0168 00000020 		.word	536870912
 135 016c 000000C0 		.word	-1073741824
 136 0170 00000020 		.word	536870912
 137 0174 00000040 		.word	1073741824
 138 0178 000000E0 		.word	-536870912
 139 017c 00000020 		.word	536870912
 140 0180 69A597C0 		.word	-1063803543
 141 0184 A1BE691F 		.word	527023777
 142 0188 975A683F 		.word	1063803543
 143 018c 5F4196E0 		.word	-527023777
 144 0190 492C0220 		.word	537013321
 145 0194 6EA7FBBF 		.word	-1074026642
 146 0198 492C0220 		.word	537013321
 147 019c 00000040 		.word	1073741824
 148 01a0 000000E0 		.word	-536870912
 149 01a4 492C0220 		.word	537013321
 150 01a8 F2C497C0 		.word	-1063795470
 151 01ac E887671F 		.word	526878696
 152 01b0 F2A76C3F 		.word	1064085490
 153 01b4 D80792E0 		.word	-527300648
 154 01b8 2C590420 		.word	537155884
 155 01bc A84DF7BF 		.word	-1074311768
 156 01c0 2C590420 		.word	537155884
 157 01c4 00000040 		.word	1073741824
 158 01c8 000000E0 		.word	-536870912
 159 01cc 2C590420 		.word	537155884
 160 01d0 FF0498C0 		.word	-1063779073
 161 01d4 4F31651F 		.word	526725455
 162 01d8 0FD6703F 		.word	1064359439
 163 01dc 75EC8DE0 		.word	-527569803
 164 01e0 1E870620 		.word	537298718
 165 01e4 C5F1F2BF 		.word	-1074597435
 166 01e8 1E870620 		.word	537298718
 167 01ec 00000040 		.word	1073741824
 168 01f0 000000E0 		.word	-536870912
 169 01f4 1E870620 		.word	537298718
 170 01f8 A86598C0 		.word	-1063754328
 171 01fc 5EBA621F 		.word	526563934
 172 0200 D1E5743F 		.word	1064625617
 173 0204 62EE89E0 		.word	-527831454
 174 0208 93B60820 		.word	537441939
 175 020c DA92EEBF 		.word	-1074883878
 176 0210 93B60820 		.word	537441939
 177 0214 00000040 		.word	1073741824
 178 0218 000000E0 		.word	-536870912
 179 021c 93B60820 		.word	537441939
 180 0220 0BE798C0 		.word	-1063721205
 181 0224 9522601F 		.word	526394005
 182 0228 15D8783F 		.word	1064884245
 183 022c D20C86E0 		.word	-528085806
 184 0230 02E80A20 		.word	537585666
 185 0234 FD2FEABF 		.word	-1075171331
 186 0238 02E80A20 		.word	537585666
 187 023c 00000040 		.word	1073741824
 188 0240 000000E0 		.word	-536870912
 189 0244 02E80A20 		.word	537585666
 190 0248 4E8999C0 		.word	-1063679666
 191 024c 6E695D1F 		.word	526215534
 192 0250 B0AD7C3F 		.word	1065135536
 193 0254 FD4682E0 		.word	-528333059
 194 0258 DF1B0D20 		.word	537730015
 195 025c 42C8E5BF 		.word	-1075460030
 196 0260 DF1B0D20 		.word	537730015
 197 0264 00000040 		.word	1073741824
 198 0268 000000E0 		.word	-536870912
 199 026c DF1B0D20 		.word	537730015
 200 0270 9E4C9AC0 		.word	-1063629666
 201 0274 5C8E5A1F 		.word	526028380
 202 0278 7367803F 		.word	1065379699
 203 027c 1F9C7EE0 		.word	-528573409
 204 0280 A2520F20 		.word	537875106
 205 0284 BC5AE1BF 		.word	-1075750212
 206 0288 A2520F20 		.word	537875106
 207 028c 00000040 		.word	1073741824
 208 0290 000000E0 		.word	-536870912
 209 0294 A2520F20 		.word	537875106
 210 0298 30319BC0 		.word	-1063571152
 211 029c CC90571F 		.word	525832396
 212 02a0 2806843F 		.word	1065616936
 213 02a4 7B0B7BE0 		.word	-528807045
 214 02a8 C18C1120 		.word	538021057
 215 02ac 7EE6DCBF 		.word	-1076042114
 216 02b0 C18C1120 		.word	538021057
 217 02b4 00000040 		.word	1073741824
 218 02b8 000000E0 		.word	-536870912
 219 02bc C18C1120 		.word	538021057
 220 02c0 3F379CC0 		.word	-1063504065
 221 02c4 2570541F 		.word	525627429
 222 02c8 948A873F 		.word	1065847444
 223 02cc 599477E0 		.word	-529034151
 224 02d0 B5CA1320 		.word	538167989
 225 02d4 976AD8BF 		.word	-1076335977
 226 02d8 B5CA1320 		.word	538167989
 227 02dc 00000040 		.word	1073741824
 228 02e0 000000E0 		.word	-536870912
 229 02e4 B5CA1320 		.word	538167989
 230 02e8 0E5F9DC0 		.word	-1063428338
 231 02ec C52B511F 		.word	525413317
 232 02f0 74F58A3F 		.word	1066071412
 233 02f4 053674E0 		.word	-529254907
 234 02f8 1065B21F 		.word	531784976
 235 02fc 246216C1 		.word	-1055497692
 236 0300 87AC391F 		.word	523873415
 237 0304 BB1F8D3F 		.word	1066213307
 238 0308 2FB071E0 		.word	-529420241
 239 030c 1065B21F 		.word	531784976
 240 0310 0266FDC1 		.word	-1040357886
 241 0314 AE5B631E 		.word	509828014
 242 0318 DCE4533D 		.word	1028908252
 243 031c D99584E2 		.word	-494627367
 244 0320 0422BB1F 		.word	532357636
 245 0324 828805C1 		.word	-1056601982
 246 0328 D0B5411F 		.word	524400080
 247 032c 04A38B3F 		.word	1066115844
 248 0330 CB1D73E0 		.word	-529326645
 249 0334 0422BB1F 		.word	532357636
 250 0338 D258F9C1 		.word	-1040623406
 251 033c E84E5F1E 		.word	509562600
 252 0340 1D9B6B3D 		.word	1030462237
 253 0344 56B16EE2 		.word	-496062122
 254 0348 A0D3C31F 		.word	532927392
 255 034c 2FA9F4C0 		.word	-1057707729
 256 0350 26D0491F 		.word	524931110
 257 0354 523D8A3F 		.word	1066024274
 258 0358 E27374E0 		.word	-529239070
 259 035c A0D3C31F 		.word	532927392
 260 0360 83EAF5C1 		.word	-1040848253
 261 0364 01B95A1E 		.word	509262081
 262 0368 DE99823D 		.word	1031969246
 263 036c 3E6859E2 		.word	-497457090
 264 0370 967BCC1F 		.word	533494678
 265 0374 A2BFE3C0 		.word	-1058816094
 266 0378 68FE511F 		.word	525467240
 267 037c 67F0883F 		.word	1065939047
 268 0380 B7B075E0 		.word	-529157961
 269 0384 967BCC1F 		.word	533494678
 270 0388 1F1CF3C1 		.word	-1041032161
 271 038c FE97551E 		.word	508925950
 272 0390 D8E3983D 		.word	1033429976
 273 0394 63B944E2 		.word	-498812573
 274 0398 991BD51F 		.word	534059929
 275 039c 74C7D2C0 		.word	-1059928204
 276 03a0 52435A1F 		.word	526009170
 277 03a4 E6BD873F 		.word	1065860582
 278 03a8 AAD276E0 		.word	-529083734
 279 03ac 991BD51F 		.word	534059929
 280 03b0 ACEEF0C1 		.word	-1041174868
 281 03b4 F5E94F1E 		.word	508553717
 282 03b8 C47BAE3D 		.word	1034845124
 283 03bc 89A330E2 		.word	-500128887
 284 03c0 5CB5DD1F 		.word	534623580
 285 03c4 64BCC1C0 		.word	-1061045148
 286 03c8 79A1621F 		.word	526557561
 287 03cc 4CA7863F 		.word	1065789260
 288 03d0 44D877E0 		.word	-529016764
 289 03d4 5CB5DD1F 		.word	534623580
 290 03d8 2263EFC1 		.word	-1041276126
 291 03dc 18AD491E 		.word	508144920
 292 03e0 6164C33D 		.word	1036215393
 293 03e4 5B251DE2 		.word	-501406373
 294 03e8 944AE61F 		.word	535186068
 295 03ec 5F9AB0C0 		.word	-1062167969
 296 03f0 481B6B1F 		.word	527113032
 297 03f4 ECAD853F 		.word	1065725420
 298 03f8 37C078E0 		.word	-528957385
 299 03fc 944AE61F 		.word	535186068
 300 0400 697AEEC1 		.word	-1041335703
 301 0404 B5DF421E 		.word	507699125
 302 0408 7CA0D73D 		.word	1037541500
 303 040c 693D0AE2 		.word	-502645399
 304 0410 F3DCEE1F 		.word	535747827
 305 0414 7E5D9FC0 		.word	-1063297666
 306 0418 F7B2731F 		.word	527676151
 307 041c E7D2843F 		.word	1065669351
 308 0420 698979E0 		.word	-528905879
 309 0424 F3DCEE1F 		.word	535747827
 310 0428 5635EEC1 		.word	-1041353386
 311 042c 3E803B1E 		.word	507215934
 312 0430 F732EB3D 		.word	1038824183
 313 0434 20EAF7E1 		.word	-503846368
 314 0438 2F6EF71F 		.word	536309295
 315 043c 11028EC0 		.word	-1064435183
 316 0440 8C6A7C1F 		.word	528247436
 317 0444 2917843F 		.word	1065621289
 318 0448 F4327AE0 		.word	-528862476
 319 044c 2F6EF71F 		.word	536309295
 320 0450 A294EEC1 		.word	-1041328990
 321 0454 488D331E 		.word	506694984
 322 0458 CB1EFE3D 		.word	1040064203
 323 045c C429E6E1 		.word	-505009724
 324 0460 00000020 		.word	536870912
 325 0464 9B847CC0 		.word	-1065581413
 326 0468 D543851F 		.word	528827349
 327 046c 657B833F 		.word	1065581413
 328 0470 2BBC7AE0 		.word	-528827349
 329 0474 00000020 		.word	536870912
 330 0478 EE98EFC1 		.word	-1041262354
 331 047c 91052B1E 		.word	506135953
 332 0480 1267103E 		.word	1041262354
 333 0484 6FFAD4E1 		.word	-506135953
 334 0488 1D940820 		.word	537433117
 335 048c D6E16AC0 		.word	-1066737194
 336 0490 67408E1F 		.word	529416295
 337 0494 1700833F 		.word	1065549847
 338 0498 9E247BE0 		.word	-528800610
 339 049c 1D940820 		.word	537433117
 340 04a0 BE42F1C1 		.word	-1041153346
 341 04a4 04E8211E 		.word	505538564
 342 04a8 010F223E 		.word	1042419457
 343 04ac 0C5AC4E1 		.word	-507225588
 344 04b0 402C1120 		.word	537996352
 345 04b4 B51659C0 		.word	-1067903307
 346 04b8 9E61971F 		.word	530014622
 347 04bc 7BA5823F 		.word	1065526651
 348 04c0 146C7BE0 		.word	-528782316
 349 04c4 402C1120 		.word	537996352
 350 04c8 7892F3C1 		.word	-1041001864
 351 04cc B233181E 		.word	504902578
 352 04d0 F219333E 		.word	1043536370
 353 04d4 5846B4E1 		.word	-508279208
 354 04d8 25CA1920 		.word	538561061
 355 04dc 602047C0 		.word	-1069080480
 356 04e0 9CA8A01F 		.word	530622620
 357 04e4 966B823F 		.word	1065511830
 358 04e8 92927BE0 		.word	-528772462
 359 04ec 25CA1920 		.word	538561061
 360 04f0 6788F6C1 		.word	-1040807833
 361 04f4 D8E70D1E 		.word	504227800
 362 04f8 5D8B433E 		.word	1044613981
 363 04fc E3BCA4E1 		.word	-509297437
 364 0500 8A6F2220 		.word	539127690
 365 0504 35FC34C0 		.word	-1070269387
 366 0508 4F16AA1F 		.word	531240527
 367 050c 3552823F 		.word	1065505333
 368 0510 55987BE0 		.word	-528770987
 369 0514 8A6F2220 		.word	539127690
 370 0518 BB24FAC1 		.word	-1040571205
 371 051c DA03031E 		.word	503514074
 372 0520 DB66533E 		.word	1045653211
 373 0524 0EBB95E1 		.word	-510280946
 374 0528 321E2B20 		.word	539696690
 375 052c C0A722C0 		.word	-1071470656
 376 0530 6DABB31F 		.word	531868525
 377 0534 EE58823F 		.word	1065507054
 378 0538 CE7D7BE0 		.word	-528777778
 379 053c 321E2B20 		.word	539696690
 380 0540 9167FEC1 		.word	-1040291951
 381 0544 3D87F71D 		.word	502761277
 382 0548 23B0623E 		.word	1046655011
 383 054c 0E3E87E1 		.word	-511230450
 384 0550 E0D73320 		.word	540268512
 385 0554 BD2010C0 		.word	-1072684867
 386 0558 7E68BD1F 		.word	532506750
 387 055c 257F823F 		.word	1065516837
 388 0560 A0437BE0 		.word	-528792672
 389 0564 E0D73320 		.word	540268512
 390 0568 F15003C2 		.word	-1039970063
 391 056c A871EB1D 		.word	501969320
 392 0570 066B713E 		.word	1047620358
 393 0574 F44279E1 		.word	-512146700
 394 0578 5D9E3C20 		.word	540843613
 395 057c 0965FDBF 		.word	-1073912567
 396 0580 E14DC71F 		.word	533155297
 397 0584 13C4823F 		.word	1065534483
 398 0588 9DEA7AE0 		.word	-528815459
 399 058c 5D9E3C20 		.word	540843613
 400 0590 DAE008C2 		.word	-1039605542
 401 0594 DBC2DE1D 		.word	501138139
 402 0598 6B9B7F3E 		.word	1048550251
 403 059c ACC66BE1 		.word	-513030484
 404 05a0 73734520 		.word	541422451
 405 05a4 A472EABF 		.word	-1075154268
 406 05a8 D05BD11F 		.word	533814224
 407 05ac C626833F 		.word	1065559750
 408 05b0 BC737AE0 		.word	-528845892
 409 05b4 73734520 		.word	541422451
 410 05b8 46170FC2 		.word	-1039198394
 411 05bc A77AD11D 		.word	500267687
 412 05c0 4C458D3E 		.word	1049445708
 413 05c4 03C65EE1 		.word	-513882621
 414 05c8 F1584E20 		.word	542005489
 415 05cc A447D7BF 		.word	-1076410460
 416 05d0 6992DB1F 		.word	534483561
 417 05d4 2AA6833F 		.word	1065592362
 418 05d8 1AE079E0 		.word	-528883686
 419 05dc F1584E20 		.word	542005489
 420 05e0 30F415C2 		.word	-1038748624
 421 05e4 EC98C31D 		.word	499357932
 422 05e8 B06C9A3E 		.word	1050307760
 423 05ec AC3D52E1 		.word	-514703956
 424 05f0 35D8ED1E 		.word	518903861
 425 05f4 F2E446C4 		.word	-1001986830
 426 05f8 9DD6021D 		.word	486725277
 427 05fc 59F6D23D 		.word	1037235801
 428 0600 317A0EE2 		.word	-502367695
 429 0604 35D8ED1E 		.word	518903861
 430 0608 4AB69FC7 		.word	-945834422
 431 060c E3149B1A 		.word	446371043
 432 0610 D303C935 		.word	902366163
 433 0614 65CB1DE8 		.word	-400700571
 434 0618 954D0C1F 		.word	520899989
 435 061c 3C4A0FC4 		.word	-1005630916
 436 0620 66B31A1D 		.word	488289126
 437 0624 7E3FCE3D 		.word	1036926846
 438 0628 11D711E2 		.word	-502147311
 439 062c 954D0C1F 		.word	520899989
 440 0630 C9B195C7 		.word	-946490935
 441 0634 160A8F1A 		.word	445581846
 442 0638 19CA1D36 		.word	907921945
 443 063c 222ADDE7 		.word	-404936158
 444 0640 99B72A1F 		.word	522893209
 445 0644 EE74D7C3 		.word	-1009290002
 446 0648 E0D1321D 		.word	489869792
 447 064c F407CA3D 		.word	1036650484
 448 0650 35AD14E2 		.word	-501961419
 449 0654 99B72A1F 		.word	522893209
 450 0658 69D48DC7 		.word	-947006359
 451 065c FE5B811A 		.word	444685310
 452 0660 FAF16F36 		.word	913306106
 453 0664 E7019EE7 		.word	-409075225
 454 0668 1B1B491F 		.word	524884763
 455 066c F9549FC3 		.word	-1012968199
 456 0670 B03D4B1D 		.word	491470256
 457 0674 0F53C63D 		.word	1036407567
 458 0678 CFF916E2 		.word	-501810737
 459 067c 1B1B491F 		.word	524884763
 460 0680 6F2988C7 		.word	-947377809
 461 0684 2D03721A 		.word	443679533
 462 0688 BA84BF36 		.word	918521018
 463 068c C35860E7 		.word	-413116221
 464 0690 067D671F 		.word	526875910
 465 0694 2FDA66C3 		.word	-1016669649
 466 0698 8E02641D 		.word	493093518
 467 069c 3823C33D 		.word	1036198712
 468 06a0 05BB18E2 		.word	-501695739
 469 06a4 067D671F 		.word	526875910
 470 06a8 6CBC84C7 		.word	-947602324
 471 06ac 70F8601A 		.word	442562672
 472 06b0 5F8C0C37 		.word	923569247
 473 06b4 973324E7 		.word	-417057897
 474 06b8 57E2851F 		.word	528867927
 475 06bc 59F42DC3 		.word	-1020398503
 476 06c0 2F2C7D1D 		.word	494742575
 477 06c4 E579C03D 		.word	1036024293
 478 06c8 F5EF19E2 		.word	-501616651
 479 06cc 57E2851F 		.word	528867927
 480 06d0 359983C7 		.word	-947676875
 481 06d4 EA344E1A 		.word	441332970
 482 06d8 B6135737 		.word	928453558
 483 06dc 0996E9E6 		.word	-420899319
 484 06e0 1F50A41F 		.word	530862111
 485 06e4 4793F4C2 		.word	-1024158905
 486 06e8 37C6961D 		.word	496420407
 487 06ec 9F57BE3D 		.word	1035884447
 488 06f0 AF981AE2 		.word	-501573457
 489 06f4 1F50A41F 		.word	530862111
 490 06f8 CFCB84C7 		.word	-947598385
 491 06fc 29B2391A 		.word	439988777
 492 0700 4D269F37 		.word	933176909
 493 0704 8082B0E6 		.word	-424639872
 494 0708 82CBC21F 		.word	532859778
 495 070c E6A6BAC2 		.word	-1027954970
 496 0710 23DCB01D 		.word	498129955
 497 0714 05BCBC3D 		.word	1035779077
 498 0718 2DB61AE2 		.word	-501565907
 499 071c 82CBC21F 		.word	532859778
 500 0720 626088C7 		.word	-947363742
 501 0724 3B6A231A 		.word	438528571
 502 0728 6ED0E437 		.word	937742446
 503 072c 2AFA78E6 		.word	-428279254
 504 0730 B459E11F 		.word	534862260
 505 0734 551F80C2 		.word	-1031790763
 506 0738 3279CB1D 		.word	499874098
 507 073c D7A5BB3D 		.word	1035707863
 508 0740 4B4A1AE2 		.word	-501593525
 509 0744 B459E11F 		.word	534862260
 510 0748 21638EC7 		.word	-946969823
 511 074c CB570B1A 		.word	436950987
 512 0750 0E1F2838 		.word	942153486
 513 0754 FEFC42E6 		.word	-431817474
 514 0758 00000020 		.word	536870912
 515 075c F9EC44C2 		.word	-1035670279
 516 0760 4EA8E61D 		.word	501655630
 517 0764 0713BB3D 		.word	1035670279
 518 0768 B25719E2 		.word	-501655630
 519 076c 00000020 		.word	536870912
 520 0770 3CE096C7 		.word	-946413508
 521 0774 3776F119 		.word	435254839
 522 0778 C41F6938 		.word	946413508
 523 077c C9890EE6 		.word	-435254839
 524 0780 C3C31E20 		.word	538887107
 525 0784 950009C2 		.word	-1039597419
 526 0788 F673021E 		.word	503477238
 527 078c C900BB3D 		.word	1035665609
 528 0790 C6E117E2 		.word	-501751354
 529 0794 C3C31E20 		.word	538887107
 530 0798 C9E3A1C7 		.word	-945691703
 531 079c AAC1D519 		.word	433439146
 532 07a0 AFE0A738 		.word	950526127
 533 07a4 3F9EDBE5 		.word	-438591937
 534 07a8 70AA3D20 		.word	540912240
 535 07ac 614BCCC1 		.word	-1043575967
 536 07b0 23E61E1E 		.word	505341475
 537 07b4 A36BBB3D 		.word	1035692963
 538 07b8 95EC15E2 		.word	-501879659
 539 07bc 70AA3D20 		.word	540912240
 540 07c0 B179AFC7 		.word	-944801359
 541 07c4 3037B819 		.word	431503152
 542 07c8 6870E438 		.word	954495080
 543 07cc 0B37AAE5 		.word	-441829621
 544 07d0 8EB95C20 		.word	542947726
 545 07d4 1FBF8EC1 		.word	-1047609569
 546 07d8 35083C1E 		.word	507250741
 547 07dc 8B4FBC3D 		.word	1035751307
 548 07e0 BC7C13E2 		.word	-502039364
 549 07e4 8EB95C20 		.word	542947726
 550 07e8 9EADBFC7 		.word	-943739490
 551 07ec CDD49819 		.word	429446349
 552 07f0 E9DD1E39 		.word	958324201
 553 07f4 E54F7AE5 		.word	-444968987
 554 07f8 B8F67B20 		.word	544995000
 555 07fc 2B4E50C1 		.word	-1051701717
 556 0800 DDE2591E 		.word	509207261
 557 0804 F1A7BD3D 		.word	1035839473
 558 0808 539710E2 		.word	-502229165
 559 080c B8F67B20 		.word	544995000
 560 0810 EA8AD2C7 		.word	-942503190
 561 0814 8C997719 		.word	427268492
 562 0818 78385739 		.word	962017400
 563 081c A9E34BE5 		.word	-448011351
 564 0820 A3679B20 		.word	547055523
 565 0824 90EB10C1 		.word	-1055855728
 566 0828 097E781E 		.word	511213065
 567 082c E16FBF3D 		.word	1035956193
 568 0830 D7410DE2 		.word	-502447657
 569 0834 A3679B20 		.word	547055523
 570 0838 911CE8C7 		.word	-941089647
 571 083c 91855419 		.word	424969617
 572 0840 908F8D39 		.word	965578640
 573 0844 6EEC1EE5 		.word	-450958226
 574 0848 1612BB20 		.word	549130774
 575 084c 128BD0C0 		.word	-1060074734
 576 0850 D5E0971E 		.word	513269973
 577 0854 0EA2C13D 		.word	1036100110
 578 0858 118209E2 		.word	-502693359
 579 085c 1612BB20 		.word	549130774
 580 0860 256D00C8 		.word	-939496155
 581 0864 219A2F19 		.word	422550049
 582 0868 C9F2C139 		.word	969011913
 583 086c 9E63F3E4 		.word	-453811298
 584 0870 F3FBDA20 		.word	551222259
 585 0874 38218FC0 		.word	-1064361672
 586 0878 8111B81E 		.word	515379585
 587 087c EC38C43D 		.word	1036269804
 588 0880 055E05E2 		.word	-502964731
 589 0884 F3FBDA20 		.word	551222259
 590 0888 C9861BC8 		.word	-937720119
 591 088c A7D90819 		.word	420010407
 592 0890 CC71F439 		.word	972321228
 593 0894 0F42C9E4 		.word	-456572401
 594 0898 332BFB20 		.word	553331507
 595 089c 50A34CC0 		.word	-1068719280
 596 08a0 6915D91E 		.word	517543273
 597 08a4 C22EC73D 		.word	1036463810
 598 08a8 E0DB00E2 		.word	-503260192
 599 08ac 332BFB20 		.word	553331507
 600 08b0 2F7339C8 		.word	-935759057
 601 08b4 B147E018 		.word	417351601
 602 08b8 361C253A 		.word	975510582
 603 08bc 1980A0E4 		.word	-459243495
 604 08c0 E8A51B21 		.word	555460072
 605 08c4 6C0709C0 		.word	-1073150100
 606 08c8 05F1FA1E 		.word	519762181
 607 08cc B97DCA3D 		.word	1036680633
 608 08d0 E001FCE1 		.word	-503578144
 609 08d4 E8A51B21 		.word	555460072
 610 08d8 983B5AC8 		.word	-933610600
 611 08dc F0E8B518 		.word	414574832
 612 08e0 8C01543A 		.word	978583948
 613 08e4 AC1579E4 		.word	-461826644
 614 08e8 B11F731D 		.word	494084017
 615 08ec 745240CD 		.word	-851422604
 616 08f0 D1681518 		.word	404056273
 617 08f4 CFFC7037 		.word	930151631
 618 08f8 E812C0E6 		.word	-423619864
 619 08fc B11F731D 		.word	494084017
 620 0900 44F0D7D7 		.word	-673714108
 621 0904 96653C14 		.word	339502486
 622 0908 3F0B7D21 		.word	561843007
 623 090c EA2F28F0 		.word	-265801750
 624 0910 C6C3B91D 		.word	498713542
 625 0914 4BFFC9CC 		.word	-859177141
 626 0918 C5063C18 		.word	406587077
 627 091c 08A56237 		.word	929211656
 628 0920 5E88BDE6 		.word	-423786402
 629 0924 C6C3B91D 		.word	498713542
 630 0928 E6A3DED7 		.word	-673274906
 631 092c A94B2814 		.word	338185129
 632 0930 58423222 		.word	573719128
 633 0934 2235C6EF 		.word	-272222942
 634 0938 38CD001E 		.word	503369016
 635 093c A27152CC 		.word	-867012190
 636 0940 E01B6318 		.word	409148384
 637 0944 E9B15537 		.word	928362985
 638 0948 0070B9E6 		.word	-424054784
 639 094c 38CD001E 		.word	503369016
 640 0950 BDF5E9D7 		.word	-672533059
 641 0954 E08A1114 		.word	336693984
 642 0958 25D2E222 		.word	585290277
 643 095c 8CEA64EF 		.word	-278599028
 644 0960 3844481E 		.word	508052536
 645 0964 D18AD9CB 		.word	-874935599
 646 0968 86C08A18 		.word	411746438
 647 096c 431E4A37 		.word	927604291
 648 0970 F9D4B3E6 		.word	-424422151
 649 0974 3844481E 		.word	508052536
 650 0978 F60CFAD7 		.word	-671478538
 651 097c D91AF813 		.word	335026905
 652 0980 E8C18E23 		.word	596558312
 653 0984 1F7604EF 		.word	-284920289
 654 0988 4E31901E 		.word	512766286
 655 098c C12A5FCB 		.word	-882955583
 656 0990 720EB318 		.word	414387826
 657 0994 16E33F37 		.word	926933782
 658 0998 20C4ACE6 		.word	-424885216
 659 099c 4E31901E 		.word	512766286
 660 09a0 FA110FD8 		.word	-670100998
 661 09a4 5DF4DB13 		.word	333182045
 662 09a8 A01B3624 		.word	607525792
 663 09ac ADFAA4EE 		.word	-291177811
 664 09b0 569DD81E 		.word	517512534
 665 09b4 F82FE3CA 		.word	-891080712
 666 09b8 B220DC18 		.word	417079474
 667 09bc CEF73637 		.word	926349262
 668 09c0 C24BA4E6 		.word	-425440318
 669 09c4 569DD81E 		.word	517512534
 670 09c8 632E29D8 		.word	-668389789
 671 09cc 8E11BD13 		.word	331157902
 672 09d0 CAEBD824 		.word	618195914
 673 09d4 E39746EE 		.word	-297363485
 674 09d8 8391211F 		.word	522293635
 675 09dc A17765CA 		.word	-899319903
 676 09e0 9B130619 		.word	419828635
 677 09e4 71522F37 		.word	925848177
 678 09e8 5D7B9AE6 		.word	-426083491
 679 09ec 8391211F 		.word	522293635
 680 09f0 F58C48D8 		.word	-666333963
 681 09f4 186E9B13 		.word	328953368
 682 09f8 18417725 		.word	628572440
 683 09fc 446AE9ED 		.word	-303470012
 684 0a00 60176B1F 		.word	527112032
 685 0a04 9BDDE5C9 		.word	-907682405
 686 0a08 C6043119 		.word	422642886
 687 0a0c DFE72837 		.word	925427679
 688 0a10 62638FE6 		.word	-426810526
 689 0a14 60176B1F 		.word	527112032
 690 0a18 92596DD8 		.word	-663922286
 691 0a1c 69077713 		.word	326567785
 692 0a20 2F2C1126 		.word	638659631
 693 0a24 3E8B8DED 		.word	-309490882
 694 0a28 CB38B51F 		.word	531970251
 695 0a2c 8B3C64C9 		.word	-916177781
 696 0a30 F9125D19 		.word	425530105
 697 0a34 03AC2337 		.word	925084675
 698 0a38 011583E6 		.word	-427617023
 699 0a3c CB38B51F 		.word	531970251
 700 0a40 23C197D8 		.word	-661143261
 701 0a44 E6DC4F13 		.word	324000998
 702 0a48 64BFA626 		.word	648462180
 703 0a4c 401133ED 		.word	-315420352
 704 0a50 00000020 		.word	536870912
 705 0a54 F76DE0C8 		.word	-924815881
 706 0a58 165E8A19 		.word	428498454
 707 0a5c 09921F37 		.word	924815881
 708 0a60 EAA175E6 		.word	-428498454
 709 0a64 00000020 		.word	536870912
 710 0a68 85F1C7D8 		.word	-657985147
 711 0a6c 2CF02513 		.word	321253420
 712 0a70 7B0E3827 		.word	657985147
 713 0a74 D40FDAEC 		.word	-321253420
 714 0a78 8F774B20 		.word	541816719
 715 0a7c 5F4A5AC8 		.word	-933606817
 716 0a80 0007B919 		.word	431556352
 717 0a84 8E8C1C37 		.word	924617870
 718 0a88 1F1C67E6 		.word	-429450209
 719 0a8c 8F774B20 		.word	541816719
 720 0a90 6319FED8 		.word	-654435997
 721 0a94 4D45F912 		.word	318326093
 722 0a98 6C2EC527 		.word	667233900
 723 0a9c C69782EC 		.word	-326985786
 724 0aa0 63AA9720 		.word	546810467
 725 0aa4 67A9D1C7 		.word	-942560921
 726 0aa8 762FE919 		.word	434712438
 727 0aac CA8D1A37 		.word	924487114
 728 0ab0 C99557E6 		.word	-430467639
 729 0ab4 63AA9720 		.word	546810467
 730 0ab8 18683AD9 		.word	-650483688
 731 0abc 12E3C912 		.word	315220754
 732 0ac0 25354E28 		.word	676214053
 733 0ac4 48B72CEC 		.word	-332613816
 734 0ac8 C2A3E420 		.word	551855042
 735 0acc FC6146C7 		.word	-951688708
 736 0ad0 ECF91A1A 		.word	437975532
 737 0ad4 BB871937 		.word	924420027
 738 0ad8 0B2147E6 		.word	-431546101
 739 0adc C2A3E420 		.word	551855042
 740 0ae0 7E0D7DD9 		.word	-646115970
 741 0ae4 38D39712 		.word	311939896
 742 0ae8 5E39D328 		.word	684931422
 743 0aec 217AD8EB 		.word	-338134495
 744 0af0 4D6F3221 		.word	556953421
 745 0af4 864AB8C6 		.word	-961000826
 746 0af8 5C894E1A 		.word	441354588
 747 0afc 496C1937 		.word	924413001
 748 0b00 DFCF35E6 		.word	-432680993
 749 0b04 4D6F3221 		.word	556953421
 750 0b08 BF39C6D9 		.word	-641320513
 751 0b0c B7226312 		.word	308486839
 752 0b10 62525429 		.word	693391970
 753 0b14 D3E985EB 		.word	-343545389
 754 0b18 00198121 		.word	562108672
 755 0b1c 1B3927C6 		.word	-970508005
 756 0b20 1201841A 		.word	444858642
 757 0b24 632D1A37 		.word	924462435
 758 0b28 FCB323E6 		.word	-433867780
 759 0b2c 00198121 		.word	562108672
 760 0b30 191D16DA 		.word	-636084967
 761 0b34 FAE12B12 		.word	304865786
 762 0b38 EA97D129 		.word	701601770
 763 0b3c CB0D35EB 		.word	-348844597
 764 0b40 37ADD021 		.word	567323959
 765 0b44 BE0393C5 		.word	-980220994
 766 0b48 6784BB1A 		.word	448496743
 767 0b4c 1CBD1B37 		.word	924564764
 768 0b50 BADE10E6 		.word	-435102022
 769 0b54 37ADD021 		.word	567323959
 770 0b58 A4E76CDA 		.word	-630397020
 771 0b5c 1E25F211 		.word	301081886
 772 0b60 F3214B2A 		.word	709566963
 773 0b64 8AEBE5EA 		.word	-354030710
 774 0b68 AB382122 		.word	572602539
 775 0b6c 9C80FBC4 		.word	-990150500
 776 0b70 8636F51A 		.word	452277894
 777 0b74 C20D1E37 		.word	924716482
 778 0b78 FE60FDE5 		.word	-436379394
 779 0b7c AB382122 		.word	572602539
 780 0b80 09C9CADA 		.word	-624244471
 781 0b84 2104B611 		.word	297141281
 782 0b88 9E08C12A 		.word	717293726
 783 0b8c D18698EA 		.word	-359102767
 784 0b90 73C87222 		.word	577947763
 785 0b94 4B8660C4 		.word	-1000307125
 786 0b98 213A311B 		.word	456210977
 787 0b9c EE112137 		.word	924914158
 788 0ba0 274BE9E5 		.word	-437695705
 789 0ba4 73C87222 		.word	577947763
 790 0ba8 40F02FDB 		.word	-617615296
 791 0bac 139B7711 		.word	293051155
 792 0bb0 1564332B 		.word	724788245
 793 0bb4 CAE14CEA 		.word	-364060214
 794 0bb8 0C6AC522 		.word	583363084
 795 0bbc 14ECC1C3 		.word	-1010701292
 796 0bc0 22B16F1B 		.word	460304674
 797 0bc4 97BC2437 		.word	925154455
 798 0bc8 04ADD4E5 		.word	-439046908
 799 0bcc 0C6AC522 		.word	583363084
 800 0bd0 458B9CDB 		.word	-610497723
 801 0bd4 310A3711 		.word	288819761
 802 0bd8 6D4CA22B 		.word	732056685
 803 0bdc 2FFD02EA 		.word	-368902865
 804 0be0 27F11617 		.word	387379495
 805 0be4 2B21C9E1 		.word	-506912469
 806 0be8 9AF6BC0B 		.word	196933274
 807 0bec 38181332 		.word	840112184
 808 0bf0 B2054EEB 		.word	-347208270
 809 0bf4 27F11617 		.word	387379495
 810 0bf8 D5DE361E 		.word	506912469
 811 0bfc 9AF6BC0B 		.word	196933274
 812 0c00 C8E7ECCD 		.word	-840112184
 813 0c04 B2054EEB 		.word	-347208270
 814 0c08 E2D0F017 		.word	401658082
 815 0c0c 461D46E0 		.word	-532275898
 816 0c10 73D9580C 		.word	207149427
 817 0c14 F33FB231 		.word	833765363
 818 0c18 6C8F8BEB 		.word	-343175316
 819 0c1c E2D0F017 		.word	401658082
 820 0c20 BAE2B91F 		.word	532275898
 821 0c24 73D9580C 		.word	207149427
 822 0c28 0DC04DCE 		.word	-833765363
 823 0c2c 6C8F8BEB 		.word	-343175316
 824 0c30 A3DDD218 		.word	416472483
 825 0c34 7991B2DE 		.word	-558722695
 826 0c38 19EEFC0C 		.word	217902617
 827 0c3c 0A244F31 		.word	827270154
 828 0c40 09A2C9EB 		.word	-339107319
 829 0c44 A3DDD218 		.word	416472483
 830 0c48 876E4D21 		.word	558722695
 831 0c4c 19EEFC0C 		.word	217902617
 832 0c50 F6DBB0CE 		.word	-827270154
 833 0c54 09A2C9EB 		.word	-339107319
 834 0c58 9D62BD19 		.word	431841949
 835 0c5c 53E90DDD 		.word	-586290861
 836 0c60 7E82A90D 		.word	229212798
 837 0c64 5CBEE930 		.word	820624988
 838 0c68 CC3008EC 		.word	-335007540
 839 0c6c 9D62BD19 		.word	431841949
 840 0c70 AD16F222 		.word	586290861
 841 0c74 7E82A90D 		.word	229212798
 842 0c78 A44116CF 		.word	-820624988
 843 0c7c CC3008EC 		.word	-335007540
 844 0c80 5FADB01A 		.word	447786335
 845 0c84 7E8B57DB 		.word	-615019650
 846 0c88 C9E65E0E 		.word	241100489
 847 0c8c 5B098230 		.word	813828443
 848 0c90 D82D47EC 		.word	-330879528
 849 0c94 5FADB01A 		.word	447786335
 850 0c98 8274A824 		.word	615019650
 851 0c9c C9E65E0E 		.word	241100489
 852 0ca0 A5F67DCF 		.word	-813828443
 853 0ca4 D82D47EC 		.word	-330879528
 854 0ca8 DF0DAD1B 		.word	464326111
 855 0cac A3D98ED9 		.word	-644949597
 856 0cb0 756D1D0F 		.word	253586805
 857 0cb4 26001830 		.word	806879270
 858 0cb8 1B8A86EC 		.word	-326727141
 859 0cbc DF0DAD1B 		.word	464326111
 860 0cc0 5D267126 		.word	644949597
 861 0cc4 756D1D0F 		.word	253586805
 862 0cc8 DAFFE7CF 		.word	-806879270
 863 0ccc 1B8A86EC 		.word	-326727141
 864 0cd0 89D6B21C 		.word	481482377
 865 0cd4 4330B3D7 		.word	-676122557
 866 0cd8 636BE50F 		.word	266693475
 867 0cdc 999EAB2F 		.word	799776409
 868 0ce0 4135C6EC 		.word	-322554559
 869 0ce4 89D6B21C 		.word	481482377
 870 0ce8 BDCF4C28 		.word	676122557
 871 0cec 636BE50F 		.word	266693475
 872 0cf0 676154D0 		.word	-799776409
 873 0cf4 4135C6EC 		.word	-322554559
 874 0cf8 525CC21D 		.word	499276882
 875 0cfc A0E6C3D5 		.word	-708581728
 876 0d00 F137B710 		.word	280442865
 877 0d04 65E13C2F 		.word	792519013
 878 0d08 A81D06ED 		.word	-318366296
 879 0d0c 525CC21D 		.word	499276882
 880 0d10 60193C2A 		.word	708581728
 881 0d14 F137B710 		.word	280442865
 882 0d18 9B1EC3D0 		.word	-792519013
 883 0d1c A81D06ED 		.word	-318366296
 884 0d20 C0F6DB1E 		.word	517732032
 885 0d24 9B4EC0D3 		.word	-742371685
 886 0d28 0C2D9311 		.word	294857996
 887 0d2c 21C6CB2E 		.word	785106465
 888 0d30 4B3046ED 		.word	-314167221
 889 0d34 C0F6DB1E 		.word	517732032
 890 0d38 65B13F2C 		.word	742371685
 891 0d3c 0C2D9311 		.word	294857996
 892 0d40 DF3934D1 		.word	-785106465
 893 0d44 4B3046ED 		.word	-314167221
 894 0d48 00000020 		.word	536870912
 895 0d4c 98B4A7D1 		.word	-777538408
 896 0d50 46A77912 		.word	309962566
 897 0d54 684B582E 		.word	777538408
 898 0d58 BA5886ED 		.word	-309962566
 899 0d5c 00000020 		.word	536870912
 900 0d60 684B582E 		.word	777538408
 901 0d64 46A77912 		.word	309962566
 902 0d68 98B4A7D1 		.word	-777538408
 903 0d6c BA5886ED 		.word	-309962566
 904 0d70 EED42E21 		.word	556717294
 905 0d74 5F5F79CF 		.word	-814129313
 906 0d78 E8056B13 		.word	325780968
 907 0d7c EE70E22D 		.word	769814766
 908 0d80 0981C6ED 		.word	-305757943
 909 0d84 EED42E21 		.word	556717294
 910 0d88 A1A08630 		.word	814129313
 911 0d8c E8056B13 		.word	325780968
 912 0d90 128F1DD2 		.word	-769814766
 913 0d94 0981C6ED 		.word	-305757943
 914 0d98 2AD56822 		.word	577295658
 915 0d9c FC8F34CD 		.word	-852193284
 916 0da0 06AB6714 		.word	342338310
 917 0da4 A1376A2D 		.word	761935777
 918 0da8 C09106EE 		.word	-301559360
 919 0dac 2AD56822 		.word	577295658
 920 0db0 0470CB32 		.word	852193284
 921 0db4 06AB6714 		.word	342338310
 922 0db8 5FC895D2 		.word	-761935777
 923 0dbc C09106EE 		.word	-301559360
 924 0dc0 2663AE23 		.word	598631206
 925 0dc4 A681D8CA 		.word	-891780698
 926 0dc8 91FB6F15 		.word	359660433
 927 0dcc BEA1EF2C 		.word	753902014
 928 0dd0 D27146EE 		.word	-297373230
 929 0dd4 2663AE23 		.word	598631206
 930 0dd8 5A7E2735 		.word	891780698
 931 0ddc 91FB6F15 		.word	359660433
 932 0de0 425E10D3 		.word	-753902014
 933 0de4 D27146EE 		.word	-297373230
 934 0de8 35E4FF24 		.word	620749877
 935 0dec 996964C8 		.word	-932943463
 936 0df0 675F8416 		.word	377773927
 937 0df4 F9B2722C 		.word	745714425
 938 0df8 910686EE 		.word	-293206383
 939 0dfc 35E4FF24 		.word	620749877
 940 0e00 67969B37 		.word	932943463
 941 0e04 675F8416 		.word	377773927
 942 0e08 074D8DD3 		.word	-745714425
 943 0e0c 910686EE 		.word	-293206383
 944 0e10 9DC05D26 		.word	643678365
 945 0e14 FF76D7C5 		.word	-975735041
 946 0e18 6741A517 		.word	396706151
 947 0e1c 9370F32B 		.word	737374355
 948 0e20 A333C5EE 		.word	-289066077
 949 0e24 9DC05D26 		.word	643678365
 950 0e28 0189283A 		.word	975735041
 951 0e2c 6741A517 		.word	396706151
 952 0e30 6D8F0CD4 		.word	-737374355
 953 0e34 A333C5EE 		.word	-289066077
 954 0e38 A663C827 		.word	667444134
 955 0e3c C9D230C3 		.word	-1020210487
 956 0e40 840FD318 		.word	416485252
 957 0e44 84E1712B 		.word	728883588
 958 0e48 FCDA03EF 		.word	-284960004
 959 0e4c A663C827 		.word	667444134
 960 0e50 372DCF3C 		.word	1020210487
 961 0e54 840FD318 		.word	416485252
 962 0e58 7C1E8ED4 		.word	-728883588
 963 0e5c FCDA03EF 		.word	-284960004
 964 0e60 AE3B4029 		.word	692075438
 965 0e64 949F6FC0 		.word	-1066426476
 966 0e68 D33A0E1A 		.word	437140179
 967 0e6c 970EEE2A 		.word	720244375
 968 0e70 DADC41EF 		.word	-280896294
 969 0e74 AE3B4029 		.word	692075438
 970 0e78 6C60903F 		.word	1066426476
 971 0e7c D33A0E1A 		.word	437140179
 972 0e80 69F111D5 		.word	-720244375
 973 0e84 DADC41EF 		.word	-280896294
 974 0e88 38BAC52A 		.word	717601336
 975 0e8c 85F992BD 		.word	-1114441339
 976 0e90 A037571B 		.word	458700704
 977 0e94 9002682A 		.word	711459472
 978 0e98 C5177FEF 		.word	-276883515
 979 0e9c 38BAC52A 		.word	717601336
 980 0ea0 7B066D42 		.word	1114441339
 981 0ea4 A037571B 		.word	458700704
 982 0ea8 70FD97D5 		.word	-711459472
 983 0eac C5177FEF 		.word	-276883515
 984 0eb0 FE53592C 		.word	744051710
 985 0eb4 28F699BA 		.word	-1164315096
 986 0eb8 7D7DAE1C 		.word	481197437
 987 0ebc 4ECADF29 		.word	702532174
 988 0ec0 8F68BBEF 		.word	-272930673
 989 0ec4 FE53592C 		.word	744051710
 990 0ec8 D8096645 		.word	1164315096
 991 0ecc 7D7DAE1C 		.word	481197437
 992 0ed0 B23520D6 		.word	-702532174
 993 0ed4 8F68BBEF 		.word	-272930673
 994              		.global	gainDB
 995              		.data
 996              		.align	2
 999              	gainDB:
 1000 0000 00000000 		.word	0
 1001 0004 FDFFFFFF 		.word	-3
 1002 0008 06000000 		.word	6
 1003 000c 04000000 		.word	4
 1004 0010 FAFFFFFF 		.word	-6
 1005              		.comm	snr,4,4
 1006              		.global	__aeabi_fcmplt
 1007              		.section	.text.main,"ax",%progbits
 1008              		.align	2
 1009              		.global	main
 1010              		.code	16
 1011              		.thumb_func
 1013              	main:
 1014              	.LFB81:
 1015              		.file 1 "../arm_graphic_equalizer_example_q31.c"
   1:../arm_graphic_equalizer_example_q31.c **** /* ----------------------------------------------------------------------
   2:../arm_graphic_equalizer_example_q31.c **** * Copyright (C) 2010-2012 ARM Limited. All rights reserved.
   3:../arm_graphic_equalizer_example_q31.c **** *
   4:../arm_graphic_equalizer_example_q31.c **** * $Date:         17. January 2013
   5:../arm_graphic_equalizer_example_q31.c **** * $Revision:     V1.4.0
   6:../arm_graphic_equalizer_example_q31.c **** *
   7:../arm_graphic_equalizer_example_q31.c **** * Project:       CMSIS DSP Library
   8:../arm_graphic_equalizer_example_q31.c **** * Title:         arm_graphic_equalizer_example_q31.c
   9:../arm_graphic_equalizer_example_q31.c **** *
  10:../arm_graphic_equalizer_example_q31.c **** * Description:   Example showing an audio graphic equalizer constructed
  11:../arm_graphic_equalizer_example_q31.c **** *                out of Biquad filters.
  12:../arm_graphic_equalizer_example_q31.c **** *
  13:../arm_graphic_equalizer_example_q31.c **** * Target Processor: Cortex-M4/Cortex-M3
  14:../arm_graphic_equalizer_example_q31.c **** *
  15:../arm_graphic_equalizer_example_q31.c **** * Redistribution and use in source and binary forms, with or without
  16:../arm_graphic_equalizer_example_q31.c **** * modification, are permitted provided that the following conditions
  17:../arm_graphic_equalizer_example_q31.c **** * are met:
  18:../arm_graphic_equalizer_example_q31.c **** *   - Redistributions of source code must retain the above copyright
  19:../arm_graphic_equalizer_example_q31.c **** *     notice, this list of conditions and the following disclaimer.
  20:../arm_graphic_equalizer_example_q31.c **** *   - Redistributions in binary form must reproduce the above copyright
  21:../arm_graphic_equalizer_example_q31.c **** *     notice, this list of conditions and the following disclaimer in
  22:../arm_graphic_equalizer_example_q31.c **** *     the documentation and/or other materials provided with the
  23:../arm_graphic_equalizer_example_q31.c **** *     distribution.
  24:../arm_graphic_equalizer_example_q31.c **** *   - Neither the name of ARM LIMITED nor the names of its contributors
  25:../arm_graphic_equalizer_example_q31.c **** *     may be used to endorse or promote products derived from this
  26:../arm_graphic_equalizer_example_q31.c **** *     software without specific prior written permission.
  27:../arm_graphic_equalizer_example_q31.c **** *
  28:../arm_graphic_equalizer_example_q31.c **** * THIS SOFTWARE IS PROVIDED BY THE COPYRIGHT HOLDERS AND CONTRIBUTORS
  29:../arm_graphic_equalizer_example_q31.c **** * "AS IS" AND ANY EXPRESS OR IMPLIED WARRANTIES, INCLUDING, BUT NOT
  30:../arm_graphic_equalizer_example_q31.c **** * LIMITED TO, THE IMPLIED WARRANTIES OF MERCHANTABILITY AND FITNESS
  31:../arm_graphic_equalizer_example_q31.c **** * FOR A PARTICULAR PURPOSE ARE DISCLAIMED. IN NO EVENT SHALL THE
  32:../arm_graphic_equalizer_example_q31.c **** * COPYRIGHT OWNER OR CONTRIBUTORS BE LIABLE FOR ANY DIRECT, INDIRECT,
  33:../arm_graphic_equalizer_example_q31.c **** * INCIDENTAL, SPECIAL, EXEMPLARY, OR CONSEQUENTIAL DAMAGES (INCLUDING,
  34:../arm_graphic_equalizer_example_q31.c **** * BUT NOT LIMITED TO, PROCUREMENT OF SUBSTITUTE GOODS OR SERVICES;
  35:../arm_graphic_equalizer_example_q31.c **** * LOSS OF USE, DATA, OR PROFITS; OR BUSINESS INTERRUPTION) HOWEVER
  36:../arm_graphic_equalizer_example_q31.c **** * CAUSED AND ON ANY THEORY OF LIABILITY, WHETHER IN CONTRACT, STRICT
  37:../arm_graphic_equalizer_example_q31.c **** * LIABILITY, OR TORT (INCLUDING NEGLIGENCE OR OTHERWISE) ARISING IN
  38:../arm_graphic_equalizer_example_q31.c **** * ANY WAY OUT OF THE USE OF THIS SOFTWARE, EVEN IF ADVISED OF THE
  39:../arm_graphic_equalizer_example_q31.c **** * POSSIBILITY OF SUCH DAMAGE.
  40:../arm_graphic_equalizer_example_q31.c ****  * -------------------------------------------------------------------- */
  41:../arm_graphic_equalizer_example_q31.c **** 
  42:../arm_graphic_equalizer_example_q31.c **** /**
  43:../arm_graphic_equalizer_example_q31.c ****  * @ingroup groupExamples
  44:../arm_graphic_equalizer_example_q31.c ****  */
  45:../arm_graphic_equalizer_example_q31.c **** 
  46:../arm_graphic_equalizer_example_q31.c **** /**
  47:../arm_graphic_equalizer_example_q31.c ****  * @defgroup GEQ5Band Graphic Audio Equalizer Example
  48:../arm_graphic_equalizer_example_q31.c ****  *
  49:../arm_graphic_equalizer_example_q31.c ****  * \par Description:
  50:../arm_graphic_equalizer_example_q31.c ****  * \par
  51:../arm_graphic_equalizer_example_q31.c ****  * This example demonstrates how a 5-band graphic equalizer can be constructed
  52:../arm_graphic_equalizer_example_q31.c ****  * using the Biquad cascade functions.
  53:../arm_graphic_equalizer_example_q31.c ****  * A graphic equalizer is used in audio applications to vary the tonal quality
  54:../arm_graphic_equalizer_example_q31.c ****  * of the audio.
  55:../arm_graphic_equalizer_example_q31.c ****  *
  56:../arm_graphic_equalizer_example_q31.c ****  * \par Block Diagram:
  57:../arm_graphic_equalizer_example_q31.c ****  * \par
  58:../arm_graphic_equalizer_example_q31.c ****  * The design is based on a cascade of 5 filter sections.
  59:../arm_graphic_equalizer_example_q31.c ****  * \image html GEQ_signalflow.gif
  60:../arm_graphic_equalizer_example_q31.c ****  * Each filter section is 4th order and consists of a cascade of two Biquads.
  61:../arm_graphic_equalizer_example_q31.c ****  * Each filter has a nominal gain of 0 dB (1.0 in linear units) and
  62:../arm_graphic_equalizer_example_q31.c ****  * boosts or cuts signals within a specific frequency range.
  63:../arm_graphic_equalizer_example_q31.c ****  * The edge frequencies between the 5 bands are 100, 500, 2000, and 6000 Hz.
  64:../arm_graphic_equalizer_example_q31.c ****  * Each band has an adjustable boost or cut in the range of +/- 9 dB.
  65:../arm_graphic_equalizer_example_q31.c ****  * For example, the band that extends from 500 to 2000 Hz has the response shown below:
  66:../arm_graphic_equalizer_example_q31.c ****  * \par
  67:../arm_graphic_equalizer_example_q31.c ****  * \image html GEQ_bandresponse.gif
  68:../arm_graphic_equalizer_example_q31.c ****  * \par
  69:../arm_graphic_equalizer_example_q31.c ****  * With 1 dB steps, each filter has a total of 19 different settings.
  70:../arm_graphic_equalizer_example_q31.c ****  * The filter coefficients for all possible 19 settings were precomputed
  71:../arm_graphic_equalizer_example_q31.c ****  * in MATLAB and stored in a table.  With 5 different tables, there are
  72:../arm_graphic_equalizer_example_q31.c ****  * a total of 5 x 19 = 95 different 4th order filters.
  73:../arm_graphic_equalizer_example_q31.c ****  * All 95 responses are shown below:
  74:../arm_graphic_equalizer_example_q31.c ****  * \par
  75:../arm_graphic_equalizer_example_q31.c ****  * \image html GEQ_allbandresponse.gif
  76:../arm_graphic_equalizer_example_q31.c ****  * \par
  77:../arm_graphic_equalizer_example_q31.c ****  * Each 4th order filter has 10 coefficents for a grand total of 950 different filter
  78:../arm_graphic_equalizer_example_q31.c ****  * coefficients that must be tabulated. The input and output data is in Q31 format.
  79:../arm_graphic_equalizer_example_q31.c ****  * For better noise performance, the two low frequency bands are implemented using the high
  80:../arm_graphic_equalizer_example_q31.c ****  * precision 32x64-bit Biquad filters. The remaining 3 high frequency bands use standard
  81:../arm_graphic_equalizer_example_q31.c ****  * 32x32-bit Biquad filters. The input signal used in the example is a logarithmic chirp.
  82:../arm_graphic_equalizer_example_q31.c ****  * \par
  83:../arm_graphic_equalizer_example_q31.c ****  * \image html GEQ_inputchirp.gif
  84:../arm_graphic_equalizer_example_q31.c ****  * \par
  85:../arm_graphic_equalizer_example_q31.c ****  * The array <code>bandGains</code> specifies the gain in dB to apply in each band.
  86:../arm_graphic_equalizer_example_q31.c ****  * For example, if <code>bandGains={0, -3, 6, 4, -6};</code> then the output signal will be:
  87:../arm_graphic_equalizer_example_q31.c ****  * \par
  88:../arm_graphic_equalizer_example_q31.c ****  * \image html GEQ_outputchirp.gif
  89:../arm_graphic_equalizer_example_q31.c ****  * \par
  90:../arm_graphic_equalizer_example_q31.c ****  * \note The output chirp signal follows the gain or boost of each band.
  91:../arm_graphic_equalizer_example_q31.c ****  * \par
  92:../arm_graphic_equalizer_example_q31.c ****  *
  93:../arm_graphic_equalizer_example_q31.c ****  * \par Variables Description:
  94:../arm_graphic_equalizer_example_q31.c ****  * \par
  95:../arm_graphic_equalizer_example_q31.c ****  * \li \c testInput_f32 points to the input data
  96:../arm_graphic_equalizer_example_q31.c ****  * \li \c testRefOutput_f32 points to the reference output data
  97:../arm_graphic_equalizer_example_q31.c ****  * \li \c testOutput points to the test output data
  98:../arm_graphic_equalizer_example_q31.c ****  * \li \c inputQ31 temporary input buffer
  99:../arm_graphic_equalizer_example_q31.c ****  * \li \c outputQ31 temporary output buffer
 100:../arm_graphic_equalizer_example_q31.c ****  * \li \c biquadStateBand1Q31 points to state buffer for band1
 101:../arm_graphic_equalizer_example_q31.c ****  * \li \c biquadStateBand2Q31 points to state buffer for band2
 102:../arm_graphic_equalizer_example_q31.c ****  * \li \c biquadStateBand3Q31 points to state buffer for band3
 103:../arm_graphic_equalizer_example_q31.c ****  * \li \c biquadStateBand4Q31 points to state buffer for band4
 104:../arm_graphic_equalizer_example_q31.c ****  * \li \c biquadStateBand5Q31 points to state buffer for band5
 105:../arm_graphic_equalizer_example_q31.c ****  * \li \c coeffTable points to coefficient buffer for all bands
 106:../arm_graphic_equalizer_example_q31.c ****  * \li \c gainDB gain buffer which has gains applied for all the bands
 107:../arm_graphic_equalizer_example_q31.c ****  *
 108:../arm_graphic_equalizer_example_q31.c ****  * \par CMSIS DSP Software Library Functions Used:
 109:../arm_graphic_equalizer_example_q31.c ****  * \par
 110:../arm_graphic_equalizer_example_q31.c ****  * - arm_biquad_cas_df1_32x64_init_q31()
 111:../arm_graphic_equalizer_example_q31.c ****  * - arm_biquad_cas_df1_32x64_q31()
 112:../arm_graphic_equalizer_example_q31.c ****  * - arm_biquad_cascade_df1_init_q31()
 113:../arm_graphic_equalizer_example_q31.c ****  * - arm_biquad_cascade_df1_q31()
 114:../arm_graphic_equalizer_example_q31.c ****  * - arm_scale_q31()
 115:../arm_graphic_equalizer_example_q31.c ****  * - arm_scale_f32()
 116:../arm_graphic_equalizer_example_q31.c ****  * - arm_float_to_q31()
 117:../arm_graphic_equalizer_example_q31.c ****  * - arm_q31_to_float()
 118:../arm_graphic_equalizer_example_q31.c ****  *
 119:../arm_graphic_equalizer_example_q31.c ****  * <b> Refer  </b>
 120:../arm_graphic_equalizer_example_q31.c ****  * \link arm_graphic_equalizer_example_q31.c \endlink
 121:../arm_graphic_equalizer_example_q31.c ****  *
 122:../arm_graphic_equalizer_example_q31.c ****  */
 123:../arm_graphic_equalizer_example_q31.c **** 
 124:../arm_graphic_equalizer_example_q31.c **** 
 125:../arm_graphic_equalizer_example_q31.c **** /** \example arm_graphic_equalizer_example_q31.c
 126:../arm_graphic_equalizer_example_q31.c ****  */
 127:../arm_graphic_equalizer_example_q31.c **** 
 128:../arm_graphic_equalizer_example_q31.c **** 
 129:../arm_graphic_equalizer_example_q31.c **** #include "arm_math.h"
 130:../arm_graphic_equalizer_example_q31.c **** #include "math_helper.h"
 131:../arm_graphic_equalizer_example_q31.c **** 
 132:../arm_graphic_equalizer_example_q31.c **** /* Length of the overall data in the test */
 133:../arm_graphic_equalizer_example_q31.c **** #define TESTLENGTH 320
 134:../arm_graphic_equalizer_example_q31.c **** 
 135:../arm_graphic_equalizer_example_q31.c **** /* Block size for the underlying processing */
 136:../arm_graphic_equalizer_example_q31.c **** #define BLOCKSIZE 32
 137:../arm_graphic_equalizer_example_q31.c **** 
 138:../arm_graphic_equalizer_example_q31.c **** /* Total number of blocks to run */
 139:../arm_graphic_equalizer_example_q31.c **** #define NUMBLOCKS (TESTLENGTH/BLOCKSIZE)
 140:../arm_graphic_equalizer_example_q31.c **** 
 141:../arm_graphic_equalizer_example_q31.c **** /* Number of 2nd order Biquad stages per filter */
 142:../arm_graphic_equalizer_example_q31.c **** #define NUMSTAGES 2
 143:../arm_graphic_equalizer_example_q31.c **** 
 144:../arm_graphic_equalizer_example_q31.c **** #define SNR_THRESHOLD_F32  98
 145:../arm_graphic_equalizer_example_q31.c **** 
 146:../arm_graphic_equalizer_example_q31.c **** /* -------------------------------------------------------------------
 147:../arm_graphic_equalizer_example_q31.c ****  * External Declarations for Input and Output buffers
 148:../arm_graphic_equalizer_example_q31.c ****  * ------------------------------------------------------------------- */
 149:../arm_graphic_equalizer_example_q31.c **** 
 150:../arm_graphic_equalizer_example_q31.c **** extern float32_t testInput_f32[TESTLENGTH];
 151:../arm_graphic_equalizer_example_q31.c **** static float32_t testOutput[TESTLENGTH];
 152:../arm_graphic_equalizer_example_q31.c **** 
 153:../arm_graphic_equalizer_example_q31.c **** extern float32_t testRefOutput_f32[TESTLENGTH];
 154:../arm_graphic_equalizer_example_q31.c **** 
 155:../arm_graphic_equalizer_example_q31.c **** /* ----------------------------------------------------------------------
 156:../arm_graphic_equalizer_example_q31.c **** ** Q31 state buffers for Band1, Band2, Band3, Band4, Band5
 157:../arm_graphic_equalizer_example_q31.c **** ** ------------------------------------------------------------------- */
 158:../arm_graphic_equalizer_example_q31.c **** 
 159:../arm_graphic_equalizer_example_q31.c **** static q63_t biquadStateBand1Q31[4 * 2];
 160:../arm_graphic_equalizer_example_q31.c **** static q63_t biquadStateBand2Q31[4 * 2];
 161:../arm_graphic_equalizer_example_q31.c **** static q31_t biquadStateBand3Q31[4 * 2];
 162:../arm_graphic_equalizer_example_q31.c **** static q31_t biquadStateBand4Q31[4 * 2];
 163:../arm_graphic_equalizer_example_q31.c **** static q31_t biquadStateBand5Q31[4 * 2];
 164:../arm_graphic_equalizer_example_q31.c **** 
 165:../arm_graphic_equalizer_example_q31.c **** /* ----------------------------------------------------------------------
 166:../arm_graphic_equalizer_example_q31.c **** ** Q31 input and output buffers
 167:../arm_graphic_equalizer_example_q31.c **** ** ------------------------------------------------------------------- */
 168:../arm_graphic_equalizer_example_q31.c **** 
 169:../arm_graphic_equalizer_example_q31.c **** q31_t inputQ31[BLOCKSIZE];
 170:../arm_graphic_equalizer_example_q31.c **** q31_t outputQ31[BLOCKSIZE];
 171:../arm_graphic_equalizer_example_q31.c **** 
 172:../arm_graphic_equalizer_example_q31.c **** /* ----------------------------------------------------------------------
 173:../arm_graphic_equalizer_example_q31.c **** ** Entire coefficient table.  There are 10 coefficients per 4th order Biquad
 174:../arm_graphic_equalizer_example_q31.c **** ** cascade filter.  The first 10 coefficients correspond to the -9 dB gain
 175:../arm_graphic_equalizer_example_q31.c **** ** setting of band 1; the next 10 coefficient correspond to the -8 dB gain
 176:../arm_graphic_equalizer_example_q31.c **** ** setting of band 1; and so on.  There are 10*19=190 coefficients in total
 177:../arm_graphic_equalizer_example_q31.c **** ** for band 1 (gains = -9, -8, -7, ..., 9).  After this come the 190 coefficients
 178:../arm_graphic_equalizer_example_q31.c **** ** for band 2.
 179:../arm_graphic_equalizer_example_q31.c **** **
 180:../arm_graphic_equalizer_example_q31.c **** ** The coefficients are in Q29 format and require a postShift of 2.
 181:../arm_graphic_equalizer_example_q31.c **** ** ------------------------------------------------------------------- */
 182:../arm_graphic_equalizer_example_q31.c **** 
 183:../arm_graphic_equalizer_example_q31.c **** const q31_t coeffTable[950] = {
 184:../arm_graphic_equalizer_example_q31.c **** 
 185:../arm_graphic_equalizer_example_q31.c ****   /* Band 1, -9 dB gain */
 186:../arm_graphic_equalizer_example_q31.c ****   535576962, -1071153923, 535576962, 1073741824, -536870912, 535576962, -1063501998, 527979313, 106
 187:../arm_graphic_equalizer_example_q31.c ****   /* Band 1, -8 dB gain */
 188:../arm_graphic_equalizer_example_q31.c ****   535723226, -1071446451, 535723226, 1073741824, -536870912, 535723226, -1063568947, 527903217, 106
 189:../arm_graphic_equalizer_example_q31.c ****   535868593, -1071737186, 535868593, 1073741824, -536870912, 535868593, -1063627467, 527819780, 106
 190:../arm_graphic_equalizer_example_q31.c ****   536013181, -1072026363, 536013181, 1073741824, -536870912, 536013181, -1063677598, 527728935, 106
 191:../arm_graphic_equalizer_example_q31.c ****   536157109, -1072314217, 536157109, 1073741824, -536870912, 536157109, -1063719372, 527630607, 106
 192:../arm_graphic_equalizer_example_q31.c ****   536300492, -1072600983, 536300492, 1073741824, -536870912, 536300492, -1063752815, 527524720, 106
 193:../arm_graphic_equalizer_example_q31.c ****   536443447, -1072886894, 536443447, 1073741824, -536870912, 536443447, -1063777945, 527411186, 106
 194:../arm_graphic_equalizer_example_q31.c ****   536586091, -1073172183, 536586091, 1073741824, -536870912, 536586091, -1063794775, 527289917, 106
 195:../arm_graphic_equalizer_example_q31.c ****   536728541, -1073457082, 536728541, 1073741824, -536870912, 536728541, -1063803308, 527160815, 106
 196:../arm_graphic_equalizer_example_q31.c ****   536870912, -1073741824, 536870912, 1073741824, -536870912, 536870912, -1063803543, 527023777, 106
 197:../arm_graphic_equalizer_example_q31.c ****   537013321, -1074026642, 537013321, 1073741824, -536870912, 537013321, -1063795470, 526878696, 106
 198:../arm_graphic_equalizer_example_q31.c ****   537155884, -1074311768, 537155884, 1073741824, -536870912, 537155884, -1063779073, 526725455, 106
 199:../arm_graphic_equalizer_example_q31.c ****   537298718, -1074597435, 537298718, 1073741824, -536870912, 537298718, -1063754328, 526563934, 106
 200:../arm_graphic_equalizer_example_q31.c ****   537441939, -1074883878, 537441939, 1073741824, -536870912, 537441939, -1063721205, 526394005, 106
 201:../arm_graphic_equalizer_example_q31.c ****   537585666, -1075171331, 537585666, 1073741824, -536870912, 537585666, -1063679666, 526215534, 106
 202:../arm_graphic_equalizer_example_q31.c ****   537730015, -1075460030, 537730015, 1073741824, -536870912, 537730015, -1063629666, 526028380, 106
 203:../arm_graphic_equalizer_example_q31.c ****   537875106, -1075750212, 537875106, 1073741824, -536870912, 537875106, -1063571152, 525832396, 106
 204:../arm_graphic_equalizer_example_q31.c ****   538021057, -1076042114, 538021057, 1073741824, -536870912, 538021057, -1063504065, 525627429, 106
 205:../arm_graphic_equalizer_example_q31.c ****   538167989, -1076335977, 538167989, 1073741824, -536870912, 538167989, -1063428338, 525413317, 106
 206:../arm_graphic_equalizer_example_q31.c **** 
 207:../arm_graphic_equalizer_example_q31.c ****   /* Band 2, -9 dB gain */
 208:../arm_graphic_equalizer_example_q31.c ****   531784976, -1055497692, 523873415, 1066213307, -529420241, 531784976, -1040357886, 509828014, 102
 209:../arm_graphic_equalizer_example_q31.c ****   /* Band 2, -8 dB gain */
 210:../arm_graphic_equalizer_example_q31.c ****   532357636, -1056601982, 524400080, 1066115844, -529326645, 532357636, -1040623406, 509562600, 103
 211:../arm_graphic_equalizer_example_q31.c ****   532927392, -1057707729, 524931110, 1066024274, -529239070, 532927392, -1040848253, 509262081, 103
 212:../arm_graphic_equalizer_example_q31.c ****   533494678, -1058816094, 525467240, 1065939047, -529157961, 533494678, -1041032161, 508925950, 103
 213:../arm_graphic_equalizer_example_q31.c ****   534059929, -1059928204, 526009170, 1065860582, -529083734, 534059929, -1041174868, 508553717, 103
 214:../arm_graphic_equalizer_example_q31.c ****   534623580, -1061045148, 526557561, 1065789260, -529016764, 534623580, -1041276126, 508144920, 103
 215:../arm_graphic_equalizer_example_q31.c ****   535186068, -1062167969, 527113032, 1065725420, -528957385, 535186068, -1041335703, 507699125, 103
 216:../arm_graphic_equalizer_example_q31.c ****   535747827, -1063297666, 527676151, 1065669351, -528905879, 535747827, -1041353386, 507215934, 103
 217:../arm_graphic_equalizer_example_q31.c ****   536309295, -1064435183, 528247436, 1065621289, -528862476, 536309295, -1041328990, 506694984, 104
 218:../arm_graphic_equalizer_example_q31.c ****   536870912, -1065581413, 528827349, 1065581413, -528827349, 536870912, -1041262354, 506135953, 104
 219:../arm_graphic_equalizer_example_q31.c ****   537433117, -1066737194, 529416295, 1065549847, -528800610, 537433117, -1041153346, 505538564, 104
 220:../arm_graphic_equalizer_example_q31.c ****   537996352, -1067903307, 530014622, 1065526651, -528782316, 537996352, -1041001864, 504902578, 104
 221:../arm_graphic_equalizer_example_q31.c ****   538561061, -1069080480, 530622620, 1065511830, -528772462, 538561061, -1040807833, 504227800, 104
 222:../arm_graphic_equalizer_example_q31.c ****   539127690, -1070269387, 531240527, 1065505333, -528770987, 539127690, -1040571205, 503514074, 104
 223:../arm_graphic_equalizer_example_q31.c ****   539696690, -1071470656, 531868525, 1065507054, -528777778, 539696690, -1040291951, 502761277, 104
 224:../arm_graphic_equalizer_example_q31.c ****   540268512, -1072684867, 532506750, 1065516837, -528792672, 540268512, -1039970063, 501969320, 104
 225:../arm_graphic_equalizer_example_q31.c ****   540843613, -1073912567, 533155297, 1065534483, -528815459, 540843613, -1039605542, 501138139, 104
 226:../arm_graphic_equalizer_example_q31.c ****   541422451, -1075154268, 533814224, 1065559750, -528845892, 541422451, -1039198394, 500267687, 104
 227:../arm_graphic_equalizer_example_q31.c ****   542005489, -1076410460, 534483561, 1065592362, -528883686, 542005489, -1038748624, 499357932, 105
 228:../arm_graphic_equalizer_example_q31.c ****   518903861, -1001986830, 486725277, 1037235801, -502367695, 518903861, -945834422, 446371043, 9023
 229:../arm_graphic_equalizer_example_q31.c ****   520899989, -1005630916, 488289126, 1036926846, -502147311, 520899989, -946490935, 445581846, 9079
 230:../arm_graphic_equalizer_example_q31.c ****   522893209, -1009290002, 489869792, 1036650484, -501961419, 522893209, -947006359, 444685310, 9133
 231:../arm_graphic_equalizer_example_q31.c ****   524884763, -1012968199, 491470256, 1036407567, -501810737, 524884763, -947377809, 443679533, 9185
 232:../arm_graphic_equalizer_example_q31.c ****   526875910, -1016669649, 493093518, 1036198712, -501695739, 526875910, -947602324, 442562672, 9235
 233:../arm_graphic_equalizer_example_q31.c ****   528867927, -1020398503, 494742575, 1036024293, -501616651, 528867927, -947676875, 441332970, 9284
 234:../arm_graphic_equalizer_example_q31.c ****   530862111, -1024158905, 496420407, 1035884447, -501573457, 530862111, -947598385, 439988777, 9331
 235:../arm_graphic_equalizer_example_q31.c ****   532859778, -1027954970, 498129955, 1035779077, -501565907, 532859778, -947363742, 438528571, 9377
 236:../arm_graphic_equalizer_example_q31.c ****   534862260, -1031790763, 499874098, 1035707863, -501593525, 534862260, -946969823, 436950987, 9421
 237:../arm_graphic_equalizer_example_q31.c ****   536870912, -1035670279, 501655630, 1035670279, -501655630, 536870912, -946413508, 435254839, 9464
 238:../arm_graphic_equalizer_example_q31.c ****   538887107, -1039597419, 503477238, 1035665609, -501751354, 538887107, -945691703, 433439146, 9505
 239:../arm_graphic_equalizer_example_q31.c ****   540912240, -1043575967, 505341475, 1035692963, -501879659, 540912240, -944801359, 431503152, 9544
 240:../arm_graphic_equalizer_example_q31.c ****   542947726, -1047609569, 507250741, 1035751307, -502039364, 542947726, -943739490, 429446349, 9583
 241:../arm_graphic_equalizer_example_q31.c ****   544995000, -1051701717, 509207261, 1035839473, -502229165, 544995000, -942503190, 427268492, 9620
 242:../arm_graphic_equalizer_example_q31.c ****   547055523, -1055855728, 511213065, 1035956193, -502447657, 547055523, -941089647, 424969617, 9655
 243:../arm_graphic_equalizer_example_q31.c ****   549130774, -1060074734, 513269973, 1036100110, -502693359, 549130774, -939496155, 422550049, 9690
 244:../arm_graphic_equalizer_example_q31.c ****   551222259, -1064361672, 515379585, 1036269804, -502964731, 551222259, -937720119, 420010407, 9723
 245:../arm_graphic_equalizer_example_q31.c ****   553331507, -1068719280, 517543273, 1036463810, -503260192, 553331507, -935759057, 417351601, 9755
 246:../arm_graphic_equalizer_example_q31.c ****   555460072, -1073150100, 519762181, 1036680633, -503578144, 555460072, -933610600, 414574832, 9785
 247:../arm_graphic_equalizer_example_q31.c ****   494084017, -851422604, 404056273, 930151631, -423619864, 494084017, -673714108, 339502486, 561843
 248:../arm_graphic_equalizer_example_q31.c ****   498713542, -859177141, 406587077, 929211656, -423786402, 498713542, -673274906, 338185129, 573719
 249:../arm_graphic_equalizer_example_q31.c ****   503369016, -867012190, 409148384, 928362985, -424054784, 503369016, -672533059, 336693984, 585290
 250:../arm_graphic_equalizer_example_q31.c ****   508052536, -874935599, 411746438, 927604291, -424422151, 508052536, -671478538, 335026905, 596558
 251:../arm_graphic_equalizer_example_q31.c ****   512766286, -882955583, 414387826, 926933782, -424885216, 512766286, -670100998, 333182045, 607525
 252:../arm_graphic_equalizer_example_q31.c ****   517512534, -891080712, 417079474, 926349262, -425440318, 517512534, -668389789, 331157902, 618195
 253:../arm_graphic_equalizer_example_q31.c ****   522293635, -899319903, 419828635, 925848177, -426083491, 522293635, -666333963, 328953368, 628572
 254:../arm_graphic_equalizer_example_q31.c ****   527112032, -907682405, 422642886, 925427679, -426810526, 527112032, -663922286, 326567785, 638659
 255:../arm_graphic_equalizer_example_q31.c ****   531970251, -916177781, 425530105, 925084675, -427617023, 531970251, -661143261, 324000998, 648462
 256:../arm_graphic_equalizer_example_q31.c ****   536870912, -924815881, 428498454, 924815881, -428498454, 536870912, -657985147, 321253420, 657985
 257:../arm_graphic_equalizer_example_q31.c ****   541816719, -933606817, 431556352, 924617870, -429450209, 541816719, -654435997, 318326093, 667233
 258:../arm_graphic_equalizer_example_q31.c ****   546810467, -942560921, 434712438, 924487114, -430467639, 546810467, -650483688, 315220754, 676214
 259:../arm_graphic_equalizer_example_q31.c ****   551855042, -951688708, 437975532, 924420027, -431546101, 551855042, -646115970, 311939896, 684931
 260:../arm_graphic_equalizer_example_q31.c ****   556953421, -961000826, 441354588, 924413001, -432680993, 556953421, -641320513, 308486839, 693391
 261:../arm_graphic_equalizer_example_q31.c ****   562108672, -970508005, 444858642, 924462435, -433867780, 562108672, -636084967, 304865786, 701601
 262:../arm_graphic_equalizer_example_q31.c ****   567323959, -980220994, 448496743, 924564764, -435102022, 567323959, -630397020, 301081886, 709566
 263:../arm_graphic_equalizer_example_q31.c ****   572602539, -990150500, 452277894, 924716482, -436379394, 572602539, -624244471, 297141281, 717293
 264:../arm_graphic_equalizer_example_q31.c ****   577947763, -1000307125, 456210977, 924914158, -437695705, 577947763, -617615296, 293051155, 72478
 265:../arm_graphic_equalizer_example_q31.c ****   583363084, -1010701292, 460304674, 925154455, -439046908, 583363084, -610497723, 288819761, 73205
 266:../arm_graphic_equalizer_example_q31.c ****   387379495, -506912469, 196933274, 840112184, -347208270, 387379495, 506912469, 196933274, -840112
 267:../arm_graphic_equalizer_example_q31.c ****   401658082, -532275898, 207149427, 833765363, -343175316, 401658082, 532275898, 207149427, -833765
 268:../arm_graphic_equalizer_example_q31.c ****   416472483, -558722695, 217902617, 827270154, -339107319, 416472483, 558722695, 217902617, -827270
 269:../arm_graphic_equalizer_example_q31.c ****   431841949, -586290861, 229212798, 820624988, -335007540, 431841949, 586290861, 229212798, -820624
 270:../arm_graphic_equalizer_example_q31.c ****   447786335, -615019650, 241100489, 813828443, -330879528, 447786335, 615019650, 241100489, -813828
 271:../arm_graphic_equalizer_example_q31.c ****   464326111, -644949597, 253586805, 806879270, -326727141, 464326111, 644949597, 253586805, -806879
 272:../arm_graphic_equalizer_example_q31.c ****   481482377, -676122557, 266693475, 799776409, -322554559, 481482377, 676122557, 266693475, -799776
 273:../arm_graphic_equalizer_example_q31.c ****   499276882, -708581728, 280442865, 792519013, -318366296, 499276882, 708581728, 280442865, -792519
 274:../arm_graphic_equalizer_example_q31.c ****   517732032, -742371685, 294857996, 785106465, -314167221, 517732032, 742371685, 294857996, -785106
 275:../arm_graphic_equalizer_example_q31.c ****   536870912, -777538408, 309962566, 777538408, -309962566, 536870912, 777538408, 309962566, -777538
 276:../arm_graphic_equalizer_example_q31.c ****   556717294, -814129313, 325780968, 769814766, -305757943, 556717294, 814129313, 325780968, -769814
 277:../arm_graphic_equalizer_example_q31.c ****   577295658, -852193284, 342338310, 761935777, -301559360, 577295658, 852193284, 342338310, -761935
 278:../arm_graphic_equalizer_example_q31.c ****   598631206, -891780698, 359660433, 753902014, -297373230, 598631206, 891780698, 359660433, -753902
 279:../arm_graphic_equalizer_example_q31.c ****   620749877, -932943463, 377773927, 745714425, -293206383, 620749877, 932943463, 377773927, -745714
 280:../arm_graphic_equalizer_example_q31.c ****   643678365, -975735041, 396706151, 737374355, -289066077, 643678365, 975735041, 396706151, -737374
 281:../arm_graphic_equalizer_example_q31.c ****   667444134, -1020210487, 416485252, 728883588, -284960004, 667444134, 1020210487, 416485252, -7288
 282:../arm_graphic_equalizer_example_q31.c ****   692075438, -1066426476, 437140179, 720244375, -280896294, 692075438, 1066426476, 437140179, -7202
 283:../arm_graphic_equalizer_example_q31.c ****   717601336, -1114441339, 458700704, 711459472, -276883515, 717601336, 1114441339, 458700704, -7114
 284:../arm_graphic_equalizer_example_q31.c ****   744051710, -1164315096, 481197437, 702532174, -272930673, 744051710, 1164315096, 481197437, -7025
 285:../arm_graphic_equalizer_example_q31.c **** 
 286:../arm_graphic_equalizer_example_q31.c **** };
 287:../arm_graphic_equalizer_example_q31.c **** 
 288:../arm_graphic_equalizer_example_q31.c **** /* ----------------------------------------------------------------------
 289:../arm_graphic_equalizer_example_q31.c **** ** Desired gains, in dB, per band
 290:../arm_graphic_equalizer_example_q31.c **** ** ------------------------------------------------------------------- */
 291:../arm_graphic_equalizer_example_q31.c **** 
 292:../arm_graphic_equalizer_example_q31.c **** int gainDB[5] = {0, -3, 6, 4, -6};
 293:../arm_graphic_equalizer_example_q31.c **** 
 294:../arm_graphic_equalizer_example_q31.c **** float32_t snr;
 295:../arm_graphic_equalizer_example_q31.c **** 
 296:../arm_graphic_equalizer_example_q31.c **** 
 297:../arm_graphic_equalizer_example_q31.c **** /* ----------------------------------------------------------------------
 298:../arm_graphic_equalizer_example_q31.c ****  * Graphic equalizer Example
 299:../arm_graphic_equalizer_example_q31.c ****  * ------------------------------------------------------------------- */
 300:../arm_graphic_equalizer_example_q31.c **** 
 301:../arm_graphic_equalizer_example_q31.c **** int32_t main(void)
 302:../arm_graphic_equalizer_example_q31.c **** {
 1016              		.loc 1 302 0
 1017              		.cfi_startproc
 1018 0000 90B5     		push	{r4, r7, lr}
 1019              	.LCFI0:
 1020              		.cfi_def_cfa_offset 12
 1021              		.cfi_offset 4, -12
 1022              		.cfi_offset 7, -8
 1023              		.cfi_offset 14, -4
 1024 0002 9BB0     		sub	sp, sp, #108
 1025              	.LCFI1:
 1026              		.cfi_def_cfa_offset 120
 1027 0004 02AF     		add	r7, sp, #8
 1028              	.LCFI2:
 1029              		.cfi_def_cfa 7, 112
 303:../arm_graphic_equalizer_example_q31.c ****   float32_t  *inputF32, *outputF32;
 304:../arm_graphic_equalizer_example_q31.c ****   arm_biquad_cas_df1_32x64_ins_q31 S1;
 305:../arm_graphic_equalizer_example_q31.c ****   arm_biquad_cas_df1_32x64_ins_q31 S2;
 306:../arm_graphic_equalizer_example_q31.c ****   arm_biquad_casd_df1_inst_q31 S3;
 307:../arm_graphic_equalizer_example_q31.c ****   arm_biquad_casd_df1_inst_q31 S4;
 308:../arm_graphic_equalizer_example_q31.c ****   arm_biquad_casd_df1_inst_q31 S5;
 309:../arm_graphic_equalizer_example_q31.c ****   int i;
 310:../arm_graphic_equalizer_example_q31.c ****   int32_t status;
 311:../arm_graphic_equalizer_example_q31.c **** 
 312:../arm_graphic_equalizer_example_q31.c ****   inputF32 = &testInput_f32[0];
 1030              		.loc 1 312 0
 1031 0006 774B     		ldr	r3, .L11
 1032 0008 7B65     		str	r3, [r7, #84]
 313:../arm_graphic_equalizer_example_q31.c ****   outputF32 = &testOutput[0];
 1033              		.loc 1 313 0
 1034 000a 774B     		ldr	r3, .L11+4
 1035 000c 3B65     		str	r3, [r7, #80]
 314:../arm_graphic_equalizer_example_q31.c **** 
 315:../arm_graphic_equalizer_example_q31.c ****   /* Initialize the state and coefficient buffers for all Biquad sections */
 316:../arm_graphic_equalizer_example_q31.c **** 
 317:../arm_graphic_equalizer_example_q31.c ****   arm_biquad_cas_df1_32x64_init_q31(&S1, NUMSTAGES,
 318:../arm_graphic_equalizer_example_q31.c ****             (q31_t *) &coeffTable[190*0 + 10*(gainDB[0] + 9)],
 1036              		.loc 1 318 0
 1037 000e 774B     		ldr	r3, .L11+8
 1038 0010 1A68     		ldr	r2, [r3]
 1039 0012 131C     		mov	r3, r2
 1040 0014 9B00     		lsl	r3, r3, #2
 1041 0016 9B18     		add	r3, r3, r2
 1042 0018 5B00     		lsl	r3, r3, #1
 1043 001a 5A33     		add	r3, r3, #90
 1044 001c 9A00     		lsl	r2, r3, #2
 1045 001e 744B     		ldr	r3, .L11+12
 1046 0020 D218     		add	r2, r2, r3
 317:../arm_graphic_equalizer_example_q31.c ****   arm_biquad_cas_df1_32x64_init_q31(&S1, NUMSTAGES,
 1047              		.loc 1 317 0
 1048 0022 391C     		mov	r1, r7
 1049 0024 4031     		add	r1, r1, #64
 1050 0026 734B     		ldr	r3, .L11+16
 1051 0028 0220     		mov	r0, #2
 1052 002a 0090     		str	r0, [sp]
 1053 002c 081C     		mov	r0, r1
 1054 002e 0221     		mov	r1, #2
 1055 0030 FFF7FEFF 		bl	arm_biquad_cas_df1_32x64_init_q31
 319:../arm_graphic_equalizer_example_q31.c ****             &biquadStateBand1Q31[0], 2);
 320:../arm_graphic_equalizer_example_q31.c **** 
 321:../arm_graphic_equalizer_example_q31.c ****   arm_biquad_cas_df1_32x64_init_q31(&S2, NUMSTAGES,
 322:../arm_graphic_equalizer_example_q31.c ****             (q31_t *) &coeffTable[190*1 + 10*(gainDB[1] + 9)],
 1056              		.loc 1 322 0
 1057 0034 6D4B     		ldr	r3, .L11+8
 1058 0036 5A68     		ldr	r2, [r3, #4]
 1059 0038 131C     		mov	r3, r2
 1060 003a 9B00     		lsl	r3, r3, #2
 1061 003c 9B18     		add	r3, r3, r2
 1062 003e 5B00     		lsl	r3, r3, #1
 1063 0040 1933     		add	r3, r3, #25
 1064 0042 FF33     		add	r3, r3, #255
 1065 0044 9A00     		lsl	r2, r3, #2
 1066 0046 6A4B     		ldr	r3, .L11+12
 1067 0048 D218     		add	r2, r2, r3
 321:../arm_graphic_equalizer_example_q31.c ****   arm_biquad_cas_df1_32x64_init_q31(&S2, NUMSTAGES,
 1068              		.loc 1 321 0
 1069 004a 391C     		mov	r1, r7
 1070 004c 3031     		add	r1, r1, #48
 1071 004e 6A4B     		ldr	r3, .L11+20
 1072 0050 0220     		mov	r0, #2
 1073 0052 0090     		str	r0, [sp]
 1074 0054 081C     		mov	r0, r1
 1075 0056 0221     		mov	r1, #2
 1076 0058 FFF7FEFF 		bl	arm_biquad_cas_df1_32x64_init_q31
 323:../arm_graphic_equalizer_example_q31.c ****             &biquadStateBand2Q31[0], 2);
 324:../arm_graphic_equalizer_example_q31.c **** 
 325:../arm_graphic_equalizer_example_q31.c ****   arm_biquad_cascade_df1_init_q31(&S3, NUMSTAGES,
 326:../arm_graphic_equalizer_example_q31.c ****           (q31_t *) &coeffTable[190*2 + 10*(gainDB[2] + 9)],
 1077              		.loc 1 326 0
 1078 005c 634B     		ldr	r3, .L11+8
 1079 005e 9A68     		ldr	r2, [r3, #8]
 1080 0060 131C     		mov	r3, r2
 1081 0062 9B00     		lsl	r3, r3, #2
 1082 0064 9B18     		add	r3, r3, r2
 1083 0066 5B00     		lsl	r3, r3, #1
 1084 0068 D733     		add	r3, r3, #215
 1085 006a FF33     		add	r3, r3, #255
 1086 006c 9A00     		lsl	r2, r3, #2
 1087 006e 604B     		ldr	r3, .L11+12
 1088 0070 D218     		add	r2, r2, r3
 325:../arm_graphic_equalizer_example_q31.c ****   arm_biquad_cascade_df1_init_q31(&S3, NUMSTAGES,
 1089              		.loc 1 325 0
 1090 0072 391C     		mov	r1, r7
 1091 0074 2031     		add	r1, r1, #32
 1092 0076 614B     		ldr	r3, .L11+24
 1093 0078 0220     		mov	r0, #2
 1094 007a 0090     		str	r0, [sp]
 1095 007c 081C     		mov	r0, r1
 1096 007e 0221     		mov	r1, #2
 1097 0080 FFF7FEFF 		bl	arm_biquad_cascade_df1_init_q31
 327:../arm_graphic_equalizer_example_q31.c ****           &biquadStateBand3Q31[0], 2);
 328:../arm_graphic_equalizer_example_q31.c **** 
 329:../arm_graphic_equalizer_example_q31.c ****   arm_biquad_cascade_df1_init_q31(&S4, NUMSTAGES,
 330:../arm_graphic_equalizer_example_q31.c ****           (q31_t *) &coeffTable[190*3 + 10*(gainDB[3] + 9)],
 1098              		.loc 1 330 0
 1099 0084 594B     		ldr	r3, .L11+8
 1100 0086 DA68     		ldr	r2, [r3, #12]
 1101 0088 131C     		mov	r3, r2
 1102 008a 9B00     		lsl	r3, r3, #2
 1103 008c 9B18     		add	r3, r3, r2
 1104 008e 5B00     		lsl	r3, r3, #1
 1105 0090 A522     		mov	r2, #165
 1106 0092 9200     		lsl	r2, r2, #2
 1107 0094 9B18     		add	r3, r3, r2
 1108 0096 9A00     		lsl	r2, r3, #2
 1109 0098 554B     		ldr	r3, .L11+12
 1110 009a D218     		add	r2, r2, r3
 329:../arm_graphic_equalizer_example_q31.c ****   arm_biquad_cascade_df1_init_q31(&S4, NUMSTAGES,
 1111              		.loc 1 329 0
 1112 009c 391C     		mov	r1, r7
 1113 009e 1031     		add	r1, r1, #16
 1114 00a0 574B     		ldr	r3, .L11+28
 1115 00a2 0220     		mov	r0, #2
 1116 00a4 0090     		str	r0, [sp]
 1117 00a6 081C     		mov	r0, r1
 1118 00a8 0221     		mov	r1, #2
 1119 00aa FFF7FEFF 		bl	arm_biquad_cascade_df1_init_q31
 331:../arm_graphic_equalizer_example_q31.c ****           &biquadStateBand4Q31[0], 2);
 332:../arm_graphic_equalizer_example_q31.c **** 
 333:../arm_graphic_equalizer_example_q31.c ****   arm_biquad_cascade_df1_init_q31(&S5, NUMSTAGES,
 334:../arm_graphic_equalizer_example_q31.c ****           (q31_t *) &coeffTable[190*4 + 10*(gainDB[4] + 9)],
 1120              		.loc 1 334 0
 1121 00ae 4F4B     		ldr	r3, .L11+8
 1122 00b0 1A69     		ldr	r2, [r3, #16]
 1123 00b2 131C     		mov	r3, r2
 1124 00b4 9B00     		lsl	r3, r3, #2
 1125 00b6 9B18     		add	r3, r3, r2
 1126 00b8 5B00     		lsl	r3, r3, #1
 1127 00ba 524A     		ldr	r2, .L11+32
 1128 00bc 9B18     		add	r3, r3, r2
 1129 00be 9A00     		lsl	r2, r3, #2
 1130 00c0 4B4B     		ldr	r3, .L11+12
 1131 00c2 D218     		add	r2, r2, r3
 333:../arm_graphic_equalizer_example_q31.c ****   arm_biquad_cascade_df1_init_q31(&S5, NUMSTAGES,
 1132              		.loc 1 333 0
 1133 00c4 391C     		mov	r1, r7
 1134 00c6 504B     		ldr	r3, .L11+36
 1135 00c8 0220     		mov	r0, #2
 1136 00ca 0090     		str	r0, [sp]
 1137 00cc 081C     		mov	r0, r1
 1138 00ce 0221     		mov	r1, #2
 1139 00d0 FFF7FEFF 		bl	arm_biquad_cascade_df1_init_q31
 335:../arm_graphic_equalizer_example_q31.c ****           &biquadStateBand5Q31[0], 2);
 336:../arm_graphic_equalizer_example_q31.c **** 
 337:../arm_graphic_equalizer_example_q31.c **** 
 338:../arm_graphic_equalizer_example_q31.c ****   /* Call the process functions and needs to change filter coefficients
 339:../arm_graphic_equalizer_example_q31.c ****      for varying the gain of each band */
 340:../arm_graphic_equalizer_example_q31.c **** 
 341:../arm_graphic_equalizer_example_q31.c ****   for(i=0; i < NUMBLOCKS; i++)
 1140              		.loc 1 341 0
 1141 00d4 0023     		mov	r3, #0
 1142 00d6 FB65     		str	r3, [r7, #92]
 1143 00d8 60E0     		b	.L2
 1144              	.L3:
 342:../arm_graphic_equalizer_example_q31.c ****   {
 343:../arm_graphic_equalizer_example_q31.c **** 
 344:../arm_graphic_equalizer_example_q31.c ****     /* ----------------------------------------------------------------------
 345:../arm_graphic_equalizer_example_q31.c ****     ** Convert block of input data from float to Q31
 346:../arm_graphic_equalizer_example_q31.c ****     ** ------------------------------------------------------------------- */
 347:../arm_graphic_equalizer_example_q31.c **** 
 348:../arm_graphic_equalizer_example_q31.c ****     arm_float_to_q31(inputF32 + (i*BLOCKSIZE), inputQ31, BLOCKSIZE);
 1145              		.loc 1 348 0 discriminator 2
 1146 00da FB6D     		ldr	r3, [r7, #92]
 1147 00dc DB01     		lsl	r3, r3, #7
 1148 00de 7A6D     		ldr	r2, [r7, #84]
 1149 00e0 D218     		add	r2, r2, r3
 1150 00e2 4A4B     		ldr	r3, .L11+40
 1151 00e4 101C     		mov	r0, r2
 1152 00e6 191C     		mov	r1, r3
 1153 00e8 2022     		mov	r2, #32
 1154 00ea FFF7FEFF 		bl	arm_float_to_q31
 349:../arm_graphic_equalizer_example_q31.c **** 
 350:../arm_graphic_equalizer_example_q31.c ****     /* ----------------------------------------------------------------------
 351:../arm_graphic_equalizer_example_q31.c ****     ** Scale down by 1/8.  This provides additional headroom so that the
 352:../arm_graphic_equalizer_example_q31.c ****     ** graphic EQ can apply gain.
 353:../arm_graphic_equalizer_example_q31.c ****     ** ------------------------------------------------------------------- */
 354:../arm_graphic_equalizer_example_q31.c **** 
 355:../arm_graphic_equalizer_example_q31.c ****     arm_scale_q31(inputQ31, 0x7FFFFFFF, -3, inputQ31, BLOCKSIZE);
 1155              		.loc 1 355 0 discriminator 2
 1156 00ee 4748     		ldr	r0, .L11+40
 1157 00f0 4749     		ldr	r1, .L11+44
 1158 00f2 0323     		mov	r3, #3
 1159 00f4 5A42     		neg	r2, r3
 1160 00f6 454B     		ldr	r3, .L11+40
 1161 00f8 2024     		mov	r4, #32
 1162 00fa 0094     		str	r4, [sp]
 1163 00fc FFF7FEFF 		bl	arm_scale_q31
 356:../arm_graphic_equalizer_example_q31.c **** 
 357:../arm_graphic_equalizer_example_q31.c ****     /* ----------------------------------------------------------------------
 358:../arm_graphic_equalizer_example_q31.c ****     ** Call the Q31 Biquad Cascade DF1 32x64 process function for band1, band2
 359:../arm_graphic_equalizer_example_q31.c ****     ** ------------------------------------------------------------------- */
 360:../arm_graphic_equalizer_example_q31.c **** 
 361:../arm_graphic_equalizer_example_q31.c ****     arm_biquad_cas_df1_32x64_q31(&S1, inputQ31, outputQ31, BLOCKSIZE);
 1164              		.loc 1 361 0 discriminator 2
 1165 0100 391C     		mov	r1, r7
 1166 0102 4031     		add	r1, r1, #64
 1167 0104 414A     		ldr	r2, .L11+40
 1168 0106 434B     		ldr	r3, .L11+48
 1169 0108 081C     		mov	r0, r1
 1170 010a 111C     		mov	r1, r2
 1171 010c 1A1C     		mov	r2, r3
 1172 010e 2023     		mov	r3, #32
 1173 0110 FFF7FEFF 		bl	arm_biquad_cas_df1_32x64_q31
 362:../arm_graphic_equalizer_example_q31.c ****     arm_biquad_cas_df1_32x64_q31(&S2, outputQ31, outputQ31, BLOCKSIZE);
 1174              		.loc 1 362 0 discriminator 2
 1175 0114 391C     		mov	r1, r7
 1176 0116 3031     		add	r1, r1, #48
 1177 0118 3E4A     		ldr	r2, .L11+48
 1178 011a 3E4B     		ldr	r3, .L11+48
 1179 011c 081C     		mov	r0, r1
 1180 011e 111C     		mov	r1, r2
 1181 0120 1A1C     		mov	r2, r3
 1182 0122 2023     		mov	r3, #32
 1183 0124 FFF7FEFF 		bl	arm_biquad_cas_df1_32x64_q31
 363:../arm_graphic_equalizer_example_q31.c **** 
 364:../arm_graphic_equalizer_example_q31.c ****     /* ----------------------------------------------------------------------
 365:../arm_graphic_equalizer_example_q31.c ****     ** Call the Q31 Biquad Cascade DF1 process function for band3, band4, band5
 366:../arm_graphic_equalizer_example_q31.c ****     ** ------------------------------------------------------------------- */
 367:../arm_graphic_equalizer_example_q31.c **** 
 368:../arm_graphic_equalizer_example_q31.c ****     arm_biquad_cascade_df1_q31(&S3, outputQ31, outputQ31, BLOCKSIZE);
 1184              		.loc 1 368 0 discriminator 2
 1185 0128 391C     		mov	r1, r7
 1186 012a 2031     		add	r1, r1, #32
 1187 012c 394A     		ldr	r2, .L11+48
 1188 012e 394B     		ldr	r3, .L11+48
 1189 0130 081C     		mov	r0, r1
 1190 0132 111C     		mov	r1, r2
 1191 0134 1A1C     		mov	r2, r3
 1192 0136 2023     		mov	r3, #32
 1193 0138 FFF7FEFF 		bl	arm_biquad_cascade_df1_q31
 369:../arm_graphic_equalizer_example_q31.c ****     arm_biquad_cascade_df1_q31(&S4, outputQ31, outputQ31, BLOCKSIZE);
 1194              		.loc 1 369 0 discriminator 2
 1195 013c 391C     		mov	r1, r7
 1196 013e 1031     		add	r1, r1, #16
 1197 0140 344A     		ldr	r2, .L11+48
 1198 0142 344B     		ldr	r3, .L11+48
 1199 0144 081C     		mov	r0, r1
 1200 0146 111C     		mov	r1, r2
 1201 0148 1A1C     		mov	r2, r3
 1202 014a 2023     		mov	r3, #32
 1203 014c FFF7FEFF 		bl	arm_biquad_cascade_df1_q31
 370:../arm_graphic_equalizer_example_q31.c ****     arm_biquad_cascade_df1_q31(&S5, outputQ31, outputQ31, BLOCKSIZE);
 1204              		.loc 1 370 0 discriminator 2
 1205 0150 391C     		mov	r1, r7
 1206 0152 304A     		ldr	r2, .L11+48
 1207 0154 2F4B     		ldr	r3, .L11+48
 1208 0156 081C     		mov	r0, r1
 1209 0158 111C     		mov	r1, r2
 1210 015a 1A1C     		mov	r2, r3
 1211 015c 2023     		mov	r3, #32
 1212 015e FFF7FEFF 		bl	arm_biquad_cascade_df1_q31
 371:../arm_graphic_equalizer_example_q31.c **** 
 372:../arm_graphic_equalizer_example_q31.c ****     /* ----------------------------------------------------------------------
 373:../arm_graphic_equalizer_example_q31.c ****     ** Convert Q31 result back to float
 374:../arm_graphic_equalizer_example_q31.c ****     ** ------------------------------------------------------------------- */
 375:../arm_graphic_equalizer_example_q31.c **** 
 376:../arm_graphic_equalizer_example_q31.c ****     arm_q31_to_float(outputQ31, outputF32 + (i * BLOCKSIZE), BLOCKSIZE);
 1213              		.loc 1 376 0 discriminator 2
 1214 0162 FB6D     		ldr	r3, [r7, #92]
 1215 0164 DB01     		lsl	r3, r3, #7
 1216 0166 3A6D     		ldr	r2, [r7, #80]
 1217 0168 D318     		add	r3, r2, r3
 1218 016a 2A4A     		ldr	r2, .L11+48
 1219 016c 101C     		mov	r0, r2
 1220 016e 191C     		mov	r1, r3
 1221 0170 2022     		mov	r2, #32
 1222 0172 FFF7FEFF 		bl	arm_q31_to_float
 377:../arm_graphic_equalizer_example_q31.c **** 
 378:../arm_graphic_equalizer_example_q31.c ****     /* ----------------------------------------------------------------------
 379:../arm_graphic_equalizer_example_q31.c ****     ** Scale back up
 380:../arm_graphic_equalizer_example_q31.c ****     ** ------------------------------------------------------------------- */
 381:../arm_graphic_equalizer_example_q31.c **** 
 382:../arm_graphic_equalizer_example_q31.c ****     arm_scale_f32(outputF32 + (i * BLOCKSIZE), 8.0f, outputF32 + (i * BLOCKSIZE), BLOCKSIZE);
 1223              		.loc 1 382 0 discriminator 2
 1224 0176 FB6D     		ldr	r3, [r7, #92]
 1225 0178 DB01     		lsl	r3, r3, #7
 1226 017a 3A6D     		ldr	r2, [r7, #80]
 1227 017c D118     		add	r1, r2, r3
 1228 017e FB6D     		ldr	r3, [r7, #92]
 1229 0180 DB01     		lsl	r3, r3, #7
 1230 0182 3A6D     		ldr	r2, [r7, #80]
 1231 0184 D318     		add	r3, r2, r3
 1232 0186 8222     		mov	r2, #130
 1233 0188 D205     		lsl	r2, r2, #23
 1234 018a 081C     		mov	r0, r1
 1235 018c 111C     		add	r1, r2, #0
 1236 018e 1A1C     		mov	r2, r3
 1237 0190 2023     		mov	r3, #32
 1238 0192 FFF7FEFF 		bl	arm_scale_f32
 341:../arm_graphic_equalizer_example_q31.c ****   for(i=0; i < NUMBLOCKS; i++)
 1239              		.loc 1 341 0 discriminator 2
 1240 0196 FB6D     		ldr	r3, [r7, #92]
 1241 0198 0133     		add	r3, r3, #1
 1242 019a FB65     		str	r3, [r7, #92]
 1243              	.L2:
 341:../arm_graphic_equalizer_example_q31.c ****   for(i=0; i < NUMBLOCKS; i++)
 1244              		.loc 1 341 0 is_stmt 0 discriminator 1
 1245 019c FB6D     		ldr	r3, [r7, #92]
 1246 019e 092B     		cmp	r3, #9
 1247 01a0 9BDD     		ble	.L3
 383:../arm_graphic_equalizer_example_q31.c ****   };
 384:../arm_graphic_equalizer_example_q31.c **** 
 385:../arm_graphic_equalizer_example_q31.c ****   snr = arm_snr_f32(testRefOutput_f32, testOutput, TESTLENGTH);
 1248              		.loc 1 385 0 is_stmt 1
 1249 01a2 1D49     		ldr	r1, .L11+52
 1250 01a4 104A     		ldr	r2, .L11+4
 1251 01a6 A023     		mov	r3, #160
 1252 01a8 5B00     		lsl	r3, r3, #1
 1253 01aa 081C     		mov	r0, r1
 1254 01ac 111C     		mov	r1, r2
 1255 01ae 1A1C     		mov	r2, r3
 1256 01b0 FFF7FEFF 		bl	arm_snr_f32
 1257 01b4 021C     		add	r2, r0, #0
 1258 01b6 194B     		ldr	r3, .L11+56
 1259 01b8 1A60     		str	r2, [r3]
 386:../arm_graphic_equalizer_example_q31.c **** 
 387:../arm_graphic_equalizer_example_q31.c ****   if (snr < SNR_THRESHOLD_F32)
 1260              		.loc 1 387 0
 1261 01ba 184B     		ldr	r3, .L11+56
 1262 01bc 1B68     		ldr	r3, [r3]
 1263 01be 181C     		add	r0, r3, #0
 1264 01c0 1749     		ldr	r1, .L11+60
 1265 01c2 FFF7FEFF 		bl	__aeabi_fcmplt
 1266 01c6 031C     		mov	r3, r0
 1267 01c8 002B     		cmp	r3, #0
 1268 01ca 03D0     		beq	.L10
 1269              	.L9:
 388:../arm_graphic_equalizer_example_q31.c ****   {
 389:../arm_graphic_equalizer_example_q31.c ****     status = ARM_MATH_TEST_FAILURE;
 1270              		.loc 1 389 0
 1271 01cc 0623     		mov	r3, #6
 1272 01ce 5B42     		neg	r3, r3
 1273 01d0 BB65     		str	r3, [r7, #88]
 1274 01d2 01E0     		b	.L6
 1275              	.L10:
 390:../arm_graphic_equalizer_example_q31.c ****   }
 391:../arm_graphic_equalizer_example_q31.c ****   else
 392:../arm_graphic_equalizer_example_q31.c ****   {
 393:../arm_graphic_equalizer_example_q31.c ****     status = ARM_MATH_SUCCESS;
 1276              		.loc 1 393 0
 1277 01d4 0023     		mov	r3, #0
 1278 01d6 BB65     		str	r3, [r7, #88]
 1279              	.L6:
 394:../arm_graphic_equalizer_example_q31.c ****   }
 395:../arm_graphic_equalizer_example_q31.c **** 
 396:../arm_graphic_equalizer_example_q31.c ****   /* ----------------------------------------------------------------------
 397:../arm_graphic_equalizer_example_q31.c ****   ** Loop here if the signal does not match the reference output.
 398:../arm_graphic_equalizer_example_q31.c ****   ** ------------------------------------------------------------------- */
 399:../arm_graphic_equalizer_example_q31.c **** 
 400:../arm_graphic_equalizer_example_q31.c ****   if( status != ARM_MATH_SUCCESS)
 1280              		.loc 1 400 0
 1281 01d8 BB6D     		ldr	r3, [r7, #88]
 1282 01da 002B     		cmp	r3, #0
 1283 01dc 00D0     		beq	.L7
 1284              	.L8:
 401:../arm_graphic_equalizer_example_q31.c ****   {
 402:../arm_graphic_equalizer_example_q31.c ****     while(1);
 1285              		.loc 1 402 0 discriminator 1
 1286 01de FEE7     		b	.L8
 1287              	.L7:
 403:../arm_graphic_equalizer_example_q31.c ****   }
 404:../arm_graphic_equalizer_example_q31.c **** 
 405:../arm_graphic_equalizer_example_q31.c ****   while(1);                             /* main function does not return */
 1288              		.loc 1 405 0 discriminator 1
 1289 01e0 FEE7     		b	.L7
 1290              	.L12:
 1291 01e2 C046     		.align	2
 1292              	.L11:
 1293 01e4 00000000 		.word	testInput_f32
 1294 01e8 00000000 		.word	testOutput
 1295 01ec 00000000 		.word	gainDB
 1296 01f0 00000000 		.word	coeffTable
 1297 01f4 00050000 		.word	biquadStateBand1Q31
 1298 01f8 40050000 		.word	biquadStateBand2Q31
 1299 01fc 80050000 		.word	biquadStateBand3Q31
 1300 0200 A0050000 		.word	biquadStateBand4Q31
 1301 0204 52030000 		.word	850
 1302 0208 C0050000 		.word	biquadStateBand5Q31
 1303 020c 00000000 		.word	inputQ31
 1304 0210 FFFFFF7F 		.word	2147483647
 1305 0214 00000000 		.word	outputQ31
 1306 0218 00000000 		.word	testRefOutput_f32
 1307 021c 00000000 		.word	snr
 1308 0220 0000C442 		.word	1120141312
 1309              		.cfi_endproc
 1310              	.LFE81:
 1312              		.text
 1313              	.Letext0:
 1314              		.file 2 "c:\\dave-3.1\\arm-gcc\\bin\\../lib/gcc/arm-none-eabi/4.7.4/../../../../arm-none-eabi/incl
 1315              		.file 3 "C:\\DAVE-3.1\\eclipse\\/../CMSIS/Include/arm_math.h"
DEFINED SYMBOLS
                            *ABS*:00000000 arm_graphic_equalizer_example_q31.c
C:\Users\wangguan\AppData\Local\Temp\ccpMBRBf.s:18     .bss:00000000 $d
C:\Users\wangguan\AppData\Local\Temp\ccpMBRBf.s:19     .bss:00000000 testOutput
C:\Users\wangguan\AppData\Local\Temp\ccpMBRBf.s:22     .bss:00000500 biquadStateBand1Q31
C:\Users\wangguan\AppData\Local\Temp\ccpMBRBf.s:25     .bss:00000540 biquadStateBand2Q31
C:\Users\wangguan\AppData\Local\Temp\ccpMBRBf.s:28     .bss:00000580 biquadStateBand3Q31
C:\Users\wangguan\AppData\Local\Temp\ccpMBRBf.s:31     .bss:000005a0 biquadStateBand4Q31
C:\Users\wangguan\AppData\Local\Temp\ccpMBRBf.s:34     .bss:000005c0 biquadStateBand5Q31
                            *COM*:00000080 inputQ31
                            *COM*:00000080 outputQ31
C:\Users\wangguan\AppData\Local\Temp\ccpMBRBf.s:43     .rodata:00000000 coeffTable
C:\Users\wangguan\AppData\Local\Temp\ccpMBRBf.s:40     .rodata:00000000 $d
C:\Users\wangguan\AppData\Local\Temp\ccpMBRBf.s:999    .data:00000000 gainDB
C:\Users\wangguan\AppData\Local\Temp\ccpMBRBf.s:996    .data:00000000 $d
                            *COM*:00000004 snr
C:\Users\wangguan\AppData\Local\Temp\ccpMBRBf.s:1008   .text.main:00000000 $t
C:\Users\wangguan\AppData\Local\Temp\ccpMBRBf.s:1013   .text.main:00000000 main
C:\Users\wangguan\AppData\Local\Temp\ccpMBRBf.s:1293   .text.main:000001e4 $d
                     .debug_frame:00000010 $d
                           .group:00000000 wm4.1.e2c96d5a5488b60ca900a5e0ea7772ef
                           .group:00000000 wm4.arm_math.h.265.70d56e5033e2760c278cbebe073db4fc
                           .group:00000000 wm4.core_cm0.h.47.022e66414e77714da7c4b30b3ad99fe8
                           .group:00000000 wm4.newlib.h.8.a9901dc52d1357e3e94003403d43f8b5
                           .group:00000000 wm4.features.h.22.b72b3baab2bb2eab3661375590100b6b
                           .group:00000000 wm4.config.h.193.5fb8ef056cdff92dec3dee9552839d8c
                           .group:00000000 wm4._ansi.h.23.7aefdac4826acebbfc9f3822a0aeb14c
                           .group:00000000 wm4.stdint.h.20.54ad762faa59e3c05491630641c8d8bf
                           .group:00000000 wm4.core_cmInstr.h.39.b7b6650bdd2316848d940915272d75b8
                           .group:00000000 wm4.arm_math.h.275.48de47ab2bd311f0657ea6a8c1abb55a
                           .group:00000000 wm4._default_types.h.6.5e12cd604db8ce00b62bb2f02708eaf3
                           .group:00000000 wm4.lock.h.2.9bc98482741e5e2a9450b12934a684ea
                           .group:00000000 wm4.stddef.h.349.31f4c5baff3fa2689010b32028da9c47
                           .group:00000000 wm4.reent.h.16.9e42f0e588b85e70b2bf6572af57ce64
                           .group:00000000 wm4.stddef.h.187.9e651b6b8b16e149c1353259404973ea
                           .group:00000000 wm4.string.h.17.f8d12df81104836a3f2a5d589ae830d8
                           .group:00000000 wm4.math.h.35.cc9264b0ced3bd063c5784e64e89cf51
                           .group:00000000 wm4.arm_math.h.297.1d5f7b8b87e168258299acd0bbe0005e

UNDEFINED SYMBOLS
__aeabi_fcmplt
arm_biquad_cas_df1_32x64_init_q31
arm_biquad_cascade_df1_init_q31
arm_float_to_q31
arm_scale_q31
arm_biquad_cas_df1_32x64_q31
arm_biquad_cascade_df1_q31
arm_q31_to_float
arm_scale_f32
arm_snr_f32
testInput_f32
testRefOutput_f32
