   1              		.cpu cortex-m0
   2              		.fpu softvfp
   3              		.eabi_attribute 20, 1
   4              		.eabi_attribute 21, 1
   5              		.eabi_attribute 23, 3
   6              		.eabi_attribute 24, 1
   7              		.eabi_attribute 25, 1
   8              		.eabi_attribute 26, 1
   9              		.eabi_attribute 30, 6
  10              		.eabi_attribute 34, 0
  11              		.eabi_attribute 18, 4
  12              		.code	16
  13              		.file	"arm_graphic_equalizer_data.c"
  14              		.text
  15              	.Ltext0:
  16              		.cfi_sections	.debug_frame
  17              		.global	testRefOutput_f32
  18              		.data
  19              		.align	2
  22              	testRefOutput_f32:
  23 0000 00000000 		.word	0
  24 0004 A0D3F83A 		.word	989385632
  25 0008 C0218A3B 		.word	998908352
  26 000c C888F33B 		.word	1005816008
  27 0010 3461333C 		.word	1010000180
  28 0014 3031763C 		.word	1014378800
  29 0018 96379D3C 		.word	1016936342
  30 001c 5E1FC13C 		.word	1019289438
  31 0020 52B7E43C 		.word	1021622098
  32 0024 B635043D 		.word	1023686070
  33 0028 2CB7153D 		.word	1024833324
  34 002c 6ED7263D 		.word	1025955694
  35 0030 527F373D 		.word	1027047250
  36 0034 C784473D 		.word	1028097223
  37 0038 EAF1563D 		.word	1029108202
  38 003c 339E653D 		.word	1030069811
  39 0040 93A3733D 		.word	1030988691
  40 0044 BE76803D 		.word	1031829182
  41 0048 2CCD863D 		.word	1032244524
  42 004c DCD38C3D 		.word	1032639452
  43 0050 6797923D 		.word	1033017191
  44 0054 FF1A983D 		.word	1033378559
  45 0058 D4669D3D 		.word	1033725652
  46 005c 797FA23D 		.word	1034059641
  47 0060 F469A73D 		.word	1034381812
  48 0064 682BAC3D 		.word	1034693480
  49 0068 B4C7B03D 		.word	1034995636
  50 006c 5844B53D 		.word	1035289688
  51 0070 34A5B93D 		.word	1035576628
  52 0074 B6EFBD3D 		.word	1035857846
  53 0078 E127C23D 		.word	1036134369
  54 007c A052C63D 		.word	1036407456
  55 0080 D273CA3D 		.word	1036678098
  56 0084 A28FCE3D 		.word	1036947362
  57 0088 8CA9D23D 		.word	1037216140
  58 008c E9C4D63D 		.word	1037485289
  59 0090 A4E4DA3D 		.word	1037755556
  60 0094 470BDF3D 		.word	1038027591
  61 0098 063BE33D 		.word	1038301958
  62 009c A575E73D 		.word	1038579109
  63 00a0 9ABCEB3D 		.word	1038859418
  64 00a4 F810F03D 		.word	1039143160
  65 00a8 9573F43D 		.word	1039430549
  66 00ac 03E5F83D 		.word	1039721731
  67 00b0 AE65FD3D 		.word	1040016814
  68 00b4 EDFA003E 		.word	1040251629
  69 00b8 E04A033E 		.word	1040403168
  70 00bc C6A2053E 		.word	1040556742
  71 00c0 B602083E 		.word	1040712374
  72 00c4 CB6A0A3E 		.word	1040870091
  73 00c8 22DB0C3E 		.word	1041029922
  74 00cc DF530F3E 		.word	1041191903
  75 00d0 28D5113E 		.word	1041356072
  76 00d4 285F143E 		.word	1041522472
  77 00d8 08F2163E 		.word	1041691144
  78 00dc F68D193E 		.word	1041862134
  79 00e0 14331C3E 		.word	1042035476
  80 00e4 88E11E3E 		.word	1042211208
  81 00e8 6699213E 		.word	1042389350
  82 00ec C05A243E 		.word	1042569920
  83 00f0 9B25273E 		.word	1042752923
  84 00f4 ECF9293E 		.word	1042938348
  85 00f8 A2D72C3E 		.word	1043126178
  86 00fc 99BE2F3E 		.word	1043316377
  87 0100 A7AE323E 		.word	1043508903
  88 0104 93A7353E 		.word	1043703699
  89 0108 1CA9383E 		.word	1043900700
  90 010c F9B23B3E 		.word	1044099833
  91 0110 D6C43E3E 		.word	1044301014
  92 0114 5FDE413E 		.word	1044504159
  93 0118 35FF443E 		.word	1044709173
  94 011c FE26483E 		.word	1044915966
  95 0120 59554B3E 		.word	1045124441
  96 0124 E6894E3E 		.word	1045334502
  97 0128 47C4513E 		.word	1045546055
  98 012c 1F04553E 		.word	1045759007
  99 0130 1449583E 		.word	1045973268
 100 0134 CE925B3E 		.word	1046188750
 101 0138 FBE05E3E 		.word	1046405371
 102 013c 4B33623E 		.word	1046623051
 103 0140 7289653E 		.word	1046841714
 104 0144 2BE3683E 		.word	1047061291
 105 0148 34406C3E 		.word	1047281716
 106 014c 4FA06F3E 		.word	1047502927
 107 0150 4303733E 		.word	1047724867
 108 0154 DE68763E 		.word	1047947486
 109 0158 EFD0793E 		.word	1048170735
 110 015c 4C3B7D3E 		.word	1048394572
 111 0160 E653803E 		.word	1048597478
 112 0164 280B823E 		.word	1048709928
 113 0168 5CC3833E 		.word	1048822620
 114 016c 747C853E 		.word	1048935540
 115 0170 6536873E 		.word	1049048677
 116 0174 26F1883E 		.word	1049162022
 117 0178 AEAC8A3E 		.word	1049275566
 118 017c F8688C3E 		.word	1049389304
 119 0180 FE258E3E 		.word	1049503230
 120 0184 BDE38F3E 		.word	1049617341
 121 0188 32A2913E 		.word	1049731634
 122 018c 5E61933E 		.word	1049846110
 123 0190 3F21953E 		.word	1049960767
 124 0194 D8E1963E 		.word	1050075608
 125 0198 2BA3983E 		.word	1050190635
 126 019c 3A659A3E 		.word	1050305850
 127 01a0 0B289C3E 		.word	1050421259
 128 01a4 A2EB9D3E 		.word	1050536866
 129 01a8 04B09F3E 		.word	1050652676
 130 01ac 3675A13E 		.word	1050768694
 131 01b0 403BA33E 		.word	1050884928
 132 01b4 2802A53E 		.word	1051001384
 133 01b8 F5C9A63E 		.word	1051118069
 134 01bc AF92A83E 		.word	1051234991
 135 01c0 5C5CAA3E 		.word	1051352156
 136 01c4 0627AC3E 		.word	1051469574
 137 01c8 B2F2AD3E 		.word	1051587250
 138 01cc 6ABFAF3E 		.word	1051705194
 139 01d0 348DB13E 		.word	1051823412
 140 01d4 185CB33E 		.word	1051941912
 141 01d8 1C2CB53E 		.word	1052060700
 142 01dc 48FDB63E 		.word	1052179784
 143 01e0 A2CFB83E 		.word	1052299170
 144 01e4 2EA3BA3E 		.word	1052418862
 145 01e8 F677BC3E 		.word	1052538870
 146 01ec FA4DBE3E 		.word	1052659194
 147 01f0 4425C03E 		.word	1052779844
 148 01f4 D3FDC13E 		.word	1052900819
 149 01f8 AED7C33E 		.word	1053022126
 150 01fc D6B2C53E 		.word	1053143766
 151 0200 508FC73E 		.word	1053265744
 152 0204 1B6DC93E 		.word	1053388059
 153 0208 3A4CCB3E 		.word	1053510714
 154 020c AE2CCD3E 		.word	1053633710
 155 0210 760ECF3E 		.word	1053757046
 156 0214 94F1D03E 		.word	1053880724
 157 0218 04D6D23E 		.word	1054004740
 158 021c C7BBD43E 		.word	1054129095
 159 0220 DAA2D63E 		.word	1054253786
 160 0224 3B8BD83E 		.word	1054378811
 161 0228 E774DA3E 		.word	1054504167
 162 022c DB5FDC3E 		.word	1054629851
 163 0230 124CDE3E 		.word	1054755858
 164 0234 8A39E03E 		.word	1054882186
 165 0238 3E28E23E 		.word	1055008830
 166 023c 2718E43E 		.word	1055135783
 167 0240 4209E63E 		.word	1055263042
 168 0244 8AFBE73E 		.word	1055390602
 169 0248 F6EEE93E 		.word	1055518454
 170 024c 84E3EB3E 		.word	1055646596
 171 0250 2AD9ED3E 		.word	1055775018
 172 0254 E4CFEF3E 		.word	1055903716
 173 0258 AAC7F13E 		.word	1056032682
 174 025c 75C0F33E 		.word	1056161909
 175 0260 3EBAF53E 		.word	1056291390
 176 0264 FEB4F73E 		.word	1056421118
 177 0268 AFB0F93E 		.word	1056551087
 178 026c 48ADFB3E 		.word	1056681288
 179 0270 C2AAFD3E 		.word	1056811714
 180 0274 15A9FF3E 		.word	1056942357
 181 0278 1DD4003F 		.word	1057018909
 182 027c 15D4013F 		.word	1057084437
 183 0280 6FD4023F 		.word	1057150063
 184 0284 26D5033F 		.word	1057215782
 185 0288 36D6043F 		.word	1057281590
 186 028c 9DD7053F 		.word	1057347485
 187 0290 55D9063F 		.word	1057413461
 188 0294 5CDB073F 		.word	1057479516
 189 0298 AEDD083F 		.word	1057545646
 190 029c 47E0093F 		.word	1057611847
 191 02a0 23E30A3F 		.word	1057678115
 192 02a4 3EE60B3F 		.word	1057744446
 193 02a8 96E90C3F 		.word	1057810838
 194 02ac 25ED0D3F 		.word	1057877285
 195 02b0 E9F00E3F 		.word	1057943785
 196 02b4 DEF40F3F 		.word	1058010334
 197 02b8 00F9103F 		.word	1058076928
 198 02bc 4CFD113F 		.word	1058143564
 199 02c0 BE01133F 		.word	1058210238
 200 02c4 5306143F 		.word	1058276947
 201 02c8 070B153F 		.word	1058343687
 202 02cc D70F163F 		.word	1058410455
 203 02d0 BE14173F 		.word	1058477246
 204 02d4 BB19183F 		.word	1058544059
 205 02d8 C91E193F 		.word	1058610889
 206 02dc E4231A3F 		.word	1058677732
 207 02e0 0A291B3F 		.word	1058744586
 208 02e4 372E1C3F 		.word	1058811447
 209 02e8 67331D3F 		.word	1058878311
 210 02ec 97381E3F 		.word	1058945175
 211 02f0 C33D1F3F 		.word	1059012035
 212 02f4 E842203F 		.word	1059078888
 213 02f8 0248213F 		.word	1059145730
 214 02fc 0E4D223F 		.word	1059212558
 215 0300 0752233F 		.word	1059279367
 216 0304 EB56243F 		.word	1059346155
 217 0308 B65B253F 		.word	1059412918
 218 030c 6460263F 		.word	1059479652
 219 0310 F164273F 		.word	1059546353
 220 0314 5969283F 		.word	1059613017
 221 0318 996D293F 		.word	1059679641
 222 031c AD712A3F 		.word	1059746221
 223 0320 90752B3F 		.word	1059812752
 224 0324 40792C3F 		.word	1059879232
 225 0328 B77C2D3F 		.word	1059945655
 226 032c F27F2E3F 		.word	1060012018
 227 0330 EC822F3F 		.word	1060078316
 228 0334 A285303F 		.word	1060144546
 229 0338 0F88313F 		.word	1060210703
 230 033c 2E8A323F 		.word	1060276782
 231 0340 FC8B333F 		.word	1060342780
 232 0344 748D343F 		.word	1060408692
 233 0348 928E353F 		.word	1060474514
 234 034c 508F363F 		.word	1060540240
 235 0350 AB8F373F 		.word	1060605867
 236 0354 9D8F383F 		.word	1060671389
 237 0358 238F393F 		.word	1060736803
 238 035c 368E3A3F 		.word	1060802102
 239 0360 D28C3B3F 		.word	1060867282
 240 0364 F38A3C3F 		.word	1060932339
 241 0368 93883D3F 		.word	1060997267
 242 036c AD853E3F 		.word	1061062061
 243 0370 3C823F3F 		.word	1061126716
 244 0374 3B7E403F 		.word	1061191227
 245 0378 A479413F 		.word	1061255588
 246 037c 7374423F 		.word	1061319795
 247 0380 A26E433F 		.word	1061383842
 248 0384 2B68443F 		.word	1061447723
 249 0388 0861453F 		.word	1061511432
 250 038c 3659463F 		.word	1061574966
 251 0390 AD50473F 		.word	1061638317
 252 0394 6847483F 		.word	1061701480
 253 0398 623D493F 		.word	1061764450
 254 039c 93324A3F 		.word	1061827219
 255 03a0 F8264B3F 		.word	1061889784
 256 03a4 891A4C3F 		.word	1061952137
 257 03a8 410D4D3F 		.word	1062014273
 258 03ac 1AFF4D3F 		.word	1062076186
 259 03b0 0DF04E3F 		.word	1062137869
 260 03b4 15E04F3F 		.word	1062199317
 261 03b8 2BCF503F 		.word	1062260523
 262 03bc 49BD513F 		.word	1062321481
 263 03c0 68AA523F 		.word	1062382184
 264 03c4 8496533F 		.word	1062442628
 265 03c8 9481543F 		.word	1062502804
 266 03cc 926B553F 		.word	1062562706
 267 03d0 7954563F 		.word	1062622329
 268 03d4 403C573F 		.word	1062681664
 269 03d8 E322583F 		.word	1062740707
 270 03dc 5A08593F 		.word	1062799450
 271 03e0 9EEC593F 		.word	1062857886
 272 03e4 A8CF5A3F 		.word	1062916008
 273 03e8 72B15B3F 		.word	1062973810
 274 03ec F5915C3F 		.word	1063031285
 275 03f0 2A715D3F 		.word	1063088426
 276 03f4 094F5E3F 		.word	1063145225
 277 03f8 8D2B5F3F 		.word	1063201677
 278 03fc AD06603F 		.word	1063257773
 279 0400 63E0603F 		.word	1063313507
 280 0404 A7B8613F 		.word	1063368871
 281 0408 728F623F 		.word	1063423858
 282 040c BD64633F 		.word	1063478461
 283 0410 8138643F 		.word	1063532673
 284 0414 B60A653F 		.word	1063586486
 285 0418 54DB653F 		.word	1063639892
 286 041c 54AA663F 		.word	1063692884
 287 0420 AF77673F 		.word	1063745455
 288 0424 5C43683F 		.word	1063797596
 289 0428 550D693F 		.word	1063849301
 290 042c 91D5693F 		.word	1063900561
 291 0430 089C6A3F 		.word	1063951368
 292 0434 B4606B3F 		.word	1064001716
 293 0438 8B236C3F 		.word	1064051595
 294 043c 86E46C3F 		.word	1064100998
 295 0440 9DA36D3F 		.word	1064149917
 296 0444 C8606E3F 		.word	1064198344
 297 0448 FE1B6F3F 		.word	1064246270
 298 044c 38D56F3F 		.word	1064293688
 299 0450 6E8C703F 		.word	1064340590
 300 0454 9641713F 		.word	1064386966
 301 0458 A9F4713F 		.word	1064432809
 302 045c 9EA5723F 		.word	1064478110
 303 0460 6E54733F 		.word	1064522862
 304 0464 0E01743F 		.word	1064567054
 305 0468 77AB743F 		.word	1064610679
 306 046c A153753F 		.word	1064653729
 307 0470 82F9753F 		.word	1064696194
 308 0474 129D763F 		.word	1064738066
 309 0478 473E773F 		.word	1064779335
 310 047c 1ADD773F 		.word	1064819994
 311 0480 8179783F 		.word	1064860033
 312 0484 7413793F 		.word	1064899444
 313 0488 E8AA793F 		.word	1064938216
 314 048c D63F7A3F 		.word	1064976342
 315 0490 34D27A3F 		.word	1065013812
 316 0494 F9617B3F 		.word	1065050617
 317 0498 1CEF7B3F 		.word	1065086748
 318 049c 94797C3F 		.word	1065122196
 319 04a0 56017D3F 		.word	1065156950
 320 04a4 5B867D3F 		.word	1065191003
 321 04a8 98087E3F 		.word	1065224344
 322 04ac 04887E3F 		.word	1065256964
 323 04b0 96047F3F 		.word	1065288854
 324 04b4 447E7F3F 		.word	1065320004
 325 04b8 04F57F3F 		.word	1065350404
 326 04bc 6734803F 		.word	1065366631
 327 04c0 CB6C803F 		.word	1065381067
 328 04c4 AAA3803F 		.word	1065395114
 329 04c8 FED8803F 		.word	1065408766
 330 04cc C40C813F 		.word	1065422020
 331 04d0 F63E813F 		.word	1065434870
 332 04d4 8E6F813F 		.word	1065447310
 333 04d8 899E813F 		.word	1065459337
 334 04dc E1CB813F 		.word	1065470945
 335 04e0 91F7813F 		.word	1065482129
 336 04e4 9421823F 		.word	1065492884
 337 04e8 E549823F 		.word	1065503205
 338 04ec 7E70823F 		.word	1065513086
 339 04f0 5C95823F 		.word	1065522524
 340 04f4 79B8823F 		.word	1065531513
 341 04f8 CFD9823F 		.word	1065540047
 342 04fc 59F9823F 		.word	1065548121
 343              		.global	testInput_f32
 344              		.align	2
 347              	testInput_f32:
 348 0500 0BA88C24 		.word	613197835
 349 0504 C1DC2B3B 		.word	992730305
 350 0508 ED26AC3B 		.word	1001137901
 351 050c DF54013C 		.word	1006720223
 352 0510 76BB2C3C 		.word	1009564534
 353 0514 4747583C 		.word	1012418375
 354 0518 2FFC813C 		.word	1015151663
 355 051c 62E7973C 		.word	1016588130
 356 0520 43E5AD3C 		.word	1018029379
 357 0524 D7F5C33C 		.word	1019475415
 358 0528 2319DA3C 		.word	1020926243
 359 052c 2B4FF03C 		.word	1022381867
 360 0530 FB4B033D 		.word	1023626235
 361 0534 C3790E3D 		.word	1024358851
 362 0538 F0B0193D 		.word	1025093872
 363 053c 85F1243D 		.word	1025831301
 364 0540 833B303D 		.word	1026571139
 365 0544 EC8E3B3D 		.word	1027313388
 366 0548 C3EB463D 		.word	1028058051
 367 054c 0852523D 		.word	1028805128
 368 0550 BEC15D3D 		.word	1029554622
 369 0554 E63A693D 		.word	1030306534
 370 0558 82BD743D 		.word	1031060866
 371 055c C924803D 		.word	1031808201
 372 0560 8CEF853D 		.word	1032187788
 373 0564 0BBF8B3D 		.word	1032568587
 374 0568 4693913D 		.word	1032950598
 375 056c 3E6C973D 		.word	1033333822
 376 0570 F2499D3D 		.word	1033718258
 377 0574 642CA33D 		.word	1034103908
 378 0578 9413A93D 		.word	1034490772
 379 057c 81FFAE3D 		.word	1034878849
 380 0580 2DF0B43D 		.word	1035268141
 381 0584 97E5BA3D 		.word	1035658647
 382 0588 BFDFC03D 		.word	1036050367
 383 058c A6DEC63D 		.word	1036443302
 384 0590 4BE2CC3D 		.word	1036837451
 385 0594 AEEAD23D 		.word	1037232814
 386 0598 CFF7D83D 		.word	1037629391
 387 059c AE09DF3D 		.word	1038027182
 388 05a0 4A20E53D 		.word	1038426186
 389 05a4 A33BEB3D 		.word	1038826403
 390 05a8 B95BF13D 		.word	1039227833
 391 05ac 8B80F73D 		.word	1039630475
 392 05b0 18AAFD3D 		.word	1040034328
 393 05b4 30EC013E 		.word	1040313392
 394 05b8 B105053E 		.word	1040516529
 395 05bc 8F21083E 		.word	1040720271
 396 05c0 CA3F0B3E 		.word	1040924618
 397 05c4 60600E3E 		.word	1041129568
 398 05c8 5183113E 		.word	1041335121
 399 05cc 9DA8143E 		.word	1041541277
 400 05d0 43D0173E 		.word	1041748035
 401 05d4 43FA1A3E 		.word	1041955395
 402 05d8 9C261E3E 		.word	1042163356
 403 05dc 4C55213E 		.word	1042371916
 404 05e0 5586243E 		.word	1042581077
 405 05e4 B4B9273E 		.word	1042790836
 406 05e8 69EF2A3E 		.word	1043001193
 407 05ec 72272E3E 		.word	1043212146
 408 05f0 D061313E 		.word	1043423696
 409 05f4 819E343E 		.word	1043635841
 410 05f8 84DD373E 		.word	1043848580
 411 05fc D81E3B3E 		.word	1044061912
 412 0600 7D623E3E 		.word	1044275837
 413 0604 70A8413E 		.word	1044490352
 414 0608 B0F0443E 		.word	1044705456
 415 060c 3D3B483E 		.word	1044921149
 416 0610 16884B3E 		.word	1045137430
 417 0614 38D74E3E 		.word	1045354296
 418 0618 A228523E 		.word	1045571746
 419 061c 547C553E 		.word	1045789780
 420 0620 4BD2583E 		.word	1046008395
 421 0624 872A5C3E 		.word	1046227591
 422 0628 04855F3E 		.word	1046447364
 423 062c C3E1623E 		.word	1046667715
 424 0630 C140663E 		.word	1046888641
 425 0634 FCA1693E 		.word	1047110140
 426 0638 73056D3E 		.word	1047332211
 427 063c 246B703E 		.word	1047554852
 428 0640 0CD3733E 		.word	1047778060
 429 0644 2B3D773E 		.word	1048001835
 430 0648 7DA97A3E 		.word	1048226173
 431 064c 02187E3E 		.word	1048451074
 432 0650 5BC4803E 		.word	1048626267
 433 0654 CC7D823E 		.word	1048739276
 434 0658 5238843E 		.word	1048852562
 435 065c EDF3853E 		.word	1048966125
 436 0660 9BB0873E 		.word	1049079963
 437 0664 5B6E893E 		.word	1049194075
 438 0668 2D2D8B3E 		.word	1049308461
 439 066c 0DED8C3E 		.word	1049423117
 440 0670 FCAD8E3E 		.word	1049538044
 441 0674 F86F903E 		.word	1049653240
 442 0678 FF32923E 		.word	1049768703
 443 067c 11F7933E 		.word	1049884433
 444 0680 2BBC953E 		.word	1050000427
 445 0684 4C82973E 		.word	1050116684
 446 0688 7249993E 		.word	1050233202
 447 068c 9D119B3E 		.word	1050349981
 448 0690 CBDA9C3E 		.word	1050467019
 449 0694 F9A49E3E 		.word	1050584313
 450 0698 2670A03E 		.word	1050701862
 451 069c 513CA23E 		.word	1050819665
 452 06a0 7809A43E 		.word	1050937720
 453 06a4 99D7A53E 		.word	1051056025
 454 06a8 B2A6A73E 		.word	1051174578
 455 06ac C176A93E 		.word	1051293377
 456 06b0 C547AB3E 		.word	1051412421
 457 06b4 BB19AD3E 		.word	1051531707
 458 06b8 A2ECAE3E 		.word	1051651234
 459 06bc 77C0B03E 		.word	1051770999
 460 06c0 3995B23E 		.word	1051891001
 461 06c4 E56AB43E 		.word	1052011237
 462 06c8 7941B63E 		.word	1052131705
 463 06cc F418B83E 		.word	1052252404
 464 06d0 52F1B93E 		.word	1052373330
 465 06d4 92CABB3E 		.word	1052494482
 466 06d8 B1A4BD3E 		.word	1052615857
 467 06dc AE7FBF3E 		.word	1052737454
 468 06e0 845BC13E 		.word	1052859268
 469 06e4 3338C33E 		.word	1052981299
 470 06e8 B815C53E 		.word	1053103544
 471 06ec 0FF4C63E 		.word	1053225999
 472 06f0 37D3C83E 		.word	1053348663
 473 06f4 2DB3CA3E 		.word	1053471533
 474 06f8 EE93CC3E 		.word	1053594606
 475 06fc 7775CE3E 		.word	1053717879
 476 0700 C757D03E 		.word	1053841351
 477 0704 D93AD23E 		.word	1053965017
 478 0708 AB1ED43E 		.word	1054088875
 479 070c 3A03D63E 		.word	1054212922
 480 0710 83E8D73E 		.word	1054337155
 481 0714 83CED93E 		.word	1054461571
 482 0718 38B5DB3E 		.word	1054586168
 483 071c 9D9CDD3E 		.word	1054710941
 484 0720 B084DF3E 		.word	1054835888
 485 0724 6D6DE13E 		.word	1054961005
 486 0728 D156E33E 		.word	1055086289
 487 072c DA40E53E 		.word	1055211738
 488 0730 822BE73E 		.word	1055337346
 489 0734 C816E93E 		.word	1055463112
 490 0738 A702EB3E 		.word	1055589031
 491 073c 1BEFEC3E 		.word	1055715099
 492 0740 22DCEE3E 		.word	1055841314
 493 0744 B8C9F03E 		.word	1055967672
 494 0748 D8B7F23E 		.word	1056094168
 495 074c 7FA6F43E 		.word	1056220799
 496 0750 AA95F63E 		.word	1056347562
 497 0754 5385F83E 		.word	1056474451
 498 0758 7875FA3E 		.word	1056601464
 499 075c 1466FC3E 		.word	1056728596
 500 0760 2357FE3E 		.word	1056855843
 501 0764 5024003F 		.word	1056973904
 502 0768 451D013F 		.word	1057037637
 503 076c 6C16023F 		.word	1057101420
 504 0770 C40F033F 		.word	1057165252
 505 0774 4B09043F 		.word	1057229131
 506 0778 FF02053F 		.word	1057293055
 507 077c DDFC053F 		.word	1057357021
 508 0780 E2F6063F 		.word	1057421026
 509 0784 0EF1073F 		.word	1057485070
 510 0788 5CEB083F 		.word	1057549148
 511 078c CBE5093F 		.word	1057613259
 512 0790 59E00A3F 		.word	1057677401
 513 0794 02DB0B3F 		.word	1057741570
 514 0798 C5D50C3F 		.word	1057805765
 515 079c 9ED00D3F 		.word	1057869982
 516 07a0 8BCB0E3F 		.word	1057934219
 517 07a4 8AC60F3F 		.word	1057998474
 518 07a8 98C1103F 		.word	1058062744
 519 07ac B1BC113F 		.word	1058127025
 520 07b0 D5B7123F 		.word	1058191317
 521 07b4 FEB2133F 		.word	1058255614
 522 07b8 2CAE143F 		.word	1058319916
 523 07bc 5AA9153F 		.word	1058384218
 524 07c0 86A4163F 		.word	1058448518
 525 07c4 AE9F173F 		.word	1058512814
 526 07c8 CD9A183F 		.word	1058577101
 527 07cc E295193F 		.word	1058641378
 528 07d0 E8901A3F 		.word	1058705640
 529 07d4 DE8B1B3F 		.word	1058769886
 530 07d8 BF861C3F 		.word	1058834111
 531 07dc 89811D3F 		.word	1058898313
 532 07e0 387C1E3F 		.word	1058962488
 533 07e4 C9761F3F 		.word	1059026633
 534 07e8 3971203F 		.word	1059090745
 535 07ec 856B213F 		.word	1059154821
 536 07f0 A865223F 		.word	1059218856
 537 07f4 A15F233F 		.word	1059282849
 538 07f8 6A59243F 		.word	1059346794
 539 07fc 0153253F 		.word	1059410689
 540 0800 624C263F 		.word	1059474530
 541 0804 8A45273F 		.word	1059538314
 542 0808 743E283F 		.word	1059602036
 543 080c 1D37293F 		.word	1059665693
 544 0810 822F2A3F 		.word	1059729282
 545 0814 9E272B3F 		.word	1059792798
 546 0818 6F1F2C3F 		.word	1059856239
 547 081c EE162D3F 		.word	1059919598
 548 0820 1A0E2E3F 		.word	1059982874
 549 0824 EE042F3F 		.word	1060046062
 550 0828 66FB2F3F 		.word	1060109158
 551 082c 7DF1303F 		.word	1060172157
 552 0830 31E7313F 		.word	1060235057
 553 0834 7CDC323F 		.word	1060297852
 554 0838 5AD1333F 		.word	1060360538
 555 083c C7C5343F 		.word	1060423111
 556 0840 BFB9353F 		.word	1060485567
 557 0844 3EAD363F 		.word	1060547902
 558 0848 3EA0373F 		.word	1060610110
 559 084c BC92383F 		.word	1060672188
 560 0850 B384393F 		.word	1060734131
 561 0854 1E763A3F 		.word	1060795934
 562 0858 FA663B3F 		.word	1060857594
 563 085c 40573C3F 		.word	1060919104
 564 0860 ED463D3F 		.word	1060980461
 565 0864 FB353E3F 		.word	1061041659
 566 0868 67243F3F 		.word	1061102695
 567 086c 2A12403F 		.word	1061163562
 568 0870 40FF403F 		.word	1061224256
 569 0874 A4EB413F 		.word	1061284772
 570 0878 52D7423F 		.word	1061345106
 571 087c 43C2433F 		.word	1061405251
 572 0880 73AC443F 		.word	1061465203
 573 0884 DC95453F 		.word	1061524956
 574 0888 7A7E463F 		.word	1061584506
 575 088c 4766473F 		.word	1061643847
 576 0890 3D4D483F 		.word	1061702973
 577 0894 5833493F 		.word	1061761880
 578 0898 91184A3F 		.word	1061820561
 579 089c E3FC4A3F 		.word	1061879011
 580 08a0 49E04B3F 		.word	1061937225
 581 08a4 BDC24C3F 		.word	1061995197
 582 08a8 3AA44D3F 		.word	1062052922
 583 08ac B8844E3F 		.word	1062110392
 584 08b0 34644F3F 		.word	1062167604
 585 08b4 A642503F 		.word	1062224550
 586 08b8 0920513F 		.word	1062281225
 587 08bc 57FC513F 		.word	1062337623
 588 08c0 8AD7523F 		.word	1062393738
 589 08c4 9BB1533F 		.word	1062449563
 590 08c8 858A543F 		.word	1062505093
 591 08cc 4162553F 		.word	1062560321
 592 08d0 C938563F 		.word	1062615241
 593 08d4 170E573F 		.word	1062669847
 594 08d8 25E2573F 		.word	1062724133
 595 08dc EBB4583F 		.word	1062778091
 596 08e0 6386593F 		.word	1062831715
 597 08e4 87565A3F 		.word	1062884999
 598 08e8 50255B3F 		.word	1062937936
 599 08ec B8F25B3F 		.word	1062990520
 600 08f0 B7BE5C3F 		.word	1063042743
 601 08f4 47895D3F 		.word	1063094599
 602 08f8 61525E3F 		.word	1063146081
 603 08fc FD195F3F 		.word	1063197181
 604 0900 16E05F3F 		.word	1063247894
 605 0904 A4A4603F 		.word	1063298212
 606 0908 9F67613F 		.word	1063348127
 607 090c 0129623F 		.word	1063397633
 608 0910 C2E8623F 		.word	1063446722
 609 0914 DCA6633F 		.word	1063495388
 610 0918 4663643F 		.word	1063543622
 611 091c F91D653F 		.word	1063591417
 612 0920 EED6653F 		.word	1063638766
 613 0924 1D8E663F 		.word	1063685661
 614 0928 7F43673F 		.word	1063732095
 615 092c 0CF7673F 		.word	1063778060
 616 0930 BBA8683F 		.word	1063823547
 617 0934 8758693F 		.word	1063868551
 618 0938 65066A3F 		.word	1063913061
 619 093c 50B26A3F 		.word	1063957072
 620 0940 3E5C6B3F 		.word	1064000574
 621 0944 28046C3F 		.word	1064043560
 622 0948 05AA6C3F 		.word	1064086021
 623 094c CD4D6D3F 		.word	1064127949
 624 0950 79EF6D3F 		.word	1064169337
 625 0954 FF8E6E3F 		.word	1064210175
 626 0958 582C6F3F 		.word	1064250456
 627 095c 7BC76F3F 		.word	1064290171
 628 0960 6060703F 		.word	1064329312
 629 0964 FEF6703F 		.word	1064367870
 630 0968 4D8B713F 		.word	1064405837
 631 096c 431D723F 		.word	1064443203
 632 0970 D9AC723F 		.word	1064479961
 633 0974 053A733F 		.word	1064516101
 634 0978 BFC4733F 		.word	1064551615
 635 097c FE4C743F 		.word	1064586494
 636 0980 B9D2743F 		.word	1064620729
 637 0984 E755753F 		.word	1064654311
 638 0988 7FD6753F 		.word	1064687231
 639 098c 7754763F 		.word	1064719479
 640 0990 C8CF763F 		.word	1064751048
 641 0994 6748773F 		.word	1064781927
 642 0998 4BBE773F 		.word	1064812107
 643 099c 6B31783F 		.word	1064841579
 644 09a0 BEA1783F 		.word	1064870334
 645 09a4 3A0F793F 		.word	1064898362
 646 09a8 D579793F 		.word	1064925653
 647 09ac 87E1793F 		.word	1064952199
 648 09b0 46467A3F 		.word	1064977990
 649 09b4 08A87A3F 		.word	1065003016
 650 09b8 C3067B3F 		.word	1065027267
 651 09bc 6E627B3F 		.word	1065050734
 652 09c0 FEBA7B3F 		.word	1065073406
 653 09c4 6B107C3F 		.word	1065095275
 654 09c8 AB627C3F 		.word	1065116331
 655 09cc B2B17C3F 		.word	1065136562
 656 09d0 78FD7C3F 		.word	1065155960
 657 09d4 F3457D3F 		.word	1065174515
 658 09d8 188B7D3F 		.word	1065192216
 659 09dc DDCC7D3F 		.word	1065209053
 660 09e0 390B7E3F 		.word	1065225017
 661 09e4 21467E3F 		.word	1065240097
 662 09e8 8A7D7E3F 		.word	1065254282
 663 09ec 6CB17E3F 		.word	1065267564
 664 09f0 BAE17E3F 		.word	1065279930
 665 09f4 6C0E7F3F 		.word	1065291372
 666 09f8 77377F3F 		.word	1065301879
 667 09fc D05C7F3F 		.word	1065311440
 668              		.text
 669              	.Letext0:
 670              		.file 1 "../arm_graphic_equalizer_data.c"
 671              		.file 2 "C:\\DAVE-3.1\\eclipse\\/../CMSIS/Include/arm_math.h"
DEFINED SYMBOLS
                            *ABS*:00000000 arm_graphic_equalizer_data.c
C:\Users\wangguan\AppData\Local\Temp\ccOZolMR.s:22     .data:00000000 testRefOutput_f32
C:\Users\wangguan\AppData\Local\Temp\ccOZolMR.s:19     .data:00000000 $d
C:\Users\wangguan\AppData\Local\Temp\ccOZolMR.s:347    .data:00000500 testInput_f32
                           .group:00000000 wm4.1.e2c96d5a5488b60ca900a5e0ea7772ef
                           .group:00000000 wm4.arm_math.h.265.70d56e5033e2760c278cbebe073db4fc
                           .group:00000000 wm4.core_cm0.h.47.022e66414e77714da7c4b30b3ad99fe8
                           .group:00000000 wm4.newlib.h.8.a9901dc52d1357e3e94003403d43f8b5
                           .group:00000000 wm4.features.h.22.b72b3baab2bb2eab3661375590100b6b
                           .group:00000000 wm4.config.h.193.5fb8ef056cdff92dec3dee9552839d8c
                           .group:00000000 wm4._ansi.h.23.7aefdac4826acebbfc9f3822a0aeb14c
                           .group:00000000 wm4.stdint.h.20.54ad762faa59e3c05491630641c8d8bf
                           .group:00000000 wm4.core_cmInstr.h.39.b7b6650bdd2316848d940915272d75b8
                           .group:00000000 wm4.arm_math.h.275.48de47ab2bd311f0657ea6a8c1abb55a
                           .group:00000000 wm4._default_types.h.6.5e12cd604db8ce00b62bb2f02708eaf3
                           .group:00000000 wm4.lock.h.2.9bc98482741e5e2a9450b12934a684ea
                           .group:00000000 wm4.stddef.h.349.31f4c5baff3fa2689010b32028da9c47
                           .group:00000000 wm4.reent.h.16.9e42f0e588b85e70b2bf6572af57ce64
                           .group:00000000 wm4.stddef.h.187.9e651b6b8b16e149c1353259404973ea
                           .group:00000000 wm4.string.h.17.f8d12df81104836a3f2a5d589ae830d8
                           .group:00000000 wm4.math.h.35.cc9264b0ced3bd063c5784e64e89cf51
                           .group:00000000 wm4.arm_math.h.297.1d5f7b8b87e168258299acd0bbe0005e

NO UNDEFINED SYMBOLS
